INFO:root:*** PARAMETERS ***
INFO:root:{'adj_mat_time_window': 1,
 'class_weights': [0.0015, 0.9985],
 'comments': ['comments'],
 'data': 'seir',
 'data_loading_params': {'batch_size': 1, 'num_workers': 0},
 'dev_proportion': 0.2,
 'device': 'cuda',
 'early_stop_patience': 50,
 'eval_after_epochs': 6,
 'gcn_parameters': {'cls_feats': 565,
                    'cls_feats_max': 812,
                    'cls_feats_min': 100,
                    'feats_per_node': 100,
                    'feats_per_node_max': 256,
                    'feats_per_node_min': 50,
                    'k_top_grcu': 200,
                    'layer_1_feats': 51,
                    'layer_1_feats_max': 200,
                    'layer_1_feats_min': 10,
                    'layer_2_feats': 51,
                    'layer_2_feats_same_as_l1': True,
                    'lstm_l1_feats': 157,
                    'lstm_l1_feats_max': 200,
                    'lstm_l1_feats_min': 10,
                    'lstm_l1_layers': 1,
                    'lstm_l2_feats': 157,
                    'lstm_l2_feats_same_as_l1': True,
                    'lstm_l2_layers': 1,
                    'num_layers': 2},
 'learning_rate': 0.005,
 'learning_rate_max': 0.1,
 'learning_rate_min': 0.0001,
 'model': 'egcn_o',
 'negative_mult_test': 100,
 'negative_mult_training': 50,
 'num_epochs': 100,
 'num_hist_steps': 2,
 'num_hist_steps_max': 10,
 'num_hist_steps_min': 2,
 'rank': 0,
 'save_node_embeddings': True,
 'seed': 1234,
 'seir_args': <utils.Namespace object at 0x7f1e680ff730>,
 'smart_neg_sampling': True,
 'steps_accum_gradients': 1,
 'target_class': 1,
 'target_measure': 'MAP',
 'task': 'link_pred',
 'train_proportion': 0.7,
 'use_1_hot_node_feats': True,
 'use_2_hot_node_feats': False,
 'use_cuda': True,
 'use_logfile': True,
 'wsize': 1}
INFO:root:
INFO:root:################ TRAIN epoch 0 ###################
INFO:root:TRAIN mean losses tensor(0.0072, device='cuda:0')
INFO:root:TRAIN mean errors 0.9803921580314636
INFO:root:TRAIN mean MRR 0.0 - mean MAP 0.016963454078480773
INFO:root:TRAIN tp {0: tensor(0, device='cuda:0'), 1: tensor(50689, device='cuda:0')},fn {0: tensor(2534450, device='cuda:0'), 1: tensor(0, device='cuda:0')},fp {0: tensor(0, device='cuda:0'), 1: tensor(2534450, device='cuda:0')}
INFO:root:TRAIN measures microavg - precision 0.0196 - recall 0.0196 - f1 0.0196 
INFO:root:TRAIN measures for class 0 - precision 0.0000 - recall 0.0000 - f1 0.0000 
INFO:root:TRAIN measures for class 1 - precision 0.0196 - recall 1.0000 - f1 0.0385 
INFO:root:TRAIN measures@10 microavg - precision 0.0000 - recall 0.0000 - f1 0.0000 
INFO:root:TRAIN measures@10 for class 0 - precision 0.0000 - recall 0.0000 - f1 0.0000 
INFO:root:TRAIN measures@10 for class 1 - precision 0.0000 - recall 0.0000 - f1 0.0000 
INFO:root:TRAIN measures@100 microavg - precision 0.0071 - recall 0.0000 - f1 0.0000 
INFO:root:TRAIN measures@100 for class 0 - precision 0.0000 - recall 0.0000 - f1 0.0000 
INFO:root:TRAIN measures@100 for class 1 - precision 0.0071 - recall 0.0002 - f1 0.0005 
INFO:root:TRAIN measures@1000 microavg - precision 0.0130 - recall 0.0001 - f1 0.0002 
INFO:root:TRAIN measures@1000 for class 0 - precision 0.0000 - recall 0.0000 - f1 0.0000 
INFO:root:TRAIN measures@1000 for class 1 - precision 0.0130 - recall 0.0044 - f1 0.0065 
INFO:root:TRAIN Total epoch time: 4.091589295305312
INFO:root:################ TRAIN epoch 1 ###################
INFO:root:TRAIN mean losses tensor(0.0054, device='cuda:0')
INFO:root:TRAIN mean errors 0.9803921580314636
INFO:root:TRAIN mean MRR 0.0 - mean MAP 0.01882122545980766
INFO:root:TRAIN tp {0: tensor(0, device='cuda:0'), 1: tensor(50689, device='cuda:0')},fn {0: tensor(2534450, device='cuda:0'), 1: tensor(0, device='cuda:0')},fp {0: tensor(0, device='cuda:0'), 1: tensor(2534450, device='cuda:0')}
INFO:root:TRAIN measures microavg - precision 0.0196 - recall 0.0196 - f1 0.0196 
INFO:root:TRAIN measures for class 0 - precision 0.0000 - recall 0.0000 - f1 0.0000 
INFO:root:TRAIN measures for class 1 - precision 0.0196 - recall 1.0000 - f1 0.0385 
INFO:root:TRAIN measures@10 microavg - precision 0.0059 - recall 0.0000 - f1 0.0000 
INFO:root:TRAIN measures@10 for class 0 - precision 0.0000 - recall 0.0000 - f1 0.0000 
INFO:root:TRAIN measures@10 for class 1 - precision 0.0059 - recall 0.0000 - f1 0.0000 
INFO:root:TRAIN measures@100 microavg - precision 0.0106 - recall 0.0000 - f1 0.0000 
INFO:root:TRAIN measures@100 for class 0 - precision 0.0000 - recall 0.0000 - f1 0.0000 
INFO:root:TRAIN measures@100 for class 1 - precision 0.0106 - recall 0.0004 - f1 0.0007 
INFO:root:TRAIN measures@1000 microavg - precision 0.0172 - recall 0.0001 - f1 0.0002 
INFO:root:TRAIN measures@1000 for class 0 - precision 0.0000 - recall 0.0000 - f1 0.0000 
INFO:root:TRAIN measures@1000 for class 1 - precision 0.0172 - recall 0.0058 - f1 0.0087 
INFO:root:TRAIN Total epoch time: 3.234189208596945
INFO:root:################ TRAIN epoch 2 ###################
INFO:root:TRAIN mean losses tensor(0.0052, device='cuda:0')
INFO:root:TRAIN mean errors 0.976474404335022
INFO:root:TRAIN mean MRR 0.0 - mean MAP 0.020288342444369542
INFO:root:TRAIN tp {0: tensor(10128, device='cuda:0'), 1: tensor(50689, device='cuda:0')},fn {0: tensor(2524322, device='cuda:0'), 1: tensor(0, device='cuda:0')},fp {0: tensor(0, device='cuda:0'), 1: tensor(2524322, device='cuda:0')}
INFO:root:TRAIN measures microavg - precision 0.0235 - recall 0.0235 - f1 0.0235 
INFO:root:TRAIN measures for class 0 - precision 1.0000 - recall 0.0040 - f1 0.0080 
INFO:root:TRAIN measures for class 1 - precision 0.0197 - recall 1.0000 - f1 0.0386 
INFO:root:TRAIN measures@10 microavg - precision 0.4516 - recall 0.0001 - f1 0.0001 
INFO:root:TRAIN measures@10 for class 0 - precision 1.0000 - recall 0.0001 - f1 0.0001 
INFO:root:TRAIN measures@10 for class 1 - precision 0.0000 - recall 0.0000 - f1 0.0000 
INFO:root:TRAIN measures@100 microavg - precision 0.4552 - recall 0.0005 - f1 0.0011 
INFO:root:TRAIN measures@100 for class 0 - precision 1.0000 - recall 0.0006 - f1 0.0011 
INFO:root:TRAIN measures@100 for class 1 - precision 0.0065 - recall 0.0002 - f1 0.0004 
INFO:root:TRAIN measures@1000 microavg - precision 0.3390 - recall 0.0033 - f1 0.0066 
INFO:root:TRAIN measures@1000 for class 0 - precision 1.0000 - recall 0.0033 - f1 0.0066 
INFO:root:TRAIN measures@1000 for class 1 - precision 0.0122 - recall 0.0041 - f1 0.0061 
INFO:root:TRAIN Total epoch time: 3.167830605059862
INFO:root:################ TRAIN epoch 3 ###################
INFO:root:TRAIN mean losses tensor(0.0050, device='cuda:0')
INFO:root:TRAIN mean errors 0.9109567999839783
INFO:root:TRAIN mean MRR 0.0 - mean MAP 0.021799039073031032
INFO:root:TRAIN tp {0: tensor(179500, device='cuda:0'), 1: tensor(50689, device='cuda:0')},fn {0: tensor(2354950, device='cuda:0'), 1: tensor(0, device='cuda:0')},fp {0: tensor(0, device='cuda:0'), 1: tensor(2354950, device='cuda:0')}
INFO:root:TRAIN measures microavg - precision 0.0890 - recall 0.0890 - f1 0.0890 
INFO:root:TRAIN measures for class 0 - precision 1.0000 - recall 0.0708 - f1 0.1323 
INFO:root:TRAIN measures for class 1 - precision 0.0211 - recall 1.0000 - f1 0.0413 
INFO:root:TRAIN measures@10 microavg - precision 0.5000 - recall 0.0001 - f1 0.0001 
INFO:root:TRAIN measures@10 for class 0 - precision 1.0000 - recall 0.0001 - f1 0.0001 
INFO:root:TRAIN measures@10 for class 1 - precision 0.0000 - recall 0.0000 - f1 0.0000 
INFO:root:TRAIN measures@100 microavg - precision 0.5071 - recall 0.0007 - f1 0.0013 
INFO:root:TRAIN measures@100 for class 0 - precision 1.0000 - recall 0.0007 - f1 0.0013 
INFO:root:TRAIN measures@100 for class 1 - precision 0.0141 - recall 0.0005 - f1 0.0009 
INFO:root:TRAIN measures@1000 microavg - precision 0.5101 - recall 0.0067 - f1 0.0132 
INFO:root:TRAIN measures@1000 for class 0 - precision 1.0000 - recall 0.0067 - f1 0.0133 
INFO:root:TRAIN measures@1000 for class 1 - precision 0.0202 - recall 0.0068 - f1 0.0102 
INFO:root:TRAIN Total epoch time: 3.408162798266858
INFO:root:################ TRAIN epoch 4 ###################
INFO:root:TRAIN mean losses tensor(0.0046, device='cuda:0')
INFO:root:TRAIN mean errors 0.8475501537322998
INFO:root:TRAIN mean MRR 0.0 - mean MAP 0.026257223485357195
INFO:root:TRAIN tp {0: tensor(343415, device='cuda:0'), 1: tensor(50689, device='cuda:0')},fn {0: tensor(2191035, device='cuda:0'), 1: tensor(0, device='cuda:0')},fp {0: tensor(0, device='cuda:0'), 1: tensor(2191035, device='cuda:0')}
INFO:root:TRAIN measures microavg - precision 0.1524 - recall 0.1524 - f1 0.1524 
INFO:root:TRAIN measures for class 0 - precision 1.0000 - recall 0.1355 - f1 0.2387 
INFO:root:TRAIN measures for class 1 - precision 0.0226 - recall 1.0000 - f1 0.0442 
INFO:root:TRAIN measures@10 microavg - precision 0.5088 - recall 0.0001 - f1 0.0001 
INFO:root:TRAIN measures@10 for class 0 - precision 1.0000 - recall 0.0001 - f1 0.0001 
INFO:root:TRAIN measures@10 for class 1 - precision 0.0176 - recall 0.0001 - f1 0.0001 
INFO:root:TRAIN measures@100 microavg - precision 0.5144 - recall 0.0007 - f1 0.0014 
INFO:root:TRAIN measures@100 for class 0 - precision 1.0000 - recall 0.0007 - f1 0.0013 
INFO:root:TRAIN measures@100 for class 1 - precision 0.0288 - recall 0.0010 - f1 0.0019 
INFO:root:TRAIN measures@1000 microavg - precision 0.5129 - recall 0.0067 - f1 0.0133 
INFO:root:TRAIN measures@1000 for class 0 - precision 1.0000 - recall 0.0067 - f1 0.0133 
INFO:root:TRAIN measures@1000 for class 1 - precision 0.0258 - recall 0.0086 - f1 0.0129 
INFO:root:TRAIN Total epoch time: 3.4590647257864475
INFO:root:################ TRAIN epoch 5 ###################
INFO:root:TRAIN mean losses tensor(0.0044, device='cuda:0')
INFO:root:TRAIN mean errors 0.7248136401176453
INFO:root:TRAIN mean MRR 0.0 - mean MAP 0.026271663412315738
INFO:root:TRAIN tp {0: tensor(660706, device='cuda:0'), 1: tensor(50689, device='cuda:0')},fn {0: tensor(1873744, device='cuda:0'), 1: tensor(0, device='cuda:0')},fp {0: tensor(0, device='cuda:0'), 1: tensor(1873744, device='cuda:0')}
INFO:root:TRAIN measures microavg - precision 0.2752 - recall 0.2752 - f1 0.2752 
INFO:root:TRAIN measures for class 0 - precision 1.0000 - recall 0.2607 - f1 0.4136 
INFO:root:TRAIN measures for class 1 - precision 0.0263 - recall 1.0000 - f1 0.0513 
INFO:root:TRAIN measures@10 microavg - precision 0.5118 - recall 0.0001 - f1 0.0001 
INFO:root:TRAIN measures@10 for class 0 - precision 1.0000 - recall 0.0001 - f1 0.0001 
INFO:root:TRAIN measures@10 for class 1 - precision 0.0235 - recall 0.0001 - f1 0.0002 
INFO:root:TRAIN measures@100 microavg - precision 0.5100 - recall 0.0007 - f1 0.0013 
INFO:root:TRAIN measures@100 for class 0 - precision 1.0000 - recall 0.0007 - f1 0.0013 
INFO:root:TRAIN measures@100 for class 1 - precision 0.0200 - recall 0.0007 - f1 0.0013 
INFO:root:TRAIN measures@1000 microavg - precision 0.5112 - recall 0.0067 - f1 0.0133 
INFO:root:TRAIN measures@1000 for class 0 - precision 1.0000 - recall 0.0067 - f1 0.0133 
INFO:root:TRAIN measures@1000 for class 1 - precision 0.0224 - recall 0.0075 - f1 0.0113 
INFO:root:TRAIN Total epoch time: 3.401542270090431
INFO:root:################ TRAIN epoch 6 ###################
INFO:root:TRAIN mean losses tensor(0.0051, device='cuda:0')
INFO:root:TRAIN mean errors 0.8364099860191345
INFO:root:TRAIN mean MRR 0.0 - mean MAP 0.025511633568010752
INFO:root:TRAIN tp {0: tensor(372214, device='cuda:0'), 1: tensor(50689, device='cuda:0')},fn {0: tensor(2162236, device='cuda:0'), 1: tensor(0, device='cuda:0')},fp {0: tensor(0, device='cuda:0'), 1: tensor(2162236, device='cuda:0')}
INFO:root:TRAIN measures microavg - precision 0.1636 - recall 0.1636 - f1 0.1636 
INFO:root:TRAIN measures for class 0 - precision 1.0000 - recall 0.1469 - f1 0.2561 
INFO:root:TRAIN measures for class 1 - precision 0.0229 - recall 1.0000 - f1 0.0448 
INFO:root:TRAIN measures@10 microavg - precision 0.5030 - recall 0.0001 - f1 0.0001 
INFO:root:TRAIN measures@10 for class 0 - precision 1.0000 - recall 0.0001 - f1 0.0001 
INFO:root:TRAIN measures@10 for class 1 - precision 0.0294 - recall 0.0001 - f1 0.0002 
INFO:root:TRAIN measures@100 microavg - precision 0.4799 - recall 0.0006 - f1 0.0012 
INFO:root:TRAIN measures@100 for class 0 - precision 1.0000 - recall 0.0006 - f1 0.0012 
INFO:root:TRAIN measures@100 for class 1 - precision 0.0176 - recall 0.0006 - f1 0.0011 
INFO:root:TRAIN measures@1000 microavg - precision 0.4607 - recall 0.0055 - f1 0.0108 
INFO:root:TRAIN measures@1000 for class 0 - precision 1.0000 - recall 0.0054 - f1 0.0108 
INFO:root:TRAIN measures@1000 for class 1 - precision 0.0238 - recall 0.0080 - f1 0.0120 
INFO:root:TRAIN Total epoch time: 3.2507614800706506
INFO:root:################ TRAIN epoch 7 ###################
INFO:root:TRAIN mean losses tensor(0.0046, device='cuda:0')
INFO:root:TRAIN mean errors 0.7447031140327454
INFO:root:TRAIN mean MRR 0.0 - mean MAP 0.02647617562541279
INFO:root:TRAIN tp {0: tensor(609289, device='cuda:0'), 1: tensor(50689, device='cuda:0')},fn {0: tensor(1925161, device='cuda:0'), 1: tensor(0, device='cuda:0')},fp {0: tensor(0, device='cuda:0'), 1: tensor(1925161, device='cuda:0')}
INFO:root:TRAIN measures microavg - precision 0.2553 - recall 0.2553 - f1 0.2553 
INFO:root:TRAIN measures for class 0 - precision 1.0000 - recall 0.2404 - f1 0.3876 
INFO:root:TRAIN measures for class 1 - precision 0.0257 - recall 1.0000 - f1 0.0500 
INFO:root:TRAIN measures@10 microavg - precision 0.5176 - recall 0.0001 - f1 0.0001 
INFO:root:TRAIN measures@10 for class 0 - precision 1.0000 - recall 0.0001 - f1 0.0001 
INFO:root:TRAIN measures@10 for class 1 - precision 0.0353 - recall 0.0001 - f1 0.0002 
INFO:root:TRAIN measures@100 microavg - precision 0.5112 - recall 0.0007 - f1 0.0013 
INFO:root:TRAIN measures@100 for class 0 - precision 1.0000 - recall 0.0007 - f1 0.0013 
INFO:root:TRAIN measures@100 for class 1 - precision 0.0224 - recall 0.0007 - f1 0.0015 
INFO:root:TRAIN measures@1000 microavg - precision 0.5132 - recall 0.0067 - f1 0.0133 
INFO:root:TRAIN measures@1000 for class 0 - precision 1.0000 - recall 0.0067 - f1 0.0133 
INFO:root:TRAIN measures@1000 for class 1 - precision 0.0264 - recall 0.0089 - f1 0.0133 
INFO:root:TRAIN Total epoch time: 3.4038608842529356
INFO:root:################ VALID epoch 7 ###################
INFO:root:VALID mean losses tensor(0.0042, device='cuda:0')
INFO:root:VALID mean errors 0.8162461519241333
INFO:root:VALID mean MRR 0.03133617133843748 - mean MAP 0.011903977173572323
INFO:root:VALID tp {0: tensor(135100, device='cuda:0'), 1: tensor(7694, device='cuda:0')},fn {0: tensor(634300, device='cuda:0'), 1: tensor(0, device='cuda:0')},fp {0: tensor(0, device='cuda:0'), 1: tensor(634300, device='cuda:0')}
INFO:root:VALID measures microavg - precision 0.1838 - recall 0.1838 - f1 0.1838 
INFO:root:VALID measures for class 0 - precision 1.0000 - recall 0.1756 - f1 0.2987 
INFO:root:VALID measures for class 1 - precision 0.0120 - recall 1.0000 - f1 0.0237 
INFO:root:VALID measures@10 microavg - precision 0.5083 - recall 0.0001 - f1 0.0002 
INFO:root:VALID measures@10 for class 0 - precision 1.0000 - recall 0.0001 - f1 0.0002 
INFO:root:VALID measures@10 for class 1 - precision 0.0167 - recall 0.0001 - f1 0.0003 
INFO:root:VALID measures@100 microavg - precision 0.5025 - recall 0.0008 - f1 0.0015 
INFO:root:VALID measures@100 for class 0 - precision 1.0000 - recall 0.0008 - f1 0.0016 
INFO:root:VALID measures@100 for class 1 - precision 0.0050 - recall 0.0004 - f1 0.0007 
INFO:root:VALID measures@1000 microavg - precision 0.5059 - recall 0.0078 - f1 0.0154 
INFO:root:VALID measures@1000 for class 0 - precision 1.0000 - recall 0.0078 - f1 0.0155 
INFO:root:VALID measures@1000 for class 1 - precision 0.0118 - recall 0.0092 - f1 0.0104 
INFO:root:VALID Total epoch time: 36.6690544472076
INFO:root:################ TEST epoch 7 ###################
INFO:root:TEST batch 1 / 3 - partial error 0.8347 - partial loss 0.0043 - partial MRR  0.0393 - partial MAP 0.0120
INFO:root:TEST batch 1 / 3 -  partial tp {0: tensor(13747, device='cuda:0'), 1: tensor(876, device='cuda:0')},fn {0: tensor(73853, device='cuda:0'), 1: tensor(0, device='cuda:0')},fp {0: tensor(0, device='cuda:0'), 1: tensor(73853, device='cuda:0')}
INFO:root:TEST batch 1 / 3 - measures partial microavg - precision 0.1653 - recall 0.1653 - f1 0.1653 
INFO:root:TEST batch 1 / 3 - measures partial for class 0 - precision 1.0000 - recall 0.1569 - f1 0.2713 
INFO:root:TEST batch 1 / 3 - measures partial for class 1 - precision 0.0117 - recall 1.0000 - f1 0.0232 
INFO:root:TEST batch 1 / 3 - Batch time 6 
INFO:root:TEST batch 2 / 3 - partial error 0.8302 - partial loss 0.0043 - partial MRR  0.0343 - partial MAP 0.0119
INFO:root:TEST batch 2 / 3 -  partial tp {0: tensor(12249, device='cuda:0'), 1: tensor(734, device='cuda:0')},fn {0: tensor(61151, device='cuda:0'), 1: tensor(0, device='cuda:0')},fp {0: tensor(0, device='cuda:0'), 1: tensor(61151, device='cuda:0')}
INFO:root:TEST batch 2 / 3 - measures partial microavg - precision 0.1751 - recall 0.1751 - f1 0.1751 
INFO:root:TEST batch 2 / 3 - measures partial for class 0 - precision 1.0000 - recall 0.1669 - f1 0.2860 
INFO:root:TEST batch 2 / 3 - measures partial for class 1 - precision 0.0119 - recall 1.0000 - f1 0.0234 
INFO:root:TEST batch 2 / 3 - Batch time 7 
INFO:root:TEST batch 3 / 3 - partial error 0.8310 - partial loss 0.0043 - partial MRR  0.0395 - partial MAP 0.0119
INFO:root:TEST batch 3 / 3 -  partial tp {0: tensor(13205, device='cuda:0'), 1: tensor(829, device='cuda:0')},fn {0: tensor(69695, device='cuda:0'), 1: tensor(0, device='cuda:0')},fp {0: tensor(0, device='cuda:0'), 1: tensor(69695, device='cuda:0')}
INFO:root:TEST batch 3 / 3 - measures partial microavg - precision 0.1676 - recall 0.1676 - f1 0.1676 
INFO:root:TEST batch 3 / 3 - measures partial for class 0 - precision 1.0000 - recall 0.1593 - f1 0.2748 
INFO:root:TEST batch 3 / 3 - measures partial for class 1 - precision 0.0118 - recall 1.0000 - f1 0.0232 
INFO:root:TEST batch 3 / 3 - Batch time 7 
INFO:root:TEST mean losses tensor(0.0043, device='cuda:0')
INFO:root:TEST mean errors 0.8309646248817444
INFO:root:TEST mean MRR 0.03946563066714565 - mean MAP 0.011872759102477494
INFO:root:TEST tp {0: tensor(39201, device='cuda:0'), 1: tensor(2439, device='cuda:0')},fn {0: tensor(204699, device='cuda:0'), 1: tensor(0, device='cuda:0')},fp {0: tensor(0, device='cuda:0'), 1: tensor(204699, device='cuda:0')}
INFO:root:TEST measures microavg - precision 0.1690 - recall 0.1690 - f1 0.1690 
INFO:root:TEST measures for class 0 - precision 1.0000 - recall 0.1607 - f1 0.2769 
INFO:root:TEST measures for class 1 - precision 0.0118 - recall 1.0000 - f1 0.0233 
INFO:root:TEST measures@10 microavg - precision 0.5000 - recall 0.0001 - f1 0.0002 
INFO:root:TEST measures@10 for class 0 - precision 1.0000 - recall 0.0001 - f1 0.0002 
INFO:root:TEST measures@10 for class 1 - precision 0.0000 - recall 0.0000 - f1 0.0000 
INFO:root:TEST measures@100 microavg - precision 0.5067 - recall 0.0012 - f1 0.0025 
INFO:root:TEST measures@100 for class 0 - precision 1.0000 - recall 0.0012 - f1 0.0025 
INFO:root:TEST measures@100 for class 1 - precision 0.0133 - recall 0.0016 - f1 0.0029 
INFO:root:TEST measures@1000 microavg - precision 0.5065 - recall 0.0123 - f1 0.0241 
INFO:root:TEST measures@1000 for class 0 - precision 1.0000 - recall 0.0123 - f1 0.0243 
INFO:root:TEST measures@1000 for class 1 - precision 0.0130 - recall 0.0160 - f1 0.0143 
INFO:root:TEST Total epoch time: 21.62941058818251
