INFO:root:*** PARAMETERS ***
INFO:root:{'adj_mat_time_window': 1,
 'class_weights': [0.15, 0.85],
 'comments': ['comments'],
 'data': 'sbm50',
 'data_loading_params': {'batch_size': 1, 'num_workers': 8},
 'dev_proportion': 0.1,
 'device': 'cuda',
 'early_stop_patience': 50,
 'eval_after_epochs': 5,
 'gcn_parameters': {'cls_feats': 565,
                    'cls_feats_max': 812,
                    'cls_feats_min': 100,
                    'feats_per_node': 100,
                    'feats_per_node_max': 256,
                    'feats_per_node_min': 50,
                    'k_top_grcu': 200,
                    'layer_1_feats': 51,
                    'layer_1_feats_max': 200,
                    'layer_1_feats_min': 10,
                    'layer_2_feats': 51,
                    'layer_2_feats_same_as_l1': True,
                    'lstm_l1_feats': 157,
                    'lstm_l1_feats_max': 200,
                    'lstm_l1_feats_min': 10,
                    'lstm_l1_layers': 1,
                    'lstm_l2_feats': 157,
                    'lstm_l2_feats_same_as_l1': True,
                    'lstm_l2_layers': 1,
                    'num_layers': 2},
 'learning_rate': 0.005,
 'learning_rate_max': 0.1,
 'learning_rate_min': 0.0001,
 'model': 'egcn_o',
 'negative_mult_test': 100,
 'negative_mult_training': 50,
 'num_epochs': 100,
 'num_hist_steps': 5,
 'num_hist_steps_max': 10,
 'num_hist_steps_min': 2,
 'rank': 0,
 'save_node_embeddings': False,
 'sbm50_args': {'aggr_time': 1,
                'edges_file': 'sbm_50t_1000n_adj.csv',
                'feats_per_node': 3,
                'folder': './data/'},
 'sbm_args': <utils.Namespace object at 0x7f82e2dd0730>,
 'seed': 1234,
 'smart_neg_sampling': True,
 'steps_accum_gradients': 1,
 'target_class': 1,
 'target_measure': 'MAP',
 'task': 'link_pred',
 'train_proportion': 0.7,
 'use_1_hot_node_feats': True,
 'use_2_hot_node_feats': False,
 'use_cuda': True,
 'use_logfile': True,
 'wsize': 1}
INFO:root:
INFO:root:################ TRAIN epoch 0 ###################
INFO:root:TRAIN mean losses tensor(0.1399, device='cuda:0')
INFO:root:TRAIN mean errors 0.17011891305446625
INFO:root:TRAIN mean MRR 0.0 - mean MAP 0.15427952022500133
INFO:root:TRAIN tp {0: tensor(23556316, device='cuda:0'), 1: tensor(486162, device='cuda:0')},fn {0: tensor(2579486, device='cuda:0'), 1: tensor(2349028, device='cuda:0')},fp {0: tensor(2349028, device='cuda:0'), 1: tensor(2579486, device='cuda:0')}
INFO:root:TRAIN measures microavg - precision 0.8299 - recall 0.8299 - f1 0.8299 
INFO:root:TRAIN measures for class 0 - precision 0.9093 - recall 0.9013 - f1 0.9053 
INFO:root:TRAIN measures for class 1 - precision 0.1586 - recall 0.1715 - f1 0.1648 
INFO:root:TRAIN measures@10 microavg - precision 0.6895 - recall 0.0000 - f1 0.0000 
INFO:root:TRAIN measures@10 for class 0 - precision 0.8429 - recall 0.0000 - f1 0.0000 
INFO:root:TRAIN measures@10 for class 1 - precision 0.2600 - recall 0.0000 - f1 0.0000 
INFO:root:TRAIN measures@100 microavg - precision 0.6784 - recall 0.0001 - f1 0.0002 
INFO:root:TRAIN measures@100 for class 0 - precision 0.8375 - recall 0.0001 - f1 0.0002 
INFO:root:TRAIN measures@100 for class 1 - precision 0.2330 - recall 0.0001 - f1 0.0002 
INFO:root:TRAIN measures@1000 microavg - precision 0.6853 - recall 0.0009 - f1 0.0018 
INFO:root:TRAIN measures@1000 for class 0 - precision 0.8453 - recall 0.0009 - f1 0.0018 
INFO:root:TRAIN measures@1000 for class 1 - precision 0.2309 - recall 0.0008 - f1 0.0016 
INFO:root:TRAIN Total epoch time: 60.524580526631325
INFO:root:################ TRAIN epoch 1 ###################
