INFO:root:*** PARAMETERS ***
INFO:root:{'adj_mat_time_window': 1,
 'class_weights': [0.015, 0.985],
 'comments': ['comments'],
 'data': 'seir',
 'data_loading_params': {'batch_size': 1, 'num_workers': 0},
 'dev_proportion': 0.1,
 'device': 'cuda',
 'early_stop_patience': 50,
 'eval_after_epochs': 5,
 'gcn_parameters': {'cls_feats': 565,
                    'cls_feats_max': 812,
                    'cls_feats_min': 100,
                    'feats_per_node': 100,
                    'feats_per_node_max': 256,
                    'feats_per_node_min': 50,
                    'k_top_grcu': 200,
                    'layer_1_feats': 51,
                    'layer_1_feats_max': 200,
                    'layer_1_feats_min': 10,
                    'layer_2_feats': 51,
                    'layer_2_feats_same_as_l1': True,
                    'lstm_l1_feats': 157,
                    'lstm_l1_feats_max': 200,
                    'lstm_l1_feats_min': 10,
                    'lstm_l1_layers': 1,
                    'lstm_l2_feats': 157,
                    'lstm_l2_feats_same_as_l1': True,
                    'lstm_l2_layers': 1,
                    'num_layers': 2},
 'learning_rate': 0.005,
 'learning_rate_max': 0.1,
 'learning_rate_min': 0.0001,
 'model': 'egcn_o',
 'negative_mult_test': 100,
 'negative_mult_training': 50,
 'num_epochs': 100,
 'num_hist_steps': 2,
 'num_hist_steps_max': 10,
 'num_hist_steps_min': 2,
 'rank': 0,
 'save_node_embeddings': False,
 'seed': 1234,
 'seir_args': <utils.Namespace object at 0x7f0fc23d5df0>,
 'smart_neg_sampling': True,
 'steps_accum_gradients': 1,
 'target_class': 1,
 'target_measure': 'MAP',
 'task': 'link_pred',
 'train_proportion': 0.7,
 'use_1_hot_node_feats': True,
 'use_2_hot_node_feats': False,
 'use_cuda': True,
 'use_logfile': True,
 'wsize': 1}
INFO:root:
INFO:root:################ TRAIN epoch 0 ###################
INFO:root:TRAIN mean losses tensor(0.0226, device='cuda:0')
INFO:root:TRAIN mean errors 0.8672446608543396
INFO:root:TRAIN mean MRR 0.0 - mean MAP 0.024078068397349352
INFO:root:TRAIN tp {0: tensor(293341, device='cuda:0'), 1: tensor(49850, device='cuda:0')},fn {0: tensor(2241109, device='cuda:0'), 1: tensor(839, device='cuda:0')},fp {0: tensor(839, device='cuda:0'), 1: tensor(2241109, device='cuda:0')}
INFO:root:TRAIN measures microavg - precision 0.1328 - recall 0.1328 - f1 0.1328 
INFO:root:TRAIN measures for class 0 - precision 0.9971 - recall 0.1157 - f1 0.2074 
INFO:root:TRAIN measures for class 1 - precision 0.0218 - recall 0.9834 - f1 0.0426 
INFO:root:TRAIN measures@10 microavg - precision 0.4724 - recall 0.0001 - f1 0.0001 
INFO:root:TRAIN measures@10 for class 0 - precision 1.0000 - recall 0.0001 - f1 0.0001 
INFO:root:TRAIN measures@10 for class 1 - precision 0.0437 - recall 0.0001 - f1 0.0003 
INFO:root:TRAIN measures@100 microavg - precision 0.4603 - recall 0.0005 - f1 0.0010 
INFO:root:TRAIN measures@100 for class 0 - precision 1.0000 - recall 0.0005 - f1 0.0010 
INFO:root:TRAIN measures@100 for class 1 - precision 0.0219 - recall 0.0007 - f1 0.0013 
INFO:root:TRAIN measures@1000 microavg - precision 0.4616 - recall 0.0052 - f1 0.0102 
INFO:root:TRAIN measures@1000 for class 0 - precision 1.0000 - recall 0.0051 - f1 0.0102 
INFO:root:TRAIN measures@1000 for class 1 - precision 0.0241 - recall 0.0076 - f1 0.0115 
INFO:root:TRAIN Total epoch time: 4.58474589092657
INFO:root:################ TRAIN epoch 1 ###################
INFO:root:TRAIN mean losses tensor(0.0220, device='cuda:0')
INFO:root:TRAIN mean errors 0.5977163910865784
INFO:root:TRAIN mean MRR 0.0 - mean MAP 0.02662670677790419
INFO:root:TRAIN tp {0: tensor(1002202, device='cuda:0'), 1: tensor(37757, device='cuda:0')},fn {0: tensor(1532248, device='cuda:0'), 1: tensor(12932, device='cuda:0')},fp {0: tensor(12932, device='cuda:0'), 1: tensor(1532248, device='cuda:0')}
INFO:root:TRAIN measures microavg - precision 0.4023 - recall 0.4023 - f1 0.4023 
INFO:root:TRAIN measures for class 0 - precision 0.9873 - recall 0.3954 - f1 0.5647 
INFO:root:TRAIN measures for class 1 - precision 0.0240 - recall 0.7449 - f1 0.0466 
INFO:root:TRAIN measures@10 microavg - precision 0.5242 - recall 0.0001 - f1 0.0001 
INFO:root:TRAIN measures@10 for class 0 - precision 1.0000 - recall 0.0001 - f1 0.0001 
INFO:root:TRAIN measures@10 for class 1 - precision 0.0187 - recall 0.0001 - f1 0.0001 
INFO:root:TRAIN measures@100 microavg - precision 0.5288 - recall 0.0007 - f1 0.0013 
INFO:root:TRAIN measures@100 for class 0 - precision 1.0000 - recall 0.0007 - f1 0.0013 
INFO:root:TRAIN measures@100 for class 1 - precision 0.0281 - recall 0.0009 - f1 0.0017 
INFO:root:TRAIN measures@1000 microavg - precision 0.5280 - recall 0.0067 - f1 0.0133 
INFO:root:TRAIN measures@1000 for class 0 - precision 1.0000 - recall 0.0067 - f1 0.0133 
INFO:root:TRAIN measures@1000 for class 1 - precision 0.0264 - recall 0.0083 - f1 0.0127 
INFO:root:TRAIN Total epoch time: 3.7629549778066576
INFO:root:################ TRAIN epoch 2 ###################
INFO:root:TRAIN mean losses tensor(0.0205, device='cuda:0')
INFO:root:TRAIN mean errors 0.7256515026092529
INFO:root:TRAIN mean MRR 0.0 - mean MAP 0.02674380711183455
INFO:root:TRAIN tp {0: tensor(658540, device='cuda:0'), 1: tensor(50689, device='cuda:0')},fn {0: tensor(1875910, device='cuda:0'), 1: tensor(0, device='cuda:0')},fp {0: tensor(0, device='cuda:0'), 1: tensor(1875910, device='cuda:0')}
INFO:root:TRAIN measures microavg - precision 0.2743 - recall 0.2743 - f1 0.2743 
INFO:root:TRAIN measures for class 0 - precision 1.0000 - recall 0.2598 - f1 0.4125 
INFO:root:TRAIN measures for class 1 - precision 0.0263 - recall 1.0000 - f1 0.0513 
INFO:root:TRAIN measures@10 microavg - precision 0.5353 - recall 0.0001 - f1 0.0001 
INFO:root:TRAIN measures@10 for class 0 - precision 1.0000 - recall 0.0001 - f1 0.0001 
INFO:root:TRAIN measures@10 for class 1 - precision 0.0706 - recall 0.0002 - f1 0.0005 
INFO:root:TRAIN measures@100 microavg - precision 0.5156 - recall 0.0007 - f1 0.0014 
INFO:root:TRAIN measures@100 for class 0 - precision 1.0000 - recall 0.0007 - f1 0.0013 
INFO:root:TRAIN measures@100 for class 1 - precision 0.0312 - recall 0.0010 - f1 0.0020 
INFO:root:TRAIN measures@1000 microavg - precision 0.5136 - recall 0.0068 - f1 0.0133 
INFO:root:TRAIN measures@1000 for class 0 - precision 1.0000 - recall 0.0067 - f1 0.0133 
INFO:root:TRAIN measures@1000 for class 1 - precision 0.0272 - recall 0.0091 - f1 0.0137 
INFO:root:TRAIN Total epoch time: 3.379986405838281
INFO:root:################ TRAIN epoch 3 ###################
INFO:root:TRAIN mean losses tensor(0.0200, device='cuda:0')
INFO:root:TRAIN mean errors 0.7249428629875183
INFO:root:TRAIN mean MRR 0.0 - mean MAP 0.026528533812317956
INFO:root:TRAIN tp {0: tensor(660372, device='cuda:0'), 1: tensor(50689, device='cuda:0')},fn {0: tensor(1874078, device='cuda:0'), 1: tensor(0, device='cuda:0')},fp {0: tensor(0, device='cuda:0'), 1: tensor(1874078, device='cuda:0')}
INFO:root:TRAIN measures microavg - precision 0.2751 - recall 0.2751 - f1 0.2751 
INFO:root:TRAIN measures for class 0 - precision 1.0000 - recall 0.2606 - f1 0.4134 
INFO:root:TRAIN measures for class 1 - precision 0.0263 - recall 1.0000 - f1 0.0513 
INFO:root:TRAIN measures@10 microavg - precision 0.5059 - recall 0.0001 - f1 0.0001 
INFO:root:TRAIN measures@10 for class 0 - precision 1.0000 - recall 0.0001 - f1 0.0001 
INFO:root:TRAIN measures@10 for class 1 - precision 0.0118 - recall 0.0000 - f1 0.0001 
INFO:root:TRAIN measures@100 microavg - precision 0.5118 - recall 0.0007 - f1 0.0013 
INFO:root:TRAIN measures@100 for class 0 - precision 1.0000 - recall 0.0007 - f1 0.0013 
INFO:root:TRAIN measures@100 for class 1 - precision 0.0235 - recall 0.0008 - f1 0.0015 
INFO:root:TRAIN measures@1000 microavg - precision 0.5131 - recall 0.0067 - f1 0.0133 
INFO:root:TRAIN measures@1000 for class 0 - precision 1.0000 - recall 0.0067 - f1 0.0133 
INFO:root:TRAIN measures@1000 for class 1 - precision 0.0262 - recall 0.0088 - f1 0.0132 
INFO:root:TRAIN Total epoch time: 3.409009389113635
INFO:root:################ TRAIN epoch 4 ###################
INFO:root:TRAIN mean losses tensor(0.0200, device='cuda:0')
INFO:root:TRAIN mean errors 0.7250112891197205
INFO:root:TRAIN mean MRR 0.0 - mean MAP 0.026327797243417127
INFO:root:TRAIN tp {0: tensor(660195, device='cuda:0'), 1: tensor(50689, device='cuda:0')},fn {0: tensor(1874255, device='cuda:0'), 1: tensor(0, device='cuda:0')},fp {0: tensor(0, device='cuda:0'), 1: tensor(1874255, device='cuda:0')}
INFO:root:TRAIN measures microavg - precision 0.2750 - recall 0.2750 - f1 0.2750 
INFO:root:TRAIN measures for class 0 - precision 1.0000 - recall 0.2605 - f1 0.4133 
INFO:root:TRAIN measures for class 1 - precision 0.0263 - recall 1.0000 - f1 0.0513 
INFO:root:TRAIN measures@10 microavg - precision 0.5147 - recall 0.0001 - f1 0.0001 
INFO:root:TRAIN measures@10 for class 0 - precision 1.0000 - recall 0.0001 - f1 0.0001 
INFO:root:TRAIN measures@10 for class 1 - precision 0.0294 - recall 0.0001 - f1 0.0002 
INFO:root:TRAIN measures@100 microavg - precision 0.5150 - recall 0.0007 - f1 0.0014 
INFO:root:TRAIN measures@100 for class 0 - precision 1.0000 - recall 0.0007 - f1 0.0013 
INFO:root:TRAIN measures@100 for class 1 - precision 0.0300 - recall 0.0010 - f1 0.0019 
INFO:root:TRAIN measures@1000 microavg - precision 0.5119 - recall 0.0067 - f1 0.0133 
INFO:root:TRAIN measures@1000 for class 0 - precision 1.0000 - recall 0.0067 - f1 0.0133 
INFO:root:TRAIN measures@1000 for class 1 - precision 0.0238 - recall 0.0080 - f1 0.0120 
INFO:root:TRAIN Total epoch time: 3.3630074141547084
INFO:root:################ TRAIN epoch 5 ###################
INFO:root:TRAIN mean losses tensor(0.0200, device='cuda:0')
INFO:root:TRAIN mean errors 0.7248136401176453
INFO:root:TRAIN mean MRR 0.0 - mean MAP 0.026097945253636526
INFO:root:TRAIN tp {0: tensor(660706, device='cuda:0'), 1: tensor(50689, device='cuda:0')},fn {0: tensor(1873744, device='cuda:0'), 1: tensor(0, device='cuda:0')},fp {0: tensor(0, device='cuda:0'), 1: tensor(1873744, device='cuda:0')}
INFO:root:TRAIN measures microavg - precision 0.2752 - recall 0.2752 - f1 0.2752 
INFO:root:TRAIN measures for class 0 - precision 1.0000 - recall 0.2607 - f1 0.4136 
INFO:root:TRAIN measures for class 1 - precision 0.0263 - recall 1.0000 - f1 0.0513 
INFO:root:TRAIN measures@10 microavg - precision 0.5294 - recall 0.0001 - f1 0.0001 
INFO:root:TRAIN measures@10 for class 0 - precision 1.0000 - recall 0.0001 - f1 0.0001 
INFO:root:TRAIN measures@10 for class 1 - precision 0.0588 - recall 0.0002 - f1 0.0004 
INFO:root:TRAIN measures@100 microavg - precision 0.5124 - recall 0.0007 - f1 0.0013 
INFO:root:TRAIN measures@100 for class 0 - precision 1.0000 - recall 0.0007 - f1 0.0013 
INFO:root:TRAIN measures@100 for class 1 - precision 0.0247 - recall 0.0008 - f1 0.0016 
INFO:root:TRAIN measures@1000 microavg - precision 0.5119 - recall 0.0067 - f1 0.0133 
INFO:root:TRAIN measures@1000 for class 0 - precision 1.0000 - recall 0.0067 - f1 0.0133 
INFO:root:TRAIN measures@1000 for class 1 - precision 0.0237 - recall 0.0080 - f1 0.0119 
INFO:root:TRAIN Total epoch time: 3.8250009207986295
INFO:root:################ TRAIN epoch 6 ###################
INFO:root:TRAIN mean losses tensor(0.0200, device='cuda:0')
INFO:root:TRAIN mean errors 0.7241003513336182
INFO:root:TRAIN mean MRR 0.0 - mean MAP 0.026568508778253664
INFO:root:TRAIN tp {0: tensor(662550, device='cuda:0'), 1: tensor(50689, device='cuda:0')},fn {0: tensor(1871900, device='cuda:0'), 1: tensor(0, device='cuda:0')},fp {0: tensor(0, device='cuda:0'), 1: tensor(1871900, device='cuda:0')}
INFO:root:TRAIN measures microavg - precision 0.2759 - recall 0.2759 - f1 0.2759 
INFO:root:TRAIN measures for class 0 - precision 1.0000 - recall 0.2614 - f1 0.4145 
INFO:root:TRAIN measures for class 1 - precision 0.0264 - recall 1.0000 - f1 0.0514 
INFO:root:TRAIN measures@10 microavg - precision 0.5059 - recall 0.0001 - f1 0.0001 
INFO:root:TRAIN measures@10 for class 0 - precision 1.0000 - recall 0.0001 - f1 0.0001 
INFO:root:TRAIN measures@10 for class 1 - precision 0.0118 - recall 0.0000 - f1 0.0001 
INFO:root:TRAIN measures@100 microavg - precision 0.5109 - recall 0.0007 - f1 0.0013 
INFO:root:TRAIN measures@100 for class 0 - precision 1.0000 - recall 0.0007 - f1 0.0013 
INFO:root:TRAIN measures@100 for class 1 - precision 0.0218 - recall 0.0007 - f1 0.0014 
INFO:root:TRAIN measures@1000 microavg - precision 0.5133 - recall 0.0068 - f1 0.0133 
INFO:root:TRAIN measures@1000 for class 0 - precision 1.0000 - recall 0.0067 - f1 0.0133 
INFO:root:TRAIN measures@1000 for class 1 - precision 0.0266 - recall 0.0089 - f1 0.0134 
INFO:root:TRAIN Total epoch time: 3.5640844171866775
INFO:root:################ VALID epoch 6 ###################
