INFO:root:*** PARAMETERS ***
INFO:root:{'adj_mat_time_window': 1,
 'class_weights': [0.005, 0.995],
 'comments': ['comments'],
 'data': 'seir',
 'data_loading_params': {'batch_size': 1, 'num_workers': 0},
 'dev_proportion': 0.2,
 'device': 'cuda',
 'early_stop_patience': 50,
 'eval_after_epochs': 6,
 'gcn_parameters': {'cls_feats': 1024,
                    'cls_feats_max': 1024,
                    'cls_feats_min': 100,
                    'feats_per_node': 100,
                    'feats_per_node_max': 256,
                    'feats_per_node_min': 50,
                    'k_top_grcu': 200,
                    'layer_1_feats': 51,
                    'layer_1_feats_max': 200,
                    'layer_1_feats_min': 10,
                    'layer_2_feats': 51,
                    'layer_2_feats_same_as_l1': True,
                    'lstm_l1_feats': 157,
                    'lstm_l1_feats_max': 200,
                    'lstm_l1_feats_min': 10,
                    'lstm_l1_layers': 1,
                    'lstm_l2_feats': 157,
                    'lstm_l2_feats_same_as_l1': True,
                    'lstm_l2_layers': 1,
                    'num_layers': 2},
 'learning_rate': 0.005,
 'learning_rate_max': 0.1,
 'learning_rate_min': 0.0001,
 'model': 'egcn_o',
 'negative_mult_test': 40,
 'negative_mult_training': 20,
 'num_epochs': 100,
 'num_hist_steps': 5,
 'num_hist_steps_max': 10,
 'num_hist_steps_min': 2,
 'rank': 0,
 'save_node_embeddings': False,
 'save_state': True,
 'seed': 1234,
 'seir_args': <utils.Namespace object at 0x7fe5ee9bf730>,
 'smart_neg_sampling': True,
 'steps_accum_gradients': 1,
 'target_class': 'all',
 'target_measure': 'MAP',
 'task': 'link_pred',
 'train_proportion': 0.7,
 'use_1_hot_node_feats': True,
 'use_2_hot_node_feats': False,
 'use_cuda': True,
 'use_logfile': True,
 'wsize': 1}
INFO:root:
INFO:root:################ TRAIN epoch 0 ###################
INFO:root:TRAIN mean losses tensor(0.0222, device='cuda:0')
INFO:root:TRAIN mean errors 0.7377690672874451
INFO:root:TRAIN mean MRR 0.0 - mean MAP 0.05040831725256404
INFO:root:TRAIN tp {0: tensor(52640, device='cuda:0'), 1: tensor(8464, device='cuda:0')},fn {0: tensor(169280, device='cuda:0'), 1: tensor(2632, device='cuda:0')},fp {0: tensor(2632, device='cuda:0'), 1: tensor(169280, device='cuda:0')}
INFO:root:TRAIN measures microavg - precision 0.2622 - recall 0.2622 - f1 0.2622 
INFO:root:TRAIN measures for class 0 - precision 0.9524 - recall 0.2372 - f1 0.3798 
INFO:root:TRAIN measures for class 1 - precision 0.0476 - recall 0.7628 - f1 0.0896 
INFO:root:TRAIN measures@10 microavg - precision 0.2200 - recall 0.0000 - f1 0.0001 
INFO:root:TRAIN measures@10 for class 0 - precision 1.0000 - recall 0.0000 - f1 0.0001 
INFO:root:TRAIN measures@10 for class 1 - precision 0.0250 - recall 0.0001 - f1 0.0002 
INFO:root:TRAIN measures@100 microavg - precision 0.2280 - recall 0.0005 - f1 0.0010 
INFO:root:TRAIN measures@100 for class 0 - precision 0.9900 - recall 0.0004 - f1 0.0009 
INFO:root:TRAIN measures@100 for class 1 - precision 0.0375 - recall 0.0014 - f1 0.0026 
INFO:root:TRAIN measures@1000 microavg - precision 0.2320 - recall 0.0050 - f1 0.0097 
INFO:root:TRAIN measures@1000 for class 0 - precision 0.9580 - recall 0.0043 - f1 0.0086 
INFO:root:TRAIN measures@1000 for class 1 - precision 0.0505 - recall 0.0182 - f1 0.0268 
INFO:root:TRAIN Total epoch time: 1.6739092506468296
INFO:root:################ TRAIN epoch 1 ###################
INFO:root:TRAIN mean losses tensor(0.0160, device='cuda:0')
INFO:root:TRAIN mean errors 0.9523809552192688
INFO:root:TRAIN mean MRR 0.0 - mean MAP 0.05745736590751096
INFO:root:TRAIN tp {0: tensor(0, device='cuda:0'), 1: tensor(11096, device='cuda:0')},fn {0: tensor(221920, device='cuda:0'), 1: tensor(0, device='cuda:0')},fp {0: tensor(0, device='cuda:0'), 1: tensor(221920, device='cuda:0')}
INFO:root:TRAIN measures microavg - precision 0.0476 - recall 0.0476 - f1 0.0476 
INFO:root:TRAIN measures for class 0 - precision 0.0000 - recall 0.0000 - f1 0.0000 
INFO:root:TRAIN measures for class 1 - precision 0.0476 - recall 1.0000 - f1 0.0909 
INFO:root:TRAIN measures@10 microavg - precision 0.0000 - recall 0.0000 - f1 0.0000 
INFO:root:TRAIN measures@10 for class 0 - precision 0.0000 - recall 0.0000 - f1 0.0000 
INFO:root:TRAIN measures@10 for class 1 - precision 0.0000 - recall 0.0000 - f1 0.0000 
INFO:root:TRAIN measures@100 microavg - precision 0.0520 - recall 0.0001 - f1 0.0002 
INFO:root:TRAIN measures@100 for class 0 - precision 0.0000 - recall 0.0000 - f1 0.0000 
INFO:root:TRAIN measures@100 for class 1 - precision 0.0520 - recall 0.0023 - f1 0.0045 
INFO:root:TRAIN measures@1000 microavg - precision 0.0590 - recall 0.0013 - f1 0.0025 
INFO:root:TRAIN measures@1000 for class 0 - precision 0.0000 - recall 0.0000 - f1 0.0000 
INFO:root:TRAIN measures@1000 for class 1 - precision 0.0590 - recall 0.0266 - f1 0.0367 
INFO:root:TRAIN Total epoch time: 0.9146177787333727
INFO:root:################ TRAIN epoch 2 ###################
INFO:root:TRAIN mean losses tensor(0.0158, device='cuda:0')
INFO:root:TRAIN mean errors 0.9523809552192688
INFO:root:TRAIN mean MRR 0.0 - mean MAP 0.058701616348773064
INFO:root:TRAIN tp {0: tensor(0, device='cuda:0'), 1: tensor(11096, device='cuda:0')},fn {0: tensor(221920, device='cuda:0'), 1: tensor(0, device='cuda:0')},fp {0: tensor(0, device='cuda:0'), 1: tensor(221920, device='cuda:0')}
INFO:root:TRAIN measures microavg - precision 0.0476 - recall 0.0476 - f1 0.0476 
INFO:root:TRAIN measures for class 0 - precision 0.0000 - recall 0.0000 - f1 0.0000 
INFO:root:TRAIN measures for class 1 - precision 0.0476 - recall 1.0000 - f1 0.0909 
INFO:root:TRAIN measures@10 microavg - precision 0.0400 - recall 0.0000 - f1 0.0000 
INFO:root:TRAIN measures@10 for class 0 - precision 0.0000 - recall 0.0000 - f1 0.0000 
INFO:root:TRAIN measures@10 for class 1 - precision 0.0400 - recall 0.0002 - f1 0.0004 
INFO:root:TRAIN measures@100 microavg - precision 0.0540 - recall 0.0001 - f1 0.0002 
INFO:root:TRAIN measures@100 for class 0 - precision 0.0000 - recall 0.0000 - f1 0.0000 
INFO:root:TRAIN measures@100 for class 1 - precision 0.0540 - recall 0.0024 - f1 0.0047 
INFO:root:TRAIN measures@1000 microavg - precision 0.0600 - recall 0.0013 - f1 0.0025 
INFO:root:TRAIN measures@1000 for class 0 - precision 0.0000 - recall 0.0000 - f1 0.0000 
INFO:root:TRAIN measures@1000 for class 1 - precision 0.0600 - recall 0.0270 - f1 0.0373 
INFO:root:TRAIN Total epoch time: 0.9798846580088139
INFO:root:################ TRAIN epoch 3 ###################
INFO:root:TRAIN mean losses tensor(0.0155, device='cuda:0')
INFO:root:TRAIN mean errors 0.9492009282112122
INFO:root:TRAIN mean MRR 0.0 - mean MAP 0.058115094752930294
INFO:root:TRAIN tp {0: tensor(741, device='cuda:0'), 1: tensor(11096, device='cuda:0')},fn {0: tensor(221179, device='cuda:0'), 1: tensor(0, device='cuda:0')},fp {0: tensor(0, device='cuda:0'), 1: tensor(221179, device='cuda:0')}
INFO:root:TRAIN measures microavg - precision 0.0508 - recall 0.0508 - f1 0.0508 
INFO:root:TRAIN measures for class 0 - precision 1.0000 - recall 0.0033 - f1 0.0067 
INFO:root:TRAIN measures for class 1 - precision 0.0478 - recall 1.0000 - f1 0.0912 
INFO:root:TRAIN measures@10 microavg - precision 0.5000 - recall 0.0002 - f1 0.0004 
INFO:root:TRAIN measures@10 for class 0 - precision 1.0000 - recall 0.0002 - f1 0.0004 
INFO:root:TRAIN measures@10 for class 1 - precision 0.1000 - recall 0.0005 - f1 0.0009 
INFO:root:TRAIN measures@100 microavg - precision 0.4547 - recall 0.0017 - f1 0.0033 
INFO:root:TRAIN measures@100 for class 0 - precision 1.0000 - recall 0.0016 - f1 0.0031 
INFO:root:TRAIN measures@100 for class 1 - precision 0.0740 - recall 0.0033 - f1 0.0064 
INFO:root:TRAIN measures@1000 microavg - precision 0.1785 - recall 0.0044 - f1 0.0086 
INFO:root:TRAIN measures@1000 for class 0 - precision 1.0000 - recall 0.0033 - f1 0.0067 
INFO:root:TRAIN measures@1000 for class 1 - precision 0.0568 - recall 0.0256 - f1 0.0353 
INFO:root:TRAIN Total epoch time: 0.9776069931685925
INFO:root:################ TRAIN epoch 4 ###################
INFO:root:TRAIN mean losses tensor(0.0150, device='cuda:0')
INFO:root:TRAIN mean errors 0.902955174446106
INFO:root:TRAIN mean MRR 0.0 - mean MAP 0.05937644042601154
INFO:root:TRAIN tp {0: tensor(11517, device='cuda:0'), 1: tensor(11096, device='cuda:0')},fn {0: tensor(210403, device='cuda:0'), 1: tensor(0, device='cuda:0')},fp {0: tensor(0, device='cuda:0'), 1: tensor(210403, device='cuda:0')}
INFO:root:TRAIN measures microavg - precision 0.0970 - recall 0.0970 - f1 0.0970 
INFO:root:TRAIN measures for class 0 - precision 1.0000 - recall 0.0519 - f1 0.0987 
INFO:root:TRAIN measures for class 1 - precision 0.0501 - recall 1.0000 - f1 0.0954 
INFO:root:TRAIN measures@10 microavg - precision 0.5300 - recall 0.0002 - f1 0.0005 
INFO:root:TRAIN measures@10 for class 0 - precision 1.0000 - recall 0.0002 - f1 0.0005 
INFO:root:TRAIN measures@10 for class 1 - precision 0.0600 - recall 0.0003 - f1 0.0005 
INFO:root:TRAIN measures@100 microavg - precision 0.5280 - recall 0.0023 - f1 0.0045 
INFO:root:TRAIN measures@100 for class 0 - precision 1.0000 - recall 0.0023 - f1 0.0045 
INFO:root:TRAIN measures@100 for class 1 - precision 0.0560 - recall 0.0025 - f1 0.0048 
INFO:root:TRAIN measures@1000 microavg - precision 0.5182 - recall 0.0217 - f1 0.0417 
INFO:root:TRAIN measures@1000 for class 0 - precision 1.0000 - recall 0.0215 - f1 0.0421 
INFO:root:TRAIN measures@1000 for class 1 - precision 0.0582 - recall 0.0262 - f1 0.0362 
INFO:root:TRAIN Total epoch time: 0.9133902927860618
INFO:root:################ TRAIN epoch 5 ###################
INFO:root:TRAIN mean losses tensor(0.0155, device='cuda:0')
INFO:root:TRAIN mean errors 0.8692021369934082
INFO:root:TRAIN mean MRR 0.0 - mean MAP 0.06040455701978608
INFO:root:TRAIN tp {0: tensor(19382, device='cuda:0'), 1: tensor(11096, device='cuda:0')},fn {0: tensor(202538, device='cuda:0'), 1: tensor(0, device='cuda:0')},fp {0: tensor(0, device='cuda:0'), 1: tensor(202538, device='cuda:0')}
INFO:root:TRAIN measures microavg - precision 0.1308 - recall 0.1308 - f1 0.1308 
INFO:root:TRAIN measures for class 0 - precision 1.0000 - recall 0.0873 - f1 0.1606 
INFO:root:TRAIN measures for class 1 - precision 0.0519 - recall 1.0000 - f1 0.0987 
INFO:root:TRAIN measures@10 microavg - precision 0.5100 - recall 0.0002 - f1 0.0004 
INFO:root:TRAIN measures@10 for class 0 - precision 1.0000 - recall 0.0002 - f1 0.0005 
INFO:root:TRAIN measures@10 for class 1 - precision 0.0200 - recall 0.0001 - f1 0.0002 
INFO:root:TRAIN measures@100 microavg - precision 0.5190 - recall 0.0022 - f1 0.0044 
INFO:root:TRAIN measures@100 for class 0 - precision 1.0000 - recall 0.0023 - f1 0.0045 
INFO:root:TRAIN measures@100 for class 1 - precision 0.0380 - recall 0.0017 - f1 0.0033 
INFO:root:TRAIN measures@1000 microavg - precision 0.5281 - recall 0.0227 - f1 0.0435 
INFO:root:TRAIN measures@1000 for class 0 - precision 1.0000 - recall 0.0225 - f1 0.0441 
INFO:root:TRAIN measures@1000 for class 1 - precision 0.0562 - recall 0.0253 - f1 0.0349 
INFO:root:TRAIN Total epoch time: 0.9641325110569596
INFO:root:################ TRAIN epoch 6 ###################
INFO:root:TRAIN mean losses tensor(0.0151, device='cuda:0')
INFO:root:TRAIN mean errors 0.8826045989990234
INFO:root:TRAIN mean MRR 0.0 - mean MAP 0.05917366558964693
INFO:root:TRAIN tp {0: tensor(16259, device='cuda:0'), 1: tensor(11096, device='cuda:0')},fn {0: tensor(205661, device='cuda:0'), 1: tensor(0, device='cuda:0')},fp {0: tensor(0, device='cuda:0'), 1: tensor(205661, device='cuda:0')}
INFO:root:TRAIN measures microavg - precision 0.1174 - recall 0.1174 - f1 0.1174 
INFO:root:TRAIN measures for class 0 - precision 1.0000 - recall 0.0733 - f1 0.1365 
INFO:root:TRAIN measures for class 1 - precision 0.0512 - recall 1.0000 - f1 0.0974 
INFO:root:TRAIN measures@10 microavg - precision 0.5000 - recall 0.0002 - f1 0.0004 
INFO:root:TRAIN measures@10 for class 0 - precision 1.0000 - recall 0.0002 - f1 0.0005 
INFO:root:TRAIN measures@10 for class 1 - precision 0.0000 - recall 0.0000 - f1 0.0000 
INFO:root:TRAIN measures@100 microavg - precision 0.5290 - recall 0.0023 - f1 0.0045 
INFO:root:TRAIN measures@100 for class 0 - precision 1.0000 - recall 0.0023 - f1 0.0045 
INFO:root:TRAIN measures@100 for class 1 - precision 0.0580 - recall 0.0026 - f1 0.0050 
INFO:root:TRAIN measures@1000 microavg - precision 0.5278 - recall 0.0227 - f1 0.0434 
INFO:root:TRAIN measures@1000 for class 0 - precision 1.0000 - recall 0.0225 - f1 0.0441 
INFO:root:TRAIN measures@1000 for class 1 - precision 0.0556 - recall 0.0251 - f1 0.0345 
INFO:root:TRAIN Total epoch time: 0.9157014582306147
INFO:root:################ TRAIN epoch 7 ###################
INFO:root:TRAIN mean losses tensor(0.0145, device='cuda:0')
INFO:root:TRAIN mean errors 0.8756093978881836
INFO:root:TRAIN mean MRR 0.0 - mean MAP 0.05912178849013676
INFO:root:TRAIN tp {0: tensor(17889, device='cuda:0'), 1: tensor(11096, device='cuda:0')},fn {0: tensor(204031, device='cuda:0'), 1: tensor(0, device='cuda:0')},fp {0: tensor(0, device='cuda:0'), 1: tensor(204031, device='cuda:0')}
INFO:root:TRAIN measures microavg - precision 0.1244 - recall 0.1244 - f1 0.1244 
INFO:root:TRAIN measures for class 0 - precision 1.0000 - recall 0.0806 - f1 0.1492 
INFO:root:TRAIN measures for class 1 - precision 0.0516 - recall 1.0000 - f1 0.0981 
INFO:root:TRAIN measures@10 microavg - precision 0.5300 - recall 0.0002 - f1 0.0005 
INFO:root:TRAIN measures@10 for class 0 - precision 1.0000 - recall 0.0002 - f1 0.0005 
INFO:root:TRAIN measures@10 for class 1 - precision 0.0600 - recall 0.0003 - f1 0.0005 
INFO:root:TRAIN measures@100 microavg - precision 0.5290 - recall 0.0023 - f1 0.0045 
INFO:root:TRAIN measures@100 for class 0 - precision 1.0000 - recall 0.0023 - f1 0.0045 
INFO:root:TRAIN measures@100 for class 1 - precision 0.0580 - recall 0.0026 - f1 0.0050 
INFO:root:TRAIN measures@1000 microavg - precision 0.5251 - recall 0.0225 - f1 0.0432 
INFO:root:TRAIN measures@1000 for class 0 - precision 1.0000 - recall 0.0225 - f1 0.0441 
INFO:root:TRAIN measures@1000 for class 1 - precision 0.0502 - recall 0.0226 - f1 0.0312 
INFO:root:TRAIN Total epoch time: 0.9332196079194546
INFO:root:################ VALID epoch 7 ###################
