INFO:root:*** PARAMETERS ***
INFO:root:{'adj_mat_time_window': 1,
 'class_weights': [0.0015, 0.9985],
 'comments': ['comments'],
 'data': 'seir',
 'data_loading_params': {'batch_size': 1, 'num_workers': 0},
 'dev_proportion': 0.2,
 'device': 'cuda',
 'early_stop_patience': 50,
 'eval_after_epochs': 6,
 'gcn_parameters': {'cls_feats': 1024,
                    'cls_feats_max': '1024s',
                    'cls_feats_min': 100,
                    'feats_per_node': 100,
                    'feats_per_node_max': 256,
                    'feats_per_node_min': 50,
                    'k_top_grcu': 200,
                    'layer_1_feats': 51,
                    'layer_1_feats_max': 200,
                    'layer_1_feats_min': 10,
                    'layer_2_feats': 51,
                    'layer_2_feats_same_as_l1': True,
                    'lstm_l1_feats': 157,
                    'lstm_l1_feats_max': 200,
                    'lstm_l1_feats_min': 10,
                    'lstm_l1_layers': 1,
                    'lstm_l2_feats': 157,
                    'lstm_l2_feats_same_as_l1': True,
                    'lstm_l2_layers': 1,
                    'num_layers': 2},
 'learning_rate': 0.005,
 'learning_rate_max': 0.1,
 'learning_rate_min': 0.0001,
 'model': 'egcn_o',
 'negative_mult_test': 100,
 'negative_mult_training': 50,
 'num_epochs': 100,
 'num_hist_steps': 2,
 'num_hist_steps_max': 10,
 'num_hist_steps_min': 2,
 'rank': 0,
 'save_node_embeddings': False,
 'seed': 1234,
 'seir_args': <utils.Namespace object at 0x7f89cfc61c40>,
 'smart_neg_sampling': True,
 'steps_accum_gradients': 1,
 'target_class': 1,
 'target_measure': 'MAP',
 'task': 'link_pred',
 'train_proportion': 0.7,
 'use_1_hot_node_feats': True,
 'use_2_hot_node_feats': False,
 'use_cuda': True,
 'use_logfile': True,
 'wsize': 1}
INFO:root:
INFO:root:################ TRAIN epoch 0 ###################
INFO:root:TRAIN mean losses tensor(0.0062, device='cuda:0')
INFO:root:TRAIN mean errors 0.9803921580314636
INFO:root:TRAIN mean MRR 0.0 - mean MAP 0.026076997962451137
INFO:root:TRAIN tp {0: tensor(0, device='cuda:0'), 1: tensor(52458, device='cuda:0')},fn {0: tensor(2622900, device='cuda:0'), 1: tensor(0, device='cuda:0')},fp {0: tensor(0, device='cuda:0'), 1: tensor(2622900, device='cuda:0')}
INFO:root:TRAIN measures microavg - precision 0.0196 - recall 0.0196 - f1 0.0196 
INFO:root:TRAIN measures for class 0 - precision 0.0000 - recall 0.0000 - f1 0.0000 
INFO:root:TRAIN measures for class 1 - precision 0.0196 - recall 1.0000 - f1 0.0385 
INFO:root:TRAIN measures@10 microavg - precision 0.0294 - recall 0.0000 - f1 0.0000 
INFO:root:TRAIN measures@10 for class 0 - precision 0.0000 - recall 0.0000 - f1 0.0000 
INFO:root:TRAIN measures@10 for class 1 - precision 0.0294 - recall 0.0001 - f1 0.0002 
INFO:root:TRAIN measures@100 microavg - precision 0.0224 - recall 0.0000 - f1 0.0000 
INFO:root:TRAIN measures@100 for class 0 - precision 0.0000 - recall 0.0000 - f1 0.0000 
INFO:root:TRAIN measures@100 for class 1 - precision 0.0224 - recall 0.0007 - f1 0.0014 
INFO:root:TRAIN measures@1000 microavg - precision 0.0258 - recall 0.0002 - f1 0.0003 
INFO:root:TRAIN measures@1000 for class 0 - precision 0.0000 - recall 0.0000 - f1 0.0000 
INFO:root:TRAIN measures@1000 for class 1 - precision 0.0258 - recall 0.0084 - f1 0.0126 
INFO:root:TRAIN Total epoch time: 5.828157597221434
INFO:root:################ TRAIN epoch 1 ###################
INFO:root:TRAIN mean losses tensor(0.0048, device='cuda:0')
INFO:root:TRAIN mean errors 0.8689035177230835
INFO:root:TRAIN mean MRR 0.0 - mean MAP 0.029786295113740674
INFO:root:TRAIN tp {0: tensor(298272, device='cuda:0'), 1: tensor(52458, device='cuda:0')},fn {0: tensor(2324628, device='cuda:0'), 1: tensor(0, device='cuda:0')},fp {0: tensor(0, device='cuda:0'), 1: tensor(2324628, device='cuda:0')}
INFO:root:TRAIN measures microavg - precision 0.1311 - recall 0.1311 - f1 0.1311 
INFO:root:TRAIN measures for class 0 - precision 1.0000 - recall 0.1137 - f1 0.2042 
INFO:root:TRAIN measures for class 1 - precision 0.0221 - recall 1.0000 - f1 0.0432 
INFO:root:TRAIN measures@10 microavg - precision 0.4909 - recall 0.0001 - f1 0.0001 
INFO:root:TRAIN measures@10 for class 0 - precision 1.0000 - recall 0.0001 - f1 0.0001 
INFO:root:TRAIN measures@10 for class 1 - precision 0.0118 - recall 0.0000 - f1 0.0001 
INFO:root:TRAIN measures@100 microavg - precision 0.4955 - recall 0.0006 - f1 0.0012 
INFO:root:TRAIN measures@100 for class 0 - precision 1.0000 - recall 0.0006 - f1 0.0012 
INFO:root:TRAIN measures@100 for class 1 - precision 0.0341 - recall 0.0011 - f1 0.0021 
INFO:root:TRAIN measures@1000 microavg - precision 0.4791 - recall 0.0057 - f1 0.0112 
INFO:root:TRAIN measures@1000 for class 0 - precision 1.0000 - recall 0.0056 - f1 0.0111 
INFO:root:TRAIN measures@1000 for class 1 - precision 0.0294 - recall 0.0095 - f1 0.0144 
INFO:root:TRAIN Total epoch time: 5.036336185410619
INFO:root:################ TRAIN epoch 2 ###################
INFO:root:TRAIN mean losses tensor(0.0049, device='cuda:0')
INFO:root:TRAIN mean errors 0.748881459236145
INFO:root:TRAIN mean MRR 0.0 - mean MAP 0.02998154731772419
INFO:root:TRAIN tp {0: tensor(619374, device='cuda:0'), 1: tensor(52458, device='cuda:0')},fn {0: tensor(2003526, device='cuda:0'), 1: tensor(0, device='cuda:0')},fp {0: tensor(0, device='cuda:0'), 1: tensor(2003526, device='cuda:0')}
INFO:root:TRAIN measures microavg - precision 0.2511 - recall 0.2511 - f1 0.2511 
INFO:root:TRAIN measures for class 0 - precision 1.0000 - recall 0.2361 - f1 0.3821 
INFO:root:TRAIN measures for class 1 - precision 0.0255 - recall 1.0000 - f1 0.0498 
INFO:root:TRAIN measures@10 microavg - precision 0.5235 - recall 0.0001 - f1 0.0001 
INFO:root:TRAIN measures@10 for class 0 - precision 1.0000 - recall 0.0001 - f1 0.0001 
INFO:root:TRAIN measures@10 for class 1 - precision 0.0471 - recall 0.0002 - f1 0.0003 
INFO:root:TRAIN measures@100 microavg - precision 0.5144 - recall 0.0007 - f1 0.0013 
INFO:root:TRAIN measures@100 for class 0 - precision 1.0000 - recall 0.0006 - f1 0.0013 
INFO:root:TRAIN measures@100 for class 1 - precision 0.0288 - recall 0.0009 - f1 0.0018 
INFO:root:TRAIN measures@1000 microavg - precision 0.5158 - recall 0.0066 - f1 0.0129 
INFO:root:TRAIN measures@1000 for class 0 - precision 1.0000 - recall 0.0065 - f1 0.0129 
INFO:root:TRAIN measures@1000 for class 1 - precision 0.0316 - recall 0.0102 - f1 0.0155 
INFO:root:TRAIN Total epoch time: 5.495560912415385
INFO:root:################ TRAIN epoch 3 ###################
INFO:root:TRAIN mean losses tensor(0.0042, device='cuda:0')
INFO:root:TRAIN mean errors 0.6981050968170166
INFO:root:TRAIN mean MRR 0.0 - mean MAP 0.030049669313318875
INFO:root:TRAIN tp {0: tensor(755219, device='cuda:0'), 1: tensor(52458, device='cuda:0')},fn {0: tensor(1867681, device='cuda:0'), 1: tensor(0, device='cuda:0')},fp {0: tensor(0, device='cuda:0'), 1: tensor(1867681, device='cuda:0')}
INFO:root:TRAIN measures microavg - precision 0.3019 - recall 0.3019 - f1 0.3019 
INFO:root:TRAIN measures for class 0 - precision 1.0000 - recall 0.2879 - f1 0.4471 
INFO:root:TRAIN measures for class 1 - precision 0.0273 - recall 1.0000 - f1 0.0532 
INFO:root:TRAIN measures@10 microavg - precision 0.5235 - recall 0.0001 - f1 0.0001 
INFO:root:TRAIN measures@10 for class 0 - precision 1.0000 - recall 0.0001 - f1 0.0001 
INFO:root:TRAIN measures@10 for class 1 - precision 0.0471 - recall 0.0002 - f1 0.0003 
INFO:root:TRAIN measures@100 microavg - precision 0.5182 - recall 0.0007 - f1 0.0013 
INFO:root:TRAIN measures@100 for class 0 - precision 1.0000 - recall 0.0006 - f1 0.0013 
INFO:root:TRAIN measures@100 for class 1 - precision 0.0365 - recall 0.0012 - f1 0.0023 
INFO:root:TRAIN measures@1000 microavg - precision 0.5160 - recall 0.0066 - f1 0.0129 
INFO:root:TRAIN measures@1000 for class 0 - precision 1.0000 - recall 0.0065 - f1 0.0129 
INFO:root:TRAIN measures@1000 for class 1 - precision 0.0319 - recall 0.0104 - f1 0.0156 
INFO:root:TRAIN Total epoch time: 5.306824860163033
INFO:root:################ TRAIN epoch 4 ###################
INFO:root:TRAIN mean losses tensor(0.0040, device='cuda:0')
INFO:root:TRAIN mean errors 0.6455487608909607
INFO:root:TRAIN mean MRR 0.0 - mean MAP 0.029844726518841583
INFO:root:TRAIN tp {0: tensor(895826, device='cuda:0'), 1: tensor(52458, device='cuda:0')},fn {0: tensor(1727074, device='cuda:0'), 1: tensor(0, device='cuda:0')},fp {0: tensor(0, device='cuda:0'), 1: tensor(1727074, device='cuda:0')}
INFO:root:TRAIN measures microavg - precision 0.3545 - recall 0.3545 - f1 0.3545 
INFO:root:TRAIN measures for class 0 - precision 1.0000 - recall 0.3415 - f1 0.5092 
INFO:root:TRAIN measures for class 1 - precision 0.0295 - recall 1.0000 - f1 0.0573 
INFO:root:TRAIN measures@10 microavg - precision 0.5147 - recall 0.0001 - f1 0.0001 
INFO:root:TRAIN measures@10 for class 0 - precision 1.0000 - recall 0.0001 - f1 0.0001 
INFO:root:TRAIN measures@10 for class 1 - precision 0.0294 - recall 0.0001 - f1 0.0002 
INFO:root:TRAIN measures@100 microavg - precision 0.5159 - recall 0.0007 - f1 0.0013 
INFO:root:TRAIN measures@100 for class 0 - precision 1.0000 - recall 0.0006 - f1 0.0013 
INFO:root:TRAIN measures@100 for class 1 - precision 0.0318 - recall 0.0010 - f1 0.0020 
INFO:root:TRAIN measures@1000 microavg - precision 0.5145 - recall 0.0065 - f1 0.0129 
INFO:root:TRAIN measures@1000 for class 0 - precision 1.0000 - recall 0.0065 - f1 0.0129 
INFO:root:TRAIN measures@1000 for class 1 - precision 0.0291 - recall 0.0094 - f1 0.0142 
INFO:root:TRAIN Total epoch time: 5.273123703896999
INFO:root:################ TRAIN epoch 5 ###################
INFO:root:TRAIN mean losses tensor(0.0040, device='cuda:0')
INFO:root:TRAIN mean errors 0.6465295553207397
INFO:root:TRAIN mean MRR 0.0 - mean MAP 0.029798759623078663
INFO:root:TRAIN tp {0: tensor(893202, device='cuda:0'), 1: tensor(52458, device='cuda:0')},fn {0: tensor(1729698, device='cuda:0'), 1: tensor(0, device='cuda:0')},fp {0: tensor(0, device='cuda:0'), 1: tensor(1729698, device='cuda:0')}
INFO:root:TRAIN measures microavg - precision 0.3535 - recall 0.3535 - f1 0.3535 
INFO:root:TRAIN measures for class 0 - precision 1.0000 - recall 0.3405 - f1 0.5081 
INFO:root:TRAIN measures for class 1 - precision 0.0294 - recall 1.0000 - f1 0.0572 
INFO:root:TRAIN measures@10 microavg - precision 0.5176 - recall 0.0001 - f1 0.0001 
INFO:root:TRAIN measures@10 for class 0 - precision 1.0000 - recall 0.0001 - f1 0.0001 
INFO:root:TRAIN measures@10 for class 1 - precision 0.0353 - recall 0.0001 - f1 0.0002 
INFO:root:TRAIN measures@100 microavg - precision 0.5150 - recall 0.0007 - f1 0.0013 
INFO:root:TRAIN measures@100 for class 0 - precision 1.0000 - recall 0.0006 - f1 0.0013 
INFO:root:TRAIN measures@100 for class 1 - precision 0.0300 - recall 0.0010 - f1 0.0019 
INFO:root:TRAIN measures@1000 microavg - precision 0.5144 - recall 0.0065 - f1 0.0129 
INFO:root:TRAIN measures@1000 for class 0 - precision 1.0000 - recall 0.0065 - f1 0.0129 
INFO:root:TRAIN measures@1000 for class 1 - precision 0.0288 - recall 0.0093 - f1 0.0141 
INFO:root:TRAIN Total epoch time: 5.1730031333863735
INFO:root:################ TRAIN epoch 6 ###################
INFO:root:TRAIN mean losses tensor(0.0040, device='cuda:0')
INFO:root:TRAIN mean errors 0.6455464959144592
INFO:root:TRAIN mean MRR 0.0 - mean MAP 0.03006332553918635
INFO:root:TRAIN tp {0: tensor(895832, device='cuda:0'), 1: tensor(52458, device='cuda:0')},fn {0: tensor(1727068, device='cuda:0'), 1: tensor(0, device='cuda:0')},fp {0: tensor(0, device='cuda:0'), 1: tensor(1727068, device='cuda:0')}
INFO:root:TRAIN measures microavg - precision 0.3545 - recall 0.3545 - f1 0.3545 
INFO:root:TRAIN measures for class 0 - precision 1.0000 - recall 0.3415 - f1 0.5092 
INFO:root:TRAIN measures for class 1 - precision 0.0295 - recall 1.0000 - f1 0.0573 
INFO:root:TRAIN measures@10 microavg - precision 0.5176 - recall 0.0001 - f1 0.0001 
INFO:root:TRAIN measures@10 for class 0 - precision 1.0000 - recall 0.0001 - f1 0.0001 
INFO:root:TRAIN measures@10 for class 1 - precision 0.0353 - recall 0.0001 - f1 0.0002 
INFO:root:TRAIN measures@100 microavg - precision 0.5147 - recall 0.0007 - f1 0.0013 
INFO:root:TRAIN measures@100 for class 0 - precision 1.0000 - recall 0.0006 - f1 0.0013 
INFO:root:TRAIN measures@100 for class 1 - precision 0.0294 - recall 0.0010 - f1 0.0018 
INFO:root:TRAIN measures@1000 microavg - precision 0.5156 - recall 0.0066 - f1 0.0129 
INFO:root:TRAIN measures@1000 for class 0 - precision 1.0000 - recall 0.0065 - f1 0.0129 
INFO:root:TRAIN measures@1000 for class 1 - precision 0.0312 - recall 0.0101 - f1 0.0153 
INFO:root:TRAIN Total epoch time: 5.195432431064546
INFO:root:################ TRAIN epoch 7 ###################
INFO:root:TRAIN mean losses tensor(0.0040, device='cuda:0')
INFO:root:TRAIN mean errors 0.6456119418144226
INFO:root:TRAIN mean MRR 0.0 - mean MAP 0.029595186907623885
INFO:root:TRAIN tp {0: tensor(895657, device='cuda:0'), 1: tensor(52458, device='cuda:0')},fn {0: tensor(1727243, device='cuda:0'), 1: tensor(0, device='cuda:0')},fp {0: tensor(0, device='cuda:0'), 1: tensor(1727243, device='cuda:0')}
INFO:root:TRAIN measures microavg - precision 0.3544 - recall 0.3544 - f1 0.3544 
INFO:root:TRAIN measures for class 0 - precision 1.0000 - recall 0.3415 - f1 0.5091 
INFO:root:TRAIN measures for class 1 - precision 0.0295 - recall 1.0000 - f1 0.0573 
INFO:root:TRAIN measures@10 microavg - precision 0.5206 - recall 0.0001 - f1 0.0001 
INFO:root:TRAIN measures@10 for class 0 - precision 1.0000 - recall 0.0001 - f1 0.0001 
INFO:root:TRAIN measures@10 for class 1 - precision 0.0412 - recall 0.0001 - f1 0.0003 
INFO:root:TRAIN measures@100 microavg - precision 0.5156 - recall 0.0007 - f1 0.0013 
INFO:root:TRAIN measures@100 for class 0 - precision 1.0000 - recall 0.0006 - f1 0.0013 
INFO:root:TRAIN measures@100 for class 1 - precision 0.0312 - recall 0.0010 - f1 0.0020 
INFO:root:TRAIN measures@1000 microavg - precision 0.5140 - recall 0.0065 - f1 0.0129 
INFO:root:TRAIN measures@1000 for class 0 - precision 1.0000 - recall 0.0065 - f1 0.0129 
INFO:root:TRAIN measures@1000 for class 1 - precision 0.0280 - recall 0.0091 - f1 0.0137 
INFO:root:TRAIN Total epoch time: 5.251469627022743
INFO:root:################ VALID epoch 7 ###################
INFO:root:VALID mean losses tensor(0.0036, device='cuda:0')
INFO:root:VALID mean errors 0.6448990702629089
INFO:root:VALID mean MRR 0.03722811648621175 - mean MAP 0.015141479407239828
INFO:root:VALID tp {0: tensor(459593, device='cuda:0'), 1: tensor(13182, device='cuda:0')},fn {0: tensor(858607, device='cuda:0'), 1: tensor(0, device='cuda:0')},fp {0: tensor(0, device='cuda:0'), 1: tensor(858607, device='cuda:0')}
INFO:root:VALID measures microavg - precision 0.3551 - recall 0.3551 - f1 0.3551 
INFO:root:VALID measures for class 0 - precision 1.0000 - recall 0.3487 - f1 0.5170 
INFO:root:VALID measures for class 1 - precision 0.0151 - recall 1.0000 - f1 0.0298 
INFO:root:VALID measures@10 microavg - precision 0.5000 - recall 0.0000 - f1 0.0001 
INFO:root:VALID measures@10 for class 0 - precision 1.0000 - recall 0.0000 - f1 0.0001 
INFO:root:VALID measures@10 for class 1 - precision 0.0000 - recall 0.0000 - f1 0.0000 
INFO:root:VALID measures@100 microavg - precision 0.5067 - recall 0.0005 - f1 0.0009 
INFO:root:VALID measures@100 for class 0 - precision 1.0000 - recall 0.0005 - f1 0.0009 
INFO:root:VALID measures@100 for class 1 - precision 0.0133 - recall 0.0006 - f1 0.0012 
INFO:root:VALID measures@1000 microavg - precision 0.5075 - recall 0.0046 - f1 0.0091 
INFO:root:VALID measures@1000 for class 0 - precision 1.0000 - recall 0.0046 - f1 0.0091 
INFO:root:VALID measures@1000 for class 1 - precision 0.0150 - recall 0.0068 - f1 0.0094 
INFO:root:VALID Total epoch time: 41.612304718233645
INFO:root:################ TEST epoch 7 ###################
INFO:root:TEST batch 1 / 3 - partial error 0.7343 - partial loss 0.0039 - partial MRR  0.0485 - partial MAP 0.0135
INFO:root:TEST batch 1 / 3 -  partial tp {0: tensor(27545, device='cuda:0'), 1: tensor(1066, device='cuda:0')},fn {0: tensor(79055, device='cuda:0'), 1: tensor(0, device='cuda:0')},fp {0: tensor(0, device='cuda:0'), 1: tensor(79055, device='cuda:0')}
INFO:root:TEST batch 1 / 3 - measures partial microavg - precision 0.2657 - recall 0.2657 - f1 0.2657 
INFO:root:TEST batch 1 / 3 - measures partial for class 0 - precision 1.0000 - recall 0.2584 - f1 0.4107 
INFO:root:TEST batch 1 / 3 - measures partial for class 1 - precision 0.0133 - recall 1.0000 - f1 0.0263 
INFO:root:TEST batch 1 / 3 - Batch time 7 
INFO:root:TEST batch 2 / 3 - partial error 0.7226 - partial loss 0.0039 - partial MRR  0.0478 - partial MAP 0.0138
INFO:root:TEST batch 2 / 3 -  partial tp {0: tensor(30117, device='cuda:0'), 1: tensor(1068, device='cuda:0')},fn {0: tensor(76683, device='cuda:0'), 1: tensor(0, device='cuda:0')},fp {0: tensor(0, device='cuda:0'), 1: tensor(76683, device='cuda:0')}
INFO:root:TEST batch 2 / 3 - measures partial microavg - precision 0.2891 - recall 0.2891 - f1 0.2891 
INFO:root:TEST batch 2 / 3 - measures partial for class 0 - precision 1.0000 - recall 0.2820 - f1 0.4399 
INFO:root:TEST batch 2 / 3 - measures partial for class 1 - precision 0.0137 - recall 1.0000 - f1 0.0271 
INFO:root:TEST batch 2 / 3 - Batch time 8 
INFO:root:TEST batch 3 / 3 - partial error 0.7203 - partial loss 0.0039 - partial MRR  0.0414 - partial MAP 0.0137
INFO:root:TEST batch 3 / 3 -  partial tp {0: tensor(39680, device='cuda:0'), 1: tensor(1438, device='cuda:0')},fn {0: tensor(104120, device='cuda:0'), 1: tensor(0, device='cuda:0')},fp {0: tensor(0, device='cuda:0'), 1: tensor(104120, device='cuda:0')}
INFO:root:TEST batch 3 / 3 - measures partial microavg - precision 0.2831 - recall 0.2831 - f1 0.2831 
INFO:root:TEST batch 3 / 3 - measures partial for class 0 - precision 1.0000 - recall 0.2759 - f1 0.4325 
INFO:root:TEST batch 3 / 3 - measures partial for class 1 - precision 0.0136 - recall 1.0000 - f1 0.0269 
INFO:root:TEST batch 3 / 3 - Batch time 8 
INFO:root:TEST mean losses tensor(0.0039, device='cuda:0')
INFO:root:TEST mean errors 0.7202831506729126
INFO:root:TEST mean MRR 0.04138436365167346 - mean MAP 0.013656576818496786
INFO:root:TEST tp {0: tensor(97342, device='cuda:0'), 1: tensor(3572, device='cuda:0')},fn {0: tensor(259858, device='cuda:0'), 1: tensor(0, device='cuda:0')},fp {0: tensor(0, device='cuda:0'), 1: tensor(259858, device='cuda:0')}
INFO:root:TEST measures microavg - precision 0.2797 - recall 0.2797 - f1 0.2797 
INFO:root:TEST measures for class 0 - precision 1.0000 - recall 0.2725 - f1 0.4283 
INFO:root:TEST measures for class 1 - precision 0.0136 - recall 1.0000 - f1 0.0268 
INFO:root:TEST measures@10 microavg - precision 0.5000 - recall 0.0001 - f1 0.0002 
INFO:root:TEST measures@10 for class 0 - precision 1.0000 - recall 0.0001 - f1 0.0002 
INFO:root:TEST measures@10 for class 1 - precision 0.0000 - recall 0.0000 - f1 0.0000 
INFO:root:TEST measures@100 microavg - precision 0.5083 - recall 0.0008 - f1 0.0017 
INFO:root:TEST measures@100 for class 0 - precision 1.0000 - recall 0.0008 - f1 0.0017 
INFO:root:TEST measures@100 for class 1 - precision 0.0167 - recall 0.0014 - f1 0.0026 
INFO:root:TEST measures@1000 microavg - precision 0.5088 - recall 0.0085 - f1 0.0166 
INFO:root:TEST measures@1000 for class 0 - precision 1.0000 - recall 0.0084 - f1 0.0167 
INFO:root:TEST measures@1000 for class 1 - precision 0.0177 - recall 0.0148 - f1 0.0161 
INFO:root:TEST Total epoch time: 25.23225893639028
INFO:root:################ TRAIN epoch 8 ###################
INFO:root:TRAIN mean losses tensor(0.0040, device='cuda:0')
INFO:root:TRAIN mean errors 0.6452818512916565
INFO:root:TRAIN mean MRR 0.0 - mean MAP 0.02987693593967933
INFO:root:TRAIN tp {0: tensor(896540, device='cuda:0'), 1: tensor(52458, device='cuda:0')},fn {0: tensor(1726360, device='cuda:0'), 1: tensor(0, device='cuda:0')},fp {0: tensor(0, device='cuda:0'), 1: tensor(1726360, device='cuda:0')}
INFO:root:TRAIN measures microavg - precision 0.3547 - recall 0.3547 - f1 0.3547 
INFO:root:TRAIN measures for class 0 - precision 1.0000 - recall 0.3418 - f1 0.5095 
INFO:root:TRAIN measures for class 1 - precision 0.0295 - recall 1.0000 - f1 0.0573 
INFO:root:TRAIN measures@10 microavg - precision 0.5059 - recall 0.0001 - f1 0.0001 
INFO:root:TRAIN measures@10 for class 0 - precision 1.0000 - recall 0.0001 - f1 0.0001 
INFO:root:TRAIN measures@10 for class 1 - precision 0.0118 - recall 0.0000 - f1 0.0001 
INFO:root:TRAIN measures@100 microavg - precision 0.5162 - recall 0.0007 - f1 0.0013 
INFO:root:TRAIN measures@100 for class 0 - precision 1.0000 - recall 0.0006 - f1 0.0013 
INFO:root:TRAIN measures@100 for class 1 - precision 0.0324 - recall 0.0010 - f1 0.0020 
INFO:root:TRAIN measures@1000 microavg - precision 0.5148 - recall 0.0065 - f1 0.0129 
INFO:root:TRAIN measures@1000 for class 0 - precision 1.0000 - recall 0.0065 - f1 0.0129 
INFO:root:TRAIN measures@1000 for class 1 - precision 0.0295 - recall 0.0096 - f1 0.0145 
INFO:root:TRAIN Total epoch time: 5.288998103700578
INFO:root:################ VALID epoch 8 ###################
INFO:root:VALID mean losses tensor(0.0036, device='cuda:0')
INFO:root:VALID mean errors 0.6450830698013306
INFO:root:VALID mean MRR 0.04069914725302925 - mean MAP 0.015296442693007908
INFO:root:VALID tp {0: tensor(459348, device='cuda:0'), 1: tensor(13182, device='cuda:0')},fn {0: tensor(858852, device='cuda:0'), 1: tensor(0, device='cuda:0')},fp {0: tensor(0, device='cuda:0'), 1: tensor(858852, device='cuda:0')}
INFO:root:VALID measures microavg - precision 0.3549 - recall 0.3549 - f1 0.3549 
INFO:root:VALID measures for class 0 - precision 1.0000 - recall 0.3485 - f1 0.5168 
INFO:root:VALID measures for class 1 - precision 0.0151 - recall 1.0000 - f1 0.0298 
INFO:root:VALID measures@10 microavg - precision 0.5000 - recall 0.0000 - f1 0.0001 
INFO:root:VALID measures@10 for class 0 - precision 1.0000 - recall 0.0000 - f1 0.0001 
INFO:root:VALID measures@10 for class 1 - precision 0.0000 - recall 0.0000 - f1 0.0000 
INFO:root:VALID measures@100 microavg - precision 0.5017 - recall 0.0005 - f1 0.0009 
INFO:root:VALID measures@100 for class 0 - precision 1.0000 - recall 0.0005 - f1 0.0009 
INFO:root:VALID measures@100 for class 1 - precision 0.0033 - recall 0.0002 - f1 0.0003 
INFO:root:VALID measures@1000 microavg - precision 0.5087 - recall 0.0046 - f1 0.0091 
INFO:root:VALID measures@1000 for class 0 - precision 1.0000 - recall 0.0046 - f1 0.0091 
INFO:root:VALID measures@1000 for class 1 - precision 0.0173 - recall 0.0079 - f1 0.0108 
INFO:root:VALID Total epoch time: 42.20814920961857
INFO:root:################ TRAIN epoch 9 ###################
INFO:root:TRAIN mean losses tensor(0.0040, device='cuda:0')
INFO:root:TRAIN mean errors 0.6455296874046326
INFO:root:TRAIN mean MRR 0.0 - mean MAP 0.030207404690089028
INFO:root:TRAIN tp {0: tensor(895877, device='cuda:0'), 1: tensor(52458, device='cuda:0')},fn {0: tensor(1727023, device='cuda:0'), 1: tensor(0, device='cuda:0')},fp {0: tensor(0, device='cuda:0'), 1: tensor(1727023, device='cuda:0')}
INFO:root:TRAIN measures microavg - precision 0.3545 - recall 0.3545 - f1 0.3545 
INFO:root:TRAIN measures for class 0 - precision 1.0000 - recall 0.3416 - f1 0.5092 
INFO:root:TRAIN measures for class 1 - precision 0.0295 - recall 1.0000 - f1 0.0573 
INFO:root:TRAIN measures@10 microavg - precision 0.5206 - recall 0.0001 - f1 0.0001 
INFO:root:TRAIN measures@10 for class 0 - precision 1.0000 - recall 0.0001 - f1 0.0001 
INFO:root:TRAIN measures@10 for class 1 - precision 0.0412 - recall 0.0001 - f1 0.0003 
INFO:root:TRAIN measures@100 microavg - precision 0.5144 - recall 0.0007 - f1 0.0013 
INFO:root:TRAIN measures@100 for class 0 - precision 1.0000 - recall 0.0006 - f1 0.0013 
INFO:root:TRAIN measures@100 for class 1 - precision 0.0288 - recall 0.0009 - f1 0.0018 
INFO:root:TRAIN measures@1000 microavg - precision 0.5157 - recall 0.0066 - f1 0.0129 
INFO:root:TRAIN measures@1000 for class 0 - precision 1.0000 - recall 0.0065 - f1 0.0129 
INFO:root:TRAIN measures@1000 for class 1 - precision 0.0315 - recall 0.0102 - f1 0.0154 
INFO:root:TRAIN Total epoch time: 5.0287355203181505
INFO:root:################ VALID epoch 9 ###################
INFO:root:VALID mean losses tensor(0.0036, device='cuda:0')
INFO:root:VALID mean errors 0.6449035406112671
INFO:root:VALID mean MRR 0.041053384956757616 - mean MAP 0.015432812727295847
INFO:root:VALID tp {0: tensor(459587, device='cuda:0'), 1: tensor(13182, device='cuda:0')},fn {0: tensor(858613, device='cuda:0'), 1: tensor(0, device='cuda:0')},fp {0: tensor(0, device='cuda:0'), 1: tensor(858613, device='cuda:0')}
INFO:root:VALID measures microavg - precision 0.3551 - recall 0.3551 - f1 0.3551 
INFO:root:VALID measures for class 0 - precision 1.0000 - recall 0.3486 - f1 0.5170 
INFO:root:VALID measures for class 1 - precision 0.0151 - recall 1.0000 - f1 0.0298 
INFO:root:VALID measures@10 microavg - precision 0.5167 - recall 0.0000 - f1 0.0001 
INFO:root:VALID measures@10 for class 0 - precision 1.0000 - recall 0.0000 - f1 0.0001 
INFO:root:VALID measures@10 for class 1 - precision 0.0333 - recall 0.0002 - f1 0.0003 
INFO:root:VALID measures@100 microavg - precision 0.5125 - recall 0.0005 - f1 0.0009 
INFO:root:VALID measures@100 for class 0 - precision 1.0000 - recall 0.0005 - f1 0.0009 
INFO:root:VALID measures@100 for class 1 - precision 0.0250 - recall 0.0011 - f1 0.0022 
INFO:root:VALID measures@1000 microavg - precision 0.5092 - recall 0.0046 - f1 0.0091 
INFO:root:VALID measures@1000 for class 0 - precision 1.0000 - recall 0.0046 - f1 0.0091 
INFO:root:VALID measures@1000 for class 1 - precision 0.0183 - recall 0.0083 - f1 0.0115 
INFO:root:VALID Total epoch time: 40.99577723629773
INFO:root:################ TRAIN epoch 10 ###################
INFO:root:TRAIN mean losses tensor(0.0040, device='cuda:0')
INFO:root:TRAIN mean errors 0.6458331942558289
INFO:root:TRAIN mean MRR 0.0 - mean MAP 0.02991009255144715
INFO:root:TRAIN tp {0: tensor(895065, device='cuda:0'), 1: tensor(52458, device='cuda:0')},fn {0: tensor(1727835, device='cuda:0'), 1: tensor(0, device='cuda:0')},fp {0: tensor(0, device='cuda:0'), 1: tensor(1727835, device='cuda:0')}
INFO:root:TRAIN measures microavg - precision 0.3542 - recall 0.3542 - f1 0.3542 
INFO:root:TRAIN measures for class 0 - precision 1.0000 - recall 0.3413 - f1 0.5089 
INFO:root:TRAIN measures for class 1 - precision 0.0295 - recall 1.0000 - f1 0.0572 
INFO:root:TRAIN measures@10 microavg - precision 0.5176 - recall 0.0001 - f1 0.0001 
INFO:root:TRAIN measures@10 for class 0 - precision 1.0000 - recall 0.0001 - f1 0.0001 
INFO:root:TRAIN measures@10 for class 1 - precision 0.0353 - recall 0.0001 - f1 0.0002 
INFO:root:TRAIN measures@100 microavg - precision 0.5162 - recall 0.0007 - f1 0.0013 
INFO:root:TRAIN measures@100 for class 0 - precision 1.0000 - recall 0.0006 - f1 0.0013 
INFO:root:TRAIN measures@100 for class 1 - precision 0.0324 - recall 0.0010 - f1 0.0020 
INFO:root:TRAIN measures@1000 microavg - precision 0.5148 - recall 0.0065 - f1 0.0129 
INFO:root:TRAIN measures@1000 for class 0 - precision 1.0000 - recall 0.0065 - f1 0.0129 
INFO:root:TRAIN measures@1000 for class 1 - precision 0.0296 - recall 0.0096 - f1 0.0145 
INFO:root:TRAIN Total epoch time: 5.5190001251176
INFO:root:################ VALID epoch 10 ###################
INFO:root:VALID mean losses tensor(0.0036, device='cuda:0')
INFO:root:VALID mean errors 0.6451904773712158
INFO:root:VALID mean MRR 0.040770727940067406 - mean MAP 0.015247969169028607
INFO:root:VALID tp {0: tensor(459205, device='cuda:0'), 1: tensor(13182, device='cuda:0')},fn {0: tensor(858995, device='cuda:0'), 1: tensor(0, device='cuda:0')},fp {0: tensor(0, device='cuda:0'), 1: tensor(858995, device='cuda:0')}
INFO:root:VALID measures microavg - precision 0.3548 - recall 0.3548 - f1 0.3548 
INFO:root:VALID measures for class 0 - precision 1.0000 - recall 0.3484 - f1 0.5167 
INFO:root:VALID measures for class 1 - precision 0.0151 - recall 1.0000 - f1 0.0298 
INFO:root:VALID measures@10 microavg - precision 0.5000 - recall 0.0000 - f1 0.0001 
INFO:root:VALID measures@10 for class 0 - precision 1.0000 - recall 0.0000 - f1 0.0001 
INFO:root:VALID measures@10 for class 1 - precision 0.0000 - recall 0.0000 - f1 0.0000 
INFO:root:VALID measures@100 microavg - precision 0.5042 - recall 0.0005 - f1 0.0009 
INFO:root:VALID measures@100 for class 0 - precision 1.0000 - recall 0.0005 - f1 0.0009 
INFO:root:VALID measures@100 for class 1 - precision 0.0083 - recall 0.0004 - f1 0.0007 
INFO:root:VALID measures@1000 microavg - precision 0.5083 - recall 0.0046 - f1 0.0091 
INFO:root:VALID measures@1000 for class 0 - precision 1.0000 - recall 0.0046 - f1 0.0091 
INFO:root:VALID measures@1000 for class 1 - precision 0.0167 - recall 0.0076 - f1 0.0104 
INFO:root:VALID Total epoch time: 40.445983617566526
INFO:root:################ TRAIN epoch 11 ###################
INFO:root:TRAIN mean losses tensor(0.0040, device='cuda:0')
INFO:root:TRAIN mean errors 0.6458384394645691
INFO:root:TRAIN mean MRR 0.0 - mean MAP 0.029820658144480566
INFO:root:TRAIN tp {0: tensor(895051, device='cuda:0'), 1: tensor(52458, device='cuda:0')},fn {0: tensor(1727849, device='cuda:0'), 1: tensor(0, device='cuda:0')},fp {0: tensor(0, device='cuda:0'), 1: tensor(1727849, device='cuda:0')}
INFO:root:TRAIN measures microavg - precision 0.3542 - recall 0.3542 - f1 0.3542 
INFO:root:TRAIN measures for class 0 - precision 1.0000 - recall 0.3412 - f1 0.5088 
INFO:root:TRAIN measures for class 1 - precision 0.0295 - recall 1.0000 - f1 0.0572 
INFO:root:TRAIN measures@10 microavg - precision 0.5147 - recall 0.0001 - f1 0.0001 
INFO:root:TRAIN measures@10 for class 0 - precision 1.0000 - recall 0.0001 - f1 0.0001 
INFO:root:TRAIN measures@10 for class 1 - precision 0.0294 - recall 0.0001 - f1 0.0002 
INFO:root:TRAIN measures@100 microavg - precision 0.5156 - recall 0.0007 - f1 0.0013 
INFO:root:TRAIN measures@100 for class 0 - precision 1.0000 - recall 0.0006 - f1 0.0013 
INFO:root:TRAIN measures@100 for class 1 - precision 0.0312 - recall 0.0010 - f1 0.0020 
INFO:root:TRAIN measures@1000 microavg - precision 0.5143 - recall 0.0065 - f1 0.0129 
INFO:root:TRAIN measures@1000 for class 0 - precision 1.0000 - recall 0.0065 - f1 0.0129 
INFO:root:TRAIN measures@1000 for class 1 - precision 0.0286 - recall 0.0093 - f1 0.0140 
INFO:root:TRAIN Total epoch time: 5.291388204321265
INFO:root:################ VALID epoch 11 ###################
