INFO:root:*** PARAMETERS ***
INFO:root:{'adj_mat_time_window': 5,
 'class_weights': [0.05, 0.95],
 'comments': ['comments'],
 'data': 'seir',
 'data_loading_params': {'batch_size': 1, 'num_workers': 0},
 'dev_proportion': 0.2,
 'device': 'cuda',
 'early_stop_patience': 50,
 'eval_after_epochs': 6,
 'gcn_parameters': {'cls_feats': 1024,
                    'cls_feats_max': 1024,
                    'cls_feats_min': 100,
                    'feats_per_node': 100,
                    'feats_per_node_max': 256,
                    'feats_per_node_min': 50,
                    'k_top_grcu': 200,
                    'layer_1_feats': 51,
                    'layer_1_feats_max': 200,
                    'layer_1_feats_min': 10,
                    'layer_2_feats': 51,
                    'layer_2_feats_same_as_l1': True,
                    'lstm_l1_feats': 157,
                    'lstm_l1_feats_max': 200,
                    'lstm_l1_feats_min': 10,
                    'lstm_l1_layers': 1,
                    'lstm_l2_feats': 157,
                    'lstm_l2_feats_same_as_l1': True,
                    'lstm_l2_layers': 1,
                    'num_layers': 2},
 'learning_rate': 0.005,
 'learning_rate_max': 0.1,
 'learning_rate_min': 0.0001,
 'model': 'egcn_o',
 'negative_mult_test': 20,
 'negative_mult_training': 10,
 'num_epochs': 100,
 'num_hist_steps': 5,
 'num_hist_steps_max': 10,
 'num_hist_steps_min': 2,
 'rank': 0,
 'save_node_embeddings': False,
 'save_state': True,
 'seed': 1234,
 'seir_args': <utils.Namespace object at 0x7f1c5d674760>,
 'smart_neg_sampling': True,
 'steps_accum_gradients': 1,
 'target_class': 1,
 'target_measure': 'MAP',
 'task': 'link_pred',
 'train_proportion': 0.7,
 'use_1_hot_node_feats': True,
 'use_2_hot_node_feats': False,
 'use_cuda': True,
 'use_logfile': True,
 'wsize': 1}
INFO:root:
INFO:root:################ TRAIN epoch 0 ###################
INFO:root:TRAIN mean losses tensor(0.0886, device='cuda:0')
INFO:root:TRAIN mean errors 0.9090696573257446
INFO:root:TRAIN mean MRR 0.0 - mean MAP 0.10457146444420655
INFO:root:TRAIN tp {0: tensor(18, device='cuda:0'), 1: tensor(77053, device='cuda:0')},fn {0: tensor(770512, device='cuda:0'), 1: tensor(0, device='cuda:0')},fp {0: tensor(0, device='cuda:0'), 1: tensor(770512, device='cuda:0')}
INFO:root:TRAIN measures microavg - precision 0.0909 - recall 0.0909 - f1 0.0909 
INFO:root:TRAIN measures for class 0 - precision 1.0000 - recall 0.0000 - f1 0.0000 
INFO:root:TRAIN measures for class 1 - precision 0.0909 - recall 1.0000 - f1 0.1667 
INFO:root:TRAIN measures@10 microavg - precision 0.1833 - recall 0.0000 - f1 0.0000 
INFO:root:TRAIN measures@10 for class 0 - precision 1.0000 - recall 0.0000 - f1 0.0000 
INFO:root:TRAIN measures@10 for class 1 - precision 0.0200 - recall 0.0000 - f1 0.0000 
INFO:root:TRAIN measures@100 microavg - precision 0.0734 - recall 0.0000 - f1 0.0001 
INFO:root:TRAIN measures@100 for class 0 - precision 1.0000 - recall 0.0000 - f1 0.0000 
INFO:root:TRAIN measures@100 for class 1 - precision 0.0400 - recall 0.0003 - f1 0.0005 
INFO:root:TRAIN measures@1000 microavg - precision 0.0622 - recall 0.0004 - f1 0.0007 
INFO:root:TRAIN measures@1000 for class 0 - precision 1.0000 - recall 0.0000 - f1 0.0000 
INFO:root:TRAIN measures@1000 for class 1 - precision 0.0588 - recall 0.0038 - f1 0.0072 
INFO:root:TRAIN Total epoch time: 3.0764985173009336
INFO:root:################ TRAIN epoch 1 ###################
INFO:root:TRAIN mean losses tensor(0.0841, device='cuda:0')
INFO:root:TRAIN mean errors 0.908007800579071
INFO:root:TRAIN mean MRR 0.0 - mean MAP 0.13264430087637286
INFO:root:TRAIN tp {0: tensor(921, device='cuda:0'), 1: tensor(77050, device='cuda:0')},fn {0: tensor(769609, device='cuda:0'), 1: tensor(3, device='cuda:0')},fp {0: tensor(3, device='cuda:0'), 1: tensor(769609, device='cuda:0')}
INFO:root:TRAIN measures microavg - precision 0.0920 - recall 0.0920 - f1 0.0920 
INFO:root:TRAIN measures for class 0 - precision 0.9968 - recall 0.0012 - f1 0.0024 
INFO:root:TRAIN measures for class 1 - precision 0.0910 - recall 1.0000 - f1 0.1668 
INFO:root:TRAIN measures@10 microavg - precision 0.3667 - recall 0.0000 - f1 0.0001 
INFO:root:TRAIN measures@10 for class 0 - precision 1.0000 - recall 0.0000 - f1 0.0000 
INFO:root:TRAIN measures@10 for class 1 - precision 0.2400 - recall 0.0002 - f1 0.0003 
INFO:root:TRAIN measures@100 microavg - precision 0.3250 - recall 0.0002 - f1 0.0005 
INFO:root:TRAIN measures@100 for class 0 - precision 1.0000 - recall 0.0001 - f1 0.0003 
INFO:root:TRAIN measures@100 for class 1 - precision 0.1900 - recall 0.0012 - f1 0.0024 
INFO:root:TRAIN measures@1000 microavg - precision 0.2786 - recall 0.0019 - f1 0.0039 
INFO:root:TRAIN measures@1000 for class 0 - precision 0.9967 - recall 0.0012 - f1 0.0024 
INFO:root:TRAIN measures@1000 for class 1 - precision 0.1462 - recall 0.0095 - f1 0.0178 
INFO:root:TRAIN Total epoch time: 1.946784155908972
INFO:root:################ TRAIN epoch 2 ###################
INFO:root:TRAIN mean losses tensor(0.0803, device='cuda:0')
INFO:root:TRAIN mean errors 0.7671390175819397
INFO:root:TRAIN mean MRR 0.0 - mean MAP 0.13701856395384865
INFO:root:TRAIN tp {0: tensor(121317, device='cuda:0'), 1: tensor(76052, device='cuda:0')},fn {0: tensor(649213, device='cuda:0'), 1: tensor(1001, device='cuda:0')},fp {0: tensor(1001, device='cuda:0'), 1: tensor(649213, device='cuda:0')}
INFO:root:TRAIN measures microavg - precision 0.2329 - recall 0.2329 - f1 0.2329 
INFO:root:TRAIN measures for class 0 - precision 0.9918 - recall 0.1574 - f1 0.2718 
INFO:root:TRAIN measures for class 1 - precision 0.1049 - recall 0.9870 - f1 0.1896 
INFO:root:TRAIN measures@10 microavg - precision 0.5400 - recall 0.0001 - f1 0.0001 
INFO:root:TRAIN measures@10 for class 0 - precision 1.0000 - recall 0.0001 - f1 0.0001 
INFO:root:TRAIN measures@10 for class 1 - precision 0.0800 - recall 0.0001 - f1 0.0001 
INFO:root:TRAIN measures@100 microavg - precision 0.5600 - recall 0.0007 - f1 0.0013 
INFO:root:TRAIN measures@100 for class 0 - precision 0.9980 - recall 0.0006 - f1 0.0013 
INFO:root:TRAIN measures@100 for class 1 - precision 0.1220 - recall 0.0008 - f1 0.0016 
INFO:root:TRAIN measures@1000 microavg - precision 0.5736 - recall 0.0068 - f1 0.0134 
INFO:root:TRAIN measures@1000 for class 0 - precision 0.9978 - recall 0.0065 - f1 0.0129 
INFO:root:TRAIN measures@1000 for class 1 - precision 0.1494 - recall 0.0097 - f1 0.0182 
INFO:root:TRAIN Total epoch time: 1.8998569250106812
INFO:root:################ TRAIN epoch 3 ###################
INFO:root:TRAIN mean losses tensor(0.0746, device='cuda:0')
INFO:root:TRAIN mean errors 0.5922062993049622
INFO:root:TRAIN mean MRR 0.0 - mean MAP 0.14779017801455446
INFO:root:TRAIN tp {0: tensor(272623, device='cuda:0'), 1: tensor(73016, device='cuda:0')},fn {0: tensor(497907, device='cuda:0'), 1: tensor(4037, device='cuda:0')},fp {0: tensor(4037, device='cuda:0'), 1: tensor(497907, device='cuda:0')}
INFO:root:TRAIN measures microavg - precision 0.4078 - recall 0.4078 - f1 0.4078 
INFO:root:TRAIN measures for class 0 - precision 0.9854 - recall 0.3538 - f1 0.5207 
INFO:root:TRAIN measures for class 1 - precision 0.1279 - recall 0.9476 - f1 0.2254 
INFO:root:TRAIN measures@10 microavg - precision 0.6100 - recall 0.0001 - f1 0.0001 
INFO:root:TRAIN measures@10 for class 0 - precision 1.0000 - recall 0.0001 - f1 0.0001 
INFO:root:TRAIN measures@10 for class 1 - precision 0.2200 - recall 0.0001 - f1 0.0003 
INFO:root:TRAIN measures@100 microavg - precision 0.5770 - recall 0.0007 - f1 0.0014 
INFO:root:TRAIN measures@100 for class 0 - precision 1.0000 - recall 0.0006 - f1 0.0013 
INFO:root:TRAIN measures@100 for class 1 - precision 0.1540 - recall 0.0010 - f1 0.0020 
INFO:root:TRAIN measures@1000 microavg - precision 0.5767 - recall 0.0068 - f1 0.0134 
INFO:root:TRAIN measures@1000 for class 0 - precision 0.9984 - recall 0.0065 - f1 0.0129 
INFO:root:TRAIN measures@1000 for class 1 - precision 0.1550 - recall 0.0101 - f1 0.0189 
INFO:root:TRAIN Total epoch time: 1.9211765439249575
INFO:root:################ TRAIN epoch 4 ###################
INFO:root:TRAIN mean losses tensor(0.0732, device='cuda:0')
INFO:root:TRAIN mean errors 0.5109363794326782
INFO:root:TRAIN mean MRR 0.0 - mean MAP 0.14340323463856344
INFO:root:TRAIN tp {0: tensor(342585, device='cuda:0'), 1: tensor(71937, device='cuda:0')},fn {0: tensor(427945, device='cuda:0'), 1: tensor(5116, device='cuda:0')},fp {0: tensor(5116, device='cuda:0'), 1: tensor(427945, device='cuda:0')}
INFO:root:TRAIN measures microavg - precision 0.4891 - recall 0.4891 - f1 0.4891 
INFO:root:TRAIN measures for class 0 - precision 0.9853 - recall 0.4446 - f1 0.6127 
INFO:root:TRAIN measures for class 1 - precision 0.1439 - recall 0.9336 - f1 0.2494 
INFO:root:TRAIN measures@10 microavg - precision 0.5600 - recall 0.0001 - f1 0.0001 
INFO:root:TRAIN measures@10 for class 0 - precision 1.0000 - recall 0.0001 - f1 0.0001 
INFO:root:TRAIN measures@10 for class 1 - precision 0.1200 - recall 0.0001 - f1 0.0002 
INFO:root:TRAIN measures@100 microavg - precision 0.5660 - recall 0.0007 - f1 0.0013 
INFO:root:TRAIN measures@100 for class 0 - precision 1.0000 - recall 0.0006 - f1 0.0013 
INFO:root:TRAIN measures@100 for class 1 - precision 0.1320 - recall 0.0009 - f1 0.0017 
INFO:root:TRAIN measures@1000 microavg - precision 0.5594 - recall 0.0066 - f1 0.0130 
INFO:root:TRAIN measures@1000 for class 0 - precision 0.9988 - recall 0.0065 - f1 0.0129 
INFO:root:TRAIN measures@1000 for class 1 - precision 0.1200 - recall 0.0078 - f1 0.0146 
INFO:root:TRAIN Total epoch time: 1.9208697257563472
INFO:root:################ TRAIN epoch 5 ###################
INFO:root:TRAIN mean losses tensor(0.0704, device='cuda:0')
INFO:root:TRAIN mean errors 0.5686876773834229
INFO:root:TRAIN mean MRR 0.0 - mean MAP 0.14390776253444662
INFO:root:TRAIN tp {0: tensor(292202, device='cuda:0'), 1: tensor(73371, device='cuda:0')},fn {0: tensor(478328, device='cuda:0'), 1: tensor(3682, device='cuda:0')},fp {0: tensor(3682, device='cuda:0'), 1: tensor(478328, device='cuda:0')}
INFO:root:TRAIN measures microavg - precision 0.4313 - recall 0.4313 - f1 0.4313 
INFO:root:TRAIN measures for class 0 - precision 0.9876 - recall 0.3792 - f1 0.5480 
INFO:root:TRAIN measures for class 1 - precision 0.1330 - recall 0.9522 - f1 0.2334 
INFO:root:TRAIN measures@10 microavg - precision 0.5500 - recall 0.0001 - f1 0.0001 
INFO:root:TRAIN measures@10 for class 0 - precision 1.0000 - recall 0.0001 - f1 0.0001 
INFO:root:TRAIN measures@10 for class 1 - precision 0.1000 - recall 0.0001 - f1 0.0001 
INFO:root:TRAIN measures@100 microavg - precision 0.5690 - recall 0.0007 - f1 0.0013 
INFO:root:TRAIN measures@100 for class 0 - precision 1.0000 - recall 0.0006 - f1 0.0013 
INFO:root:TRAIN measures@100 for class 1 - precision 0.1380 - recall 0.0009 - f1 0.0018 
INFO:root:TRAIN measures@1000 microavg - precision 0.5651 - recall 0.0067 - f1 0.0132 
INFO:root:TRAIN measures@1000 for class 0 - precision 0.9984 - recall 0.0065 - f1 0.0129 
INFO:root:TRAIN measures@1000 for class 1 - precision 0.1318 - recall 0.0086 - f1 0.0161 
INFO:root:TRAIN Total epoch time: 1.9435247899964452
INFO:root:################ TRAIN epoch 6 ###################
INFO:root:TRAIN mean losses tensor(0.0722, device='cuda:0')
INFO:root:TRAIN mean errors 0.5452823042869568
INFO:root:TRAIN mean MRR 0.0 - mean MAP 0.14779908646607584
INFO:root:TRAIN tp {0: tensor(312469, device='cuda:0'), 1: tensor(72942, device='cuda:0')},fn {0: tensor(458061, device='cuda:0'), 1: tensor(4111, device='cuda:0')},fp {0: tensor(4111, device='cuda:0'), 1: tensor(458061, device='cuda:0')}
INFO:root:TRAIN measures microavg - precision 0.4547 - recall 0.4547 - f1 0.4547 
INFO:root:TRAIN measures for class 0 - precision 0.9870 - recall 0.4055 - f1 0.5749 
INFO:root:TRAIN measures for class 1 - precision 0.1374 - recall 0.9466 - f1 0.2399 
INFO:root:TRAIN measures@10 microavg - precision 0.5900 - recall 0.0001 - f1 0.0001 
INFO:root:TRAIN measures@10 for class 0 - precision 1.0000 - recall 0.0001 - f1 0.0001 
INFO:root:TRAIN measures@10 for class 1 - precision 0.1800 - recall 0.0001 - f1 0.0002 
INFO:root:TRAIN measures@100 microavg - precision 0.5720 - recall 0.0007 - f1 0.0013 
INFO:root:TRAIN measures@100 for class 0 - precision 1.0000 - recall 0.0006 - f1 0.0013 
INFO:root:TRAIN measures@100 for class 1 - precision 0.1440 - recall 0.0009 - f1 0.0019 
INFO:root:TRAIN measures@1000 microavg - precision 0.5765 - recall 0.0068 - f1 0.0134 
INFO:root:TRAIN measures@1000 for class 0 - precision 0.9994 - recall 0.0065 - f1 0.0129 
INFO:root:TRAIN measures@1000 for class 1 - precision 0.1536 - recall 0.0100 - f1 0.0187 
INFO:root:TRAIN Total epoch time: 2.1981347370892763
INFO:root:################ TRAIN epoch 7 ###################
INFO:root:TRAIN mean losses tensor(0.0705, device='cuda:0')
INFO:root:TRAIN mean errors 0.4969885051250458
INFO:root:TRAIN mean MRR 0.0 - mean MAP 0.14573161919099284
INFO:root:TRAIN tp {0: tensor(354685, device='cuda:0'), 1: tensor(71659, device='cuda:0')},fn {0: tensor(415845, device='cuda:0'), 1: tensor(5394, device='cuda:0')},fp {0: tensor(5394, device='cuda:0'), 1: tensor(415845, device='cuda:0')}
INFO:root:TRAIN measures microavg - precision 0.5030 - recall 0.5030 - f1 0.5030 
INFO:root:TRAIN measures for class 0 - precision 0.9850 - recall 0.4603 - f1 0.6274 
INFO:root:TRAIN measures for class 1 - precision 0.1470 - recall 0.9300 - f1 0.2539 
INFO:root:TRAIN measures@10 microavg - precision 0.5700 - recall 0.0001 - f1 0.0001 
INFO:root:TRAIN measures@10 for class 0 - precision 1.0000 - recall 0.0001 - f1 0.0001 
INFO:root:TRAIN measures@10 for class 1 - precision 0.1400 - recall 0.0001 - f1 0.0002 
INFO:root:TRAIN measures@100 microavg - precision 0.5570 - recall 0.0007 - f1 0.0013 
INFO:root:TRAIN measures@100 for class 0 - precision 1.0000 - recall 0.0006 - f1 0.0013 
INFO:root:TRAIN measures@100 for class 1 - precision 0.1140 - recall 0.0007 - f1 0.0015 
INFO:root:TRAIN measures@1000 microavg - precision 0.5660 - recall 0.0067 - f1 0.0132 
INFO:root:TRAIN measures@1000 for class 0 - precision 1.0000 - recall 0.0065 - f1 0.0129 
INFO:root:TRAIN measures@1000 for class 1 - precision 0.1320 - recall 0.0086 - f1 0.0161 
INFO:root:TRAIN Total epoch time: 2.3709230720996857
INFO:root:################ VALID epoch 7 ###################
INFO:root:VALID mean losses tensor(0.0638, device='cuda:0')
INFO:root:VALID mean errors 0.6563724279403687
INFO:root:VALID mean MRR 0.15235482440929948 - mean MAP 0.06515333730988312
INFO:root:VALID tp {0: tensor(122444, device='cuda:0'), 1: tensor(18856, device='cuda:0')},fn {0: tensor(269176, device='cuda:0'), 1: tensor(725, device='cuda:0')},fp {0: tensor(725, device='cuda:0'), 1: tensor(269176, device='cuda:0')}
INFO:root:VALID measures microavg - precision 0.3436 - recall 0.3436 - f1 0.3436 
INFO:root:VALID measures for class 0 - precision 0.9941 - recall 0.3127 - f1 0.4757 
INFO:root:VALID measures for class 1 - precision 0.0655 - recall 0.9630 - f1 0.1226 
INFO:root:VALID measures@10 microavg - precision 0.5000 - recall 0.0001 - f1 0.0001 
INFO:root:VALID measures@10 for class 0 - precision 1.0000 - recall 0.0001 - f1 0.0002 
INFO:root:VALID measures@10 for class 1 - precision 0.0000 - recall 0.0000 - f1 0.0000 
INFO:root:VALID measures@100 microavg - precision 0.5017 - recall 0.0007 - f1 0.0015 
INFO:root:VALID measures@100 for class 0 - precision 1.0000 - recall 0.0008 - f1 0.0015 
INFO:root:VALID measures@100 for class 1 - precision 0.0033 - recall 0.0001 - f1 0.0001 
INFO:root:VALID measures@1000 microavg - precision 0.5173 - recall 0.0075 - f1 0.0149 
INFO:root:VALID measures@1000 for class 0 - precision 1.0000 - recall 0.0077 - f1 0.0152 
INFO:root:VALID measures@1000 for class 1 - precision 0.0347 - recall 0.0053 - f1 0.0092 
INFO:root:VALID Total epoch time: 36.67680408200249
INFO:root:################ TEST epoch 7 ###################
INFO:root:TEST batch 1 / 2 - partial error 0.7130 - partial loss 0.0668 - partial MRR  0.1426 - partial MAP 0.0585
INFO:root:TEST batch 1 / 2 -  partial tp {0: tensor(15341, device='cuda:0'), 1: tensor(2972, device='cuda:0')},fn {0: tensor(45439, device='cuda:0'), 1: tensor(67, device='cuda:0')},fp {0: tensor(67, device='cuda:0'), 1: tensor(45439, device='cuda:0')}
INFO:root:TEST batch 1 / 2 - measures partial microavg - precision 0.2870 - recall 0.2870 - f1 0.2870 
INFO:root:TEST batch 1 / 2 - measures partial for class 0 - precision 0.9957 - recall 0.2524 - f1 0.4027 
INFO:root:TEST batch 1 / 2 - measures partial for class 1 - precision 0.0614 - recall 0.9780 - f1 0.1155 
INFO:root:TEST batch 1 / 2 - Batch time 11 
INFO:root:TEST batch 2 / 2 - partial error 0.7258 - partial loss 0.0679 - partial MRR  0.1402 - partial MAP 0.0565
INFO:root:TEST batch 2 / 2 -  partial tp {0: tensor(12307, device='cuda:0'), 1: tensor(2659, device='cuda:0')},fn {0: tensor(42493, device='cuda:0'), 1: tensor(81, device='cuda:0')},fp {0: tensor(81, device='cuda:0'), 1: tensor(42493, device='cuda:0')}
INFO:root:TEST batch 2 / 2 - measures partial microavg - precision 0.2601 - recall 0.2601 - f1 0.2601 
INFO:root:TEST batch 2 / 2 - measures partial for class 0 - precision 0.9935 - recall 0.2246 - f1 0.3663 
INFO:root:TEST batch 2 / 2 - measures partial for class 1 - precision 0.0589 - recall 0.9704 - f1 0.1110 
INFO:root:TEST batch 2 / 2 - Batch time 11 
INFO:root:TEST mean losses tensor(0.0679, device='cuda:0')
INFO:root:TEST mean errors 0.7257805466651917
INFO:root:TEST mean MRR 0.14021467183038128 - mean MAP 0.05649412453154636
INFO:root:TEST tp {0: tensor(27648, device='cuda:0'), 1: tensor(5631, device='cuda:0')},fn {0: tensor(87932, device='cuda:0'), 1: tensor(148, device='cuda:0')},fp {0: tensor(148, device='cuda:0'), 1: tensor(87932, device='cuda:0')}
INFO:root:TEST measures microavg - precision 0.2742 - recall 0.2742 - f1 0.2742 
INFO:root:TEST measures for class 0 - precision 0.9947 - recall 0.2392 - f1 0.3857 
INFO:root:TEST measures for class 1 - precision 0.0602 - recall 0.9744 - f1 0.1134 
INFO:root:TEST measures@10 microavg - precision 0.5000 - recall 0.0002 - f1 0.0003 
INFO:root:TEST measures@10 for class 0 - precision 1.0000 - recall 0.0002 - f1 0.0003 
INFO:root:TEST measures@10 for class 1 - precision 0.0000 - recall 0.0000 - f1 0.0000 
INFO:root:TEST measures@100 microavg - precision 0.5000 - recall 0.0016 - f1 0.0033 
INFO:root:TEST measures@100 for class 0 - precision 1.0000 - recall 0.0017 - f1 0.0035 
INFO:root:TEST measures@100 for class 1 - precision 0.0000 - recall 0.0000 - f1 0.0000 
INFO:root:TEST measures@1000 microavg - precision 0.5095 - recall 0.0168 - f1 0.0325 
INFO:root:TEST measures@1000 for class 0 - precision 1.0000 - recall 0.0173 - f1 0.0340 
INFO:root:TEST measures@1000 for class 1 - precision 0.0190 - recall 0.0066 - f1 0.0098 
INFO:root:TEST Total epoch time: 22.841146713122725
INFO:root:################ TRAIN epoch 8 ###################
INFO:root:TRAIN mean losses tensor(0.0678, device='cuda:0')
INFO:root:TRAIN mean errors 0.5151082277297974
INFO:root:TRAIN mean MRR 0.0 - mean MAP 0.14389485762050133
INFO:root:TRAIN tp {0: tensor(337711, device='cuda:0'), 1: tensor(73275, device='cuda:0')},fn {0: tensor(432819, device='cuda:0'), 1: tensor(3778, device='cuda:0')},fp {0: tensor(3778, device='cuda:0'), 1: tensor(432819, device='cuda:0')}
INFO:root:TRAIN measures microavg - precision 0.4849 - recall 0.4849 - f1 0.4849 
INFO:root:TRAIN measures for class 0 - precision 0.9889 - recall 0.4383 - f1 0.6074 
INFO:root:TRAIN measures for class 1 - precision 0.1448 - recall 0.9510 - f1 0.2513 
INFO:root:TRAIN measures@10 microavg - precision 0.5400 - recall 0.0001 - f1 0.0001 
INFO:root:TRAIN measures@10 for class 0 - precision 1.0000 - recall 0.0001 - f1 0.0001 
INFO:root:TRAIN measures@10 for class 1 - precision 0.0800 - recall 0.0001 - f1 0.0001 
INFO:root:TRAIN measures@100 microavg - precision 0.5570 - recall 0.0007 - f1 0.0013 
INFO:root:TRAIN measures@100 for class 0 - precision 1.0000 - recall 0.0006 - f1 0.0013 
INFO:root:TRAIN measures@100 for class 1 - precision 0.1140 - recall 0.0007 - f1 0.0015 
INFO:root:TRAIN measures@1000 microavg - precision 0.5697 - recall 0.0067 - f1 0.0133 
INFO:root:TRAIN measures@1000 for class 0 - precision 1.0000 - recall 0.0065 - f1 0.0129 
INFO:root:TRAIN measures@1000 for class 1 - precision 0.1394 - recall 0.0090 - f1 0.0170 
INFO:root:TRAIN Total epoch time: 2.326060683000833
INFO:root:################ VALID epoch 8 ###################
