INFO:root:*** PARAMETERS ***
INFO:root:{'adj_mat_time_window': 1,
 'class_weights': [0.05, 0.95],
 'comments': ['comments'],
 'data': 'seir',
 'data_loading_params': {'batch_size': 1, 'num_workers': 0},
 'dev_proportion': 0.2,
 'device': 'cuda',
 'early_stop_patience': 50,
 'eval_after_epochs': 6,
 'gcn_parameters': {'cls_feats': 1024,
                    'cls_feats_max': 1024,
                    'cls_feats_min': 100,
                    'feats_per_node': 100,
                    'feats_per_node_max': 256,
                    'feats_per_node_min': 50,
                    'k_top_grcu': 200,
                    'layer_1_feats': 51,
                    'layer_1_feats_max': 200,
                    'layer_1_feats_min': 10,
                    'layer_2_feats': 51,
                    'layer_2_feats_same_as_l1': True,
                    'lstm_l1_feats': 157,
                    'lstm_l1_feats_max': 200,
                    'lstm_l1_feats_min': 10,
                    'lstm_l1_layers': 1,
                    'lstm_l2_feats': 157,
                    'lstm_l2_feats_same_as_l1': True,
                    'lstm_l2_layers': 1,
                    'num_layers': 2},
 'learning_rate': 0.005,
 'learning_rate_max': 0.1,
 'learning_rate_min': 0.0001,
 'model': 'egcn_o',
 'negative_mult_test': 50,
 'negative_mult_training': 25,
 'num_epochs': 100,
 'num_hist_steps': 5,
 'num_hist_steps_max': 10,
 'num_hist_steps_min': 2,
 'rank': 0,
 'save_node_embeddings': False,
 'save_state': True,
 'seed': 1234,
 'seir_args': <utils.Namespace object at 0x7f826d434730>,
 'smart_neg_sampling': True,
 'steps_accum_gradients': 1,
 'target_class': 1,
 'target_measure': 'MAP',
 'task': 'link_pred',
 'train_proportion': 0.7,
 'use_1_hot_node_feats': True,
 'use_2_hot_node_feats': False,
 'use_cuda': True,
 'use_logfile': True,
 'wsize': 1}
INFO:root:
INFO:root:################ TRAIN epoch 0 ###################
INFO:root:TRAIN mean losses tensor(0.0605, device='cuda:0')
INFO:root:TRAIN mean errors 0.20181216299533844
INFO:root:TRAIN mean MRR 0.0 - mean MAP 0.04059897116870128
INFO:root:TRAIN tp {0: tensor(228145, device='cuda:0'), 1: tensor(2129, device='cuda:0')},fn {0: tensor(49255, device='cuda:0'), 1: tensor(8967, device='cuda:0')},fp {0: tensor(8967, device='cuda:0'), 1: tensor(49255, device='cuda:0')}
INFO:root:TRAIN measures microavg - precision 0.7982 - recall 0.7982 - f1 0.7982 
INFO:root:TRAIN measures for class 0 - precision 0.9622 - recall 0.8224 - f1 0.8868 
INFO:root:TRAIN measures for class 1 - precision 0.0414 - recall 0.1919 - f1 0.0681 
INFO:root:TRAIN measures@10 microavg - precision 0.6667 - recall 0.0001 - f1 0.0003 
INFO:root:TRAIN measures@10 for class 0 - precision 1.0000 - recall 0.0001 - f1 0.0003 
INFO:root:TRAIN measures@10 for class 1 - precision 0.0000 - recall 0.0000 - f1 0.0000 
INFO:root:TRAIN measures@100 microavg - precision 0.6717 - recall 0.0014 - f1 0.0028 
INFO:root:TRAIN measures@100 for class 0 - precision 0.9825 - recall 0.0014 - f1 0.0028 
INFO:root:TRAIN measures@100 for class 1 - precision 0.0500 - recall 0.0009 - f1 0.0018 
INFO:root:TRAIN measures@1000 microavg - precision 0.6603 - recall 0.0137 - f1 0.0269 
INFO:root:TRAIN measures@1000 for class 0 - precision 0.9660 - recall 0.0139 - f1 0.0275 
INFO:root:TRAIN measures@1000 for class 1 - precision 0.0490 - recall 0.0088 - f1 0.0150 
INFO:root:TRAIN Total epoch time: 1.8313769195228815
INFO:root:################ TRAIN epoch 1 ###################
INFO:root:TRAIN mean losses tensor(0.0584, device='cuda:0')
INFO:root:TRAIN mean errors 0.03846153989434242
INFO:root:TRAIN mean MRR 0.0 - mean MAP 0.04759712687790763
INFO:root:TRAIN tp {0: tensor(277400, device='cuda:0'), 1: tensor(0, device='cuda:0')},fn {0: tensor(0, device='cuda:0'), 1: tensor(11096, device='cuda:0')},fp {0: tensor(11096, device='cuda:0'), 1: tensor(0, device='cuda:0')}
INFO:root:TRAIN measures microavg - precision 0.9615 - recall 0.9615 - f1 0.9615 
INFO:root:TRAIN measures for class 0 - precision 0.9615 - recall 1.0000 - f1 0.9804 
INFO:root:TRAIN measures for class 1 - precision 0.0000 - recall 0.0000 - f1 0.0000 
INFO:root:TRAIN measures@10 microavg - precision 1.0000 - recall 0.0002 - f1 0.0003 
INFO:root:TRAIN measures@10 for class 0 - precision 1.0000 - recall 0.0002 - f1 0.0004 
INFO:root:TRAIN measures@10 for class 1 - precision 0.0000 - recall 0.0000 - f1 0.0000 
INFO:root:TRAIN measures@100 microavg - precision 1.0000 - recall 0.0017 - f1 0.0035 
INFO:root:TRAIN measures@100 for class 0 - precision 1.0000 - recall 0.0018 - f1 0.0036 
INFO:root:TRAIN measures@100 for class 1 - precision 0.0000 - recall 0.0000 - f1 0.0000 
INFO:root:TRAIN measures@1000 microavg - precision 0.9952 - recall 0.0172 - f1 0.0339 
INFO:root:TRAIN measures@1000 for class 0 - precision 0.9952 - recall 0.0179 - f1 0.0352 
INFO:root:TRAIN measures@1000 for class 1 - precision 0.0000 - recall 0.0000 - f1 0.0000 
INFO:root:TRAIN Total epoch time: 1.0415380094200373
INFO:root:################ TRAIN epoch 2 ###################
INFO:root:TRAIN mean losses tensor(0.0578, device='cuda:0')
INFO:root:TRAIN mean errors 0.03846153989434242
INFO:root:TRAIN mean MRR 0.0 - mean MAP 0.044583070432362606
INFO:root:TRAIN tp {0: tensor(277400, device='cuda:0'), 1: tensor(0, device='cuda:0')},fn {0: tensor(0, device='cuda:0'), 1: tensor(11096, device='cuda:0')},fp {0: tensor(11096, device='cuda:0'), 1: tensor(0, device='cuda:0')}
INFO:root:TRAIN measures microavg - precision 0.9615 - recall 0.9615 - f1 0.9615 
INFO:root:TRAIN measures for class 0 - precision 0.9615 - recall 1.0000 - f1 0.9804 
INFO:root:TRAIN measures for class 1 - precision 0.0000 - recall 0.0000 - f1 0.0000 
INFO:root:TRAIN measures@10 microavg - precision 1.0000 - recall 0.0002 - f1 0.0003 
INFO:root:TRAIN measures@10 for class 0 - precision 1.0000 - recall 0.0002 - f1 0.0004 
INFO:root:TRAIN measures@10 for class 1 - precision 0.0000 - recall 0.0000 - f1 0.0000 
INFO:root:TRAIN measures@100 microavg - precision 1.0000 - recall 0.0017 - f1 0.0035 
INFO:root:TRAIN measures@100 for class 0 - precision 1.0000 - recall 0.0018 - f1 0.0036 
INFO:root:TRAIN measures@100 for class 1 - precision 0.0000 - recall 0.0000 - f1 0.0000 
INFO:root:TRAIN measures@1000 microavg - precision 1.0000 - recall 0.0173 - f1 0.0341 
INFO:root:TRAIN measures@1000 for class 0 - precision 1.0000 - recall 0.0180 - f1 0.0354 
INFO:root:TRAIN measures@1000 for class 1 - precision 0.0000 - recall 0.0000 - f1 0.0000 
INFO:root:TRAIN Total epoch time: 1.116135117597878
INFO:root:################ TRAIN epoch 3 ###################
INFO:root:TRAIN mean losses tensor(0.0574, device='cuda:0')
INFO:root:TRAIN mean errors 0.03846153989434242
INFO:root:TRAIN mean MRR 0.0 - mean MAP 0.04905906546590889
INFO:root:TRAIN tp {0: tensor(277400, device='cuda:0'), 1: tensor(0, device='cuda:0')},fn {0: tensor(0, device='cuda:0'), 1: tensor(11096, device='cuda:0')},fp {0: tensor(11096, device='cuda:0'), 1: tensor(0, device='cuda:0')}
INFO:root:TRAIN measures microavg - precision 0.9615 - recall 0.9615 - f1 0.9615 
INFO:root:TRAIN measures for class 0 - precision 0.9615 - recall 1.0000 - f1 0.9804 
INFO:root:TRAIN measures for class 1 - precision 0.0000 - recall 0.0000 - f1 0.0000 
INFO:root:TRAIN measures@10 microavg - precision 1.0000 - recall 0.0002 - f1 0.0003 
INFO:root:TRAIN measures@10 for class 0 - precision 1.0000 - recall 0.0002 - f1 0.0004 
INFO:root:TRAIN measures@10 for class 1 - precision 0.0000 - recall 0.0000 - f1 0.0000 
INFO:root:TRAIN measures@100 microavg - precision 1.0000 - recall 0.0017 - f1 0.0035 
INFO:root:TRAIN measures@100 for class 0 - precision 1.0000 - recall 0.0018 - f1 0.0036 
INFO:root:TRAIN measures@100 for class 1 - precision 0.0000 - recall 0.0000 - f1 0.0000 
INFO:root:TRAIN measures@1000 microavg - precision 1.0000 - recall 0.0173 - f1 0.0341 
INFO:root:TRAIN measures@1000 for class 0 - precision 1.0000 - recall 0.0180 - f1 0.0354 
INFO:root:TRAIN measures@1000 for class 1 - precision 0.0000 - recall 0.0000 - f1 0.0000 
INFO:root:TRAIN Total epoch time: 1.6301208334043622
INFO:root:################ TRAIN epoch 4 ###################
INFO:root:TRAIN mean losses tensor(0.0563, device='cuda:0')
INFO:root:TRAIN mean errors 0.03846153989434242
INFO:root:TRAIN mean MRR 0.0 - mean MAP 0.0493065263427938
INFO:root:TRAIN tp {0: tensor(277400, device='cuda:0'), 1: tensor(0, device='cuda:0')},fn {0: tensor(0, device='cuda:0'), 1: tensor(11096, device='cuda:0')},fp {0: tensor(11096, device='cuda:0'), 1: tensor(0, device='cuda:0')}
INFO:root:TRAIN measures microavg - precision 0.9615 - recall 0.9615 - f1 0.9615 
INFO:root:TRAIN measures for class 0 - precision 0.9615 - recall 1.0000 - f1 0.9804 
INFO:root:TRAIN measures for class 1 - precision 0.0000 - recall 0.0000 - f1 0.0000 
INFO:root:TRAIN measures@10 microavg - precision 1.0000 - recall 0.0002 - f1 0.0003 
INFO:root:TRAIN measures@10 for class 0 - precision 1.0000 - recall 0.0002 - f1 0.0004 
INFO:root:TRAIN measures@10 for class 1 - precision 0.0000 - recall 0.0000 - f1 0.0000 
INFO:root:TRAIN measures@100 microavg - precision 1.0000 - recall 0.0017 - f1 0.0035 
INFO:root:TRAIN measures@100 for class 0 - precision 1.0000 - recall 0.0018 - f1 0.0036 
INFO:root:TRAIN measures@100 for class 1 - precision 0.0000 - recall 0.0000 - f1 0.0000 
INFO:root:TRAIN measures@1000 microavg - precision 1.0000 - recall 0.0173 - f1 0.0341 
INFO:root:TRAIN measures@1000 for class 0 - precision 1.0000 - recall 0.0180 - f1 0.0354 
INFO:root:TRAIN measures@1000 for class 1 - precision 0.0000 - recall 0.0000 - f1 0.0000 
INFO:root:TRAIN Total epoch time: 1.008809857070446
INFO:root:################ TRAIN epoch 5 ###################
INFO:root:TRAIN mean losses tensor(0.0558, device='cuda:0')
INFO:root:TRAIN mean errors 0.541567325592041
INFO:root:TRAIN mean MRR 0.0 - mean MAP 0.048633016292795136
INFO:root:TRAIN tp {0: tensor(124537, device='cuda:0'), 1: tensor(7719, device='cuda:0')},fn {0: tensor(152863, device='cuda:0'), 1: tensor(3377, device='cuda:0')},fp {0: tensor(3377, device='cuda:0'), 1: tensor(152863, device='cuda:0')}
INFO:root:TRAIN measures microavg - precision 0.4584 - recall 0.4584 - f1 0.4584 
INFO:root:TRAIN measures for class 0 - precision 0.9736 - recall 0.4489 - f1 0.6145 
INFO:root:TRAIN measures for class 1 - precision 0.0481 - recall 0.6957 - f1 0.0899 
INFO:root:TRAIN measures@10 microavg - precision 0.5556 - recall 0.0002 - f1 0.0003 
INFO:root:TRAIN measures@10 for class 0 - precision 1.0000 - recall 0.0002 - f1 0.0004 
INFO:root:TRAIN measures@10 for class 1 - precision 0.0000 - recall 0.0000 - f1 0.0000 
INFO:root:TRAIN measures@100 microavg - precision 0.5689 - recall 0.0018 - f1 0.0035 
INFO:root:TRAIN measures@100 for class 0 - precision 1.0000 - recall 0.0018 - f1 0.0036 
INFO:root:TRAIN measures@100 for class 1 - precision 0.0300 - recall 0.0011 - f1 0.0021 
INFO:root:TRAIN measures@1000 microavg - precision 0.5776 - recall 0.0180 - f1 0.0349 
INFO:root:TRAIN measures@1000 for class 0 - precision 1.0000 - recall 0.0180 - f1 0.0354 
INFO:root:TRAIN measures@1000 for class 1 - precision 0.0495 - recall 0.0178 - f1 0.0262 
INFO:root:TRAIN Total epoch time: 1.0381673043593764
INFO:root:################ TRAIN epoch 6 ###################
INFO:root:TRAIN mean losses tensor(0.0570, device='cuda:0')
INFO:root:TRAIN mean errors 0.6719920039176941
INFO:root:TRAIN mean MRR 0.0 - mean MAP 0.04728155198838329
INFO:root:TRAIN tp {0: tensor(85421, device='cuda:0'), 1: tensor(9208, device='cuda:0')},fn {0: tensor(191979, device='cuda:0'), 1: tensor(1888, device='cuda:0')},fp {0: tensor(1888, device='cuda:0'), 1: tensor(191979, device='cuda:0')}
INFO:root:TRAIN measures microavg - precision 0.3280 - recall 0.3280 - f1 0.3280 
INFO:root:TRAIN measures for class 0 - precision 0.9784 - recall 0.3079 - f1 0.4684 
INFO:root:TRAIN measures for class 1 - precision 0.0458 - recall 0.8298 - f1 0.0868 
INFO:root:TRAIN measures@10 microavg - precision 0.5000 - recall 0.0002 - f1 0.0003 
INFO:root:TRAIN measures@10 for class 0 - precision 1.0000 - recall 0.0002 - f1 0.0004 
INFO:root:TRAIN measures@10 for class 1 - precision 0.0000 - recall 0.0000 - f1 0.0000 
INFO:root:TRAIN measures@100 microavg - precision 0.5250 - recall 0.0018 - f1 0.0036 
INFO:root:TRAIN measures@100 for class 0 - precision 1.0000 - recall 0.0018 - f1 0.0036 
INFO:root:TRAIN measures@100 for class 1 - precision 0.0500 - recall 0.0023 - f1 0.0043 
INFO:root:TRAIN measures@1000 microavg - precision 0.5243 - recall 0.0182 - f1 0.0351 
INFO:root:TRAIN measures@1000 for class 0 - precision 1.0000 - recall 0.0180 - f1 0.0354 
INFO:root:TRAIN measures@1000 for class 1 - precision 0.0486 - recall 0.0219 - f1 0.0302 
INFO:root:TRAIN Total epoch time: 0.9586999090388417
INFO:root:################ TRAIN epoch 7 ###################
INFO:root:TRAIN mean losses tensor(0.0560, device='cuda:0')
INFO:root:TRAIN mean errors 0.03846153989434242
INFO:root:TRAIN mean MRR 0.0 - mean MAP 0.045358210408493374
INFO:root:TRAIN tp {0: tensor(277400, device='cuda:0'), 1: tensor(0, device='cuda:0')},fn {0: tensor(0, device='cuda:0'), 1: tensor(11096, device='cuda:0')},fp {0: tensor(11096, device='cuda:0'), 1: tensor(0, device='cuda:0')}
INFO:root:TRAIN measures microavg - precision 0.9615 - recall 0.9615 - f1 0.9615 
INFO:root:TRAIN measures for class 0 - precision 0.9615 - recall 1.0000 - f1 0.9804 
INFO:root:TRAIN measures for class 1 - precision 0.0000 - recall 0.0000 - f1 0.0000 
INFO:root:TRAIN measures@10 microavg - precision 1.0000 - recall 0.0002 - f1 0.0003 
INFO:root:TRAIN measures@10 for class 0 - precision 1.0000 - recall 0.0002 - f1 0.0004 
INFO:root:TRAIN measures@10 for class 1 - precision 0.0000 - recall 0.0000 - f1 0.0000 
INFO:root:TRAIN measures@100 microavg - precision 1.0000 - recall 0.0017 - f1 0.0035 
INFO:root:TRAIN measures@100 for class 0 - precision 1.0000 - recall 0.0018 - f1 0.0036 
INFO:root:TRAIN measures@100 for class 1 - precision 0.0000 - recall 0.0000 - f1 0.0000 
INFO:root:TRAIN measures@1000 microavg - precision 1.0000 - recall 0.0173 - f1 0.0341 
INFO:root:TRAIN measures@1000 for class 0 - precision 1.0000 - recall 0.0180 - f1 0.0354 
INFO:root:TRAIN measures@1000 for class 1 - precision 0.0000 - recall 0.0000 - f1 0.0000 
INFO:root:TRAIN Total epoch time: 0.9739392381161451
INFO:root:################ VALID epoch 7 ###################
INFO:root:VALID mean losses tensor(0.0414, device='cuda:0')
INFO:root:VALID mean errors 0.019607843831181526
INFO:root:VALID mean MRR 0.08125385762559495 - mean MAP 0.02178374948781731
INFO:root:VALID tp {0: tensor(79300, device='cuda:0'), 1: tensor(0, device='cuda:0')},fn {0: tensor(0, device='cuda:0'), 1: tensor(1586, device='cuda:0')},fp {0: tensor(1586, device='cuda:0'), 1: tensor(0, device='cuda:0')}
INFO:root:VALID measures microavg - precision 0.9804 - recall 0.9804 - f1 0.9804 
INFO:root:VALID measures for class 0 - precision 0.9804 - recall 1.0000 - f1 0.9901 
INFO:root:VALID measures for class 1 - precision 0.0000 - recall 0.0000 - f1 0.0000 
INFO:root:VALID measures@10 microavg - precision 1.0000 - recall 0.0004 - f1 0.0007 
INFO:root:VALID measures@10 for class 0 - precision 1.0000 - recall 0.0004 - f1 0.0008 
INFO:root:VALID measures@10 for class 1 - precision 0.0000 - recall 0.0000 - f1 0.0000 
INFO:root:VALID measures@100 microavg - precision 1.0000 - recall 0.0037 - f1 0.0074 
INFO:root:VALID measures@100 for class 0 - precision 1.0000 - recall 0.0038 - f1 0.0075 
INFO:root:VALID measures@100 for class 1 - precision 0.0000 - recall 0.0000 - f1 0.0000 
INFO:root:VALID measures@1000 microavg - precision 1.0000 - recall 0.0371 - f1 0.0715 
INFO:root:VALID measures@1000 for class 0 - precision 1.0000 - recall 0.0378 - f1 0.0729 
INFO:root:VALID measures@1000 for class 1 - precision 0.0000 - recall 0.0000 - f1 0.0000 
INFO:root:VALID Total epoch time: 41.14017361123115
INFO:root:################ TEST epoch 7 ###################
INFO:root:TEST batch 1 / 2 - partial error 0.0196 - partial loss 0.0412 - partial MRR  0.0939 - partial MAP 0.0224
INFO:root:TEST batch 1 / 2 -  partial tp {0: tensor(25300, device='cuda:0'), 1: tensor(0, device='cuda:0')},fn {0: tensor(0, device='cuda:0'), 1: tensor(506, device='cuda:0')},fp {0: tensor(506, device='cuda:0'), 1: tensor(0, device='cuda:0')}
INFO:root:TEST batch 1 / 2 - measures partial microavg - precision 0.9804 - recall 0.9804 - f1 0.9804 
INFO:root:TEST batch 1 / 2 - measures partial for class 0 - precision 0.9804 - recall 1.0000 - f1 0.9901 
INFO:root:TEST batch 1 / 2 - measures partial for class 1 - precision 0.0000 - recall 0.0000 - f1 0.0000 
INFO:root:TEST batch 1 / 2 - Batch time 13 
INFO:root:TEST batch 2 / 2 - partial error 0.0196 - partial loss 0.0408 - partial MRR  0.0850 - partial MAP 0.0223
INFO:root:TEST batch 2 / 2 -  partial tp {0: tensor(32400, device='cuda:0'), 1: tensor(0, device='cuda:0')},fn {0: tensor(0, device='cuda:0'), 1: tensor(648, device='cuda:0')},fp {0: tensor(648, device='cuda:0'), 1: tensor(0, device='cuda:0')}
INFO:root:TEST batch 2 / 2 - measures partial microavg - precision 0.9804 - recall 0.9804 - f1 0.9804 
INFO:root:TEST batch 2 / 2 - measures partial for class 0 - precision 0.9804 - recall 1.0000 - f1 0.9901 
INFO:root:TEST batch 2 / 2 - measures partial for class 1 - precision 0.0000 - recall 0.0000 - f1 0.0000 
INFO:root:TEST batch 2 / 2 - Batch time 13 
INFO:root:TEST mean losses tensor(0.0408, device='cuda:0')
INFO:root:TEST mean errors 0.019607843831181526
INFO:root:TEST mean MRR 0.08502531642882183 - mean MAP 0.022302388065799515
INFO:root:TEST tp {0: tensor(57700, device='cuda:0'), 1: tensor(0, device='cuda:0')},fn {0: tensor(0, device='cuda:0'), 1: tensor(1154, device='cuda:0')},fp {0: tensor(1154, device='cuda:0'), 1: tensor(0, device='cuda:0')}
INFO:root:TEST measures microavg - precision 0.9804 - recall 0.9804 - f1 0.9804 
INFO:root:TEST measures for class 0 - precision 0.9804 - recall 1.0000 - f1 0.9901 
INFO:root:TEST measures for class 1 - precision 0.0000 - recall 0.0000 - f1 0.0000 
INFO:root:TEST measures@10 microavg - precision 1.0000 - recall 0.0003 - f1 0.0007 
INFO:root:TEST measures@10 for class 0 - precision 1.0000 - recall 0.0003 - f1 0.0007 
INFO:root:TEST measures@10 for class 1 - precision 0.0000 - recall 0.0000 - f1 0.0000 
INFO:root:TEST measures@100 microavg - precision 1.0000 - recall 0.0034 - f1 0.0068 
INFO:root:TEST measures@100 for class 0 - precision 1.0000 - recall 0.0035 - f1 0.0069 
INFO:root:TEST measures@100 for class 1 - precision 0.0000 - recall 0.0000 - f1 0.0000 
INFO:root:TEST measures@1000 microavg - precision 1.0000 - recall 0.0340 - f1 0.0657 
INFO:root:TEST measures@1000 for class 0 - precision 1.0000 - recall 0.0347 - f1 0.0670 
INFO:root:TEST measures@1000 for class 1 - precision 0.0000 - recall 0.0000 - f1 0.0000 
INFO:root:TEST Total epoch time: 27.475721013732255
INFO:root:################ TRAIN epoch 8 ###################
INFO:root:TRAIN mean losses tensor(0.0553, device='cuda:0')
INFO:root:TRAIN mean errors 0.03846153989434242
INFO:root:TRAIN mean MRR 0.0 - mean MAP 0.04602655350697401
INFO:root:TRAIN tp {0: tensor(277400, device='cuda:0'), 1: tensor(0, device='cuda:0')},fn {0: tensor(0, device='cuda:0'), 1: tensor(11096, device='cuda:0')},fp {0: tensor(11096, device='cuda:0'), 1: tensor(0, device='cuda:0')}
INFO:root:TRAIN measures microavg - precision 0.9615 - recall 0.9615 - f1 0.9615 
INFO:root:TRAIN measures for class 0 - precision 0.9615 - recall 1.0000 - f1 0.9804 
INFO:root:TRAIN measures for class 1 - precision 0.0000 - recall 0.0000 - f1 0.0000 
INFO:root:TRAIN measures@10 microavg - precision 1.0000 - recall 0.0002 - f1 0.0003 
INFO:root:TRAIN measures@10 for class 0 - precision 1.0000 - recall 0.0002 - f1 0.0004 
INFO:root:TRAIN measures@10 for class 1 - precision 0.0000 - recall 0.0000 - f1 0.0000 
INFO:root:TRAIN measures@100 microavg - precision 1.0000 - recall 0.0017 - f1 0.0035 
INFO:root:TRAIN measures@100 for class 0 - precision 1.0000 - recall 0.0018 - f1 0.0036 
INFO:root:TRAIN measures@100 for class 1 - precision 0.0000 - recall 0.0000 - f1 0.0000 
INFO:root:TRAIN measures@1000 microavg - precision 1.0000 - recall 0.0173 - f1 0.0341 
INFO:root:TRAIN measures@1000 for class 0 - precision 1.0000 - recall 0.0180 - f1 0.0354 
INFO:root:TRAIN measures@1000 for class 1 - precision 0.0000 - recall 0.0000 - f1 0.0000 
INFO:root:TRAIN Total epoch time: 1.0634218156337738
INFO:root:################ VALID epoch 8 ###################
INFO:root:VALID mean losses tensor(0.0423, device='cuda:0')
INFO:root:VALID mean errors 0.019607843831181526
INFO:root:VALID mean MRR 0.0828346592862056 - mean MAP 0.02253400052873104
INFO:root:VALID tp {0: tensor(79300, device='cuda:0'), 1: tensor(0, device='cuda:0')},fn {0: tensor(0, device='cuda:0'), 1: tensor(1586, device='cuda:0')},fp {0: tensor(1586, device='cuda:0'), 1: tensor(0, device='cuda:0')}
INFO:root:VALID measures microavg - precision 0.9804 - recall 0.9804 - f1 0.9804 
INFO:root:VALID measures for class 0 - precision 0.9804 - recall 1.0000 - f1 0.9901 
INFO:root:VALID measures for class 1 - precision 0.0000 - recall 0.0000 - f1 0.0000 
INFO:root:VALID measures@10 microavg - precision 1.0000 - recall 0.0004 - f1 0.0007 
INFO:root:VALID measures@10 for class 0 - precision 1.0000 - recall 0.0004 - f1 0.0008 
INFO:root:VALID measures@10 for class 1 - precision 0.0000 - recall 0.0000 - f1 0.0000 
INFO:root:VALID measures@100 microavg - precision 1.0000 - recall 0.0037 - f1 0.0074 
INFO:root:VALID measures@100 for class 0 - precision 1.0000 - recall 0.0038 - f1 0.0075 
INFO:root:VALID measures@100 for class 1 - precision 0.0000 - recall 0.0000 - f1 0.0000 
INFO:root:VALID measures@1000 microavg - precision 1.0000 - recall 0.0371 - f1 0.0715 
INFO:root:VALID measures@1000 for class 0 - precision 1.0000 - recall 0.0378 - f1 0.0729 
INFO:root:VALID measures@1000 for class 1 - precision 0.0000 - recall 0.0000 - f1 0.0000 
INFO:root:VALID Total epoch time: 41.68881726451218
INFO:root:################ TEST epoch 8 ###################
INFO:root:TEST batch 1 / 2 - partial error 0.0196 - partial loss 0.0421 - partial MRR  0.0665 - partial MAP 0.0217
INFO:root:TEST batch 1 / 2 -  partial tp {0: tensor(25300, device='cuda:0'), 1: tensor(0, device='cuda:0')},fn {0: tensor(0, device='cuda:0'), 1: tensor(506, device='cuda:0')},fp {0: tensor(506, device='cuda:0'), 1: tensor(0, device='cuda:0')}
INFO:root:TEST batch 1 / 2 - measures partial microavg - precision 0.9804 - recall 0.9804 - f1 0.9804 
INFO:root:TEST batch 1 / 2 - measures partial for class 0 - precision 0.9804 - recall 1.0000 - f1 0.9901 
INFO:root:TEST batch 1 / 2 - measures partial for class 1 - precision 0.0000 - recall 0.0000 - f1 0.0000 
INFO:root:TEST batch 1 / 2 - Batch time 13 
INFO:root:TEST batch 2 / 2 - partial error 0.0196 - partial loss 0.0416 - partial MRR  0.0629 - partial MAP 0.0229
INFO:root:TEST batch 2 / 2 -  partial tp {0: tensor(32400, device='cuda:0'), 1: tensor(0, device='cuda:0')},fn {0: tensor(0, device='cuda:0'), 1: tensor(648, device='cuda:0')},fp {0: tensor(648, device='cuda:0'), 1: tensor(0, device='cuda:0')}
INFO:root:TEST batch 2 / 2 - measures partial microavg - precision 0.9804 - recall 0.9804 - f1 0.9804 
INFO:root:TEST batch 2 / 2 - measures partial for class 0 - precision 0.9804 - recall 1.0000 - f1 0.9901 
INFO:root:TEST batch 2 / 2 - measures partial for class 1 - precision 0.0000 - recall 0.0000 - f1 0.0000 
INFO:root:TEST batch 2 / 2 - Batch time 13 
INFO:root:TEST mean losses tensor(0.0416, device='cuda:0')
INFO:root:TEST mean errors 0.019607843831181526
INFO:root:TEST mean MRR 0.06285637158188127 - mean MAP 0.02292013550483044
INFO:root:TEST tp {0: tensor(57700, device='cuda:0'), 1: tensor(0, device='cuda:0')},fn {0: tensor(0, device='cuda:0'), 1: tensor(1154, device='cuda:0')},fp {0: tensor(1154, device='cuda:0'), 1: tensor(0, device='cuda:0')}
INFO:root:TEST measures microavg - precision 0.9804 - recall 0.9804 - f1 0.9804 
INFO:root:TEST measures for class 0 - precision 0.9804 - recall 1.0000 - f1 0.9901 
INFO:root:TEST measures for class 1 - precision 0.0000 - recall 0.0000 - f1 0.0000 
INFO:root:TEST measures@10 microavg - precision 1.0000 - recall 0.0003 - f1 0.0007 
INFO:root:TEST measures@10 for class 0 - precision 1.0000 - recall 0.0003 - f1 0.0007 
INFO:root:TEST measures@10 for class 1 - precision 0.0000 - recall 0.0000 - f1 0.0000 
INFO:root:TEST measures@100 microavg - precision 1.0000 - recall 0.0034 - f1 0.0068 
INFO:root:TEST measures@100 for class 0 - precision 1.0000 - recall 0.0035 - f1 0.0069 
INFO:root:TEST measures@100 for class 1 - precision 0.0000 - recall 0.0000 - f1 0.0000 
INFO:root:TEST measures@1000 microavg - precision 1.0000 - recall 0.0340 - f1 0.0657 
INFO:root:TEST measures@1000 for class 0 - precision 1.0000 - recall 0.0347 - f1 0.0670 
INFO:root:TEST measures@1000 for class 1 - precision 0.0000 - recall 0.0000 - f1 0.0000 
INFO:root:TEST Total epoch time: 27.44067532196641
INFO:root:################ TRAIN epoch 9 ###################
INFO:root:TRAIN mean losses tensor(0.0551, device='cuda:0')
INFO:root:TRAIN mean errors 0.03846153989434242
INFO:root:TRAIN mean MRR 0.0 - mean MAP 0.048133976655236894
INFO:root:TRAIN tp {0: tensor(277400, device='cuda:0'), 1: tensor(0, device='cuda:0')},fn {0: tensor(0, device='cuda:0'), 1: tensor(11096, device='cuda:0')},fp {0: tensor(11096, device='cuda:0'), 1: tensor(0, device='cuda:0')}
INFO:root:TRAIN measures microavg - precision 0.9615 - recall 0.9615 - f1 0.9615 
INFO:root:TRAIN measures for class 0 - precision 0.9615 - recall 1.0000 - f1 0.9804 
INFO:root:TRAIN measures for class 1 - precision 0.0000 - recall 0.0000 - f1 0.0000 
INFO:root:TRAIN measures@10 microavg - precision 1.0000 - recall 0.0002 - f1 0.0003 
INFO:root:TRAIN measures@10 for class 0 - precision 1.0000 - recall 0.0002 - f1 0.0004 
INFO:root:TRAIN measures@10 for class 1 - precision 0.0000 - recall 0.0000 - f1 0.0000 
INFO:root:TRAIN measures@100 microavg - precision 1.0000 - recall 0.0017 - f1 0.0035 
INFO:root:TRAIN measures@100 for class 0 - precision 1.0000 - recall 0.0018 - f1 0.0036 
INFO:root:TRAIN measures@100 for class 1 - precision 0.0000 - recall 0.0000 - f1 0.0000 
INFO:root:TRAIN measures@1000 microavg - precision 0.9986 - recall 0.0173 - f1 0.0340 
INFO:root:TRAIN measures@1000 for class 0 - precision 0.9986 - recall 0.0180 - f1 0.0354 
INFO:root:TRAIN measures@1000 for class 1 - precision 0.0000 - recall 0.0000 - f1 0.0000 
INFO:root:TRAIN Total epoch time: 1.2135558230802417
INFO:root:################ VALID epoch 9 ###################
