INFO:root:*** PARAMETERS ***
INFO:root:{'adj_mat_time_window': 1,
 'class_weights': [0.05, 0.95],
 'comments': ['comments'],
 'data': 'seir',
 'data_loading_params': {'batch_size': 1, 'num_workers': 0},
 'dev_proportion': 0.2,
 'device': 'cuda',
 'early_stop_patience': 50,
 'eval_after_epochs': 6,
 'gcn_parameters': {'cls_feats': 1024,
                    'cls_feats_max': 1024,
                    'cls_feats_min': 100,
                    'feats_per_node': 100,
                    'feats_per_node_max': 256,
                    'feats_per_node_min': 50,
                    'k_top_grcu': 200,
                    'layer_1_feats': 51,
                    'layer_1_feats_max': 200,
                    'layer_1_feats_min': 10,
                    'layer_2_feats': 51,
                    'layer_2_feats_same_as_l1': True,
                    'lstm_l1_feats': 157,
                    'lstm_l1_feats_max': 200,
                    'lstm_l1_feats_min': 10,
                    'lstm_l1_layers': 1,
                    'lstm_l2_feats': 157,
                    'lstm_l2_feats_same_as_l1': True,
                    'lstm_l2_layers': 1,
                    'num_layers': 2},
 'learning_rate': 0.005,
 'learning_rate_max': 0.1,
 'learning_rate_min': 0.0001,
 'model': 'egcn_o',
 'negative_mult_test': 40,
 'negative_mult_training': 20,
 'num_epochs': 100,
 'num_hist_steps': 5,
 'num_hist_steps_max': 10,
 'num_hist_steps_min': 2,
 'rank': 0,
 'save_node_embeddings': False,
 'save_state': True,
 'seed': 1234,
 'seir_args': <utils.Namespace object at 0x7f3611c25730>,
 'smart_neg_sampling': True,
 'steps_accum_gradients': 1,
 'target_class': 1,
 'target_measure': 'MAP',
 'task': 'link_pred',
 'train_proportion': 0.7,
 'use_1_hot_node_feats': True,
 'use_2_hot_node_feats': False,
 'use_cuda': True,
 'use_logfile': True,
 'wsize': 1}
INFO:root:
INFO:root:################ TRAIN epoch 0 ###################
INFO:root:TRAIN mean losses tensor(0.0679, device='cuda:0')
INFO:root:TRAIN mean errors 0.25464776158332825
INFO:root:TRAIN mean MRR 0.0 - mean MAP 0.05088115803866045
INFO:root:TRAIN tp {0: tensor(171140, device='cuda:0'), 1: tensor(2539, device='cuda:0')},fn {0: tensor(50780, device='cuda:0'), 1: tensor(8557, device='cuda:0')},fp {0: tensor(8557, device='cuda:0'), 1: tensor(50780, device='cuda:0')}
INFO:root:TRAIN measures microavg - precision 0.7454 - recall 0.7454 - f1 0.7454 
INFO:root:TRAIN measures for class 0 - precision 0.9524 - recall 0.7712 - f1 0.8523 
INFO:root:TRAIN measures for class 1 - precision 0.0476 - recall 0.2288 - f1 0.0788 
INFO:root:TRAIN measures@10 microavg - precision 0.6400 - recall 0.0001 - f1 0.0003 
INFO:root:TRAIN measures@10 for class 0 - precision 0.9667 - recall 0.0001 - f1 0.0003 
INFO:root:TRAIN measures@10 for class 1 - precision 0.1500 - recall 0.0003 - f1 0.0005 
INFO:root:TRAIN measures@100 microavg - precision 0.6020 - recall 0.0013 - f1 0.0026 
INFO:root:TRAIN measures@100 for class 0 - precision 0.9533 - recall 0.0013 - f1 0.0026 
INFO:root:TRAIN measures@100 for class 1 - precision 0.0750 - recall 0.0014 - f1 0.0027 
INFO:root:TRAIN measures@1000 microavg - precision 0.5914 - recall 0.0127 - f1 0.0248 
INFO:root:TRAIN measures@1000 for class 0 - precision 0.9517 - recall 0.0129 - f1 0.0254 
INFO:root:TRAIN measures@1000 for class 1 - precision 0.0510 - recall 0.0092 - f1 0.0156 
INFO:root:TRAIN Total epoch time: 1.7470222674310207
INFO:root:################ TRAIN epoch 1 ###################
INFO:root:TRAIN mean losses tensor(0.0641, device='cuda:0')
INFO:root:TRAIN mean errors 0.22062861919403076
INFO:root:TRAIN mean MRR 0.0 - mean MAP 0.05823755151899733
INFO:root:TRAIN tp {0: tensor(179140, device='cuda:0'), 1: tensor(2466, device='cuda:0')},fn {0: tensor(42780, device='cuda:0'), 1: tensor(8630, device='cuda:0')},fp {0: tensor(8630, device='cuda:0'), 1: tensor(42780, device='cuda:0')}
INFO:root:TRAIN measures microavg - precision 0.7794 - recall 0.7794 - f1 0.7794 
INFO:root:TRAIN measures for class 0 - precision 0.9540 - recall 0.8072 - f1 0.8745 
INFO:root:TRAIN measures for class 1 - precision 0.0545 - recall 0.2222 - f1 0.0875 
INFO:root:TRAIN measures@10 microavg - precision 0.7429 - recall 0.0002 - f1 0.0004 
INFO:root:TRAIN measures@10 for class 0 - precision 1.0000 - recall 0.0002 - f1 0.0005 
INFO:root:TRAIN measures@10 for class 1 - precision 0.1000 - recall 0.0002 - f1 0.0004 
INFO:root:TRAIN measures@100 microavg - precision 0.7286 - recall 0.0022 - f1 0.0044 
INFO:root:TRAIN measures@100 for class 0 - precision 1.0000 - recall 0.0023 - f1 0.0045 
INFO:root:TRAIN measures@100 for class 1 - precision 0.0500 - recall 0.0009 - f1 0.0018 
INFO:root:TRAIN measures@1000 microavg - precision 0.7284 - recall 0.0219 - f1 0.0425 
INFO:root:TRAIN measures@1000 for class 0 - precision 0.9988 - recall 0.0225 - f1 0.0440 
INFO:root:TRAIN measures@1000 for class 1 - precision 0.0525 - recall 0.0095 - f1 0.0160 
INFO:root:TRAIN Total epoch time: 1.452866818755865
INFO:root:################ TRAIN epoch 2 ###################
INFO:root:TRAIN mean losses tensor(0.0632, device='cuda:0')
INFO:root:TRAIN mean errors 0.449329674243927
INFO:root:TRAIN mean MRR 0.0 - mean MAP 0.05639047106477168
INFO:root:TRAIN tp {0: tensor(122581, device='cuda:0'), 1: tensor(5734, device='cuda:0')},fn {0: tensor(99339, device='cuda:0'), 1: tensor(5362, device='cuda:0')},fp {0: tensor(5362, device='cuda:0'), 1: tensor(99339, device='cuda:0')}
INFO:root:TRAIN measures microavg - precision 0.5507 - recall 0.5507 - f1 0.5507 
INFO:root:TRAIN measures for class 0 - precision 0.9581 - recall 0.5524 - f1 0.7007 
INFO:root:TRAIN measures for class 1 - precision 0.0546 - recall 0.5168 - f1 0.0987 
INFO:root:TRAIN measures@10 microavg - precision 0.5800 - recall 0.0002 - f1 0.0005 
INFO:root:TRAIN measures@10 for class 0 - precision 1.0000 - recall 0.0002 - f1 0.0005 
INFO:root:TRAIN measures@10 for class 1 - precision 0.1600 - recall 0.0007 - f1 0.0014 
INFO:root:TRAIN measures@100 microavg - precision 0.5320 - recall 0.0023 - f1 0.0045 
INFO:root:TRAIN measures@100 for class 0 - precision 1.0000 - recall 0.0023 - f1 0.0045 
INFO:root:TRAIN measures@100 for class 1 - precision 0.0640 - recall 0.0029 - f1 0.0055 
INFO:root:TRAIN measures@1000 microavg - precision 0.5095 - recall 0.0211 - f1 0.0405 
INFO:root:TRAIN measures@1000 for class 0 - precision 1.0000 - recall 0.0209 - f1 0.0409 
INFO:root:TRAIN measures@1000 for class 1 - precision 0.0546 - recall 0.0246 - f1 0.0339 
INFO:root:TRAIN Total epoch time: 1.0559238502755761
INFO:root:################ TRAIN epoch 3 ###################
INFO:root:TRAIN mean losses tensor(0.0633, device='cuda:0')
INFO:root:TRAIN mean errors 0.4684528112411499
INFO:root:TRAIN mean MRR 0.0 - mean MAP 0.058581930250544326
INFO:root:TRAIN tp {0: tensor(118030, device='cuda:0'), 1: tensor(5829, device='cuda:0')},fn {0: tensor(103890, device='cuda:0'), 1: tensor(5267, device='cuda:0')},fp {0: tensor(5267, device='cuda:0'), 1: tensor(103890, device='cuda:0')}
INFO:root:TRAIN measures microavg - precision 0.5315 - recall 0.5315 - f1 0.5315 
INFO:root:TRAIN measures for class 0 - precision 0.9573 - recall 0.5319 - f1 0.6838 
INFO:root:TRAIN measures for class 1 - precision 0.0531 - recall 0.5253 - f1 0.0965 
INFO:root:TRAIN measures@10 microavg - precision 0.7429 - recall 0.0002 - f1 0.0004 
INFO:root:TRAIN measures@10 for class 0 - precision 1.0000 - recall 0.0002 - f1 0.0005 
INFO:root:TRAIN measures@10 for class 1 - precision 0.1000 - recall 0.0002 - f1 0.0004 
INFO:root:TRAIN measures@100 microavg - precision 0.7357 - recall 0.0022 - f1 0.0044 
INFO:root:TRAIN measures@100 for class 0 - precision 1.0000 - recall 0.0023 - f1 0.0045 
INFO:root:TRAIN measures@100 for class 1 - precision 0.0750 - recall 0.0014 - f1 0.0027 
INFO:root:TRAIN measures@1000 microavg - precision 0.7314 - recall 0.0220 - f1 0.0427 
INFO:root:TRAIN measures@1000 for class 0 - precision 1.0000 - recall 0.0225 - f1 0.0441 
INFO:root:TRAIN measures@1000 for class 1 - precision 0.0600 - recall 0.0108 - f1 0.0183 
INFO:root:TRAIN Total epoch time: 0.8857853142544627
INFO:root:################ TRAIN epoch 4 ###################
INFO:root:TRAIN mean losses tensor(0.0605, device='cuda:0')
INFO:root:TRAIN mean errors 0.38456156849861145
INFO:root:TRAIN mean MRR 0.0 - mean MAP 0.05895346486390863
INFO:root:TRAIN tp {0: tensor(138413, device='cuda:0'), 1: tensor(4994, device='cuda:0')},fn {0: tensor(83507, device='cuda:0'), 1: tensor(6102, device='cuda:0')},fp {0: tensor(6102, device='cuda:0'), 1: tensor(83507, device='cuda:0')}
INFO:root:TRAIN measures microavg - precision 0.6154 - recall 0.6154 - f1 0.6154 
INFO:root:TRAIN measures for class 0 - precision 0.9578 - recall 0.6237 - f1 0.7555 
INFO:root:TRAIN measures for class 1 - precision 0.0564 - recall 0.4501 - f1 0.1003 
INFO:root:TRAIN measures@10 microavg - precision 0.5556 - recall 0.0002 - f1 0.0004 
INFO:root:TRAIN measures@10 for class 0 - precision 1.0000 - recall 0.0002 - f1 0.0005 
INFO:root:TRAIN measures@10 for class 1 - precision 0.0000 - recall 0.0000 - f1 0.0000 
INFO:root:TRAIN measures@100 microavg - precision 0.5878 - recall 0.0023 - f1 0.0045 
INFO:root:TRAIN measures@100 for class 0 - precision 1.0000 - recall 0.0023 - f1 0.0045 
INFO:root:TRAIN measures@100 for class 1 - precision 0.0725 - recall 0.0026 - f1 0.0050 
INFO:root:TRAIN measures@1000 microavg - precision 0.5811 - recall 0.0224 - f1 0.0432 
INFO:root:TRAIN measures@1000 for class 0 - precision 1.0000 - recall 0.0225 - f1 0.0441 
INFO:root:TRAIN measures@1000 for class 1 - precision 0.0575 - recall 0.0207 - f1 0.0305 
INFO:root:TRAIN Total epoch time: 0.8556905966252089
INFO:root:################ TRAIN epoch 5 ###################
INFO:root:TRAIN mean losses tensor(0.0612, device='cuda:0')
INFO:root:TRAIN mean errors 0.6904032230377197
INFO:root:TRAIN mean MRR 0.0 - mean MAP 0.05614089343198547
INFO:root:TRAIN tp {0: tensor(62788, device='cuda:0'), 1: tensor(9353, device='cuda:0')},fn {0: tensor(159132, device='cuda:0'), 1: tensor(1743, device='cuda:0')},fp {0: tensor(1743, device='cuda:0'), 1: tensor(159132, device='cuda:0')}
INFO:root:TRAIN measures microavg - precision 0.3096 - recall 0.3096 - f1 0.3096 
INFO:root:TRAIN measures for class 0 - precision 0.9730 - recall 0.2829 - f1 0.4384 
INFO:root:TRAIN measures for class 1 - precision 0.0555 - recall 0.8429 - f1 0.1042 
INFO:root:TRAIN measures@10 microavg - precision 0.5200 - recall 0.0002 - f1 0.0004 
INFO:root:TRAIN measures@10 for class 0 - precision 1.0000 - recall 0.0002 - f1 0.0005 
INFO:root:TRAIN measures@10 for class 1 - precision 0.0400 - recall 0.0002 - f1 0.0004 
INFO:root:TRAIN measures@100 microavg - precision 0.5220 - recall 0.0022 - f1 0.0045 
INFO:root:TRAIN measures@100 for class 0 - precision 1.0000 - recall 0.0023 - f1 0.0045 
INFO:root:TRAIN measures@100 for class 1 - precision 0.0440 - recall 0.0020 - f1 0.0038 
INFO:root:TRAIN measures@1000 microavg - precision 0.5280 - recall 0.0227 - f1 0.0435 
INFO:root:TRAIN measures@1000 for class 0 - precision 1.0000 - recall 0.0225 - f1 0.0441 
INFO:root:TRAIN measures@1000 for class 1 - precision 0.0560 - recall 0.0252 - f1 0.0348 
INFO:root:TRAIN Total epoch time: 0.857488788664341
INFO:root:################ TRAIN epoch 6 ###################
INFO:root:TRAIN mean losses tensor(0.0593, device='cuda:0')
INFO:root:TRAIN mean errors 0.6631947755813599
INFO:root:TRAIN mean MRR 0.0 - mean MAP 0.05857615006202062
INFO:root:TRAIN tp {0: tensor(69120, device='cuda:0'), 1: tensor(9361, device='cuda:0')},fn {0: tensor(152800, device='cuda:0'), 1: tensor(1735, device='cuda:0')},fp {0: tensor(1735, device='cuda:0'), 1: tensor(152800, device='cuda:0')}
INFO:root:TRAIN measures microavg - precision 0.3368 - recall 0.3368 - f1 0.3368 
INFO:root:TRAIN measures for class 0 - precision 0.9755 - recall 0.3115 - f1 0.4722 
INFO:root:TRAIN measures for class 1 - precision 0.0577 - recall 0.8436 - f1 0.1081 
INFO:root:TRAIN measures@10 microavg - precision 0.5300 - recall 0.0002 - f1 0.0005 
INFO:root:TRAIN measures@10 for class 0 - precision 1.0000 - recall 0.0002 - f1 0.0005 
INFO:root:TRAIN measures@10 for class 1 - precision 0.0600 - recall 0.0003 - f1 0.0005 
INFO:root:TRAIN measures@100 microavg - precision 0.5290 - recall 0.0023 - f1 0.0045 
INFO:root:TRAIN measures@100 for class 0 - precision 1.0000 - recall 0.0023 - f1 0.0045 
INFO:root:TRAIN measures@100 for class 1 - precision 0.0580 - recall 0.0026 - f1 0.0050 
INFO:root:TRAIN measures@1000 microavg - precision 0.5285 - recall 0.0227 - f1 0.0435 
INFO:root:TRAIN measures@1000 for class 0 - precision 1.0000 - recall 0.0225 - f1 0.0441 
INFO:root:TRAIN measures@1000 for class 1 - precision 0.0570 - recall 0.0257 - f1 0.0354 
INFO:root:TRAIN Total epoch time: 0.9136357000097632
INFO:root:################ TRAIN epoch 7 ###################
INFO:root:TRAIN mean losses tensor(0.0655, device='cuda:0')
INFO:root:TRAIN mean errors 0.32565146684646606
INFO:root:TRAIN mean MRR 0.0 - mean MAP 0.059280527038062504
INFO:root:TRAIN tp {0: tensor(152726, device='cuda:0'), 1: tensor(4408, device='cuda:0')},fn {0: tensor(69194, device='cuda:0'), 1: tensor(6688, device='cuda:0')},fp {0: tensor(6688, device='cuda:0'), 1: tensor(69194, device='cuda:0')}
INFO:root:TRAIN measures microavg - precision 0.6743 - recall 0.6743 - f1 0.6743 
INFO:root:TRAIN measures for class 0 - precision 0.9580 - recall 0.6882 - f1 0.8010 
INFO:root:TRAIN measures for class 1 - precision 0.0599 - recall 0.3973 - f1 0.1041 
INFO:root:TRAIN measures@10 microavg - precision 0.5300 - recall 0.0002 - f1 0.0005 
INFO:root:TRAIN measures@10 for class 0 - precision 1.0000 - recall 0.0002 - f1 0.0005 
INFO:root:TRAIN measures@10 for class 1 - precision 0.0600 - recall 0.0003 - f1 0.0005 
INFO:root:TRAIN measures@100 microavg - precision 0.5330 - recall 0.0023 - f1 0.0046 
INFO:root:TRAIN measures@100 for class 0 - precision 1.0000 - recall 0.0023 - f1 0.0045 
INFO:root:TRAIN measures@100 for class 1 - precision 0.0660 - recall 0.0030 - f1 0.0057 
INFO:root:TRAIN measures@1000 microavg - precision 0.5495 - recall 0.0225 - f1 0.0432 
INFO:root:TRAIN measures@1000 for class 0 - precision 0.9982 - recall 0.0225 - f1 0.0440 
INFO:root:TRAIN measures@1000 for class 1 - precision 0.0547 - recall 0.0224 - f1 0.0317 
INFO:root:TRAIN Total epoch time: 0.8582816123962402
INFO:root:################ VALID epoch 7 ###################
INFO:root:VALID mean losses tensor(0.0467, device='cuda:0')
INFO:root:VALID mean errors 0.2640174627304077
INFO:root:VALID mean MRR 0.09005631611489094 - mean MAP 0.027475825944487404
INFO:root:VALID tp {0: tensor(47415, device='cuda:0'), 1: tensor(443, device='cuda:0')},fn {0: tensor(16025, device='cuda:0'), 1: tensor(1143, device='cuda:0')},fp {0: tensor(1143, device='cuda:0'), 1: tensor(16025, device='cuda:0')}
INFO:root:VALID measures microavg - precision 0.7360 - recall 0.7360 - f1 0.7360 
INFO:root:VALID measures for class 0 - precision 0.9765 - recall 0.7474 - f1 0.8467 
INFO:root:VALID measures for class 1 - precision 0.0269 - recall 0.2793 - f1 0.0491 
INFO:root:VALID measures@10 microavg - precision 0.5333 - recall 0.0005 - f1 0.0010 
INFO:root:VALID measures@10 for class 0 - precision 1.0000 - recall 0.0005 - f1 0.0009 
INFO:root:VALID measures@10 for class 1 - precision 0.0667 - recall 0.0013 - f1 0.0025 
INFO:root:VALID measures@100 microavg - precision 0.5133 - recall 0.0047 - f1 0.0094 
INFO:root:VALID measures@100 for class 0 - precision 1.0000 - recall 0.0047 - f1 0.0094 
INFO:root:VALID measures@100 for class 1 - precision 0.0267 - recall 0.0050 - f1 0.0085 
INFO:root:VALID measures@1000 microavg - precision 0.5130 - recall 0.0473 - f1 0.0867 
INFO:root:VALID measures@1000 for class 0 - precision 1.0000 - recall 0.0473 - f1 0.0903 
INFO:root:VALID measures@1000 for class 1 - precision 0.0260 - recall 0.0492 - f1 0.0340 
INFO:root:VALID Total epoch time: 41.0129261855036
INFO:root:################ TEST epoch 7 ###################
INFO:root:TEST batch 1 / 2 - partial error 0.1810 - partial loss 0.0460 - partial MRR  0.0838 - partial MAP 0.0261
INFO:root:TEST batch 1 / 2 -  partial tp {0: tensor(16903, device='cuda:0'), 1: tensor(88, device='cuda:0')},fn {0: tensor(3337, device='cuda:0'), 1: tensor(418, device='cuda:0')},fp {0: tensor(418, device='cuda:0'), 1: tensor(3337, device='cuda:0')}
INFO:root:TEST batch 1 / 2 - measures partial microavg - precision 0.8190 - recall 0.8190 - f1 0.8190 
INFO:root:TEST batch 1 / 2 - measures partial for class 0 - precision 0.9759 - recall 0.8351 - f1 0.9000 
INFO:root:TEST batch 1 / 2 - measures partial for class 1 - precision 0.0257 - recall 0.1739 - f1 0.0448 
INFO:root:TEST batch 1 / 2 - Batch time 13 
INFO:root:TEST batch 2 / 2 - partial error 0.1887 - partial loss 0.0454 - partial MRR  0.0921 - partial MAP 0.0275
INFO:root:TEST batch 2 / 2 -  partial tp {0: tensor(21259, device='cuda:0'), 1: tensor(138, device='cuda:0')},fn {0: tensor(4661, device='cuda:0'), 1: tensor(510, device='cuda:0')},fp {0: tensor(510, device='cuda:0'), 1: tensor(4661, device='cuda:0')}
INFO:root:TEST batch 2 / 2 - measures partial microavg - precision 0.8054 - recall 0.8054 - f1 0.8054 
INFO:root:TEST batch 2 / 2 - measures partial for class 0 - precision 0.9766 - recall 0.8202 - f1 0.8916 
INFO:root:TEST batch 2 / 2 - measures partial for class 1 - precision 0.0288 - recall 0.2130 - f1 0.0507 
INFO:root:TEST batch 2 / 2 - Batch time 13 
INFO:root:TEST mean losses tensor(0.0454, device='cuda:0')
INFO:root:TEST mean errors 0.18865452706813812
INFO:root:TEST mean MRR 0.0920916308541607 - mean MAP 0.027475621567467485
INFO:root:TEST tp {0: tensor(38162, device='cuda:0'), 1: tensor(226, device='cuda:0')},fn {0: tensor(7998, device='cuda:0'), 1: tensor(928, device='cuda:0')},fp {0: tensor(928, device='cuda:0'), 1: tensor(7998, device='cuda:0')}
INFO:root:TEST measures microavg - precision 0.8113 - recall 0.8113 - f1 0.8113 
INFO:root:TEST measures for class 0 - precision 0.9763 - recall 0.8267 - f1 0.8953 
INFO:root:TEST measures for class 1 - precision 0.0275 - recall 0.1958 - f1 0.0482 
INFO:root:TEST measures@10 microavg - precision 0.5250 - recall 0.0004 - f1 0.0009 
INFO:root:TEST measures@10 for class 0 - precision 1.0000 - recall 0.0004 - f1 0.0009 
INFO:root:TEST measures@10 for class 1 - precision 0.0500 - recall 0.0009 - f1 0.0017 
INFO:root:TEST measures@100 microavg - precision 0.5175 - recall 0.0044 - f1 0.0087 
INFO:root:TEST measures@100 for class 0 - precision 1.0000 - recall 0.0043 - f1 0.0086 
INFO:root:TEST measures@100 for class 1 - precision 0.0350 - recall 0.0061 - f1 0.0103 
INFO:root:TEST measures@1000 microavg - precision 0.5120 - recall 0.0433 - f1 0.0798 
INFO:root:TEST measures@1000 for class 0 - precision 1.0000 - recall 0.0433 - f1 0.0831 
INFO:root:TEST measures@1000 for class 1 - precision 0.0240 - recall 0.0416 - f1 0.0304 
INFO:root:TEST Total epoch time: 27.260402250103652
INFO:root:################ TRAIN epoch 8 ###################
INFO:root:TRAIN mean losses tensor(0.0650, device='cuda:0')
INFO:root:TRAIN mean errors 0.6552339792251587
INFO:root:TRAIN mean MRR 0.0 - mean MAP 0.05447895411625326
INFO:root:TRAIN tp {0: tensor(71922, device='cuda:0'), 1: tensor(8414, device='cuda:0')},fn {0: tensor(149998, device='cuda:0'), 1: tensor(2682, device='cuda:0')},fp {0: tensor(2682, device='cuda:0'), 1: tensor(149998, device='cuda:0')}
INFO:root:TRAIN measures microavg - precision 0.3448 - recall 0.3448 - f1 0.3448 
INFO:root:TRAIN measures for class 0 - precision 0.9641 - recall 0.3241 - f1 0.4851 
INFO:root:TRAIN measures for class 1 - precision 0.0531 - recall 0.7583 - f1 0.0993 
INFO:root:TRAIN measures@10 microavg - precision 0.5556 - recall 0.0002 - f1 0.0004 
INFO:root:TRAIN measures@10 for class 0 - precision 1.0000 - recall 0.0002 - f1 0.0005 
INFO:root:TRAIN measures@10 for class 1 - precision 0.0000 - recall 0.0000 - f1 0.0000 
INFO:root:TRAIN measures@100 microavg - precision 0.5833 - recall 0.0023 - f1 0.0045 
INFO:root:TRAIN measures@100 for class 0 - precision 1.0000 - recall 0.0023 - f1 0.0045 
INFO:root:TRAIN measures@100 for class 1 - precision 0.0625 - recall 0.0023 - f1 0.0043 
INFO:root:TRAIN measures@1000 microavg - precision 0.5770 - recall 0.0223 - f1 0.0429 
INFO:root:TRAIN measures@1000 for class 0 - precision 0.9958 - recall 0.0224 - f1 0.0439 
INFO:root:TRAIN measures@1000 for class 1 - precision 0.0535 - recall 0.0193 - f1 0.0284 
INFO:root:TRAIN Total epoch time: 0.8806854411959648
INFO:root:################ VALID epoch 8 ###################
INFO:root:VALID mean losses tensor(0.0453, device='cuda:0')
INFO:root:VALID mean errors 0.024390242993831635
INFO:root:VALID mean MRR 0.08923655323598084 - mean MAP 0.026883337140848146
INFO:root:VALID tp {0: tensor(63440, device='cuda:0'), 1: tensor(0, device='cuda:0')},fn {0: tensor(0, device='cuda:0'), 1: tensor(1586, device='cuda:0')},fp {0: tensor(1586, device='cuda:0'), 1: tensor(0, device='cuda:0')}
INFO:root:VALID measures microavg - precision 0.9756 - recall 0.9756 - f1 0.9756 
INFO:root:VALID measures for class 0 - precision 0.9756 - recall 1.0000 - f1 0.9877 
INFO:root:VALID measures for class 1 - precision 0.0000 - recall 0.0000 - f1 0.0000 
INFO:root:VALID measures@10 microavg - precision 1.0000 - recall 0.0005 - f1 0.0009 
INFO:root:VALID measures@10 for class 0 - precision 1.0000 - recall 0.0005 - f1 0.0009 
INFO:root:VALID measures@10 for class 1 - precision 0.0000 - recall 0.0000 - f1 0.0000 
INFO:root:VALID measures@100 microavg - precision 1.0000 - recall 0.0046 - f1 0.0092 
INFO:root:VALID measures@100 for class 0 - precision 1.0000 - recall 0.0047 - f1 0.0094 
INFO:root:VALID measures@100 for class 1 - precision 0.0000 - recall 0.0000 - f1 0.0000 
INFO:root:VALID measures@1000 microavg - precision 0.9830 - recall 0.0454 - f1 0.0867 
INFO:root:VALID measures@1000 for class 0 - precision 0.9830 - recall 0.0465 - f1 0.0888 
INFO:root:VALID measures@1000 for class 1 - precision 0.0000 - recall 0.0000 - f1 0.0000 
INFO:root:VALID Total epoch time: 40.932547556236386
INFO:root:################ TRAIN epoch 9 ###################
INFO:root:TRAIN mean losses tensor(0.0634, device='cuda:0')
INFO:root:TRAIN mean errors 0.10284701734781265
INFO:root:TRAIN mean MRR 0.0 - mean MAP 0.05923822510981916
INFO:root:TRAIN tp {0: tensor(208227, device='cuda:0'), 1: tensor(824, device='cuda:0')},fn {0: tensor(13693, device='cuda:0'), 1: tensor(10272, device='cuda:0')},fp {0: tensor(10272, device='cuda:0'), 1: tensor(13693, device='cuda:0')}
INFO:root:TRAIN measures microavg - precision 0.8972 - recall 0.8972 - f1 0.8972 
INFO:root:TRAIN measures for class 0 - precision 0.9530 - recall 0.9383 - f1 0.9456 
INFO:root:TRAIN measures for class 1 - precision 0.0568 - recall 0.0743 - f1 0.0643 
INFO:root:TRAIN measures@10 microavg - precision 0.7143 - recall 0.0002 - f1 0.0004 
INFO:root:TRAIN measures@10 for class 0 - precision 1.0000 - recall 0.0002 - f1 0.0005 
INFO:root:TRAIN measures@10 for class 1 - precision 0.0000 - recall 0.0000 - f1 0.0000 
INFO:root:TRAIN measures@100 microavg - precision 0.7243 - recall 0.0022 - f1 0.0043 
INFO:root:TRAIN measures@100 for class 0 - precision 1.0000 - recall 0.0023 - f1 0.0045 
INFO:root:TRAIN measures@100 for class 1 - precision 0.0350 - recall 0.0006 - f1 0.0012 
INFO:root:TRAIN measures@1000 microavg - precision 0.7297 - recall 0.0219 - f1 0.0426 
INFO:root:TRAIN measures@1000 for class 0 - precision 1.0000 - recall 0.0225 - f1 0.0441 
INFO:root:TRAIN measures@1000 for class 1 - precision 0.0540 - recall 0.0097 - f1 0.0165 
INFO:root:TRAIN Total epoch time: 0.8633665917441249
INFO:root:################ VALID epoch 9 ###################
INFO:root:VALID mean losses tensor(0.0453, device='cuda:0')
INFO:root:VALID mean errors 0.26430967450141907
INFO:root:VALID mean MRR 0.08219109094395076 - mean MAP 0.027677071454523836
INFO:root:VALID tp {0: tensor(47396, device='cuda:0'), 1: tensor(443, device='cuda:0')},fn {0: tensor(16044, device='cuda:0'), 1: tensor(1143, device='cuda:0')},fp {0: tensor(1143, device='cuda:0'), 1: tensor(16044, device='cuda:0')}
INFO:root:VALID measures microavg - precision 0.7357 - recall 0.7357 - f1 0.7357 
INFO:root:VALID measures for class 0 - precision 0.9765 - recall 0.7471 - f1 0.8465 
INFO:root:VALID measures for class 1 - precision 0.0269 - recall 0.2793 - f1 0.0490 
INFO:root:VALID measures@10 microavg - precision 0.5167 - recall 0.0005 - f1 0.0010 
INFO:root:VALID measures@10 for class 0 - precision 1.0000 - recall 0.0005 - f1 0.0009 
INFO:root:VALID measures@10 for class 1 - precision 0.0333 - recall 0.0006 - f1 0.0012 
INFO:root:VALID measures@100 microavg - precision 0.5167 - recall 0.0048 - f1 0.0094 
INFO:root:VALID measures@100 for class 0 - precision 1.0000 - recall 0.0047 - f1 0.0094 
INFO:root:VALID measures@100 for class 1 - precision 0.0333 - recall 0.0063 - f1 0.0106 
INFO:root:VALID measures@1000 microavg - precision 0.5138 - recall 0.0474 - f1 0.0868 
INFO:root:VALID measures@1000 for class 0 - precision 1.0000 - recall 0.0473 - f1 0.0903 
INFO:root:VALID measures@1000 for class 1 - precision 0.0277 - recall 0.0523 - f1 0.0362 
INFO:root:VALID Total epoch time: 41.04236180521548
INFO:root:################ TRAIN epoch 10 ###################
INFO:root:TRAIN mean losses tensor(0.0603, device='cuda:0')
INFO:root:TRAIN mean errors 0.47769680619239807
INFO:root:TRAIN mean MRR 0.0 - mean MAP 0.05726271829813792
INFO:root:TRAIN tp {0: tensor(115210, device='cuda:0'), 1: tensor(6495, device='cuda:0')},fn {0: tensor(106710, device='cuda:0'), 1: tensor(4601, device='cuda:0')},fp {0: tensor(4601, device='cuda:0'), 1: tensor(106710, device='cuda:0')}
INFO:root:TRAIN measures microavg - precision 0.5223 - recall 0.5223 - f1 0.5223 
INFO:root:TRAIN measures for class 0 - precision 0.9616 - recall 0.5192 - f1 0.6743 
INFO:root:TRAIN measures for class 1 - precision 0.0574 - recall 0.5853 - f1 0.1045 
INFO:root:TRAIN measures@10 microavg - precision 0.5600 - recall 0.0002 - f1 0.0005 
INFO:root:TRAIN measures@10 for class 0 - precision 1.0000 - recall 0.0002 - f1 0.0005 
INFO:root:TRAIN measures@10 for class 1 - precision 0.1200 - recall 0.0005 - f1 0.0011 
INFO:root:TRAIN measures@100 microavg - precision 0.5270 - recall 0.0023 - f1 0.0045 
INFO:root:TRAIN measures@100 for class 0 - precision 1.0000 - recall 0.0023 - f1 0.0045 
INFO:root:TRAIN measures@100 for class 1 - precision 0.0540 - recall 0.0024 - f1 0.0047 
INFO:root:TRAIN measures@1000 microavg - precision 0.5270 - recall 0.0226 - f1 0.0434 
INFO:root:TRAIN measures@1000 for class 0 - precision 1.0000 - recall 0.0225 - f1 0.0441 
INFO:root:TRAIN measures@1000 for class 1 - precision 0.0540 - recall 0.0243 - f1 0.0335 
INFO:root:TRAIN Total epoch time: 0.8957596821710467
INFO:root:################ VALID epoch 10 ###################
INFO:root:VALID mean losses tensor(0.0461, device='cuda:0')
INFO:root:VALID mean errors 0.2590348422527313
INFO:root:VALID mean MRR 0.0900635462734586 - mean MAP 0.027159182989633456
INFO:root:VALID tp {0: tensor(47739, device='cuda:0'), 1: tensor(443, device='cuda:0')},fn {0: tensor(15701, device='cuda:0'), 1: tensor(1143, device='cuda:0')},fp {0: tensor(1143, device='cuda:0'), 1: tensor(15701, device='cuda:0')}
INFO:root:VALID measures microavg - precision 0.7410 - recall 0.7410 - f1 0.7410 
INFO:root:VALID measures for class 0 - precision 0.9766 - recall 0.7525 - f1 0.8500 
INFO:root:VALID measures for class 1 - precision 0.0274 - recall 0.2793 - f1 0.0500 
INFO:root:VALID measures@10 microavg - precision 0.5000 - recall 0.0005 - f1 0.0009 
INFO:root:VALID measures@10 for class 0 - precision 1.0000 - recall 0.0005 - f1 0.0009 
INFO:root:VALID measures@10 for class 1 - precision 0.0000 - recall 0.0000 - f1 0.0000 
INFO:root:VALID measures@100 microavg - precision 0.5150 - recall 0.0048 - f1 0.0094 
INFO:root:VALID measures@100 for class 0 - precision 1.0000 - recall 0.0047 - f1 0.0094 
INFO:root:VALID measures@100 for class 1 - precision 0.0300 - recall 0.0057 - f1 0.0095 
INFO:root:VALID measures@1000 microavg - precision 0.5145 - recall 0.0475 - f1 0.0869 
INFO:root:VALID measures@1000 for class 0 - precision 1.0000 - recall 0.0473 - f1 0.0903 
INFO:root:VALID measures@1000 for class 1 - precision 0.0290 - recall 0.0549 - f1 0.0379 
INFO:root:VALID Total epoch time: 40.78164546377957
INFO:root:################ TEST epoch 10 ###################
INFO:root:TEST batch 1 / 2 - partial error 0.1738 - partial loss 0.0459 - partial MRR  0.0672 - partial MAP 0.0257
INFO:root:TEST batch 1 / 2 -  partial tp {0: tensor(17052, device='cuda:0'), 1: tensor(88, device='cuda:0')},fn {0: tensor(3188, device='cuda:0'), 1: tensor(418, device='cuda:0')},fp {0: tensor(418, device='cuda:0'), 1: tensor(3188, device='cuda:0')}
INFO:root:TEST batch 1 / 2 - measures partial microavg - precision 0.8262 - recall 0.8262 - f1 0.8262 
INFO:root:TEST batch 1 / 2 - measures partial for class 0 - precision 0.9761 - recall 0.8425 - f1 0.9044 
INFO:root:TEST batch 1 / 2 - measures partial for class 1 - precision 0.0269 - recall 0.1739 - f1 0.0465 
INFO:root:TEST batch 1 / 2 - Batch time 13 
INFO:root:TEST batch 2 / 2 - partial error 0.1881 - partial loss 0.0454 - partial MRR  0.0789 - partial MAP 0.0272
INFO:root:TEST batch 2 / 2 -  partial tp {0: tensor(21138, device='cuda:0'), 1: tensor(138, device='cuda:0')},fn {0: tensor(4782, device='cuda:0'), 1: tensor(510, device='cuda:0')},fp {0: tensor(510, device='cuda:0'), 1: tensor(4782, device='cuda:0')}
INFO:root:TEST batch 2 / 2 - measures partial microavg - precision 0.8008 - recall 0.8008 - f1 0.8008 
INFO:root:TEST batch 2 / 2 - measures partial for class 0 - precision 0.9764 - recall 0.8155 - f1 0.8887 
INFO:root:TEST batch 2 / 2 - measures partial for class 1 - precision 0.0280 - recall 0.2130 - f1 0.0496 
INFO:root:TEST batch 2 / 2 - Batch time 13 
INFO:root:TEST mean losses tensor(0.0454, device='cuda:0')
INFO:root:TEST mean errors 0.18806272745132446
INFO:root:TEST mean MRR 0.07885701920784752 - mean MAP 0.027158971750875564
INFO:root:TEST tp {0: tensor(38190, device='cuda:0'), 1: tensor(226, device='cuda:0')},fn {0: tensor(7970, device='cuda:0'), 1: tensor(928, device='cuda:0')},fp {0: tensor(928, device='cuda:0'), 1: tensor(7970, device='cuda:0')}
INFO:root:TEST measures microavg - precision 0.8119 - recall 0.8119 - f1 0.8119 
INFO:root:TEST measures for class 0 - precision 0.9763 - recall 0.8273 - f1 0.8957 
INFO:root:TEST measures for class 1 - precision 0.0276 - recall 0.1958 - f1 0.0483 
INFO:root:TEST measures@10 microavg - precision 0.5000 - recall 0.0004 - f1 0.0008 
INFO:root:TEST measures@10 for class 0 - precision 1.0000 - recall 0.0004 - f1 0.0009 
INFO:root:TEST measures@10 for class 1 - precision 0.0000 - recall 0.0000 - f1 0.0000 
INFO:root:TEST measures@100 microavg - precision 0.5050 - recall 0.0043 - f1 0.0085 
INFO:root:TEST measures@100 for class 0 - precision 1.0000 - recall 0.0043 - f1 0.0086 
INFO:root:TEST measures@100 for class 1 - precision 0.0100 - recall 0.0017 - f1 0.0030 
INFO:root:TEST measures@1000 microavg - precision 0.5138 - recall 0.0434 - f1 0.0801 
INFO:root:TEST measures@1000 for class 0 - precision 1.0000 - recall 0.0433 - f1 0.0831 
INFO:root:TEST measures@1000 for class 1 - precision 0.0275 - recall 0.0477 - f1 0.0349 
INFO:root:TEST Total epoch time: 27.39779578987509
INFO:root:################ TRAIN epoch 11 ###################
INFO:root:TRAIN mean losses tensor(0.0594, device='cuda:0')
INFO:root:TRAIN mean errors 0.3887200951576233
INFO:root:TRAIN mean MRR 0.0 - mean MAP 0.05844577561492487
INFO:root:TRAIN tp {0: tensor(137253, device='cuda:0'), 1: tensor(5185, device='cuda:0')},fn {0: tensor(84667, device='cuda:0'), 1: tensor(5911, device='cuda:0')},fp {0: tensor(5911, device='cuda:0'), 1: tensor(84667, device='cuda:0')}
INFO:root:TRAIN measures microavg - precision 0.6113 - recall 0.6113 - f1 0.6113 
INFO:root:TRAIN measures for class 0 - precision 0.9587 - recall 0.6185 - f1 0.7519 
INFO:root:TRAIN measures for class 1 - precision 0.0577 - recall 0.4673 - f1 0.1027 
INFO:root:TRAIN measures@10 microavg - precision 0.5500 - recall 0.0002 - f1 0.0005 
INFO:root:TRAIN measures@10 for class 0 - precision 1.0000 - recall 0.0002 - f1 0.0005 
INFO:root:TRAIN measures@10 for class 1 - precision 0.1000 - recall 0.0005 - f1 0.0009 
INFO:root:TRAIN measures@100 microavg - precision 0.5350 - recall 0.0023 - f1 0.0046 
INFO:root:TRAIN measures@100 for class 0 - precision 1.0000 - recall 0.0023 - f1 0.0045 
INFO:root:TRAIN measures@100 for class 1 - precision 0.0700 - recall 0.0032 - f1 0.0060 
INFO:root:TRAIN measures@1000 microavg - precision 0.5285 - recall 0.0227 - f1 0.0435 
INFO:root:TRAIN measures@1000 for class 0 - precision 1.0000 - recall 0.0225 - f1 0.0441 
INFO:root:TRAIN measures@1000 for class 1 - precision 0.0570 - recall 0.0257 - f1 0.0354 
INFO:root:TRAIN Total epoch time: 0.9435766907408834
INFO:root:################ VALID epoch 11 ###################
INFO:root:VALID mean losses tensor(0.0467, device='cuda:0')
INFO:root:VALID mean errors 0.2605573236942291
INFO:root:VALID mean MRR 0.10555920580133904 - mean MAP 0.02946796257980549
INFO:root:VALID tp {0: tensor(47640, device='cuda:0'), 1: tensor(443, device='cuda:0')},fn {0: tensor(15800, device='cuda:0'), 1: tensor(1143, device='cuda:0')},fp {0: tensor(1143, device='cuda:0'), 1: tensor(15800, device='cuda:0')}
INFO:root:VALID measures microavg - precision 0.7394 - recall 0.7394 - f1 0.7394 
INFO:root:VALID measures for class 0 - precision 0.9766 - recall 0.7509 - f1 0.8490 
INFO:root:VALID measures for class 1 - precision 0.0273 - recall 0.2793 - f1 0.0497 
INFO:root:VALID measures@10 microavg - precision 0.5333 - recall 0.0005 - f1 0.0010 
INFO:root:VALID measures@10 for class 0 - precision 1.0000 - recall 0.0005 - f1 0.0009 
INFO:root:VALID measures@10 for class 1 - precision 0.0667 - recall 0.0013 - f1 0.0025 
INFO:root:VALID measures@100 microavg - precision 0.5183 - recall 0.0048 - f1 0.0095 
INFO:root:VALID measures@100 for class 0 - precision 1.0000 - recall 0.0047 - f1 0.0094 
INFO:root:VALID measures@100 for class 1 - precision 0.0367 - recall 0.0069 - f1 0.0117 
INFO:root:VALID measures@1000 microavg - precision 0.5167 - recall 0.0477 - f1 0.0873 
INFO:root:VALID measures@1000 for class 0 - precision 1.0000 - recall 0.0473 - f1 0.0903 
INFO:root:VALID measures@1000 for class 1 - precision 0.0333 - recall 0.0631 - f1 0.0436 
INFO:root:VALID Total epoch time: 40.91771962773055
INFO:root:################ TRAIN epoch 12 ###################
INFO:root:TRAIN mean losses tensor(0.0590, device='cuda:0')
INFO:root:TRAIN mean errors 0.6065549254417419
INFO:root:TRAIN mean MRR 0.0 - mean MAP 0.05871651956626652
INFO:root:TRAIN tp {0: tensor(83120, device='cuda:0'), 1: tensor(8559, device='cuda:0')},fn {0: tensor(138800, device='cuda:0'), 1: tensor(2537, device='cuda:0')},fp {0: tensor(2537, device='cuda:0'), 1: tensor(138800, device='cuda:0')}
INFO:root:TRAIN measures microavg - precision 0.3934 - recall 0.3934 - f1 0.3934 
INFO:root:TRAIN measures for class 0 - precision 0.9704 - recall 0.3745 - f1 0.5405 
INFO:root:TRAIN measures for class 1 - precision 0.0581 - recall 0.7714 - f1 0.1080 
INFO:root:TRAIN measures@10 microavg - precision 0.5100 - recall 0.0002 - f1 0.0004 
INFO:root:TRAIN measures@10 for class 0 - precision 1.0000 - recall 0.0002 - f1 0.0005 
INFO:root:TRAIN measures@10 for class 1 - precision 0.0200 - recall 0.0001 - f1 0.0002 
INFO:root:TRAIN measures@100 microavg - precision 0.5300 - recall 0.0023 - f1 0.0045 
INFO:root:TRAIN measures@100 for class 0 - precision 1.0000 - recall 0.0023 - f1 0.0045 
INFO:root:TRAIN measures@100 for class 1 - precision 0.0600 - recall 0.0027 - f1 0.0052 
INFO:root:TRAIN measures@1000 microavg - precision 0.5285 - recall 0.0227 - f1 0.0435 
INFO:root:TRAIN measures@1000 for class 0 - precision 1.0000 - recall 0.0225 - f1 0.0441 
INFO:root:TRAIN measures@1000 for class 1 - precision 0.0570 - recall 0.0257 - f1 0.0354 
INFO:root:TRAIN Total epoch time: 1.2150007272139192
INFO:root:################ VALID epoch 12 ###################
INFO:root:VALID mean losses tensor(0.0480, device='cuda:0')
INFO:root:VALID mean errors 0.8755728602409363
INFO:root:VALID mean MRR 0.08177578828043254 - mean MAP 0.02684413204993149
INFO:root:VALID tp {0: tensor(6505, device='cuda:0'), 1: tensor(1586, device='cuda:0')},fn {0: tensor(56935, device='cuda:0'), 1: tensor(0, device='cuda:0')},fp {0: tensor(0, device='cuda:0'), 1: tensor(56935, device='cuda:0')}
INFO:root:VALID measures microavg - precision 0.1244 - recall 0.1244 - f1 0.1244 
INFO:root:VALID measures for class 0 - precision 1.0000 - recall 0.1025 - f1 0.1860 
INFO:root:VALID measures for class 1 - precision 0.0271 - recall 1.0000 - f1 0.0528 
INFO:root:VALID measures@10 microavg - precision 0.5000 - recall 0.0005 - f1 0.0009 
INFO:root:VALID measures@10 for class 0 - precision 1.0000 - recall 0.0005 - f1 0.0009 
INFO:root:VALID measures@10 for class 1 - precision 0.0000 - recall 0.0000 - f1 0.0000 
INFO:root:VALID measures@100 microavg - precision 0.5150 - recall 0.0048 - f1 0.0094 
INFO:root:VALID measures@100 for class 0 - precision 1.0000 - recall 0.0047 - f1 0.0094 
INFO:root:VALID measures@100 for class 1 - precision 0.0300 - recall 0.0057 - f1 0.0095 
INFO:root:VALID measures@1000 microavg - precision 0.5140 - recall 0.0474 - f1 0.0868 
INFO:root:VALID measures@1000 for class 0 - precision 1.0000 - recall 0.0473 - f1 0.0903 
INFO:root:VALID measures@1000 for class 1 - precision 0.0280 - recall 0.0530 - f1 0.0366 
INFO:root:VALID Total epoch time: 41.1762605542317
INFO:root:################ TEST epoch 12 ###################
INFO:root:TEST batch 1 / 2 - partial error 0.8792 - partial loss 0.0479 - partial MRR  0.0833 - partial MAP 0.0268
INFO:root:TEST batch 1 / 2 -  partial tp {0: tensor(2000, device='cuda:0'), 1: tensor(506, device='cuda:0')},fn {0: tensor(18240, device='cuda:0'), 1: tensor(0, device='cuda:0')},fp {0: tensor(0, device='cuda:0'), 1: tensor(18240, device='cuda:0')}
INFO:root:TEST batch 1 / 2 - measures partial microavg - precision 0.1208 - recall 0.1208 - f1 0.1208 
INFO:root:TEST batch 1 / 2 - measures partial for class 0 - precision 1.0000 - recall 0.0988 - f1 0.1799 
INFO:root:TEST batch 1 / 2 - measures partial for class 1 - precision 0.0270 - recall 1.0000 - f1 0.0526 
INFO:root:TEST batch 1 / 2 - Batch time 13 
INFO:root:TEST batch 2 / 2 - partial error 0.8573 - partial loss 0.0473 - partial MRR  0.0959 - partial MAP 0.0285
INFO:root:TEST batch 2 / 2 -  partial tp {0: tensor(3600, device='cuda:0'), 1: tensor(648, device='cuda:0')},fn {0: tensor(22320, device='cuda:0'), 1: tensor(0, device='cuda:0')},fp {0: tensor(0, device='cuda:0'), 1: tensor(22320, device='cuda:0')}
INFO:root:TEST batch 2 / 2 - measures partial microavg - precision 0.1599 - recall 0.1599 - f1 0.1599 
INFO:root:TEST batch 2 / 2 - measures partial for class 0 - precision 1.0000 - recall 0.1389 - f1 0.2439 
INFO:root:TEST batch 2 / 2 - measures partial for class 1 - precision 0.0282 - recall 1.0000 - f1 0.0549 
INFO:root:TEST batch 2 / 2 - Batch time 13 
INFO:root:TEST mean losses tensor(0.0473, device='cuda:0')
INFO:root:TEST mean errors 0.8572515249252319
INFO:root:TEST mean MRR 0.09586567712444463 - mean MAP 0.028455204951999987
INFO:root:TEST tp {0: tensor(5600, device='cuda:0'), 1: tensor(1154, device='cuda:0')},fn {0: tensor(40560, device='cuda:0'), 1: tensor(0, device='cuda:0')},fp {0: tensor(0, device='cuda:0'), 1: tensor(40560, device='cuda:0')}
INFO:root:TEST measures microavg - precision 0.1427 - recall 0.1427 - f1 0.1427 
INFO:root:TEST measures for class 0 - precision 1.0000 - recall 0.1213 - f1 0.2164 
INFO:root:TEST measures for class 1 - precision 0.0277 - recall 1.0000 - f1 0.0538 
INFO:root:TEST measures@10 microavg - precision 0.5250 - recall 0.0004 - f1 0.0009 
INFO:root:TEST measures@10 for class 0 - precision 1.0000 - recall 0.0004 - f1 0.0009 
INFO:root:TEST measures@10 for class 1 - precision 0.0500 - recall 0.0009 - f1 0.0017 
INFO:root:TEST measures@100 microavg - precision 0.5300 - recall 0.0045 - f1 0.0089 
INFO:root:TEST measures@100 for class 0 - precision 1.0000 - recall 0.0043 - f1 0.0086 
INFO:root:TEST measures@100 for class 1 - precision 0.0600 - recall 0.0104 - f1 0.0177 
INFO:root:TEST measures@1000 microavg - precision 0.5148 - recall 0.0435 - f1 0.0803 
INFO:root:TEST measures@1000 for class 0 - precision 1.0000 - recall 0.0433 - f1 0.0831 
INFO:root:TEST measures@1000 for class 1 - precision 0.0295 - recall 0.0511 - f1 0.0374 
INFO:root:TEST Total epoch time: 27.659022332169116
INFO:root:################ TRAIN epoch 13 ###################
INFO:root:TRAIN mean losses tensor(0.0588, device='cuda:0')
INFO:root:TRAIN mean errors 0.7029603123664856
INFO:root:TRAIN mean MRR 0.0 - mean MAP 0.05901397550482031
INFO:root:TRAIN tp {0: tensor(59162, device='cuda:0'), 1: tensor(10053, device='cuda:0')},fn {0: tensor(162758, device='cuda:0'), 1: tensor(1043, device='cuda:0')},fp {0: tensor(1043, device='cuda:0'), 1: tensor(162758, device='cuda:0')}
INFO:root:TRAIN measures microavg - precision 0.2970 - recall 0.2970 - f1 0.2970 
INFO:root:TRAIN measures for class 0 - precision 0.9827 - recall 0.2666 - f1 0.4194 
INFO:root:TRAIN measures for class 1 - precision 0.0582 - recall 0.9060 - f1 0.1093 
INFO:root:TRAIN measures@10 microavg - precision 0.5600 - recall 0.0002 - f1 0.0005 
INFO:root:TRAIN measures@10 for class 0 - precision 1.0000 - recall 0.0002 - f1 0.0005 
INFO:root:TRAIN measures@10 for class 1 - precision 0.1200 - recall 0.0005 - f1 0.0011 
INFO:root:TRAIN measures@100 microavg - precision 0.5370 - recall 0.0023 - f1 0.0046 
INFO:root:TRAIN measures@100 for class 0 - precision 1.0000 - recall 0.0023 - f1 0.0045 
INFO:root:TRAIN measures@100 for class 1 - precision 0.0740 - recall 0.0033 - f1 0.0064 
INFO:root:TRAIN measures@1000 microavg - precision 0.5263 - recall 0.0226 - f1 0.0433 
INFO:root:TRAIN measures@1000 for class 0 - precision 1.0000 - recall 0.0225 - f1 0.0441 
INFO:root:TRAIN measures@1000 for class 1 - precision 0.0526 - recall 0.0237 - f1 0.0327 
INFO:root:TRAIN Total epoch time: 0.9300601342692971
INFO:root:################ VALID epoch 13 ###################
INFO:root:VALID mean losses tensor(0.0489, device='cuda:0')
INFO:root:VALID mean errors 0.876080334186554
INFO:root:VALID mean MRR 0.09992636053165235 - mean MAP 0.02894313743177892
INFO:root:VALID tp {0: tensor(6472, device='cuda:0'), 1: tensor(1586, device='cuda:0')},fn {0: tensor(56968, device='cuda:0'), 1: tensor(0, device='cuda:0')},fp {0: tensor(0, device='cuda:0'), 1: tensor(56968, device='cuda:0')}
INFO:root:VALID measures microavg - precision 0.1239 - recall 0.1239 - f1 0.1239 
INFO:root:VALID measures for class 0 - precision 1.0000 - recall 0.1020 - f1 0.1851 
INFO:root:VALID measures for class 1 - precision 0.0271 - recall 1.0000 - f1 0.0527 
INFO:root:VALID measures@10 microavg - precision 0.5333 - recall 0.0005 - f1 0.0010 
INFO:root:VALID measures@10 for class 0 - precision 1.0000 - recall 0.0005 - f1 0.0009 
INFO:root:VALID measures@10 for class 1 - precision 0.0667 - recall 0.0013 - f1 0.0025 
INFO:root:VALID measures@100 microavg - precision 0.5167 - recall 0.0048 - f1 0.0094 
INFO:root:VALID measures@100 for class 0 - precision 1.0000 - recall 0.0047 - f1 0.0094 
INFO:root:VALID measures@100 for class 1 - precision 0.0333 - recall 0.0063 - f1 0.0106 
INFO:root:VALID measures@1000 microavg - precision 0.5165 - recall 0.0477 - f1 0.0873 
INFO:root:VALID measures@1000 for class 0 - precision 1.0000 - recall 0.0473 - f1 0.0903 
INFO:root:VALID measures@1000 for class 1 - precision 0.0330 - recall 0.0624 - f1 0.0432 
INFO:root:VALID Total epoch time: 40.88585748337209
INFO:root:################ TRAIN epoch 14 ###################
INFO:root:TRAIN mean losses tensor(0.0588, device='cuda:0')
INFO:root:TRAIN mean errors 0.6537362337112427
INFO:root:TRAIN mean MRR 0.0 - mean MAP 0.060416989504599034
INFO:root:TRAIN tp {0: tensor(71373, device='cuda:0'), 1: tensor(9312, device='cuda:0')},fn {0: tensor(150547, device='cuda:0'), 1: tensor(1784, device='cuda:0')},fp {0: tensor(1784, device='cuda:0'), 1: tensor(150547, device='cuda:0')}
INFO:root:TRAIN measures microavg - precision 0.3463 - recall 0.3463 - f1 0.3463 
INFO:root:TRAIN measures for class 0 - precision 0.9756 - recall 0.3216 - f1 0.4838 
INFO:root:TRAIN measures for class 1 - precision 0.0583 - recall 0.8392 - f1 0.1089 
INFO:root:TRAIN measures@10 microavg - precision 0.5400 - recall 0.0002 - f1 0.0005 
INFO:root:TRAIN measures@10 for class 0 - precision 1.0000 - recall 0.0002 - f1 0.0005 
INFO:root:TRAIN measures@10 for class 1 - precision 0.0800 - recall 0.0004 - f1 0.0007 
INFO:root:TRAIN measures@100 microavg - precision 0.5450 - recall 0.0023 - f1 0.0047 
INFO:root:TRAIN measures@100 for class 0 - precision 1.0000 - recall 0.0023 - f1 0.0045 
INFO:root:TRAIN measures@100 for class 1 - precision 0.0900 - recall 0.0041 - f1 0.0078 
INFO:root:TRAIN measures@1000 microavg - precision 0.5315 - recall 0.0228 - f1 0.0437 
INFO:root:TRAIN measures@1000 for class 0 - precision 1.0000 - recall 0.0225 - f1 0.0441 
INFO:root:TRAIN measures@1000 for class 1 - precision 0.0630 - recall 0.0284 - f1 0.0391 
INFO:root:TRAIN Total epoch time: 0.9283234523609281
INFO:root:################ VALID epoch 14 ###################
INFO:root:VALID mean losses tensor(0.0495, device='cuda:0')
INFO:root:VALID mean errors 0.8766646981239319
INFO:root:VALID mean MRR 0.08703325646718958 - mean MAP 0.029472343987319176
INFO:root:VALID tp {0: tensor(6434, device='cuda:0'), 1: tensor(1586, device='cuda:0')},fn {0: tensor(57006, device='cuda:0'), 1: tensor(0, device='cuda:0')},fp {0: tensor(0, device='cuda:0'), 1: tensor(57006, device='cuda:0')}
INFO:root:VALID measures microavg - precision 0.1233 - recall 0.1233 - f1 0.1233 
INFO:root:VALID measures for class 0 - precision 1.0000 - recall 0.1014 - f1 0.1842 
INFO:root:VALID measures for class 1 - precision 0.0271 - recall 1.0000 - f1 0.0527 
INFO:root:VALID measures@10 microavg - precision 0.5500 - recall 0.0005 - f1 0.0010 
INFO:root:VALID measures@10 for class 0 - precision 1.0000 - recall 0.0005 - f1 0.0009 
INFO:root:VALID measures@10 for class 1 - precision 0.1000 - recall 0.0019 - f1 0.0037 
INFO:root:VALID measures@100 microavg - precision 0.5183 - recall 0.0048 - f1 0.0095 
INFO:root:VALID measures@100 for class 0 - precision 1.0000 - recall 0.0047 - f1 0.0094 
INFO:root:VALID measures@100 for class 1 - precision 0.0367 - recall 0.0069 - f1 0.0117 
INFO:root:VALID measures@1000 microavg - precision 0.5157 - recall 0.0476 - f1 0.0871 
INFO:root:VALID measures@1000 for class 0 - precision 1.0000 - recall 0.0473 - f1 0.0903 
INFO:root:VALID measures@1000 for class 1 - precision 0.0313 - recall 0.0593 - f1 0.0410 
INFO:root:VALID Total epoch time: 41.35287675913423
INFO:root:################ TRAIN epoch 15 ###################
INFO:root:TRAIN mean losses tensor(0.0587, device='cuda:0')
INFO:root:TRAIN mean errors 0.562699556350708
INFO:root:TRAIN mean MRR 0.0 - mean MAP 0.05930838571743909
INFO:root:TRAIN tp {0: tensor(93954, device='cuda:0'), 1: tensor(7944, device='cuda:0')},fn {0: tensor(127966, device='cuda:0'), 1: tensor(3152, device='cuda:0')},fp {0: tensor(3152, device='cuda:0'), 1: tensor(127966, device='cuda:0')}
INFO:root:TRAIN measures microavg - precision 0.4373 - recall 0.4373 - f1 0.4373 
INFO:root:TRAIN measures for class 0 - precision 0.9675 - recall 0.4234 - f1 0.5890 
INFO:root:TRAIN measures for class 1 - precision 0.0585 - recall 0.7159 - f1 0.1081 
INFO:root:TRAIN measures@10 microavg - precision 0.5000 - recall 0.0002 - f1 0.0004 
INFO:root:TRAIN measures@10 for class 0 - precision 1.0000 - recall 0.0002 - f1 0.0005 
INFO:root:TRAIN measures@10 for class 1 - precision 0.0000 - recall 0.0000 - f1 0.0000 
INFO:root:TRAIN measures@100 microavg - precision 0.5320 - recall 0.0023 - f1 0.0045 
INFO:root:TRAIN measures@100 for class 0 - precision 1.0000 - recall 0.0023 - f1 0.0045 
INFO:root:TRAIN measures@100 for class 1 - precision 0.0640 - recall 0.0029 - f1 0.0055 
INFO:root:TRAIN measures@1000 microavg - precision 0.5299 - recall 0.0227 - f1 0.0436 
INFO:root:TRAIN measures@1000 for class 0 - precision 1.0000 - recall 0.0225 - f1 0.0441 
INFO:root:TRAIN measures@1000 for class 1 - precision 0.0598 - recall 0.0269 - f1 0.0372 
INFO:root:TRAIN Total epoch time: 0.9191524339839816
INFO:root:################ VALID epoch 15 ###################
INFO:root:VALID mean losses tensor(0.0494, device='cuda:0')
INFO:root:VALID mean errors 0.8727739453315735
INFO:root:VALID mean MRR 0.08127119028864983 - mean MAP 0.02783359553080866
INFO:root:VALID tp {0: tensor(6687, device='cuda:0'), 1: tensor(1586, device='cuda:0')},fn {0: tensor(56753, device='cuda:0'), 1: tensor(0, device='cuda:0')},fp {0: tensor(0, device='cuda:0'), 1: tensor(56753, device='cuda:0')}
INFO:root:VALID measures microavg - precision 0.1272 - recall 0.1272 - f1 0.1272 
INFO:root:VALID measures for class 0 - precision 1.0000 - recall 0.1054 - f1 0.1907 
INFO:root:VALID measures for class 1 - precision 0.0272 - recall 1.0000 - f1 0.0529 
INFO:root:VALID measures@10 microavg - precision 0.5000 - recall 0.0005 - f1 0.0009 
INFO:root:VALID measures@10 for class 0 - precision 1.0000 - recall 0.0005 - f1 0.0009 
INFO:root:VALID measures@10 for class 1 - precision 0.0000 - recall 0.0000 - f1 0.0000 
INFO:root:VALID measures@100 microavg - precision 0.5083 - recall 0.0047 - f1 0.0093 
INFO:root:VALID measures@100 for class 0 - precision 1.0000 - recall 0.0047 - f1 0.0094 
INFO:root:VALID measures@100 for class 1 - precision 0.0167 - recall 0.0032 - f1 0.0053 
INFO:root:VALID measures@1000 microavg - precision 0.5145 - recall 0.0475 - f1 0.0869 
INFO:root:VALID measures@1000 for class 0 - precision 1.0000 - recall 0.0473 - f1 0.0903 
INFO:root:VALID measures@1000 for class 1 - precision 0.0290 - recall 0.0549 - f1 0.0379 
INFO:root:VALID Total epoch time: 41.15397665463388
INFO:root:################ TEST epoch 15 ###################
INFO:root:TEST batch 1 / 2 - partial error 0.8783 - partial loss 0.0494 - partial MRR  0.0987 - partial MAP 0.0258
INFO:root:TEST batch 1 / 2 -  partial tp {0: tensor(2018, device='cuda:0'), 1: tensor(506, device='cuda:0')},fn {0: tensor(18222, device='cuda:0'), 1: tensor(0, device='cuda:0')},fp {0: tensor(0, device='cuda:0'), 1: tensor(18222, device='cuda:0')}
INFO:root:TEST batch 1 / 2 - measures partial microavg - precision 0.1217 - recall 0.1217 - f1 0.1217 
INFO:root:TEST batch 1 / 2 - measures partial for class 0 - precision 1.0000 - recall 0.0997 - f1 0.1813 
INFO:root:TEST batch 1 / 2 - measures partial for class 1 - precision 0.0270 - recall 1.0000 - f1 0.0526 
INFO:root:TEST batch 1 / 2 - Batch time 14 
INFO:root:TEST batch 2 / 2 - partial error 0.8573 - partial loss 0.0488 - partial MRR  0.0997 - partial MAP 0.0286
INFO:root:TEST batch 2 / 2 -  partial tp {0: tensor(3578, device='cuda:0'), 1: tensor(648, device='cuda:0')},fn {0: tensor(22342, device='cuda:0'), 1: tensor(0, device='cuda:0')},fp {0: tensor(0, device='cuda:0'), 1: tensor(22342, device='cuda:0')}
INFO:root:TEST batch 2 / 2 - measures partial microavg - precision 0.1591 - recall 0.1591 - f1 0.1591 
INFO:root:TEST batch 2 / 2 - measures partial for class 0 - precision 1.0000 - recall 0.1380 - f1 0.2426 
INFO:root:TEST batch 2 / 2 - measures partial for class 1 - precision 0.0282 - recall 1.0000 - f1 0.0548 
INFO:root:TEST batch 2 / 2 - Batch time 13 
INFO:root:TEST mean losses tensor(0.0488, device='cuda:0')
INFO:root:TEST mean errors 0.8573361039161682
INFO:root:TEST mean MRR 0.09966926048394267 - mean MAP 0.02861476432130369
INFO:root:TEST tp {0: tensor(5596, device='cuda:0'), 1: tensor(1154, device='cuda:0')},fn {0: tensor(40564, device='cuda:0'), 1: tensor(0, device='cuda:0')},fp {0: tensor(0, device='cuda:0'), 1: tensor(40564, device='cuda:0')}
INFO:root:TEST measures microavg - precision 0.1427 - recall 0.1427 - f1 0.1427 
INFO:root:TEST measures for class 0 - precision 1.0000 - recall 0.1212 - f1 0.2162 
INFO:root:TEST measures for class 1 - precision 0.0277 - recall 1.0000 - f1 0.0538 
INFO:root:TEST measures@10 microavg - precision 0.5250 - recall 0.0004 - f1 0.0009 
INFO:root:TEST measures@10 for class 0 - precision 1.0000 - recall 0.0004 - f1 0.0009 
INFO:root:TEST measures@10 for class 1 - precision 0.0500 - recall 0.0009 - f1 0.0017 
INFO:root:TEST measures@100 microavg - precision 0.5125 - recall 0.0043 - f1 0.0086 
INFO:root:TEST measures@100 for class 0 - precision 1.0000 - recall 0.0043 - f1 0.0086 
INFO:root:TEST measures@100 for class 1 - precision 0.0250 - recall 0.0043 - f1 0.0074 
INFO:root:TEST measures@1000 microavg - precision 0.5122 - recall 0.0433 - f1 0.0799 
INFO:root:TEST measures@1000 for class 0 - precision 1.0000 - recall 0.0433 - f1 0.0831 
INFO:root:TEST measures@1000 for class 1 - precision 0.0245 - recall 0.0425 - f1 0.0311 
INFO:root:TEST Total epoch time: 28.086044136434793
INFO:root:################ TRAIN epoch 16 ###################
INFO:root:TRAIN mean losses tensor(0.0589, device='cuda:0')
INFO:root:TRAIN mean errors 0.7202380895614624
INFO:root:TRAIN mean MRR 0.0 - mean MAP 0.05924347035693381
INFO:root:TRAIN tp {0: tensor(54784, device='cuda:0'), 1: tensor(10405, device='cuda:0')},fn {0: tensor(167136, device='cuda:0'), 1: tensor(691, device='cuda:0')},fp {0: tensor(691, device='cuda:0'), 1: tensor(167136, device='cuda:0')}
INFO:root:TRAIN measures microavg - precision 0.2798 - recall 0.2798 - f1 0.2798 
INFO:root:TRAIN measures for class 0 - precision 0.9875 - recall 0.2469 - f1 0.3950 
INFO:root:TRAIN measures for class 1 - precision 0.0586 - recall 0.9377 - f1 0.1103 
INFO:root:TRAIN measures@10 microavg - precision 0.5100 - recall 0.0002 - f1 0.0004 
INFO:root:TRAIN measures@10 for class 0 - precision 1.0000 - recall 0.0002 - f1 0.0005 
INFO:root:TRAIN measures@10 for class 1 - precision 0.0200 - recall 0.0001 - f1 0.0002 
INFO:root:TRAIN measures@100 microavg - precision 0.5150 - recall 0.0022 - f1 0.0044 
INFO:root:TRAIN measures@100 for class 0 - precision 1.0000 - recall 0.0023 - f1 0.0045 
INFO:root:TRAIN measures@100 for class 1 - precision 0.0300 - recall 0.0014 - f1 0.0026 
INFO:root:TRAIN measures@1000 microavg - precision 0.5289 - recall 0.0227 - f1 0.0435 
INFO:root:TRAIN measures@1000 for class 0 - precision 1.0000 - recall 0.0225 - f1 0.0441 
INFO:root:TRAIN measures@1000 for class 1 - precision 0.0578 - recall 0.0260 - f1 0.0359 
INFO:root:TRAIN Total epoch time: 0.9793561948463321
INFO:root:################ VALID epoch 16 ###################
