INFO:root:*** PARAMETERS ***
INFO:root:{'adj_mat_time_window': 5,
 'class_weights': [0.05, 0.95],
 'comments': ['comments'],
 'data': 'seir',
 'data_loading_params': {'batch_size': 1, 'num_workers': 0},
 'dev_proportion': 0.2,
 'device': 'cuda',
 'early_stop_patience': 50,
 'eval_after_epochs': 6,
 'gcn_parameters': {'cls_feats': 1024,
                    'cls_feats_max': 1024,
                    'cls_feats_min': 100,
                    'feats_per_node': 100,
                    'feats_per_node_max': 256,
                    'feats_per_node_min': 50,
                    'k_top_grcu': 200,
                    'layer_1_feats': 51,
                    'layer_1_feats_max': 200,
                    'layer_1_feats_min': 10,
                    'layer_2_feats': 51,
                    'layer_2_feats_same_as_l1': True,
                    'lstm_l1_feats': 157,
                    'lstm_l1_feats_max': 200,
                    'lstm_l1_feats_min': 10,
                    'lstm_l1_layers': 1,
                    'lstm_l2_feats': 157,
                    'lstm_l2_feats_same_as_l1': True,
                    'lstm_l2_layers': 1,
                    'num_layers': 2},
 'learning_rate': 0.005,
 'learning_rate_max': 0.1,
 'learning_rate_min': 0.0001,
 'model': 'egcn_o',
 'negative_mult_test': 20,
 'negative_mult_training': 10,
 'num_epochs': 100,
 'num_hist_steps': 5,
 'num_hist_steps_max': 10,
 'num_hist_steps_min': 2,
 'rank': 0,
 'save_node_embeddings': False,
 'save_state': True,
 'seed': 1234,
 'seir_args': <utils.Namespace object at 0x7f96abd38700>,
 'smart_neg_sampling': True,
 'steps_accum_gradients': 1,
 'target_class': 1,
 'target_measure': 'MAP',
 'task': 'link_pred',
 'train_proportion': 0.7,
 'use_1_hot_node_feats': True,
 'use_2_hot_node_feats': False,
 'use_cuda': True,
 'use_logfile': True,
 'wsize': 1}
INFO:root:
INFO:root:################ TRAIN epoch 0 ###################
INFO:root:TRAIN mean losses tensor(0.0886, device='cuda:0')
INFO:root:TRAIN mean errors 0.9090696573257446
INFO:root:TRAIN mean MRR 0.0 - mean MAP 0.10457150915461137
INFO:root:TRAIN tp {0: tensor(18, device='cuda:0'), 1: tensor(77053, device='cuda:0')},fn {0: tensor(770512, device='cuda:0'), 1: tensor(0, device='cuda:0')},fp {0: tensor(0, device='cuda:0'), 1: tensor(770512, device='cuda:0')}
INFO:root:TRAIN measures microavg - precision 0.0909 - recall 0.0909 - f1 0.0909 
INFO:root:TRAIN measures for class 0 - precision 1.0000 - recall 0.0000 - f1 0.0000 
INFO:root:TRAIN measures for class 1 - precision 0.0909 - recall 1.0000 - f1 0.1667 
INFO:root:TRAIN measures@10 microavg - precision 0.1833 - recall 0.0000 - f1 0.0000 
INFO:root:TRAIN measures@10 for class 0 - precision 1.0000 - recall 0.0000 - f1 0.0000 
INFO:root:TRAIN measures@10 for class 1 - precision 0.0200 - recall 0.0000 - f1 0.0000 
INFO:root:TRAIN measures@100 microavg - precision 0.0734 - recall 0.0000 - f1 0.0001 
INFO:root:TRAIN measures@100 for class 0 - precision 1.0000 - recall 0.0000 - f1 0.0000 
INFO:root:TRAIN measures@100 for class 1 - precision 0.0400 - recall 0.0003 - f1 0.0005 
INFO:root:TRAIN measures@1000 microavg - precision 0.0622 - recall 0.0004 - f1 0.0007 
INFO:root:TRAIN measures@1000 for class 0 - precision 1.0000 - recall 0.0000 - f1 0.0000 
INFO:root:TRAIN measures@1000 for class 1 - precision 0.0588 - recall 0.0038 - f1 0.0072 
INFO:root:TRAIN Total epoch time: 2.860333480872214
INFO:root:################ TRAIN epoch 1 ###################
INFO:root:TRAIN mean losses tensor(0.0841, device='cuda:0')
INFO:root:TRAIN mean errors 0.908007800579071
INFO:root:TRAIN mean MRR 0.0 - mean MAP 0.13264484005832647
INFO:root:TRAIN tp {0: tensor(921, device='cuda:0'), 1: tensor(77050, device='cuda:0')},fn {0: tensor(769609, device='cuda:0'), 1: tensor(3, device='cuda:0')},fp {0: tensor(3, device='cuda:0'), 1: tensor(769609, device='cuda:0')}
INFO:root:TRAIN measures microavg - precision 0.0920 - recall 0.0920 - f1 0.0920 
INFO:root:TRAIN measures for class 0 - precision 0.9968 - recall 0.0012 - f1 0.0024 
INFO:root:TRAIN measures for class 1 - precision 0.0910 - recall 1.0000 - f1 0.1668 
INFO:root:TRAIN measures@10 microavg - precision 0.3667 - recall 0.0000 - f1 0.0001 
INFO:root:TRAIN measures@10 for class 0 - precision 1.0000 - recall 0.0000 - f1 0.0000 
INFO:root:TRAIN measures@10 for class 1 - precision 0.2400 - recall 0.0002 - f1 0.0003 
INFO:root:TRAIN measures@100 microavg - precision 0.3250 - recall 0.0002 - f1 0.0005 
INFO:root:TRAIN measures@100 for class 0 - precision 1.0000 - recall 0.0001 - f1 0.0003 
INFO:root:TRAIN measures@100 for class 1 - precision 0.1900 - recall 0.0012 - f1 0.0024 
INFO:root:TRAIN measures@1000 microavg - precision 0.2786 - recall 0.0019 - f1 0.0039 
INFO:root:TRAIN measures@1000 for class 0 - precision 0.9967 - recall 0.0012 - f1 0.0024 
INFO:root:TRAIN measures@1000 for class 1 - precision 0.1462 - recall 0.0095 - f1 0.0178 
INFO:root:TRAIN Total epoch time: 2.022635754197836
INFO:root:################ TRAIN epoch 2 ###################
INFO:root:TRAIN mean losses tensor(0.0803, device='cuda:0')
INFO:root:TRAIN mean errors 0.7671343088150024
INFO:root:TRAIN mean MRR 0.0 - mean MAP 0.13701872998414572
INFO:root:TRAIN tp {0: tensor(121321, device='cuda:0'), 1: tensor(76052, device='cuda:0')},fn {0: tensor(649209, device='cuda:0'), 1: tensor(1001, device='cuda:0')},fp {0: tensor(1001, device='cuda:0'), 1: tensor(649209, device='cuda:0')}
INFO:root:TRAIN measures microavg - precision 0.2329 - recall 0.2329 - f1 0.2329 
INFO:root:TRAIN measures for class 0 - precision 0.9918 - recall 0.1575 - f1 0.2718 
INFO:root:TRAIN measures for class 1 - precision 0.1049 - recall 0.9870 - f1 0.1896 
INFO:root:TRAIN measures@10 microavg - precision 0.5400 - recall 0.0001 - f1 0.0001 
INFO:root:TRAIN measures@10 for class 0 - precision 1.0000 - recall 0.0001 - f1 0.0001 
INFO:root:TRAIN measures@10 for class 1 - precision 0.0800 - recall 0.0001 - f1 0.0001 
INFO:root:TRAIN measures@100 microavg - precision 0.5600 - recall 0.0007 - f1 0.0013 
INFO:root:TRAIN measures@100 for class 0 - precision 0.9980 - recall 0.0006 - f1 0.0013 
INFO:root:TRAIN measures@100 for class 1 - precision 0.1220 - recall 0.0008 - f1 0.0016 
INFO:root:TRAIN measures@1000 microavg - precision 0.5736 - recall 0.0068 - f1 0.0134 
INFO:root:TRAIN measures@1000 for class 0 - precision 0.9978 - recall 0.0065 - f1 0.0129 
INFO:root:TRAIN measures@1000 for class 1 - precision 0.1494 - recall 0.0097 - f1 0.0182 
INFO:root:TRAIN Total epoch time: 1.9890842698514462
INFO:root:################ TRAIN epoch 3 ###################
INFO:root:TRAIN mean losses tensor(0.0746, device='cuda:0')
INFO:root:TRAIN mean errors 0.5922393202781677
INFO:root:TRAIN mean MRR 0.0 - mean MAP 0.14778989065243842
INFO:root:TRAIN tp {0: tensor(272595, device='cuda:0'), 1: tensor(73016, device='cuda:0')},fn {0: tensor(497935, device='cuda:0'), 1: tensor(4037, device='cuda:0')},fp {0: tensor(4037, device='cuda:0'), 1: tensor(497935, device='cuda:0')}
INFO:root:TRAIN measures microavg - precision 0.4078 - recall 0.4078 - f1 0.4078 
INFO:root:TRAIN measures for class 0 - precision 0.9854 - recall 0.3538 - f1 0.5206 
INFO:root:TRAIN measures for class 1 - precision 0.1279 - recall 0.9476 - f1 0.2254 
INFO:root:TRAIN measures@10 microavg - precision 0.6100 - recall 0.0001 - f1 0.0001 
INFO:root:TRAIN measures@10 for class 0 - precision 1.0000 - recall 0.0001 - f1 0.0001 
INFO:root:TRAIN measures@10 for class 1 - precision 0.2200 - recall 0.0001 - f1 0.0003 
INFO:root:TRAIN measures@100 microavg - precision 0.5770 - recall 0.0007 - f1 0.0014 
INFO:root:TRAIN measures@100 for class 0 - precision 1.0000 - recall 0.0006 - f1 0.0013 
INFO:root:TRAIN measures@100 for class 1 - precision 0.1540 - recall 0.0010 - f1 0.0020 
INFO:root:TRAIN measures@1000 microavg - precision 0.5767 - recall 0.0068 - f1 0.0134 
INFO:root:TRAIN measures@1000 for class 0 - precision 0.9984 - recall 0.0065 - f1 0.0129 
INFO:root:TRAIN measures@1000 for class 1 - precision 0.1550 - recall 0.0101 - f1 0.0189 
INFO:root:TRAIN Total epoch time: 1.8824818693101406
INFO:root:################ TRAIN epoch 4 ###################
INFO:root:TRAIN mean losses tensor(0.0732, device='cuda:0')
INFO:root:TRAIN mean errors 0.5113328099250793
INFO:root:TRAIN mean MRR 0.0 - mean MAP 0.14340270361469118
INFO:root:TRAIN tp {0: tensor(342246, device='cuda:0'), 1: tensor(71940, device='cuda:0')},fn {0: tensor(428284, device='cuda:0'), 1: tensor(5113, device='cuda:0')},fp {0: tensor(5113, device='cuda:0'), 1: tensor(428284, device='cuda:0')}
INFO:root:TRAIN measures microavg - precision 0.4887 - recall 0.4887 - f1 0.4887 
INFO:root:TRAIN measures for class 0 - precision 0.9853 - recall 0.4442 - f1 0.6123 
INFO:root:TRAIN measures for class 1 - precision 0.1438 - recall 0.9336 - f1 0.2492 
INFO:root:TRAIN measures@10 microavg - precision 0.5600 - recall 0.0001 - f1 0.0001 
INFO:root:TRAIN measures@10 for class 0 - precision 1.0000 - recall 0.0001 - f1 0.0001 
INFO:root:TRAIN measures@10 for class 1 - precision 0.1200 - recall 0.0001 - f1 0.0002 
INFO:root:TRAIN measures@100 microavg - precision 0.5670 - recall 0.0007 - f1 0.0013 
INFO:root:TRAIN measures@100 for class 0 - precision 1.0000 - recall 0.0006 - f1 0.0013 
INFO:root:TRAIN measures@100 for class 1 - precision 0.1340 - recall 0.0009 - f1 0.0017 
INFO:root:TRAIN measures@1000 microavg - precision 0.5595 - recall 0.0066 - f1 0.0130 
INFO:root:TRAIN measures@1000 for class 0 - precision 0.9988 - recall 0.0065 - f1 0.0129 
INFO:root:TRAIN measures@1000 for class 1 - precision 0.1202 - recall 0.0078 - f1 0.0146 
INFO:root:TRAIN Total epoch time: 2.008516567759216
INFO:root:################ TRAIN epoch 5 ###################
INFO:root:TRAIN mean losses tensor(0.0704, device='cuda:0')
INFO:root:TRAIN mean errors 0.5703630447387695
INFO:root:TRAIN mean MRR 0.0 - mean MAP 0.1439341880330479
INFO:root:TRAIN tp {0: tensor(290779, device='cuda:0'), 1: tensor(73374, device='cuda:0')},fn {0: tensor(479751, device='cuda:0'), 1: tensor(3679, device='cuda:0')},fp {0: tensor(3679, device='cuda:0'), 1: tensor(479751, device='cuda:0')}
INFO:root:TRAIN measures microavg - precision 0.4296 - recall 0.4296 - f1 0.4296 
INFO:root:TRAIN measures for class 0 - precision 0.9875 - recall 0.3774 - f1 0.5461 
INFO:root:TRAIN measures for class 1 - precision 0.1327 - recall 0.9523 - f1 0.2329 
INFO:root:TRAIN measures@10 microavg - precision 0.5500 - recall 0.0001 - f1 0.0001 
INFO:root:TRAIN measures@10 for class 0 - precision 1.0000 - recall 0.0001 - f1 0.0001 
INFO:root:TRAIN measures@10 for class 1 - precision 0.1000 - recall 0.0001 - f1 0.0001 
INFO:root:TRAIN measures@100 microavg - precision 0.5700 - recall 0.0007 - f1 0.0013 
INFO:root:TRAIN measures@100 for class 0 - precision 1.0000 - recall 0.0006 - f1 0.0013 
INFO:root:TRAIN measures@100 for class 1 - precision 0.1400 - recall 0.0009 - f1 0.0018 
INFO:root:TRAIN measures@1000 microavg - precision 0.5654 - recall 0.0067 - f1 0.0132 
INFO:root:TRAIN measures@1000 for class 0 - precision 0.9984 - recall 0.0065 - f1 0.0129 
INFO:root:TRAIN measures@1000 for class 1 - precision 0.1324 - recall 0.0086 - f1 0.0161 
INFO:root:TRAIN Total epoch time: 1.9856946868821979
INFO:root:################ TRAIN epoch 6 ###################
INFO:root:TRAIN mean losses tensor(0.0723, device='cuda:0')
INFO:root:TRAIN mean errors 0.5455371141433716
INFO:root:TRAIN mean MRR 0.0 - mean MAP 0.14779516351322688
INFO:root:TRAIN tp {0: tensor(312261, device='cuda:0'), 1: tensor(72934, device='cuda:0')},fn {0: tensor(458269, device='cuda:0'), 1: tensor(4119, device='cuda:0')},fp {0: tensor(4119, device='cuda:0'), 1: tensor(458269, device='cuda:0')}
INFO:root:TRAIN measures microavg - precision 0.4545 - recall 0.4545 - f1 0.4545 
INFO:root:TRAIN measures for class 0 - precision 0.9870 - recall 0.4053 - f1 0.5746 
INFO:root:TRAIN measures for class 1 - precision 0.1373 - recall 0.9465 - f1 0.2398 
INFO:root:TRAIN measures@10 microavg - precision 0.5900 - recall 0.0001 - f1 0.0001 
INFO:root:TRAIN measures@10 for class 0 - precision 1.0000 - recall 0.0001 - f1 0.0001 
INFO:root:TRAIN measures@10 for class 1 - precision 0.1800 - recall 0.0001 - f1 0.0002 
INFO:root:TRAIN measures@100 microavg - precision 0.5700 - recall 0.0007 - f1 0.0013 
INFO:root:TRAIN measures@100 for class 0 - precision 1.0000 - recall 0.0006 - f1 0.0013 
INFO:root:TRAIN measures@100 for class 1 - precision 0.1400 - recall 0.0009 - f1 0.0018 
INFO:root:TRAIN measures@1000 microavg - precision 0.5765 - recall 0.0068 - f1 0.0134 
INFO:root:TRAIN measures@1000 for class 0 - precision 0.9994 - recall 0.0065 - f1 0.0129 
INFO:root:TRAIN measures@1000 for class 1 - precision 0.1536 - recall 0.0100 - f1 0.0187 
INFO:root:TRAIN Total epoch time: 1.926113816909492
INFO:root:################ TRAIN epoch 7 ###################
INFO:root:TRAIN mean losses tensor(0.0705, device='cuda:0')
INFO:root:TRAIN mean errors 0.49702152609825134
INFO:root:TRAIN mean MRR 0.0 - mean MAP 0.14573610758055547
INFO:root:TRAIN tp {0: tensor(354660, device='cuda:0'), 1: tensor(71656, device='cuda:0')},fn {0: tensor(415870, device='cuda:0'), 1: tensor(5397, device='cuda:0')},fp {0: tensor(5397, device='cuda:0'), 1: tensor(415870, device='cuda:0')}
INFO:root:TRAIN measures microavg - precision 0.5030 - recall 0.5030 - f1 0.5030 
INFO:root:TRAIN measures for class 0 - precision 0.9850 - recall 0.4603 - f1 0.6274 
INFO:root:TRAIN measures for class 1 - precision 0.1470 - recall 0.9300 - f1 0.2538 
INFO:root:TRAIN measures@10 microavg - precision 0.5700 - recall 0.0001 - f1 0.0001 
INFO:root:TRAIN measures@10 for class 0 - precision 1.0000 - recall 0.0001 - f1 0.0001 
INFO:root:TRAIN measures@10 for class 1 - precision 0.1400 - recall 0.0001 - f1 0.0002 
INFO:root:TRAIN measures@100 microavg - precision 0.5560 - recall 0.0007 - f1 0.0013 
INFO:root:TRAIN measures@100 for class 0 - precision 1.0000 - recall 0.0006 - f1 0.0013 
INFO:root:TRAIN measures@100 for class 1 - precision 0.1120 - recall 0.0007 - f1 0.0014 
INFO:root:TRAIN measures@1000 microavg - precision 0.5658 - recall 0.0067 - f1 0.0132 
INFO:root:TRAIN measures@1000 for class 0 - precision 1.0000 - recall 0.0065 - f1 0.0129 
INFO:root:TRAIN measures@1000 for class 1 - precision 0.1316 - recall 0.0085 - f1 0.0160 
INFO:root:TRAIN Total epoch time: 1.8968741418793797
INFO:root:################ VALID epoch 7 ###################
INFO:root:VALID mean losses tensor(0.0632, device='cuda:0')
INFO:root:VALID mean errors 0.6446822881698608
INFO:root:VALID mean MRR 0.15214697946418723 - mean MAP 0.0652121773454776
INFO:root:VALID tp {0: tensor(127295, device='cuda:0'), 1: tensor(18812, device='cuda:0')},fn {0: tensor(264325, device='cuda:0'), 1: tensor(769, device='cuda:0')},fp {0: tensor(769, device='cuda:0'), 1: tensor(264325, device='cuda:0')}
INFO:root:VALID measures microavg - precision 0.3553 - recall 0.3553 - f1 0.3553 
INFO:root:VALID measures for class 0 - precision 0.9940 - recall 0.3250 - f1 0.4899 
INFO:root:VALID measures for class 1 - precision 0.0664 - recall 0.9607 - f1 0.1243 
INFO:root:VALID measures@10 microavg - precision 0.5000 - recall 0.0001 - f1 0.0001 
INFO:root:VALID measures@10 for class 0 - precision 1.0000 - recall 0.0001 - f1 0.0002 
INFO:root:VALID measures@10 for class 1 - precision 0.0000 - recall 0.0000 - f1 0.0000 
INFO:root:VALID measures@100 microavg - precision 0.5017 - recall 0.0007 - f1 0.0015 
INFO:root:VALID measures@100 for class 0 - precision 1.0000 - recall 0.0008 - f1 0.0015 
INFO:root:VALID measures@100 for class 1 - precision 0.0033 - recall 0.0001 - f1 0.0001 
INFO:root:VALID measures@1000 microavg - precision 0.5173 - recall 0.0075 - f1 0.0149 
INFO:root:VALID measures@1000 for class 0 - precision 1.0000 - recall 0.0077 - f1 0.0152 
INFO:root:VALID measures@1000 for class 1 - precision 0.0347 - recall 0.0053 - f1 0.0092 
INFO:root:VALID Total epoch time: 35.260361306369305
INFO:root:################ TEST epoch 7 ###################
INFO:root:TEST batch 1 / 2 - partial error 0.7010 - partial loss 0.0662 - partial MRR  0.1408 - partial MAP 0.0585
INFO:root:TEST batch 1 / 2 -  partial tp {0: tensor(16120, device='cuda:0'), 1: tensor(2965, device='cuda:0')},fn {0: tensor(44660, device='cuda:0'), 1: tensor(74, device='cuda:0')},fp {0: tensor(74, device='cuda:0'), 1: tensor(44660, device='cuda:0')}
INFO:root:TEST batch 1 / 2 - measures partial microavg - precision 0.2990 - recall 0.2990 - f1 0.2990 
INFO:root:TEST batch 1 / 2 - measures partial for class 0 - precision 0.9954 - recall 0.2652 - f1 0.4188 
INFO:root:TEST batch 1 / 2 - measures partial for class 1 - precision 0.0623 - recall 0.9756 - f1 0.1170 
INFO:root:TEST batch 1 / 2 - Batch time 11 
INFO:root:TEST batch 2 / 2 - partial error 0.7156 - partial loss 0.0672 - partial MRR  0.1391 - partial MAP 0.0565
INFO:root:TEST batch 2 / 2 -  partial tp {0: tensor(12780, device='cuda:0'), 1: tensor(2648, device='cuda:0')},fn {0: tensor(42020, device='cuda:0'), 1: tensor(92, device='cuda:0')},fp {0: tensor(92, device='cuda:0'), 1: tensor(42020, device='cuda:0')}
INFO:root:TEST batch 2 / 2 - measures partial microavg - precision 0.2681 - recall 0.2681 - f1 0.2681 
INFO:root:TEST batch 2 / 2 - measures partial for class 0 - precision 0.9929 - recall 0.2332 - f1 0.3777 
INFO:root:TEST batch 2 / 2 - measures partial for class 1 - precision 0.0593 - recall 0.9664 - f1 0.1117 
INFO:root:TEST batch 2 / 2 - Batch time 11 
INFO:root:TEST mean losses tensor(0.0672, device='cuda:0')
INFO:root:TEST mean errors 0.7156123518943787
INFO:root:TEST mean MRR 0.1391449199602042 - mean MAP 0.05647290813980879
INFO:root:TEST tp {0: tensor(28900, device='cuda:0'), 1: tensor(5613, device='cuda:0')},fn {0: tensor(86680, device='cuda:0'), 1: tensor(166, device='cuda:0')},fp {0: tensor(166, device='cuda:0'), 1: tensor(86680, device='cuda:0')}
INFO:root:TEST measures microavg - precision 0.2844 - recall 0.2844 - f1 0.2844 
INFO:root:TEST measures for class 0 - precision 0.9943 - recall 0.2500 - f1 0.3996 
INFO:root:TEST measures for class 1 - precision 0.0608 - recall 0.9713 - f1 0.1145 
INFO:root:TEST measures@10 microavg - precision 0.5000 - recall 0.0002 - f1 0.0003 
INFO:root:TEST measures@10 for class 0 - precision 1.0000 - recall 0.0002 - f1 0.0003 
INFO:root:TEST measures@10 for class 1 - precision 0.0000 - recall 0.0000 - f1 0.0000 
INFO:root:TEST measures@100 microavg - precision 0.5000 - recall 0.0016 - f1 0.0033 
INFO:root:TEST measures@100 for class 0 - precision 1.0000 - recall 0.0017 - f1 0.0035 
INFO:root:TEST measures@100 for class 1 - precision 0.0000 - recall 0.0000 - f1 0.0000 
INFO:root:TEST measures@1000 microavg - precision 0.5095 - recall 0.0168 - f1 0.0325 
INFO:root:TEST measures@1000 for class 0 - precision 1.0000 - recall 0.0173 - f1 0.0340 
INFO:root:TEST measures@1000 for class 1 - precision 0.0190 - recall 0.0066 - f1 0.0098 
INFO:root:TEST Total epoch time: 22.44851596839726
