INFO:root:*** PARAMETERS ***
INFO:root:{'adj_mat_time_window': 1,
 'class_weights': [0.05, 0.95],
 'comments': ['comments'],
 'data': 'seir',
 'data_loading_params': {'batch_size': 1, 'num_workers': 0},
 'dev_proportion': 0.2,
 'device': 'cuda',
 'early_stop_patience': 50,
 'eval_after_epochs': 6,
 'gcn_parameters': {'cls_feats': 1024,
                    'cls_feats_max': 1024,
                    'cls_feats_min': 100,
                    'feats_per_node': 100,
                    'feats_per_node_max': 256,
                    'feats_per_node_min': 50,
                    'k_top_grcu': 200,
                    'layer_1_feats': 51,
                    'layer_1_feats_max': 200,
                    'layer_1_feats_min': 10,
                    'layer_2_feats': 51,
                    'layer_2_feats_same_as_l1': True,
                    'lstm_l1_feats': 157,
                    'lstm_l1_feats_max': 200,
                    'lstm_l1_feats_min': 10,
                    'lstm_l1_layers': 1,
                    'lstm_l2_feats': 157,
                    'lstm_l2_feats_same_as_l1': True,
                    'lstm_l2_layers': 1,
                    'num_layers': 2},
 'learning_rate': 0.0005,
 'learning_rate_max': 0.1,
 'learning_rate_min': 0.0001,
 'model': 'egcn_o',
 'negative_mult_test': 44,
 'negative_mult_training': 22,
 'num_epochs': 100,
 'num_hist_steps': 5,
 'num_hist_steps_max': 10,
 'num_hist_steps_min': 2,
 'rank': 0,
 'save_node_embeddings': False,
 'save_state': True,
 'seed': 1234,
 'seir_args': <utils.Namespace object at 0x7efc2a6f7730>,
 'smart_neg_sampling': True,
 'steps_accum_gradients': 1,
 'target_class': 'all',
 'target_measure': 'MAP',
 'task': 'link_pred',
 'train_proportion': 0.7,
 'use_1_hot_node_feats': True,
 'use_2_hot_node_feats': False,
 'use_cuda': True,
 'use_logfile': True,
 'wsize': 1}
INFO:root:
INFO:root:################ TRAIN epoch 0 ###################
INFO:root:TRAIN mean losses tensor(0.0616, device='cuda:0')
INFO:root:TRAIN mean errors 0.043478261679410934
INFO:root:TRAIN mean MRR 0.0 - mean MAP 0.04952462169209578
INFO:root:TRAIN tp {0: tensor(244112, device='cuda:0'), 1: tensor(0, device='cuda:0')},fn {0: tensor(0, device='cuda:0'), 1: tensor(11096, device='cuda:0')},fp {0: tensor(11096, device='cuda:0'), 1: tensor(0, device='cuda:0')}
INFO:root:TRAIN measures microavg - precision 0.9565 - recall 0.9565 - f1 0.9565 
INFO:root:TRAIN measures for class 0 - precision 0.9565 - recall 1.0000 - f1 0.9778 
INFO:root:TRAIN measures for class 1 - precision 0.0000 - recall 0.0000 - f1 0.0000 
INFO:root:TRAIN measures@10 microavg - precision 1.0000 - recall 0.0002 - f1 0.0004 
INFO:root:TRAIN measures@10 for class 0 - precision 1.0000 - recall 0.0002 - f1 0.0004 
INFO:root:TRAIN measures@10 for class 1 - precision 0.0000 - recall 0.0000 - f1 0.0000 
INFO:root:TRAIN measures@100 microavg - precision 0.9900 - recall 0.0019 - f1 0.0039 
INFO:root:TRAIN measures@100 for class 0 - precision 0.9900 - recall 0.0020 - f1 0.0040 
INFO:root:TRAIN measures@100 for class 1 - precision 0.0000 - recall 0.0000 - f1 0.0000 
INFO:root:TRAIN measures@1000 microavg - precision 0.9642 - recall 0.0189 - f1 0.0371 
INFO:root:TRAIN measures@1000 for class 0 - precision 0.9642 - recall 0.0197 - f1 0.0387 
INFO:root:TRAIN measures@1000 for class 1 - precision 0.0000 - recall 0.0000 - f1 0.0000 
INFO:root:TRAIN Total epoch time: 1.6855559721589088
INFO:root:################ TRAIN epoch 1 ###################
INFO:root:TRAIN mean losses tensor(0.0616, device='cuda:0')
INFO:root:TRAIN mean errors 0.043478261679410934
INFO:root:TRAIN mean MRR 0.0 - mean MAP 0.05581556000321238
INFO:root:TRAIN tp {0: tensor(244112, device='cuda:0'), 1: tensor(0, device='cuda:0')},fn {0: tensor(0, device='cuda:0'), 1: tensor(11096, device='cuda:0')},fp {0: tensor(11096, device='cuda:0'), 1: tensor(0, device='cuda:0')}
INFO:root:TRAIN measures microavg - precision 0.9565 - recall 0.9565 - f1 0.9565 
INFO:root:TRAIN measures for class 0 - precision 0.9565 - recall 1.0000 - f1 0.9778 
INFO:root:TRAIN measures for class 1 - precision 0.0000 - recall 0.0000 - f1 0.0000 
INFO:root:TRAIN measures@10 microavg - precision 1.0000 - recall 0.0002 - f1 0.0004 
INFO:root:TRAIN measures@10 for class 0 - precision 1.0000 - recall 0.0002 - f1 0.0004 
INFO:root:TRAIN measures@10 for class 1 - precision 0.0000 - recall 0.0000 - f1 0.0000 
INFO:root:TRAIN measures@100 microavg - precision 1.0000 - recall 0.0020 - f1 0.0039 
INFO:root:TRAIN measures@100 for class 0 - precision 1.0000 - recall 0.0020 - f1 0.0041 
INFO:root:TRAIN measures@100 for class 1 - precision 0.0000 - recall 0.0000 - f1 0.0000 
INFO:root:TRAIN measures@1000 microavg - precision 0.9944 - recall 0.0195 - f1 0.0382 
INFO:root:TRAIN measures@1000 for class 0 - precision 0.9944 - recall 0.0204 - f1 0.0399 
INFO:root:TRAIN measures@1000 for class 1 - precision 0.0000 - recall 0.0000 - f1 0.0000 
INFO:root:TRAIN Total epoch time: 0.8860386135056615
INFO:root:################ TRAIN epoch 2 ###################
INFO:root:TRAIN mean losses tensor(0.0615, device='cuda:0')
INFO:root:TRAIN mean errors 0.043478261679410934
INFO:root:TRAIN mean MRR 0.0 - mean MAP 0.05389015938687223
INFO:root:TRAIN tp {0: tensor(244112, device='cuda:0'), 1: tensor(0, device='cuda:0')},fn {0: tensor(0, device='cuda:0'), 1: tensor(11096, device='cuda:0')},fp {0: tensor(11096, device='cuda:0'), 1: tensor(0, device='cuda:0')}
INFO:root:TRAIN measures microavg - precision 0.9565 - recall 0.9565 - f1 0.9565 
INFO:root:TRAIN measures for class 0 - precision 0.9565 - recall 1.0000 - f1 0.9778 
INFO:root:TRAIN measures for class 1 - precision 0.0000 - recall 0.0000 - f1 0.0000 
INFO:root:TRAIN measures@10 microavg - precision 1.0000 - recall 0.0002 - f1 0.0004 
INFO:root:TRAIN measures@10 for class 0 - precision 1.0000 - recall 0.0002 - f1 0.0004 
INFO:root:TRAIN measures@10 for class 1 - precision 0.0000 - recall 0.0000 - f1 0.0000 
INFO:root:TRAIN measures@100 microavg - precision 1.0000 - recall 0.0020 - f1 0.0039 
INFO:root:TRAIN measures@100 for class 0 - precision 1.0000 - recall 0.0020 - f1 0.0041 
INFO:root:TRAIN measures@100 for class 1 - precision 0.0000 - recall 0.0000 - f1 0.0000 
INFO:root:TRAIN measures@1000 microavg - precision 1.0000 - recall 0.0196 - f1 0.0384 
INFO:root:TRAIN measures@1000 for class 0 - precision 1.0000 - recall 0.0205 - f1 0.0401 
INFO:root:TRAIN measures@1000 for class 1 - precision 0.0000 - recall 0.0000 - f1 0.0000 
INFO:root:TRAIN Total epoch time: 0.8729824339970946
INFO:root:################ TRAIN epoch 3 ###################
INFO:root:TRAIN mean losses tensor(0.0615, device='cuda:0')
INFO:root:TRAIN mean errors 0.043478261679410934
INFO:root:TRAIN mean MRR 0.0 - mean MAP 0.05504386206628498
INFO:root:TRAIN tp {0: tensor(244112, device='cuda:0'), 1: tensor(0, device='cuda:0')},fn {0: tensor(0, device='cuda:0'), 1: tensor(11096, device='cuda:0')},fp {0: tensor(11096, device='cuda:0'), 1: tensor(0, device='cuda:0')}
INFO:root:TRAIN measures microavg - precision 0.9565 - recall 0.9565 - f1 0.9565 
INFO:root:TRAIN measures for class 0 - precision 0.9565 - recall 1.0000 - f1 0.9778 
INFO:root:TRAIN measures for class 1 - precision 0.0000 - recall 0.0000 - f1 0.0000 
INFO:root:TRAIN measures@10 microavg - precision 1.0000 - recall 0.0002 - f1 0.0004 
INFO:root:TRAIN measures@10 for class 0 - precision 1.0000 - recall 0.0002 - f1 0.0004 
INFO:root:TRAIN measures@10 for class 1 - precision 0.0000 - recall 0.0000 - f1 0.0000 
INFO:root:TRAIN measures@100 microavg - precision 1.0000 - recall 0.0020 - f1 0.0039 
INFO:root:TRAIN measures@100 for class 0 - precision 1.0000 - recall 0.0020 - f1 0.0041 
INFO:root:TRAIN measures@100 for class 1 - precision 0.0000 - recall 0.0000 - f1 0.0000 
INFO:root:TRAIN measures@1000 microavg - precision 1.0000 - recall 0.0196 - f1 0.0384 
INFO:root:TRAIN measures@1000 for class 0 - precision 1.0000 - recall 0.0205 - f1 0.0401 
INFO:root:TRAIN measures@1000 for class 1 - precision 0.0000 - recall 0.0000 - f1 0.0000 
INFO:root:TRAIN Total epoch time: 1.0066966116428375
INFO:root:################ TRAIN epoch 4 ###################
INFO:root:TRAIN mean losses tensor(0.0615, device='cuda:0')
INFO:root:TRAIN mean errors 0.043478261679410934
INFO:root:TRAIN mean MRR 0.0 - mean MAP 0.053018065843716176
INFO:root:TRAIN tp {0: tensor(244112, device='cuda:0'), 1: tensor(0, device='cuda:0')},fn {0: tensor(0, device='cuda:0'), 1: tensor(11096, device='cuda:0')},fp {0: tensor(11096, device='cuda:0'), 1: tensor(0, device='cuda:0')}
INFO:root:TRAIN measures microavg - precision 0.9565 - recall 0.9565 - f1 0.9565 
INFO:root:TRAIN measures for class 0 - precision 0.9565 - recall 1.0000 - f1 0.9778 
INFO:root:TRAIN measures for class 1 - precision 0.0000 - recall 0.0000 - f1 0.0000 
INFO:root:TRAIN measures@10 microavg - precision 1.0000 - recall 0.0002 - f1 0.0004 
INFO:root:TRAIN measures@10 for class 0 - precision 1.0000 - recall 0.0002 - f1 0.0004 
INFO:root:TRAIN measures@10 for class 1 - precision 0.0000 - recall 0.0000 - f1 0.0000 
INFO:root:TRAIN measures@100 microavg - precision 1.0000 - recall 0.0020 - f1 0.0039 
INFO:root:TRAIN measures@100 for class 0 - precision 1.0000 - recall 0.0020 - f1 0.0041 
INFO:root:TRAIN measures@100 for class 1 - precision 0.0000 - recall 0.0000 - f1 0.0000 
INFO:root:TRAIN measures@1000 microavg - precision 1.0000 - recall 0.0196 - f1 0.0384 
INFO:root:TRAIN measures@1000 for class 0 - precision 1.0000 - recall 0.0205 - f1 0.0401 
INFO:root:TRAIN measures@1000 for class 1 - precision 0.0000 - recall 0.0000 - f1 0.0000 
INFO:root:TRAIN Total epoch time: 0.9515756191685796
INFO:root:################ TRAIN epoch 5 ###################
INFO:root:TRAIN mean losses tensor(0.0613, device='cuda:0')
INFO:root:TRAIN mean errors 0.043478261679410934
INFO:root:TRAIN mean MRR 0.0 - mean MAP 0.05382692528079054
INFO:root:TRAIN tp {0: tensor(244112, device='cuda:0'), 1: tensor(0, device='cuda:0')},fn {0: tensor(0, device='cuda:0'), 1: tensor(11096, device='cuda:0')},fp {0: tensor(11096, device='cuda:0'), 1: tensor(0, device='cuda:0')}
INFO:root:TRAIN measures microavg - precision 0.9565 - recall 0.9565 - f1 0.9565 
INFO:root:TRAIN measures for class 0 - precision 0.9565 - recall 1.0000 - f1 0.9778 
INFO:root:TRAIN measures for class 1 - precision 0.0000 - recall 0.0000 - f1 0.0000 
INFO:root:TRAIN measures@10 microavg - precision 1.0000 - recall 0.0002 - f1 0.0004 
INFO:root:TRAIN measures@10 for class 0 - precision 1.0000 - recall 0.0002 - f1 0.0004 
INFO:root:TRAIN measures@10 for class 1 - precision 0.0000 - recall 0.0000 - f1 0.0000 
INFO:root:TRAIN measures@100 microavg - precision 1.0000 - recall 0.0020 - f1 0.0039 
INFO:root:TRAIN measures@100 for class 0 - precision 1.0000 - recall 0.0020 - f1 0.0041 
INFO:root:TRAIN measures@100 for class 1 - precision 0.0000 - recall 0.0000 - f1 0.0000 
INFO:root:TRAIN measures@1000 microavg - precision 1.0000 - recall 0.0196 - f1 0.0384 
INFO:root:TRAIN measures@1000 for class 0 - precision 1.0000 - recall 0.0205 - f1 0.0401 
INFO:root:TRAIN measures@1000 for class 1 - precision 0.0000 - recall 0.0000 - f1 0.0000 
INFO:root:TRAIN Total epoch time: 1.663802633062005
INFO:root:################ TRAIN epoch 6 ###################
INFO:root:TRAIN mean losses tensor(0.0605, device='cuda:0')
INFO:root:TRAIN mean errors 0.06812874227762222
INFO:root:TRAIN mean MRR 0.0 - mean MAP 0.05292125820713465
INFO:root:TRAIN tp {0: tensor(237476, device='cuda:0'), 1: tensor(345, device='cuda:0')},fn {0: tensor(6636, device='cuda:0'), 1: tensor(10751, device='cuda:0')},fp {0: tensor(10751, device='cuda:0'), 1: tensor(6636, device='cuda:0')}
INFO:root:TRAIN measures microavg - precision 0.9319 - recall 0.9319 - f1 0.9319 
INFO:root:TRAIN measures for class 0 - precision 0.9567 - recall 0.9728 - f1 0.9647 
INFO:root:TRAIN measures for class 1 - precision 0.0494 - recall 0.0311 - f1 0.0382 
INFO:root:TRAIN measures@10 microavg - precision 0.6071 - recall 0.0002 - f1 0.0004 
INFO:root:TRAIN measures@10 for class 0 - precision 1.0000 - recall 0.0002 - f1 0.0004 
INFO:root:TRAIN measures@10 for class 1 - precision 0.0294 - recall 0.0001 - f1 0.0002 
INFO:root:TRAIN measures@100 microavg - precision 0.6402 - recall 0.0020 - f1 0.0040 
INFO:root:TRAIN measures@100 for class 0 - precision 1.0000 - recall 0.0020 - f1 0.0041 
INFO:root:TRAIN measures@100 for class 1 - precision 0.0523 - recall 0.0014 - f1 0.0028 
INFO:root:TRAIN measures@1000 microavg - precision 0.6435 - recall 0.0202 - f1 0.0391 
INFO:root:TRAIN measures@1000 for class 0 - precision 1.0000 - recall 0.0205 - f1 0.0401 
INFO:root:TRAIN measures@1000 for class 1 - precision 0.0506 - recall 0.0137 - f1 0.0216 
INFO:root:TRAIN Total epoch time: 1.1345593351870775
INFO:root:################ TRAIN epoch 7 ###################
INFO:root:TRAIN mean losses tensor(0.0591, device='cuda:0')
INFO:root:TRAIN mean errors 0.21097692847251892
INFO:root:TRAIN mean MRR 0.0 - mean MAP 0.052504903557692446
INFO:root:TRAIN tp {0: tensor(198888, device='cuda:0'), 1: tensor(2477, device='cuda:0')},fn {0: tensor(45224, device='cuda:0'), 1: tensor(8619, device='cuda:0')},fp {0: tensor(8619, device='cuda:0'), 1: tensor(45224, device='cuda:0')}
INFO:root:TRAIN measures microavg - precision 0.7890 - recall 0.7890 - f1 0.7890 
INFO:root:TRAIN measures for class 0 - precision 0.9585 - recall 0.8147 - f1 0.8808 
INFO:root:TRAIN measures for class 1 - precision 0.0519 - recall 0.2232 - f1 0.0843 
INFO:root:TRAIN measures@10 microavg - precision 0.5600 - recall 0.0002 - f1 0.0004 
INFO:root:TRAIN measures@10 for class 0 - precision 1.0000 - recall 0.0002 - f1 0.0004 
INFO:root:TRAIN measures@10 for class 1 - precision 0.1200 - recall 0.0005 - f1 0.0011 
INFO:root:TRAIN measures@100 microavg - precision 0.5390 - recall 0.0021 - f1 0.0042 
INFO:root:TRAIN measures@100 for class 0 - precision 1.0000 - recall 0.0020 - f1 0.0041 
INFO:root:TRAIN measures@100 for class 1 - precision 0.0780 - recall 0.0035 - f1 0.0067 
INFO:root:TRAIN measures@1000 microavg - precision 0.5624 - recall 0.0205 - f1 0.0396 
INFO:root:TRAIN measures@1000 for class 0 - precision 1.0000 - recall 0.0205 - f1 0.0401 
INFO:root:TRAIN measures@1000 for class 1 - precision 0.0548 - recall 0.0213 - f1 0.0306 
INFO:root:TRAIN Total epoch time: 0.9151617931202054
INFO:root:################ VALID epoch 7 ###################
INFO:root:VALID mean losses tensor(0.0463, device='cuda:0')
INFO:root:VALID mean errors 0.28631076216697693
INFO:root:VALID mean MRR 0.0913551235493818 - mean MAP 0.025766652542838744
INFO:root:VALID tp {0: tensor(50406, device='cuda:0'), 1: tensor(530, device='cuda:0')},fn {0: tensor(19378, device='cuda:0'), 1: tensor(1056, device='cuda:0')},fp {0: tensor(1056, device='cuda:0'), 1: tensor(19378, device='cuda:0')}
INFO:root:VALID measures microavg - precision 0.7137 - recall 0.7137 - f1 0.7137 
INFO:root:VALID measures for class 0 - precision 0.9795 - recall 0.7223 - f1 0.8315 
INFO:root:VALID measures for class 1 - precision 0.0266 - recall 0.3342 - f1 0.0493 
INFO:root:VALID measures@10 microavg - precision 0.5167 - recall 0.0004 - f1 0.0009 
INFO:root:VALID measures@10 for class 0 - precision 1.0000 - recall 0.0004 - f1 0.0009 
INFO:root:VALID measures@10 for class 1 - precision 0.0333 - recall 0.0006 - f1 0.0012 
INFO:root:VALID measures@100 microavg - precision 0.5117 - recall 0.0043 - f1 0.0085 
INFO:root:VALID measures@100 for class 0 - precision 1.0000 - recall 0.0043 - f1 0.0086 
INFO:root:VALID measures@100 for class 1 - precision 0.0233 - recall 0.0044 - f1 0.0074 
INFO:root:VALID measures@1000 microavg - precision 0.5120 - recall 0.0430 - f1 0.0794 
INFO:root:VALID measures@1000 for class 0 - precision 1.0000 - recall 0.0430 - f1 0.0824 
INFO:root:VALID measures@1000 for class 1 - precision 0.0240 - recall 0.0454 - f1 0.0314 
INFO:root:VALID Total epoch time: 40.94496856722981
INFO:root:################ TEST epoch 7 ###################
INFO:root:TEST batch 1 / 2 - partial error 0.2459 - partial loss 0.0462 - partial MRR  0.0938 - partial MAP 0.0244
INFO:root:TEST batch 1 / 2 -  partial tp {0: tensor(17048, device='cuda:0'), 1: tensor(123, device='cuda:0')},fn {0: tensor(5216, device='cuda:0'), 1: tensor(383, device='cuda:0')},fp {0: tensor(383, device='cuda:0'), 1: tensor(5216, device='cuda:0')}
INFO:root:TEST batch 1 / 2 - measures partial microavg - precision 0.7541 - recall 0.7541 - f1 0.7541 
INFO:root:TEST batch 1 / 2 - measures partial for class 0 - precision 0.9780 - recall 0.7657 - f1 0.8589 
INFO:root:TEST batch 1 / 2 - measures partial for class 1 - precision 0.0230 - recall 0.2431 - f1 0.0421 
INFO:root:TEST batch 1 / 2 - Batch time 13 
INFO:root:TEST batch 2 / 2 - partial error 0.2468 - partial loss 0.0459 - partial MRR  0.0967 - partial MAP 0.0260
INFO:root:TEST batch 2 / 2 -  partial tp {0: tensor(21758, device='cuda:0'), 1: tensor(187, device='cuda:0')},fn {0: tensor(6754, device='cuda:0'), 1: tensor(461, device='cuda:0')},fp {0: tensor(461, device='cuda:0'), 1: tensor(6754, device='cuda:0')}
INFO:root:TEST batch 2 / 2 - measures partial microavg - precision 0.7526 - recall 0.7526 - f1 0.7526 
INFO:root:TEST batch 2 / 2 - measures partial for class 0 - precision 0.9793 - recall 0.7631 - f1 0.8578 
INFO:root:TEST batch 2 / 2 - measures partial for class 1 - precision 0.0269 - recall 0.2886 - f1 0.0493 
INFO:root:TEST batch 2 / 2 - Batch time 13 
INFO:root:TEST mean losses tensor(0.0459, device='cuda:0')
INFO:root:TEST mean errors 0.24675524234771729
INFO:root:TEST mean MRR 0.0967082451895777 - mean MAP 0.025991864230146856
INFO:root:TEST tp {0: tensor(38806, device='cuda:0'), 1: tensor(310, device='cuda:0')},fn {0: tensor(11970, device='cuda:0'), 1: tensor(844, device='cuda:0')},fp {0: tensor(844, device='cuda:0'), 1: tensor(11970, device='cuda:0')}
INFO:root:TEST measures microavg - precision 0.7532 - recall 0.7532 - f1 0.7532 
INFO:root:TEST measures for class 0 - precision 0.9787 - recall 0.7643 - f1 0.8583 
INFO:root:TEST measures for class 1 - precision 0.0252 - recall 0.2686 - f1 0.0462 
INFO:root:TEST measures@10 microavg - precision 0.5000 - recall 0.0004 - f1 0.0008 
INFO:root:TEST measures@10 for class 0 - precision 1.0000 - recall 0.0004 - f1 0.0008 
INFO:root:TEST measures@10 for class 1 - precision 0.0000 - recall 0.0000 - f1 0.0000 
INFO:root:TEST measures@100 microavg - precision 0.5100 - recall 0.0039 - f1 0.0078 
INFO:root:TEST measures@100 for class 0 - precision 1.0000 - recall 0.0039 - f1 0.0078 
INFO:root:TEST measures@100 for class 1 - precision 0.0200 - recall 0.0035 - f1 0.0059 
INFO:root:TEST measures@1000 microavg - precision 0.5122 - recall 0.0395 - f1 0.0733 
INFO:root:TEST measures@1000 for class 0 - precision 1.0000 - recall 0.0394 - f1 0.0758 
INFO:root:TEST measures@1000 for class 1 - precision 0.0245 - recall 0.0425 - f1 0.0311 
INFO:root:TEST Total epoch time: 27.64040561579168
INFO:root:################ TRAIN epoch 8 ###################
INFO:root:TRAIN mean losses tensor(0.0578, device='cuda:0')
INFO:root:TRAIN mean errors 0.31741952896118164
INFO:root:TRAIN mean MRR 0.0 - mean MAP 0.05497268133788616
INFO:root:TRAIN tp {0: tensor(169964, device='cuda:0'), 1: tensor(4236, device='cuda:0')},fn {0: tensor(74148, device='cuda:0'), 1: tensor(6860, device='cuda:0')},fp {0: tensor(6860, device='cuda:0'), 1: tensor(74148, device='cuda:0')}
INFO:root:TRAIN measures microavg - precision 0.6826 - recall 0.6826 - f1 0.6826 
INFO:root:TRAIN measures for class 0 - precision 0.9612 - recall 0.6963 - f1 0.8076 
INFO:root:TRAIN measures for class 1 - precision 0.0540 - recall 0.3818 - f1 0.0947 
INFO:root:TRAIN measures@10 microavg - precision 0.5100 - recall 0.0002 - f1 0.0004 
INFO:root:TRAIN measures@10 for class 0 - precision 1.0000 - recall 0.0002 - f1 0.0004 
INFO:root:TRAIN measures@10 for class 1 - precision 0.0200 - recall 0.0001 - f1 0.0002 
INFO:root:TRAIN measures@100 microavg - precision 0.5100 - recall 0.0020 - f1 0.0040 
INFO:root:TRAIN measures@100 for class 0 - precision 1.0000 - recall 0.0020 - f1 0.0041 
INFO:root:TRAIN measures@100 for class 1 - precision 0.0200 - recall 0.0009 - f1 0.0017 
INFO:root:TRAIN measures@1000 microavg - precision 0.5269 - recall 0.0206 - f1 0.0397 
INFO:root:TRAIN measures@1000 for class 0 - precision 1.0000 - recall 0.0205 - f1 0.0401 
INFO:root:TRAIN measures@1000 for class 1 - precision 0.0522 - recall 0.0234 - f1 0.0323 
INFO:root:TRAIN Total epoch time: 0.9782764371484518
INFO:root:################ VALID epoch 8 ###################
INFO:root:VALID mean losses tensor(0.0432, device='cuda:0')
INFO:root:VALID mean errors 0.08701135218143463
INFO:root:VALID mean MRR 0.0931408313425442 - mean MAP 0.026386327692124505
INFO:root:VALID tp {0: tensor(65041, device='cuda:0'), 1: tensor(119, device='cuda:0')},fn {0: tensor(4743, device='cuda:0'), 1: tensor(1467, device='cuda:0')},fp {0: tensor(1467, device='cuda:0'), 1: tensor(4743, device='cuda:0')}
INFO:root:VALID measures microavg - precision 0.9130 - recall 0.9130 - f1 0.9130 
INFO:root:VALID measures for class 0 - precision 0.9779 - recall 0.9320 - f1 0.9544 
INFO:root:VALID measures for class 1 - precision 0.0245 - recall 0.0750 - f1 0.0369 
INFO:root:VALID measures@10 microavg - precision 0.5500 - recall 0.0005 - f1 0.0009 
INFO:root:VALID measures@10 for class 0 - precision 1.0000 - recall 0.0004 - f1 0.0009 
INFO:root:VALID measures@10 for class 1 - precision 0.1000 - recall 0.0019 - f1 0.0037 
INFO:root:VALID measures@100 microavg - precision 0.5117 - recall 0.0043 - f1 0.0085 
INFO:root:VALID measures@100 for class 0 - precision 1.0000 - recall 0.0043 - f1 0.0086 
INFO:root:VALID measures@100 for class 1 - precision 0.0233 - recall 0.0044 - f1 0.0074 
INFO:root:VALID measures@1000 microavg - precision 0.5115 - recall 0.0430 - f1 0.0793 
INFO:root:VALID measures@1000 for class 0 - precision 1.0000 - recall 0.0430 - f1 0.0824 
INFO:root:VALID measures@1000 for class 1 - precision 0.0224 - recall 0.0422 - f1 0.0292 
INFO:root:VALID Total epoch time: 41.54278487432748
INFO:root:################ TEST epoch 8 ###################
INFO:root:TEST batch 1 / 2 - partial error 0.0678 - partial loss 0.0434 - partial MRR  0.0701 - partial MAP 0.0236
INFO:root:TEST batch 1 / 2 -  partial tp {0: tensor(21204, device='cuda:0'), 1: tensor(23, device='cuda:0')},fn {0: tensor(1060, device='cuda:0'), 1: tensor(483, device='cuda:0')},fp {0: tensor(483, device='cuda:0'), 1: tensor(1060, device='cuda:0')}
INFO:root:TEST batch 1 / 2 - measures partial microavg - precision 0.9322 - recall 0.9322 - f1 0.9322 
INFO:root:TEST batch 1 / 2 - measures partial for class 0 - precision 0.9777 - recall 0.9524 - f1 0.9649 
INFO:root:TEST batch 1 / 2 - measures partial for class 1 - precision 0.0212 - recall 0.0455 - f1 0.0289 
INFO:root:TEST batch 1 / 2 - Batch time 13 
INFO:root:TEST batch 2 / 2 - partial error 0.0758 - partial loss 0.0430 - partial MRR  0.0698 - partial MAP 0.0238
INFO:root:TEST batch 2 / 2 -  partial tp {0: tensor(26735, device='cuda:0'), 1: tensor(32, device='cuda:0')},fn {0: tensor(1777, device='cuda:0'), 1: tensor(616, device='cuda:0')},fp {0: tensor(616, device='cuda:0'), 1: tensor(1777, device='cuda:0')}
INFO:root:TEST batch 2 / 2 - measures partial microavg - precision 0.9179 - recall 0.9179 - f1 0.9179 
INFO:root:TEST batch 2 / 2 - measures partial for class 0 - precision 0.9775 - recall 0.9377 - f1 0.9572 
INFO:root:TEST batch 2 / 2 - measures partial for class 1 - precision 0.0177 - recall 0.0494 - f1 0.0260 
INFO:root:TEST batch 2 / 2 - Batch time 13 
INFO:root:TEST mean losses tensor(0.0430, device='cuda:0')
INFO:root:TEST mean errors 0.07579433917999268
INFO:root:TEST mean MRR 0.0698446298359548 - mean MAP 0.023847788989623097
INFO:root:TEST tp {0: tensor(47939, device='cuda:0'), 1: tensor(55, device='cuda:0')},fn {0: tensor(2837, device='cuda:0'), 1: tensor(1099, device='cuda:0')},fp {0: tensor(1099, device='cuda:0'), 1: tensor(2837, device='cuda:0')}
INFO:root:TEST measures microavg - precision 0.9242 - recall 0.9242 - f1 0.9242 
INFO:root:TEST measures for class 0 - precision 0.9776 - recall 0.9441 - f1 0.9606 
INFO:root:TEST measures for class 1 - precision 0.0190 - recall 0.0477 - f1 0.0272 
INFO:root:TEST measures@10 microavg - precision 0.5000 - recall 0.0004 - f1 0.0008 
INFO:root:TEST measures@10 for class 0 - precision 1.0000 - recall 0.0004 - f1 0.0008 
INFO:root:TEST measures@10 for class 1 - precision 0.0000 - recall 0.0000 - f1 0.0000 
INFO:root:TEST measures@100 microavg - precision 0.5050 - recall 0.0039 - f1 0.0077 
INFO:root:TEST measures@100 for class 0 - precision 1.0000 - recall 0.0039 - f1 0.0078 
INFO:root:TEST measures@100 for class 1 - precision 0.0100 - recall 0.0017 - f1 0.0030 
INFO:root:TEST measures@1000 microavg - precision 0.5115 - recall 0.0393 - f1 0.0730 
INFO:root:TEST measures@1000 for class 0 - precision 1.0000 - recall 0.0394 - f1 0.0758 
INFO:root:TEST measures@1000 for class 1 - precision 0.0201 - recall 0.0347 - f1 0.0255 
INFO:root:TEST Total epoch time: 27.74172640684992
INFO:root:################ TRAIN epoch 9 ###################
INFO:root:TRAIN mean losses tensor(0.0576, device='cuda:0')
INFO:root:TRAIN mean errors 0.44545626640319824
INFO:root:TRAIN mean MRR 0.0 - mean MAP 0.05400347095008442
INFO:root:TRAIN tp {0: tensor(135362, device='cuda:0'), 1: tensor(6162, device='cuda:0')},fn {0: tensor(108750, device='cuda:0'), 1: tensor(4934, device='cuda:0')},fp {0: tensor(4934, device='cuda:0'), 1: tensor(108750, device='cuda:0')}
INFO:root:TRAIN measures microavg - precision 0.5545 - recall 0.5545 - f1 0.5545 
INFO:root:TRAIN measures for class 0 - precision 0.9648 - recall 0.5545 - f1 0.7043 
INFO:root:TRAIN measures for class 1 - precision 0.0536 - recall 0.5553 - f1 0.0978 
INFO:root:TRAIN measures@10 microavg - precision 0.5200 - recall 0.0002 - f1 0.0004 
INFO:root:TRAIN measures@10 for class 0 - precision 1.0000 - recall 0.0002 - f1 0.0004 
INFO:root:TRAIN measures@10 for class 1 - precision 0.0400 - recall 0.0002 - f1 0.0004 
INFO:root:TRAIN measures@100 microavg - precision 0.5320 - recall 0.0021 - f1 0.0042 
INFO:root:TRAIN measures@100 for class 0 - precision 1.0000 - recall 0.0020 - f1 0.0041 
INFO:root:TRAIN measures@100 for class 1 - precision 0.0640 - recall 0.0029 - f1 0.0055 
INFO:root:TRAIN measures@1000 microavg - precision 0.5624 - recall 0.0205 - f1 0.0395 
INFO:root:TRAIN measures@1000 for class 0 - precision 1.0000 - recall 0.0205 - f1 0.0401 
INFO:root:TRAIN measures@1000 for class 1 - precision 0.0533 - recall 0.0206 - f1 0.0298 
INFO:root:TRAIN Total epoch time: 0.9402792807668447
INFO:root:################ VALID epoch 9 ###################
INFO:root:VALID mean losses tensor(0.0459, device='cuda:0')
INFO:root:VALID mean errors 0.5015132427215576
INFO:root:VALID mean MRR 0.09433486659433704 - mean MAP 0.027107074598869147
INFO:root:VALID tp {0: tensor(34635, device='cuda:0'), 1: tensor(942, device='cuda:0')},fn {0: tensor(35149, device='cuda:0'), 1: tensor(644, device='cuda:0')},fp {0: tensor(644, device='cuda:0'), 1: tensor(35149, device='cuda:0')}
INFO:root:VALID measures microavg - precision 0.4985 - recall 0.4985 - f1 0.4985 
INFO:root:VALID measures for class 0 - precision 0.9817 - recall 0.4963 - f1 0.6593 
INFO:root:VALID measures for class 1 - precision 0.0261 - recall 0.5939 - f1 0.0500 
INFO:root:VALID measures@10 microavg - precision 0.5333 - recall 0.0004 - f1 0.0009 
INFO:root:VALID measures@10 for class 0 - precision 1.0000 - recall 0.0004 - f1 0.0009 
INFO:root:VALID measures@10 for class 1 - precision 0.0667 - recall 0.0013 - f1 0.0025 
INFO:root:VALID measures@100 microavg - precision 0.5167 - recall 0.0043 - f1 0.0086 
INFO:root:VALID measures@100 for class 0 - precision 1.0000 - recall 0.0043 - f1 0.0086 
INFO:root:VALID measures@100 for class 1 - precision 0.0333 - recall 0.0063 - f1 0.0106 
INFO:root:VALID measures@1000 microavg - precision 0.5147 - recall 0.0433 - f1 0.0798 
INFO:root:VALID measures@1000 for class 0 - precision 1.0000 - recall 0.0430 - f1 0.0824 
INFO:root:VALID measures@1000 for class 1 - precision 0.0293 - recall 0.0555 - f1 0.0384 
INFO:root:VALID Total epoch time: 41.22412055358291
INFO:root:################ TEST epoch 9 ###################
INFO:root:TEST batch 1 / 2 - partial error 0.4733 - partial loss 0.0459 - partial MRR  0.0657 - partial MAP 0.0242
INFO:root:TEST batch 1 / 2 -  partial tp {0: tensor(11719, device='cuda:0'), 1: tensor(274, device='cuda:0')},fn {0: tensor(10545, device='cuda:0'), 1: tensor(232, device='cuda:0')},fp {0: tensor(232, device='cuda:0'), 1: tensor(10545, device='cuda:0')}
INFO:root:TEST batch 1 / 2 - measures partial microavg - precision 0.5267 - recall 0.5267 - f1 0.5267 
INFO:root:TEST batch 1 / 2 - measures partial for class 0 - precision 0.9806 - recall 0.5264 - f1 0.6850 
INFO:root:TEST batch 1 / 2 - measures partial for class 1 - precision 0.0253 - recall 0.5415 - f1 0.0484 
INFO:root:TEST batch 1 / 2 - Batch time 13 
INFO:root:TEST batch 2 / 2 - partial error 0.4745 - partial loss 0.0455 - partial MRR  0.0696 - partial MAP 0.0255
INFO:root:TEST batch 2 / 2 -  partial tp {0: tensor(14931, device='cuda:0'), 1: tensor(363, device='cuda:0')},fn {0: tensor(13581, device='cuda:0'), 1: tensor(285, device='cuda:0')},fp {0: tensor(285, device='cuda:0'), 1: tensor(13581, device='cuda:0')}
INFO:root:TEST batch 2 / 2 - measures partial microavg - precision 0.5245 - recall 0.5245 - f1 0.5245 
INFO:root:TEST batch 2 / 2 - measures partial for class 0 - precision 0.9813 - recall 0.5237 - f1 0.6829 
INFO:root:TEST batch 2 / 2 - measures partial for class 1 - precision 0.0260 - recall 0.5602 - f1 0.0498 
INFO:root:TEST batch 2 / 2 - Batch time 13 
INFO:root:TEST mean losses tensor(0.0455, device='cuda:0')
INFO:root:TEST mean errors 0.47454264760017395
INFO:root:TEST mean MRR 0.0696007408226824 - mean MAP 0.0255476562696867
INFO:root:TEST tp {0: tensor(26650, device='cuda:0'), 1: tensor(637, device='cuda:0')},fn {0: tensor(24126, device='cuda:0'), 1: tensor(517, device='cuda:0')},fp {0: tensor(517, device='cuda:0'), 1: tensor(24126, device='cuda:0')}
INFO:root:TEST measures microavg - precision 0.5255 - recall 0.5255 - f1 0.5255 
INFO:root:TEST measures for class 0 - precision 0.9810 - recall 0.5249 - f1 0.6838 
INFO:root:TEST measures for class 1 - precision 0.0257 - recall 0.5520 - f1 0.0492 
INFO:root:TEST measures@10 microavg - precision 0.5000 - recall 0.0004 - f1 0.0008 
INFO:root:TEST measures@10 for class 0 - precision 1.0000 - recall 0.0004 - f1 0.0008 
INFO:root:TEST measures@10 for class 1 - precision 0.0000 - recall 0.0000 - f1 0.0000 
INFO:root:TEST measures@100 microavg - precision 0.5025 - recall 0.0039 - f1 0.0077 
INFO:root:TEST measures@100 for class 0 - precision 1.0000 - recall 0.0039 - f1 0.0078 
INFO:root:TEST measures@100 for class 1 - precision 0.0050 - recall 0.0009 - f1 0.0015 
INFO:root:TEST measures@1000 microavg - precision 0.5122 - recall 0.0395 - f1 0.0733 
INFO:root:TEST measures@1000 for class 0 - precision 1.0000 - recall 0.0394 - f1 0.0758 
INFO:root:TEST measures@1000 for class 1 - precision 0.0245 - recall 0.0425 - f1 0.0311 
INFO:root:TEST Total epoch time: 27.466529563069344
INFO:root:################ TRAIN epoch 10 ###################
INFO:root:TRAIN mean losses tensor(0.0568, device='cuda:0')
INFO:root:TRAIN mean errors 0.5313430428504944
INFO:root:TRAIN mean MRR 0.0 - mean MAP 0.05308887132933982
INFO:root:TRAIN tp {0: tensor(112117, device='cuda:0'), 1: tensor(7488, device='cuda:0')},fn {0: tensor(131995, device='cuda:0'), 1: tensor(3608, device='cuda:0')},fp {0: tensor(3608, device='cuda:0'), 1: tensor(131995, device='cuda:0')}
INFO:root:TRAIN measures microavg - precision 0.4687 - recall 0.4687 - f1 0.4687 
INFO:root:TRAIN measures for class 0 - precision 0.9688 - recall 0.4593 - f1 0.6232 
INFO:root:TRAIN measures for class 1 - precision 0.0537 - recall 0.6748 - f1 0.0995 
INFO:root:TRAIN measures@10 microavg - precision 0.5300 - recall 0.0002 - f1 0.0004 
INFO:root:TRAIN measures@10 for class 0 - precision 1.0000 - recall 0.0002 - f1 0.0004 
INFO:root:TRAIN measures@10 for class 1 - precision 0.0600 - recall 0.0003 - f1 0.0005 
INFO:root:TRAIN measures@100 microavg - precision 0.5340 - recall 0.0021 - f1 0.0042 
INFO:root:TRAIN measures@100 for class 0 - precision 1.0000 - recall 0.0020 - f1 0.0041 
INFO:root:TRAIN measures@100 for class 1 - precision 0.0680 - recall 0.0031 - f1 0.0059 
INFO:root:TRAIN measures@1000 microavg - precision 0.5233 - recall 0.0205 - f1 0.0395 
INFO:root:TRAIN measures@1000 for class 0 - precision 1.0000 - recall 0.0205 - f1 0.0401 
INFO:root:TRAIN measures@1000 for class 1 - precision 0.0466 - recall 0.0210 - f1 0.0290 
INFO:root:TRAIN Total epoch time: 1.0207558646798134
INFO:root:################ VALID epoch 10 ###################
INFO:root:VALID mean losses tensor(0.0451, device='cuda:0')
INFO:root:VALID mean errors 0.3579515218734741
INFO:root:VALID mean MRR 0.08569760759826771 - mean MAP 0.024177378943547895
INFO:root:VALID tp {0: tensor(45191, device='cuda:0'), 1: tensor(632, device='cuda:0')},fn {0: tensor(24593, device='cuda:0'), 1: tensor(954, device='cuda:0')},fp {0: tensor(954, device='cuda:0'), 1: tensor(24593, device='cuda:0')}
INFO:root:VALID measures microavg - precision 0.6420 - recall 0.6420 - f1 0.6420 
INFO:root:VALID measures for class 0 - precision 0.9793 - recall 0.6476 - f1 0.7796 
INFO:root:VALID measures for class 1 - precision 0.0251 - recall 0.3985 - f1 0.0471 
INFO:root:VALID measures@10 microavg - precision 0.5000 - recall 0.0004 - f1 0.0008 
INFO:root:VALID measures@10 for class 0 - precision 1.0000 - recall 0.0004 - f1 0.0009 
INFO:root:VALID measures@10 for class 1 - precision 0.0000 - recall 0.0000 - f1 0.0000 
INFO:root:VALID measures@100 microavg - precision 0.5100 - recall 0.0043 - f1 0.0085 
INFO:root:VALID measures@100 for class 0 - precision 1.0000 - recall 0.0043 - f1 0.0086 
INFO:root:VALID measures@100 for class 1 - precision 0.0200 - recall 0.0038 - f1 0.0064 
INFO:root:VALID measures@1000 microavg - precision 0.5088 - recall 0.0428 - f1 0.0789 
INFO:root:VALID measures@1000 for class 0 - precision 1.0000 - recall 0.0430 - f1 0.0824 
INFO:root:VALID measures@1000 for class 1 - precision 0.0177 - recall 0.0334 - f1 0.0231 
INFO:root:VALID Total epoch time: 41.195437154732645
INFO:root:################ TRAIN epoch 11 ###################
INFO:root:TRAIN mean losses tensor(0.0566, device='cuda:0')
INFO:root:TRAIN mean errors 0.5341016054153442
INFO:root:TRAIN mean MRR 0.0 - mean MAP 0.054358357853205704
INFO:root:TRAIN tp {0: tensor(111392, device='cuda:0'), 1: tensor(7509, device='cuda:0')},fn {0: tensor(132720, device='cuda:0'), 1: tensor(3587, device='cuda:0')},fp {0: tensor(3587, device='cuda:0'), 1: tensor(132720, device='cuda:0')}
INFO:root:TRAIN measures microavg - precision 0.4659 - recall 0.4659 - f1 0.4659 
INFO:root:TRAIN measures for class 0 - precision 0.9688 - recall 0.4563 - f1 0.6204 
INFO:root:TRAIN measures for class 1 - precision 0.0535 - recall 0.6767 - f1 0.0992 
INFO:root:TRAIN measures@10 microavg - precision 0.5600 - recall 0.0002 - f1 0.0004 
INFO:root:TRAIN measures@10 for class 0 - precision 1.0000 - recall 0.0002 - f1 0.0004 
INFO:root:TRAIN measures@10 for class 1 - precision 0.1200 - recall 0.0005 - f1 0.0011 
INFO:root:TRAIN measures@100 microavg - precision 0.5380 - recall 0.0021 - f1 0.0042 
INFO:root:TRAIN measures@100 for class 0 - precision 1.0000 - recall 0.0020 - f1 0.0041 
INFO:root:TRAIN measures@100 for class 1 - precision 0.0760 - recall 0.0034 - f1 0.0066 
INFO:root:TRAIN measures@1000 microavg - precision 0.5289 - recall 0.0207 - f1 0.0399 
INFO:root:TRAIN measures@1000 for class 0 - precision 1.0000 - recall 0.0205 - f1 0.0401 
INFO:root:TRAIN measures@1000 for class 1 - precision 0.0578 - recall 0.0260 - f1 0.0359 
INFO:root:TRAIN Total epoch time: 0.9874878581613302
INFO:root:################ VALID epoch 11 ###################
INFO:root:VALID mean losses tensor(0.0460, device='cuda:0')
INFO:root:VALID mean errors 0.6281070709228516
INFO:root:VALID mean MRR 0.07860730844759167 - mean MAP 0.024802440594485147
INFO:root:VALID tp {0: tensor(25408, device='cuda:0'), 1: tensor(1134, device='cuda:0')},fn {0: tensor(44376, device='cuda:0'), 1: tensor(452, device='cuda:0')},fp {0: tensor(452, device='cuda:0'), 1: tensor(44376, device='cuda:0')}
INFO:root:VALID measures microavg - precision 0.3719 - recall 0.3719 - f1 0.3719 
INFO:root:VALID measures for class 0 - precision 0.9825 - recall 0.3641 - f1 0.5313 
INFO:root:VALID measures for class 1 - precision 0.0249 - recall 0.7150 - f1 0.0482 
INFO:root:VALID measures@10 microavg - precision 0.5167 - recall 0.0004 - f1 0.0009 
INFO:root:VALID measures@10 for class 0 - precision 1.0000 - recall 0.0004 - f1 0.0009 
INFO:root:VALID measures@10 for class 1 - precision 0.0333 - recall 0.0006 - f1 0.0012 
INFO:root:VALID measures@100 microavg - precision 0.5150 - recall 0.0043 - f1 0.0086 
INFO:root:VALID measures@100 for class 0 - precision 1.0000 - recall 0.0043 - f1 0.0086 
INFO:root:VALID measures@100 for class 1 - precision 0.0300 - recall 0.0057 - f1 0.0095 
INFO:root:VALID measures@1000 microavg - precision 0.5132 - recall 0.0431 - f1 0.0796 
INFO:root:VALID measures@1000 for class 0 - precision 1.0000 - recall 0.0430 - f1 0.0824 
INFO:root:VALID measures@1000 for class 1 - precision 0.0263 - recall 0.0498 - f1 0.0345 
INFO:root:VALID Total epoch time: 41.20083349291235
INFO:root:################ TRAIN epoch 12 ###################
INFO:root:TRAIN mean losses tensor(0.0561, device='cuda:0')
INFO:root:TRAIN mean errors 0.5806871056556702
INFO:root:TRAIN mean MRR 0.0 - mean MAP 0.054983269189687295
INFO:root:TRAIN tp {0: tensor(98660, device='cuda:0'), 1: tensor(8352, device='cuda:0')},fn {0: tensor(145452, device='cuda:0'), 1: tensor(2744, device='cuda:0')},fp {0: tensor(2744, device='cuda:0'), 1: tensor(145452, device='cuda:0')}
INFO:root:TRAIN measures microavg - precision 0.4193 - recall 0.4193 - f1 0.4193 
INFO:root:TRAIN measures for class 0 - precision 0.9729 - recall 0.4042 - f1 0.5711 
INFO:root:TRAIN measures for class 1 - precision 0.0543 - recall 0.7527 - f1 0.1013 
INFO:root:TRAIN measures@10 microavg - precision 0.5300 - recall 0.0002 - f1 0.0004 
INFO:root:TRAIN measures@10 for class 0 - precision 1.0000 - recall 0.0002 - f1 0.0004 
INFO:root:TRAIN measures@10 for class 1 - precision 0.0600 - recall 0.0003 - f1 0.0005 
INFO:root:TRAIN measures@100 microavg - precision 0.5250 - recall 0.0021 - f1 0.0041 
INFO:root:TRAIN measures@100 for class 0 - precision 1.0000 - recall 0.0020 - f1 0.0041 
INFO:root:TRAIN measures@100 for class 1 - precision 0.0500 - recall 0.0023 - f1 0.0043 
INFO:root:TRAIN measures@1000 microavg - precision 0.5262 - recall 0.0206 - f1 0.0397 
INFO:root:TRAIN measures@1000 for class 0 - precision 1.0000 - recall 0.0205 - f1 0.0401 
INFO:root:TRAIN measures@1000 for class 1 - precision 0.0524 - recall 0.0236 - f1 0.0326 
INFO:root:TRAIN Total epoch time: 1.0521215237677097
INFO:root:################ VALID epoch 12 ###################
INFO:root:VALID mean losses tensor(0.0453, device='cuda:0')
INFO:root:VALID mean errors 0.49377888441085815
INFO:root:VALID mean MRR 0.0889015298773889 - mean MAP 0.025719244747020087
INFO:root:VALID tp {0: tensor(35250, device='cuda:0'), 1: tensor(879, device='cuda:0')},fn {0: tensor(34534, device='cuda:0'), 1: tensor(707, device='cuda:0')},fp {0: tensor(707, device='cuda:0'), 1: tensor(34534, device='cuda:0')}
INFO:root:VALID measures microavg - precision 0.5062 - recall 0.5062 - f1 0.5062 
INFO:root:VALID measures for class 0 - precision 0.9803 - recall 0.5051 - f1 0.6667 
INFO:root:VALID measures for class 1 - precision 0.0248 - recall 0.5542 - f1 0.0475 
INFO:root:VALID measures@10 microavg - precision 0.5000 - recall 0.0004 - f1 0.0008 
INFO:root:VALID measures@10 for class 0 - precision 1.0000 - recall 0.0004 - f1 0.0009 
INFO:root:VALID measures@10 for class 1 - precision 0.0000 - recall 0.0000 - f1 0.0000 
INFO:root:VALID measures@100 microavg - precision 0.5067 - recall 0.0043 - f1 0.0084 
INFO:root:VALID measures@100 for class 0 - precision 1.0000 - recall 0.0043 - f1 0.0086 
INFO:root:VALID measures@100 for class 1 - precision 0.0133 - recall 0.0025 - f1 0.0042 
INFO:root:VALID measures@1000 microavg - precision 0.5158 - recall 0.0434 - f1 0.0800 
INFO:root:VALID measures@1000 for class 0 - precision 1.0000 - recall 0.0430 - f1 0.0824 
INFO:root:VALID measures@1000 for class 1 - precision 0.0317 - recall 0.0599 - f1 0.0414 
INFO:root:VALID Total epoch time: 41.429809843190014
INFO:root:################ TRAIN epoch 13 ###################
INFO:root:TRAIN mean losses tensor(0.0558, device='cuda:0')
INFO:root:TRAIN mean errors 0.588947057723999
INFO:root:TRAIN mean MRR 0.0 - mean MAP 0.05417572863791879
INFO:root:TRAIN tp {0: tensor(96409, device='cuda:0'), 1: tensor(8495, device='cuda:0')},fn {0: tensor(147703, device='cuda:0'), 1: tensor(2601, device='cuda:0')},fp {0: tensor(2601, device='cuda:0'), 1: tensor(147703, device='cuda:0')}
INFO:root:TRAIN measures microavg - precision 0.4111 - recall 0.4111 - f1 0.4111 
INFO:root:TRAIN measures for class 0 - precision 0.9737 - recall 0.3949 - f1 0.5620 
INFO:root:TRAIN measures for class 1 - precision 0.0544 - recall 0.7656 - f1 0.1016 
INFO:root:TRAIN measures@10 microavg - precision 0.5300 - recall 0.0002 - f1 0.0004 
INFO:root:TRAIN measures@10 for class 0 - precision 1.0000 - recall 0.0002 - f1 0.0004 
INFO:root:TRAIN measures@10 for class 1 - precision 0.0600 - recall 0.0003 - f1 0.0005 
INFO:root:TRAIN measures@100 microavg - precision 0.5120 - recall 0.0020 - f1 0.0040 
INFO:root:TRAIN measures@100 for class 0 - precision 1.0000 - recall 0.0020 - f1 0.0041 
INFO:root:TRAIN measures@100 for class 1 - precision 0.0240 - recall 0.0011 - f1 0.0021 
INFO:root:TRAIN measures@1000 microavg - precision 0.5222 - recall 0.0205 - f1 0.0394 
INFO:root:TRAIN measures@1000 for class 0 - precision 1.0000 - recall 0.0205 - f1 0.0401 
INFO:root:TRAIN measures@1000 for class 1 - precision 0.0444 - recall 0.0200 - f1 0.0276 
INFO:root:TRAIN Total epoch time: 1.029128223657608
INFO:root:################ VALID epoch 13 ###################
INFO:root:VALID mean losses tensor(0.0450, device='cuda:0')
INFO:root:VALID mean errors 0.40455374121665955
INFO:root:VALID mean MRR 0.08256890625326867 - mean MAP 0.025412948558582036
INFO:root:VALID tp {0: tensor(41793, device='cuda:0'), 1: tensor(704, device='cuda:0')},fn {0: tensor(27991, device='cuda:0'), 1: tensor(882, device='cuda:0')},fp {0: tensor(882, device='cuda:0'), 1: tensor(27991, device='cuda:0')}
INFO:root:VALID measures microavg - precision 0.5954 - recall 0.5954 - f1 0.5954 
INFO:root:VALID measures for class 0 - precision 0.9793 - recall 0.5989 - f1 0.7433 
INFO:root:VALID measures for class 1 - precision 0.0245 - recall 0.4439 - f1 0.0465 
INFO:root:VALID measures@10 microavg - precision 0.5000 - recall 0.0004 - f1 0.0008 
INFO:root:VALID measures@10 for class 0 - precision 1.0000 - recall 0.0004 - f1 0.0009 
INFO:root:VALID measures@10 for class 1 - precision 0.0000 - recall 0.0000 - f1 0.0000 
INFO:root:VALID measures@100 microavg - precision 0.5100 - recall 0.0043 - f1 0.0085 
INFO:root:VALID measures@100 for class 0 - precision 1.0000 - recall 0.0043 - f1 0.0086 
INFO:root:VALID measures@100 for class 1 - precision 0.0200 - recall 0.0038 - f1 0.0064 
INFO:root:VALID measures@1000 microavg - precision 0.5120 - recall 0.0430 - f1 0.0794 
INFO:root:VALID measures@1000 for class 0 - precision 1.0000 - recall 0.0430 - f1 0.0824 
INFO:root:VALID measures@1000 for class 1 - precision 0.0240 - recall 0.0454 - f1 0.0314 
INFO:root:VALID Total epoch time: 41.37586457375437
INFO:root:################ TRAIN epoch 14 ###################
INFO:root:TRAIN mean losses tensor(0.0556, device='cuda:0')
INFO:root:TRAIN mean errors 0.5842058062553406
INFO:root:TRAIN mean MRR 0.0 - mean MAP 0.05486768918056718
INFO:root:TRAIN tp {0: tensor(97812, device='cuda:0'), 1: tensor(8302, device='cuda:0')},fn {0: tensor(146300, device='cuda:0'), 1: tensor(2794, device='cuda:0')},fp {0: tensor(2794, device='cuda:0'), 1: tensor(146300, device='cuda:0')}
INFO:root:TRAIN measures microavg - precision 0.4158 - recall 0.4158 - f1 0.4158 
INFO:root:TRAIN measures for class 0 - precision 0.9722 - recall 0.4007 - f1 0.5675 
INFO:root:TRAIN measures for class 1 - precision 0.0537 - recall 0.7482 - f1 0.1002 
INFO:root:TRAIN measures@10 microavg - precision 0.5000 - recall 0.0002 - f1 0.0004 
INFO:root:TRAIN measures@10 for class 0 - precision 1.0000 - recall 0.0002 - f1 0.0004 
INFO:root:TRAIN measures@10 for class 1 - precision 0.0000 - recall 0.0000 - f1 0.0000 
INFO:root:TRAIN measures@100 microavg - precision 0.5170 - recall 0.0020 - f1 0.0040 
INFO:root:TRAIN measures@100 for class 0 - precision 1.0000 - recall 0.0020 - f1 0.0041 
INFO:root:TRAIN measures@100 for class 1 - precision 0.0340 - recall 0.0015 - f1 0.0029 
INFO:root:TRAIN measures@1000 microavg - precision 0.5281 - recall 0.0207 - f1 0.0398 
INFO:root:TRAIN measures@1000 for class 0 - precision 1.0000 - recall 0.0205 - f1 0.0401 
INFO:root:TRAIN measures@1000 for class 1 - precision 0.0562 - recall 0.0253 - f1 0.0349 
INFO:root:TRAIN Total epoch time: 1.1531740836799145
INFO:root:################ VALID epoch 14 ###################
INFO:root:VALID mean losses tensor(0.0446, device='cuda:0')
INFO:root:VALID mean errors 0.3630657196044922
INFO:root:VALID mean MRR 0.08906569475763783 - mean MAP 0.026403653685261864
INFO:root:VALID tp {0: tensor(44771, device='cuda:0'), 1: tensor(687, device='cuda:0')},fn {0: tensor(25013, device='cuda:0'), 1: tensor(899, device='cuda:0')},fp {0: tensor(899, device='cuda:0'), 1: tensor(25013, device='cuda:0')}
INFO:root:VALID measures microavg - precision 0.6369 - recall 0.6369 - f1 0.6369 
INFO:root:VALID measures for class 0 - precision 0.9803 - recall 0.6416 - f1 0.7756 
INFO:root:VALID measures for class 1 - precision 0.0267 - recall 0.4332 - f1 0.0504 
INFO:root:VALID measures@10 microavg - precision 0.5000 - recall 0.0004 - f1 0.0008 
INFO:root:VALID measures@10 for class 0 - precision 1.0000 - recall 0.0004 - f1 0.0009 
INFO:root:VALID measures@10 for class 1 - precision 0.0000 - recall 0.0000 - f1 0.0000 
INFO:root:VALID measures@100 microavg - precision 0.5117 - recall 0.0043 - f1 0.0085 
INFO:root:VALID measures@100 for class 0 - precision 1.0000 - recall 0.0043 - f1 0.0086 
INFO:root:VALID measures@100 for class 1 - precision 0.0233 - recall 0.0044 - f1 0.0074 
INFO:root:VALID measures@1000 microavg - precision 0.5118 - recall 0.0430 - f1 0.0794 
INFO:root:VALID measures@1000 for class 0 - precision 1.0000 - recall 0.0430 - f1 0.0824 
INFO:root:VALID measures@1000 for class 1 - precision 0.0237 - recall 0.0448 - f1 0.0310 
INFO:root:VALID Total epoch time: 41.07423553429544
INFO:root:################ TRAIN epoch 15 ###################
INFO:root:TRAIN mean losses tensor(0.0555, device='cuda:0')
INFO:root:TRAIN mean errors 0.5935668349266052
INFO:root:TRAIN mean MRR 0.0 - mean MAP 0.058386986538387496
INFO:root:TRAIN tp {0: tensor(95187, device='cuda:0'), 1: tensor(8538, device='cuda:0')},fn {0: tensor(148925, device='cuda:0'), 1: tensor(2558, device='cuda:0')},fp {0: tensor(2558, device='cuda:0'), 1: tensor(148925, device='cuda:0')}
INFO:root:TRAIN measures microavg - precision 0.4064 - recall 0.4064 - f1 0.4064 
INFO:root:TRAIN measures for class 0 - precision 0.9738 - recall 0.3899 - f1 0.5569 
INFO:root:TRAIN measures for class 1 - precision 0.0542 - recall 0.7695 - f1 0.1013 
INFO:root:TRAIN measures@10 microavg - precision 0.6100 - recall 0.0002 - f1 0.0005 
INFO:root:TRAIN measures@10 for class 0 - precision 1.0000 - recall 0.0002 - f1 0.0004 
INFO:root:TRAIN measures@10 for class 1 - precision 0.2200 - recall 0.0010 - f1 0.0020 
INFO:root:TRAIN measures@100 microavg - precision 0.5500 - recall 0.0022 - f1 0.0043 
INFO:root:TRAIN measures@100 for class 0 - precision 1.0000 - recall 0.0020 - f1 0.0041 
INFO:root:TRAIN measures@100 for class 1 - precision 0.1000 - recall 0.0045 - f1 0.0086 
INFO:root:TRAIN measures@1000 microavg - precision 0.5341 - recall 0.0209 - f1 0.0403 
INFO:root:TRAIN measures@1000 for class 0 - precision 1.0000 - recall 0.0205 - f1 0.0401 
INFO:root:TRAIN measures@1000 for class 1 - precision 0.0682 - recall 0.0307 - f1 0.0424 
INFO:root:TRAIN Total epoch time: 1.0155913475900888
INFO:root:################ VALID epoch 15 ###################
INFO:root:VALID mean losses tensor(0.0443, device='cuda:0')
INFO:root:VALID mean errors 0.2606837749481201
INFO:root:VALID mean MRR 0.08051526417337992 - mean MAP 0.024520579182401855
INFO:root:VALID tp {0: tensor(52333, device='cuda:0'), 1: tensor(432, device='cuda:0')},fn {0: tensor(17451, device='cuda:0'), 1: tensor(1154, device='cuda:0')},fp {0: tensor(1154, device='cuda:0'), 1: tensor(17451, device='cuda:0')}
INFO:root:VALID measures microavg - precision 0.7393 - recall 0.7393 - f1 0.7393 
INFO:root:VALID measures for class 0 - precision 0.9784 - recall 0.7499 - f1 0.8491 
INFO:root:VALID measures for class 1 - precision 0.0242 - recall 0.2724 - f1 0.0444 
INFO:root:VALID measures@10 microavg - precision 0.5000 - recall 0.0004 - f1 0.0008 
INFO:root:VALID measures@10 for class 0 - precision 1.0000 - recall 0.0004 - f1 0.0009 
INFO:root:VALID measures@10 for class 1 - precision 0.0000 - recall 0.0000 - f1 0.0000 
INFO:root:VALID measures@100 microavg - precision 0.5050 - recall 0.0042 - f1 0.0084 
INFO:root:VALID measures@100 for class 0 - precision 1.0000 - recall 0.0043 - f1 0.0086 
INFO:root:VALID measures@100 for class 1 - precision 0.0100 - recall 0.0019 - f1 0.0032 
INFO:root:VALID measures@1000 microavg - precision 0.5120 - recall 0.0430 - f1 0.0794 
INFO:root:VALID measures@1000 for class 0 - precision 1.0000 - recall 0.0430 - f1 0.0824 
INFO:root:VALID measures@1000 for class 1 - precision 0.0240 - recall 0.0454 - f1 0.0314 
INFO:root:VALID Total epoch time: 41.23332027345896
INFO:root:################ TRAIN epoch 16 ###################
INFO:root:TRAIN mean losses tensor(0.0557, device='cuda:0')
INFO:root:TRAIN mean errors 0.6026731133460999
INFO:root:TRAIN mean MRR 0.0 - mean MAP 0.0518477026441904
INFO:root:TRAIN tp {0: tensor(92866, device='cuda:0'), 1: tensor(8535, device='cuda:0')},fn {0: tensor(151246, device='cuda:0'), 1: tensor(2561, device='cuda:0')},fp {0: tensor(2561, device='cuda:0'), 1: tensor(151246, device='cuda:0')}
INFO:root:TRAIN measures microavg - precision 0.3973 - recall 0.3973 - f1 0.3973 
INFO:root:TRAIN measures for class 0 - precision 0.9732 - recall 0.3804 - f1 0.5470 
INFO:root:TRAIN measures for class 1 - precision 0.0534 - recall 0.7692 - f1 0.0999 
INFO:root:TRAIN measures@10 microavg - precision 0.5000 - recall 0.0002 - f1 0.0004 
INFO:root:TRAIN measures@10 for class 0 - precision 1.0000 - recall 0.0002 - f1 0.0004 
INFO:root:TRAIN measures@10 for class 1 - precision 0.0000 - recall 0.0000 - f1 0.0000 
INFO:root:TRAIN measures@100 microavg - precision 0.5160 - recall 0.0020 - f1 0.0040 
INFO:root:TRAIN measures@100 for class 0 - precision 1.0000 - recall 0.0020 - f1 0.0041 
INFO:root:TRAIN measures@100 for class 1 - precision 0.0320 - recall 0.0014 - f1 0.0028 
INFO:root:TRAIN measures@1000 microavg - precision 0.5236 - recall 0.0205 - f1 0.0395 
INFO:root:TRAIN measures@1000 for class 0 - precision 1.0000 - recall 0.0205 - f1 0.0401 
INFO:root:TRAIN measures@1000 for class 1 - precision 0.0472 - recall 0.0213 - f1 0.0293 
INFO:root:TRAIN Total epoch time: 1.104513194411993
INFO:root:################ VALID epoch 16 ###################
INFO:root:VALID mean losses tensor(0.0434, device='cuda:0')
INFO:root:VALID mean errors 0.06106207147240639
INFO:root:VALID mean MRR 0.07745548746584034 - mean MAP 0.023859581859831686
INFO:root:VALID tp {0: tensor(66964, device='cuda:0'), 1: tensor(48, device='cuda:0')},fn {0: tensor(2820, device='cuda:0'), 1: tensor(1538, device='cuda:0')},fp {0: tensor(1538, device='cuda:0'), 1: tensor(2820, device='cuda:0')}
INFO:root:VALID measures microavg - precision 0.9389 - recall 0.9389 - f1 0.9389 
INFO:root:VALID measures for class 0 - precision 0.9775 - recall 0.9596 - f1 0.9685 
INFO:root:VALID measures for class 1 - precision 0.0167 - recall 0.0303 - f1 0.0216 
INFO:root:VALID measures@10 microavg - precision 0.5000 - recall 0.0004 - f1 0.0008 
INFO:root:VALID measures@10 for class 0 - precision 1.0000 - recall 0.0004 - f1 0.0009 
INFO:root:VALID measures@10 for class 1 - precision 0.0000 - recall 0.0000 - f1 0.0000 
INFO:root:VALID measures@100 microavg - precision 0.5067 - recall 0.0043 - f1 0.0084 
INFO:root:VALID measures@100 for class 0 - precision 1.0000 - recall 0.0043 - f1 0.0086 
INFO:root:VALID measures@100 for class 1 - precision 0.0133 - recall 0.0025 - f1 0.0042 
INFO:root:VALID measures@1000 microavg - precision 0.5256 - recall 0.0427 - f1 0.0789 
INFO:root:VALID measures@1000 for class 0 - precision 1.0000 - recall 0.0430 - f1 0.0824 
INFO:root:VALID measures@1000 for class 1 - precision 0.0165 - recall 0.0290 - f1 0.0210 
INFO:root:VALID Total epoch time: 40.904952961951494
INFO:root:################ TRAIN epoch 17 ###################
INFO:root:TRAIN mean losses tensor(0.0557, device='cuda:0')
INFO:root:TRAIN mean errors 0.5021708011627197
INFO:root:TRAIN mean MRR 0.0 - mean MAP 0.05577590192892661
INFO:root:TRAIN tp {0: tensor(120081, device='cuda:0'), 1: tensor(6969, device='cuda:0')},fn {0: tensor(124031, device='cuda:0'), 1: tensor(4127, device='cuda:0')},fp {0: tensor(4127, device='cuda:0'), 1: tensor(124031, device='cuda:0')}
INFO:root:TRAIN measures microavg - precision 0.4978 - recall 0.4978 - f1 0.4978 
INFO:root:TRAIN measures for class 0 - precision 0.9668 - recall 0.4919 - f1 0.6520 
INFO:root:TRAIN measures for class 1 - precision 0.0532 - recall 0.6281 - f1 0.0981 
INFO:root:TRAIN measures@10 microavg - precision 0.6000 - recall 0.0002 - f1 0.0005 
INFO:root:TRAIN measures@10 for class 0 - precision 1.0000 - recall 0.0002 - f1 0.0004 
INFO:root:TRAIN measures@10 for class 1 - precision 0.2000 - recall 0.0009 - f1 0.0018 
INFO:root:TRAIN measures@100 microavg - precision 0.5420 - recall 0.0021 - f1 0.0042 
INFO:root:TRAIN measures@100 for class 0 - precision 1.0000 - recall 0.0020 - f1 0.0041 
INFO:root:TRAIN measures@100 for class 1 - precision 0.0840 - recall 0.0038 - f1 0.0072 
INFO:root:TRAIN measures@1000 microavg - precision 0.5281 - recall 0.0207 - f1 0.0398 
INFO:root:TRAIN measures@1000 for class 0 - precision 1.0000 - recall 0.0205 - f1 0.0401 
INFO:root:TRAIN measures@1000 for class 1 - precision 0.0562 - recall 0.0253 - f1 0.0349 
INFO:root:TRAIN Total epoch time: 0.9407632146030664
INFO:root:################ VALID epoch 17 ###################
INFO:root:VALID mean losses tensor(0.0447, device='cuda:0')
INFO:root:VALID mean errors 0.380299836397171
INFO:root:VALID mean MRR 0.0863369010028889 - mean MAP 0.025964083259475097
INFO:root:VALID tp {0: tensor(43521, device='cuda:0'), 1: tensor(707, device='cuda:0')},fn {0: tensor(26263, device='cuda:0'), 1: tensor(879, device='cuda:0')},fp {0: tensor(879, device='cuda:0'), 1: tensor(26263, device='cuda:0')}
INFO:root:VALID measures microavg - precision 0.6197 - recall 0.6197 - f1 0.6197 
INFO:root:VALID measures for class 0 - precision 0.9802 - recall 0.6237 - f1 0.7623 
INFO:root:VALID measures for class 1 - precision 0.0262 - recall 0.4458 - f1 0.0495 
INFO:root:VALID measures@10 microavg - precision 0.5000 - recall 0.0004 - f1 0.0008 
INFO:root:VALID measures@10 for class 0 - precision 1.0000 - recall 0.0004 - f1 0.0009 
INFO:root:VALID measures@10 for class 1 - precision 0.0000 - recall 0.0000 - f1 0.0000 
INFO:root:VALID measures@100 microavg - precision 0.5050 - recall 0.0042 - f1 0.0084 
INFO:root:VALID measures@100 for class 0 - precision 1.0000 - recall 0.0043 - f1 0.0086 
INFO:root:VALID measures@100 for class 1 - precision 0.0100 - recall 0.0019 - f1 0.0032 
INFO:root:VALID measures@1000 microavg - precision 0.5128 - recall 0.0431 - f1 0.0795 
INFO:root:VALID measures@1000 for class 0 - precision 1.0000 - recall 0.0430 - f1 0.0824 
INFO:root:VALID measures@1000 for class 1 - precision 0.0257 - recall 0.0485 - f1 0.0336 
INFO:root:VALID Total epoch time: 40.9611875154078
INFO:root:################ TRAIN epoch 18 ###################
INFO:root:TRAIN mean losses tensor(0.0556, device='cuda:0')
INFO:root:TRAIN mean errors 0.36084291338920593
INFO:root:TRAIN mean MRR 0.0 - mean MAP 0.05273024907105087
INFO:root:TRAIN tp {0: tensor(158389, device='cuda:0'), 1: tensor(4729, device='cuda:0')},fn {0: tensor(85723, device='cuda:0'), 1: tensor(6367, device='cuda:0')},fp {0: tensor(6367, device='cuda:0'), 1: tensor(85723, device='cuda:0')}
INFO:root:TRAIN measures microavg - precision 0.6392 - recall 0.6392 - f1 0.6392 
INFO:root:TRAIN measures for class 0 - precision 0.9614 - recall 0.6488 - f1 0.7748 
INFO:root:TRAIN measures for class 1 - precision 0.0523 - recall 0.4262 - f1 0.0931 
INFO:root:TRAIN measures@10 microavg - precision 0.5000 - recall 0.0002 - f1 0.0004 
INFO:root:TRAIN measures@10 for class 0 - precision 1.0000 - recall 0.0002 - f1 0.0004 
INFO:root:TRAIN measures@10 for class 1 - precision 0.0000 - recall 0.0000 - f1 0.0000 
INFO:root:TRAIN measures@100 microavg - precision 0.5150 - recall 0.0020 - f1 0.0040 
INFO:root:TRAIN measures@100 for class 0 - precision 1.0000 - recall 0.0020 - f1 0.0041 
INFO:root:TRAIN measures@100 for class 1 - precision 0.0300 - recall 0.0014 - f1 0.0026 
INFO:root:TRAIN measures@1000 microavg - precision 0.5220 - recall 0.0205 - f1 0.0394 
INFO:root:TRAIN measures@1000 for class 0 - precision 1.0000 - recall 0.0205 - f1 0.0401 
INFO:root:TRAIN measures@1000 for class 1 - precision 0.0440 - recall 0.0198 - f1 0.0273 
INFO:root:TRAIN Total epoch time: 1.518344390206039
INFO:root:################ VALID epoch 18 ###################
INFO:root:VALID mean losses tensor(0.0470, device='cuda:0')
INFO:root:VALID mean errors 0.864592969417572
INFO:root:VALID mean MRR 0.08811881419673262 - mean MAP 0.02624060114294053
INFO:root:VALID tp {0: tensor(8097, device='cuda:0'), 1: tensor(1567, device='cuda:0')},fn {0: tensor(61687, device='cuda:0'), 1: tensor(19, device='cuda:0')},fp {0: tensor(19, device='cuda:0'), 1: tensor(61687, device='cuda:0')}
INFO:root:VALID measures microavg - precision 0.1354 - recall 0.1354 - f1 0.1354 
INFO:root:VALID measures for class 0 - precision 0.9977 - recall 0.1160 - f1 0.2079 
INFO:root:VALID measures for class 1 - precision 0.0248 - recall 0.9880 - f1 0.0483 
INFO:root:VALID measures@10 microavg - precision 0.5000 - recall 0.0004 - f1 0.0008 
INFO:root:VALID measures@10 for class 0 - precision 1.0000 - recall 0.0004 - f1 0.0009 
INFO:root:VALID measures@10 for class 1 - precision 0.0000 - recall 0.0000 - f1 0.0000 
INFO:root:VALID measures@100 microavg - precision 0.5183 - recall 0.0044 - f1 0.0086 
INFO:root:VALID measures@100 for class 0 - precision 1.0000 - recall 0.0043 - f1 0.0086 
INFO:root:VALID measures@100 for class 1 - precision 0.0367 - recall 0.0069 - f1 0.0117 
INFO:root:VALID measures@1000 microavg - precision 0.5127 - recall 0.0431 - f1 0.0795 
INFO:root:VALID measures@1000 for class 0 - precision 1.0000 - recall 0.0430 - f1 0.0824 
INFO:root:VALID measures@1000 for class 1 - precision 0.0253 - recall 0.0479 - f1 0.0331 
INFO:root:VALID Total epoch time: 40.8902983115986
INFO:root:################ TRAIN epoch 19 ###################
INFO:root:TRAIN mean losses tensor(0.0553, device='cuda:0')
INFO:root:TRAIN mean errors 0.5721450448036194
INFO:root:TRAIN mean MRR 0.0 - mean MAP 0.0531194589540011
INFO:root:TRAIN tp {0: tensor(100940, device='cuda:0'), 1: tensor(8252, device='cuda:0')},fn {0: tensor(143172, device='cuda:0'), 1: tensor(2844, device='cuda:0')},fp {0: tensor(2844, device='cuda:0'), 1: tensor(143172, device='cuda:0')}
INFO:root:TRAIN measures microavg - precision 0.4279 - recall 0.4279 - f1 0.4279 
INFO:root:TRAIN measures for class 0 - precision 0.9726 - recall 0.4135 - f1 0.5803 
INFO:root:TRAIN measures for class 1 - precision 0.0545 - recall 0.7437 - f1 0.1016 
INFO:root:TRAIN measures@10 microavg - precision 0.5800 - recall 0.0002 - f1 0.0005 
INFO:root:TRAIN measures@10 for class 0 - precision 1.0000 - recall 0.0002 - f1 0.0004 
INFO:root:TRAIN measures@10 for class 1 - precision 0.1600 - recall 0.0007 - f1 0.0014 
INFO:root:TRAIN measures@100 microavg - precision 0.5370 - recall 0.0021 - f1 0.0042 
INFO:root:TRAIN measures@100 for class 0 - precision 1.0000 - recall 0.0020 - f1 0.0041 
INFO:root:TRAIN measures@100 for class 1 - precision 0.0740 - recall 0.0033 - f1 0.0064 
INFO:root:TRAIN measures@1000 microavg - precision 0.5260 - recall 0.0206 - f1 0.0397 
INFO:root:TRAIN measures@1000 for class 0 - precision 1.0000 - recall 0.0205 - f1 0.0401 
INFO:root:TRAIN measures@1000 for class 1 - precision 0.0520 - recall 0.0234 - f1 0.0323 
INFO:root:TRAIN Total epoch time: 0.9355600140988827
INFO:root:################ VALID epoch 19 ###################
