INFO:root:*** PARAMETERS ***
INFO:root:{'adj_mat_time_window': 1,
 'class_weights': [0.15, 0.85],
 'comments': ['comments'],
 'data': 'seir',
 'data_loading_params': {'batch_size': 1, 'num_workers': 0},
 'dev_proportion': 0.1,
 'device': 'cuda',
 'early_stop_patience': 50,
 'eval_after_epochs': 5,
 'gcn_parameters': {'cls_feats': 565,
                    'cls_feats_max': 812,
                    'cls_feats_min': 100,
                    'feats_per_node': 100,
                    'feats_per_node_max': 256,
                    'feats_per_node_min': 50,
                    'k_top_grcu': 200,
                    'layer_1_feats': 51,
                    'layer_1_feats_max': 200,
                    'layer_1_feats_min': 10,
                    'layer_2_feats': 51,
                    'layer_2_feats_same_as_l1': True,
                    'lstm_l1_feats': 157,
                    'lstm_l1_feats_max': 200,
                    'lstm_l1_feats_min': 10,
                    'lstm_l1_layers': 1,
                    'lstm_l2_feats': 157,
                    'lstm_l2_feats_same_as_l1': True,
                    'lstm_l2_layers': 1,
                    'num_layers': 2},
 'learning_rate': 0.005,
 'learning_rate_max': 0.1,
 'learning_rate_min': 0.0001,
 'model': 'egcn_o',
 'negative_mult_test': 100,
 'negative_mult_training': 50,
 'num_epochs': 100,
 'num_hist_steps': 2,
 'num_hist_steps_max': 10,
 'num_hist_steps_min': 2,
 'rank': 0,
 'save_node_embeddings': False,
 'seed': 1234,
 'seir_args': <utils.Namespace object at 0x7fd607f56790>,
 'smart_neg_sampling': True,
 'steps_accum_gradients': 1,
 'target_class': 1,
 'target_measure': 'MAP',
 'task': 'link_pred',
 'train_proportion': 0.7,
 'use_1_hot_node_feats': True,
 'use_2_hot_node_feats': False,
 'use_cuda': True,
 'use_logfile': True,
 'wsize': 1}
INFO:root:
INFO:root:################ TRAIN epoch 0 ###################
INFO:root:TRAIN mean losses tensor(0.0644, device='cuda:0')
INFO:root:TRAIN mean errors 0.13642439246177673
INFO:root:TRAIN mean MRR 0.0 - mean MAP 0.024308035946090212
INFO:root:TRAIN tp {0: tensor(2226300, device='cuda:0'), 1: tensor(6163, device='cuda:0')},fn {0: tensor(308150, device='cuda:0'), 1: tensor(44526, device='cuda:0')},fp {0: tensor(44526, device='cuda:0'), 1: tensor(308150, device='cuda:0')}
INFO:root:TRAIN measures microavg - precision 0.8636 - recall 0.8636 - f1 0.8636 
INFO:root:TRAIN measures for class 0 - precision 0.9804 - recall 0.8784 - f1 0.9266 
INFO:root:TRAIN measures for class 1 - precision 0.0196 - recall 0.1216 - f1 0.0338 
INFO:root:TRAIN measures@10 microavg - precision 0.9412 - recall 0.0001 - f1 0.0001 
INFO:root:TRAIN measures@10 for class 0 - precision 1.0000 - recall 0.0001 - f1 0.0001 
INFO:root:TRAIN measures@10 for class 1 - precision 0.0000 - recall 0.0000 - f1 0.0000 
INFO:root:TRAIN measures@100 microavg - precision 0.9412 - recall 0.0006 - f1 0.0012 
INFO:root:TRAIN measures@100 for class 0 - precision 1.0000 - recall 0.0006 - f1 0.0013 
INFO:root:TRAIN measures@100 for class 1 - precision 0.0000 - recall 0.0000 - f1 0.0000 
INFO:root:TRAIN measures@1000 microavg - precision 0.9399 - recall 0.0062 - f1 0.0123 
INFO:root:TRAIN measures@1000 for class 0 - precision 0.9987 - recall 0.0063 - f1 0.0125 
INFO:root:TRAIN measures@1000 for class 1 - precision 0.0000 - recall 0.0000 - f1 0.0000 
INFO:root:TRAIN Total epoch time: 4.790494287386537
INFO:root:################ TRAIN epoch 1 ###################
INFO:root:TRAIN mean losses tensor(0.0535, device='cuda:0')
INFO:root:TRAIN mean errors 0.019607843831181526
INFO:root:TRAIN mean MRR 0.0 - mean MAP 0.02673243202431673
INFO:root:TRAIN tp {0: tensor(2534450, device='cuda:0'), 1: tensor(0, device='cuda:0')},fn {0: tensor(0, device='cuda:0'), 1: tensor(50689, device='cuda:0')},fp {0: tensor(50689, device='cuda:0'), 1: tensor(0, device='cuda:0')}
INFO:root:TRAIN measures microavg - precision 0.9804 - recall 0.9804 - f1 0.9804 
INFO:root:TRAIN measures for class 0 - precision 0.9804 - recall 1.0000 - f1 0.9901 
INFO:root:TRAIN measures for class 1 - precision 0.0000 - recall 0.0000 - f1 0.0000 
INFO:root:TRAIN measures@10 microavg - precision 1.0000 - recall 0.0001 - f1 0.0001 
INFO:root:TRAIN measures@10 for class 0 - precision 1.0000 - recall 0.0001 - f1 0.0001 
INFO:root:TRAIN measures@10 for class 1 - precision 0.0000 - recall 0.0000 - f1 0.0000 
INFO:root:TRAIN measures@100 microavg - precision 1.0000 - recall 0.0007 - f1 0.0013 
INFO:root:TRAIN measures@100 for class 0 - precision 1.0000 - recall 0.0007 - f1 0.0013 
INFO:root:TRAIN measures@100 for class 1 - precision 0.0000 - recall 0.0000 - f1 0.0000 
INFO:root:TRAIN measures@1000 microavg - precision 1.0000 - recall 0.0066 - f1 0.0131 
INFO:root:TRAIN measures@1000 for class 0 - precision 1.0000 - recall 0.0067 - f1 0.0133 
INFO:root:TRAIN measures@1000 for class 1 - precision 0.0000 - recall 0.0000 - f1 0.0000 
INFO:root:TRAIN Total epoch time: 3.26460934150964
INFO:root:################ TRAIN epoch 2 ###################
INFO:root:TRAIN mean losses tensor(0.0523, device='cuda:0')
INFO:root:TRAIN mean errors 0.019607843831181526
INFO:root:TRAIN mean MRR 0.0 - mean MAP 0.025887905630895162
INFO:root:TRAIN tp {0: tensor(2534450, device='cuda:0'), 1: tensor(0, device='cuda:0')},fn {0: tensor(0, device='cuda:0'), 1: tensor(50689, device='cuda:0')},fp {0: tensor(50689, device='cuda:0'), 1: tensor(0, device='cuda:0')}
INFO:root:TRAIN measures microavg - precision 0.9804 - recall 0.9804 - f1 0.9804 
INFO:root:TRAIN measures for class 0 - precision 0.9804 - recall 1.0000 - f1 0.9901 
INFO:root:TRAIN measures for class 1 - precision 0.0000 - recall 0.0000 - f1 0.0000 
INFO:root:TRAIN measures@10 microavg - precision 1.0000 - recall 0.0001 - f1 0.0001 
INFO:root:TRAIN measures@10 for class 0 - precision 1.0000 - recall 0.0001 - f1 0.0001 
INFO:root:TRAIN measures@10 for class 1 - precision 0.0000 - recall 0.0000 - f1 0.0000 
INFO:root:TRAIN measures@100 microavg - precision 1.0000 - recall 0.0007 - f1 0.0013 
INFO:root:TRAIN measures@100 for class 0 - precision 1.0000 - recall 0.0007 - f1 0.0013 
INFO:root:TRAIN measures@100 for class 1 - precision 0.0000 - recall 0.0000 - f1 0.0000 
INFO:root:TRAIN measures@1000 microavg - precision 1.0000 - recall 0.0066 - f1 0.0131 
INFO:root:TRAIN measures@1000 for class 0 - precision 1.0000 - recall 0.0067 - f1 0.0133 
INFO:root:TRAIN measures@1000 for class 1 - precision 0.0000 - recall 0.0000 - f1 0.0000 
INFO:root:TRAIN Total epoch time: 3.405554372817278
INFO:root:################ TRAIN epoch 3 ###################
INFO:root:TRAIN mean losses tensor(0.0509, device='cuda:0')
INFO:root:TRAIN mean errors 0.019607843831181526
INFO:root:TRAIN mean MRR 0.0 - mean MAP 0.026431096153342583
INFO:root:TRAIN tp {0: tensor(2534450, device='cuda:0'), 1: tensor(0, device='cuda:0')},fn {0: tensor(0, device='cuda:0'), 1: tensor(50689, device='cuda:0')},fp {0: tensor(50689, device='cuda:0'), 1: tensor(0, device='cuda:0')}
INFO:root:TRAIN measures microavg - precision 0.9804 - recall 0.9804 - f1 0.9804 
INFO:root:TRAIN measures for class 0 - precision 0.9804 - recall 1.0000 - f1 0.9901 
INFO:root:TRAIN measures for class 1 - precision 0.0000 - recall 0.0000 - f1 0.0000 
INFO:root:TRAIN measures@10 microavg - precision 1.0000 - recall 0.0001 - f1 0.0001 
INFO:root:TRAIN measures@10 for class 0 - precision 1.0000 - recall 0.0001 - f1 0.0001 
INFO:root:TRAIN measures@10 for class 1 - precision 0.0000 - recall 0.0000 - f1 0.0000 
INFO:root:TRAIN measures@100 microavg - precision 1.0000 - recall 0.0007 - f1 0.0013 
INFO:root:TRAIN measures@100 for class 0 - precision 1.0000 - recall 0.0007 - f1 0.0013 
INFO:root:TRAIN measures@100 for class 1 - precision 0.0000 - recall 0.0000 - f1 0.0000 
INFO:root:TRAIN measures@1000 microavg - precision 1.0000 - recall 0.0066 - f1 0.0131 
INFO:root:TRAIN measures@1000 for class 0 - precision 1.0000 - recall 0.0067 - f1 0.0133 
INFO:root:TRAIN measures@1000 for class 1 - precision 0.0000 - recall 0.0000 - f1 0.0000 
INFO:root:TRAIN Total epoch time: 3.751911474391818
INFO:root:################ TRAIN epoch 4 ###################
INFO:root:TRAIN mean losses tensor(0.0498, device='cuda:0')
INFO:root:TRAIN mean errors 0.019607843831181526
INFO:root:TRAIN mean MRR 0.0 - mean MAP 0.02637202256764549
INFO:root:TRAIN tp {0: tensor(2534450, device='cuda:0'), 1: tensor(0, device='cuda:0')},fn {0: tensor(0, device='cuda:0'), 1: tensor(50689, device='cuda:0')},fp {0: tensor(50689, device='cuda:0'), 1: tensor(0, device='cuda:0')}
INFO:root:TRAIN measures microavg - precision 0.9804 - recall 0.9804 - f1 0.9804 
INFO:root:TRAIN measures for class 0 - precision 0.9804 - recall 1.0000 - f1 0.9901 
INFO:root:TRAIN measures for class 1 - precision 0.0000 - recall 0.0000 - f1 0.0000 
INFO:root:TRAIN measures@10 microavg - precision 1.0000 - recall 0.0001 - f1 0.0001 
INFO:root:TRAIN measures@10 for class 0 - precision 1.0000 - recall 0.0001 - f1 0.0001 
INFO:root:TRAIN measures@10 for class 1 - precision 0.0000 - recall 0.0000 - f1 0.0000 
INFO:root:TRAIN measures@100 microavg - precision 1.0000 - recall 0.0007 - f1 0.0013 
INFO:root:TRAIN measures@100 for class 0 - precision 1.0000 - recall 0.0007 - f1 0.0013 
INFO:root:TRAIN measures@100 for class 1 - precision 0.0000 - recall 0.0000 - f1 0.0000 
INFO:root:TRAIN measures@1000 microavg - precision 1.0000 - recall 0.0066 - f1 0.0131 
INFO:root:TRAIN measures@1000 for class 0 - precision 1.0000 - recall 0.0067 - f1 0.0133 
INFO:root:TRAIN measures@1000 for class 1 - precision 0.0000 - recall 0.0000 - f1 0.0000 
INFO:root:TRAIN Total epoch time: 3.305056973360479
INFO:root:################ TRAIN epoch 5 ###################
INFO:root:TRAIN mean losses tensor(0.0497, device='cuda:0')
INFO:root:TRAIN mean errors 0.019607843831181526
INFO:root:TRAIN mean MRR 0.0 - mean MAP 0.026314584688096852
INFO:root:TRAIN tp {0: tensor(2534450, device='cuda:0'), 1: tensor(0, device='cuda:0')},fn {0: tensor(0, device='cuda:0'), 1: tensor(50689, device='cuda:0')},fp {0: tensor(50689, device='cuda:0'), 1: tensor(0, device='cuda:0')}
INFO:root:TRAIN measures microavg - precision 0.9804 - recall 0.9804 - f1 0.9804 
INFO:root:TRAIN measures for class 0 - precision 0.9804 - recall 1.0000 - f1 0.9901 
INFO:root:TRAIN measures for class 1 - precision 0.0000 - recall 0.0000 - f1 0.0000 
INFO:root:TRAIN measures@10 microavg - precision 1.0000 - recall 0.0001 - f1 0.0001 
INFO:root:TRAIN measures@10 for class 0 - precision 1.0000 - recall 0.0001 - f1 0.0001 
INFO:root:TRAIN measures@10 for class 1 - precision 0.0000 - recall 0.0000 - f1 0.0000 
INFO:root:TRAIN measures@100 microavg - precision 1.0000 - recall 0.0007 - f1 0.0013 
INFO:root:TRAIN measures@100 for class 0 - precision 1.0000 - recall 0.0007 - f1 0.0013 
INFO:root:TRAIN measures@100 for class 1 - precision 0.0000 - recall 0.0000 - f1 0.0000 
INFO:root:TRAIN measures@1000 microavg - precision 1.0000 - recall 0.0066 - f1 0.0131 
INFO:root:TRAIN measures@1000 for class 0 - precision 1.0000 - recall 0.0067 - f1 0.0133 
INFO:root:TRAIN measures@1000 for class 1 - precision 0.0000 - recall 0.0000 - f1 0.0000 
INFO:root:TRAIN Total epoch time: 3.24258841201663
INFO:root:################ TRAIN epoch 6 ###################
INFO:root:TRAIN mean losses tensor(0.0495, device='cuda:0')
INFO:root:TRAIN mean errors 0.019607843831181526
INFO:root:TRAIN mean MRR 0.0 - mean MAP 0.026169125740634472
INFO:root:TRAIN tp {0: tensor(2534450, device='cuda:0'), 1: tensor(0, device='cuda:0')},fn {0: tensor(0, device='cuda:0'), 1: tensor(50689, device='cuda:0')},fp {0: tensor(50689, device='cuda:0'), 1: tensor(0, device='cuda:0')}
INFO:root:TRAIN measures microavg - precision 0.9804 - recall 0.9804 - f1 0.9804 
INFO:root:TRAIN measures for class 0 - precision 0.9804 - recall 1.0000 - f1 0.9901 
INFO:root:TRAIN measures for class 1 - precision 0.0000 - recall 0.0000 - f1 0.0000 
INFO:root:TRAIN measures@10 microavg - precision 1.0000 - recall 0.0001 - f1 0.0001 
INFO:root:TRAIN measures@10 for class 0 - precision 1.0000 - recall 0.0001 - f1 0.0001 
INFO:root:TRAIN measures@10 for class 1 - precision 0.0000 - recall 0.0000 - f1 0.0000 
INFO:root:TRAIN measures@100 microavg - precision 1.0000 - recall 0.0007 - f1 0.0013 
INFO:root:TRAIN measures@100 for class 0 - precision 1.0000 - recall 0.0007 - f1 0.0013 
INFO:root:TRAIN measures@100 for class 1 - precision 0.0000 - recall 0.0000 - f1 0.0000 
INFO:root:TRAIN measures@1000 microavg - precision 1.0000 - recall 0.0066 - f1 0.0131 
INFO:root:TRAIN measures@1000 for class 0 - precision 1.0000 - recall 0.0067 - f1 0.0133 
INFO:root:TRAIN measures@1000 for class 1 - precision 0.0000 - recall 0.0000 - f1 0.0000 
INFO:root:TRAIN Total epoch time: 3.341080862097442
INFO:root:################ TRAIN epoch 7 ###################
INFO:root:TRAIN mean losses tensor(0.0494, device='cuda:0')
INFO:root:TRAIN mean errors 0.019607843831181526
INFO:root:TRAIN mean MRR 0.0 - mean MAP 0.02671867168642631
INFO:root:TRAIN tp {0: tensor(2534450, device='cuda:0'), 1: tensor(0, device='cuda:0')},fn {0: tensor(0, device='cuda:0'), 1: tensor(50689, device='cuda:0')},fp {0: tensor(50689, device='cuda:0'), 1: tensor(0, device='cuda:0')}
INFO:root:TRAIN measures microavg - precision 0.9804 - recall 0.9804 - f1 0.9804 
INFO:root:TRAIN measures for class 0 - precision 0.9804 - recall 1.0000 - f1 0.9901 
INFO:root:TRAIN measures for class 1 - precision 0.0000 - recall 0.0000 - f1 0.0000 
INFO:root:TRAIN measures@10 microavg - precision 1.0000 - recall 0.0001 - f1 0.0001 
INFO:root:TRAIN measures@10 for class 0 - precision 1.0000 - recall 0.0001 - f1 0.0001 
INFO:root:TRAIN measures@10 for class 1 - precision 0.0000 - recall 0.0000 - f1 0.0000 
INFO:root:TRAIN measures@100 microavg - precision 1.0000 - recall 0.0007 - f1 0.0013 
INFO:root:TRAIN measures@100 for class 0 - precision 1.0000 - recall 0.0007 - f1 0.0013 
INFO:root:TRAIN measures@100 for class 1 - precision 0.0000 - recall 0.0000 - f1 0.0000 
INFO:root:TRAIN measures@1000 microavg - precision 1.0000 - recall 0.0066 - f1 0.0131 
INFO:root:TRAIN measures@1000 for class 0 - precision 1.0000 - recall 0.0067 - f1 0.0133 
INFO:root:TRAIN measures@1000 for class 1 - precision 0.0000 - recall 0.0000 - f1 0.0000 
INFO:root:TRAIN Total epoch time: 3.279554659500718
INFO:root:################ TRAIN epoch 8 ###################
INFO:root:TRAIN mean losses tensor(0.0494, device='cuda:0')
INFO:root:TRAIN mean errors 0.019607843831181526
INFO:root:TRAIN mean MRR 0.0 - mean MAP 0.026707078671792377
INFO:root:TRAIN tp {0: tensor(2534450, device='cuda:0'), 1: tensor(0, device='cuda:0')},fn {0: tensor(0, device='cuda:0'), 1: tensor(50689, device='cuda:0')},fp {0: tensor(50689, device='cuda:0'), 1: tensor(0, device='cuda:0')}
INFO:root:TRAIN measures microavg - precision 0.9804 - recall 0.9804 - f1 0.9804 
INFO:root:TRAIN measures for class 0 - precision 0.9804 - recall 1.0000 - f1 0.9901 
INFO:root:TRAIN measures for class 1 - precision 0.0000 - recall 0.0000 - f1 0.0000 
INFO:root:TRAIN measures@10 microavg - precision 1.0000 - recall 0.0001 - f1 0.0001 
INFO:root:TRAIN measures@10 for class 0 - precision 1.0000 - recall 0.0001 - f1 0.0001 
INFO:root:TRAIN measures@10 for class 1 - precision 0.0000 - recall 0.0000 - f1 0.0000 
INFO:root:TRAIN measures@100 microavg - precision 1.0000 - recall 0.0007 - f1 0.0013 
INFO:root:TRAIN measures@100 for class 0 - precision 1.0000 - recall 0.0007 - f1 0.0013 
INFO:root:TRAIN measures@100 for class 1 - precision 0.0000 - recall 0.0000 - f1 0.0000 
INFO:root:TRAIN measures@1000 microavg - precision 1.0000 - recall 0.0066 - f1 0.0131 
INFO:root:TRAIN measures@1000 for class 0 - precision 1.0000 - recall 0.0067 - f1 0.0133 
INFO:root:TRAIN measures@1000 for class 1 - precision 0.0000 - recall 0.0000 - f1 0.0000 
INFO:root:TRAIN Total epoch time: 3.2867619981989264
INFO:root:################ TRAIN epoch 9 ###################
INFO:root:TRAIN mean losses tensor(0.0494, device='cuda:0')
INFO:root:TRAIN mean errors 0.019607843831181526
INFO:root:TRAIN mean MRR 0.0 - mean MAP 0.026741058842550815
INFO:root:TRAIN tp {0: tensor(2534450, device='cuda:0'), 1: tensor(0, device='cuda:0')},fn {0: tensor(0, device='cuda:0'), 1: tensor(50689, device='cuda:0')},fp {0: tensor(50689, device='cuda:0'), 1: tensor(0, device='cuda:0')}
INFO:root:TRAIN measures microavg - precision 0.9804 - recall 0.9804 - f1 0.9804 
INFO:root:TRAIN measures for class 0 - precision 0.9804 - recall 1.0000 - f1 0.9901 
INFO:root:TRAIN measures for class 1 - precision 0.0000 - recall 0.0000 - f1 0.0000 
INFO:root:TRAIN measures@10 microavg - precision 1.0000 - recall 0.0001 - f1 0.0001 
INFO:root:TRAIN measures@10 for class 0 - precision 1.0000 - recall 0.0001 - f1 0.0001 
INFO:root:TRAIN measures@10 for class 1 - precision 0.0000 - recall 0.0000 - f1 0.0000 
INFO:root:TRAIN measures@100 microavg - precision 1.0000 - recall 0.0007 - f1 0.0013 
INFO:root:TRAIN measures@100 for class 0 - precision 1.0000 - recall 0.0007 - f1 0.0013 
INFO:root:TRAIN measures@100 for class 1 - precision 0.0000 - recall 0.0000 - f1 0.0000 
INFO:root:TRAIN measures@1000 microavg - precision 1.0000 - recall 0.0066 - f1 0.0131 
INFO:root:TRAIN measures@1000 for class 0 - precision 1.0000 - recall 0.0067 - f1 0.0133 
INFO:root:TRAIN measures@1000 for class 1 - precision 0.0000 - recall 0.0000 - f1 0.0000 
INFO:root:TRAIN Total epoch time: 3.3299957923591137
INFO:root:################ TRAIN epoch 10 ###################
INFO:root:TRAIN mean losses tensor(0.0494, device='cuda:0')
INFO:root:TRAIN mean errors 0.019607843831181526
INFO:root:TRAIN mean MRR 0.0 - mean MAP 0.026319563538908585
INFO:root:TRAIN tp {0: tensor(2534450, device='cuda:0'), 1: tensor(0, device='cuda:0')},fn {0: tensor(0, device='cuda:0'), 1: tensor(50689, device='cuda:0')},fp {0: tensor(50689, device='cuda:0'), 1: tensor(0, device='cuda:0')}
INFO:root:TRAIN measures microavg - precision 0.9804 - recall 0.9804 - f1 0.9804 
INFO:root:TRAIN measures for class 0 - precision 0.9804 - recall 1.0000 - f1 0.9901 
INFO:root:TRAIN measures for class 1 - precision 0.0000 - recall 0.0000 - f1 0.0000 
INFO:root:TRAIN measures@10 microavg - precision 1.0000 - recall 0.0001 - f1 0.0001 
INFO:root:TRAIN measures@10 for class 0 - precision 1.0000 - recall 0.0001 - f1 0.0001 
INFO:root:TRAIN measures@10 for class 1 - precision 0.0000 - recall 0.0000 - f1 0.0000 
INFO:root:TRAIN measures@100 microavg - precision 1.0000 - recall 0.0007 - f1 0.0013 
INFO:root:TRAIN measures@100 for class 0 - precision 1.0000 - recall 0.0007 - f1 0.0013 
INFO:root:TRAIN measures@100 for class 1 - precision 0.0000 - recall 0.0000 - f1 0.0000 
INFO:root:TRAIN measures@1000 microavg - precision 1.0000 - recall 0.0066 - f1 0.0131 
INFO:root:TRAIN measures@1000 for class 0 - precision 1.0000 - recall 0.0067 - f1 0.0133 
INFO:root:TRAIN measures@1000 for class 1 - precision 0.0000 - recall 0.0000 - f1 0.0000 
INFO:root:TRAIN Total epoch time: 3.325114675797522
INFO:root:################ TRAIN epoch 11 ###################
INFO:root:TRAIN mean losses tensor(0.0494, device='cuda:0')
INFO:root:TRAIN mean errors 0.019607843831181526
INFO:root:TRAIN mean MRR 0.0 - mean MAP 0.02623862478398181
INFO:root:TRAIN tp {0: tensor(2534450, device='cuda:0'), 1: tensor(0, device='cuda:0')},fn {0: tensor(0, device='cuda:0'), 1: tensor(50689, device='cuda:0')},fp {0: tensor(50689, device='cuda:0'), 1: tensor(0, device='cuda:0')}
INFO:root:TRAIN measures microavg - precision 0.9804 - recall 0.9804 - f1 0.9804 
INFO:root:TRAIN measures for class 0 - precision 0.9804 - recall 1.0000 - f1 0.9901 
INFO:root:TRAIN measures for class 1 - precision 0.0000 - recall 0.0000 - f1 0.0000 
INFO:root:TRAIN measures@10 microavg - precision 1.0000 - recall 0.0001 - f1 0.0001 
INFO:root:TRAIN measures@10 for class 0 - precision 1.0000 - recall 0.0001 - f1 0.0001 
INFO:root:TRAIN measures@10 for class 1 - precision 0.0000 - recall 0.0000 - f1 0.0000 
INFO:root:TRAIN measures@100 microavg - precision 1.0000 - recall 0.0007 - f1 0.0013 
INFO:root:TRAIN measures@100 for class 0 - precision 1.0000 - recall 0.0007 - f1 0.0013 
INFO:root:TRAIN measures@100 for class 1 - precision 0.0000 - recall 0.0000 - f1 0.0000 
INFO:root:TRAIN measures@1000 microavg - precision 1.0000 - recall 0.0066 - f1 0.0131 
INFO:root:TRAIN measures@1000 for class 0 - precision 1.0000 - recall 0.0067 - f1 0.0133 
INFO:root:TRAIN measures@1000 for class 1 - precision 0.0000 - recall 0.0000 - f1 0.0000 
INFO:root:TRAIN Total epoch time: 3.3512943042442203
INFO:root:################ TRAIN epoch 12 ###################
INFO:root:TRAIN mean losses tensor(0.0494, device='cuda:0')
INFO:root:TRAIN mean errors 0.019607843831181526
INFO:root:TRAIN mean MRR 0.0 - mean MAP 0.026560633029484082
INFO:root:TRAIN tp {0: tensor(2534450, device='cuda:0'), 1: tensor(0, device='cuda:0')},fn {0: tensor(0, device='cuda:0'), 1: tensor(50689, device='cuda:0')},fp {0: tensor(50689, device='cuda:0'), 1: tensor(0, device='cuda:0')}
INFO:root:TRAIN measures microavg - precision 0.9804 - recall 0.9804 - f1 0.9804 
INFO:root:TRAIN measures for class 0 - precision 0.9804 - recall 1.0000 - f1 0.9901 
INFO:root:TRAIN measures for class 1 - precision 0.0000 - recall 0.0000 - f1 0.0000 
INFO:root:TRAIN measures@10 microavg - precision 1.0000 - recall 0.0001 - f1 0.0001 
INFO:root:TRAIN measures@10 for class 0 - precision 1.0000 - recall 0.0001 - f1 0.0001 
INFO:root:TRAIN measures@10 for class 1 - precision 0.0000 - recall 0.0000 - f1 0.0000 
INFO:root:TRAIN measures@100 microavg - precision 1.0000 - recall 0.0007 - f1 0.0013 
INFO:root:TRAIN measures@100 for class 0 - precision 1.0000 - recall 0.0007 - f1 0.0013 
INFO:root:TRAIN measures@100 for class 1 - precision 0.0000 - recall 0.0000 - f1 0.0000 
INFO:root:TRAIN measures@1000 microavg - precision 1.0000 - recall 0.0066 - f1 0.0131 
INFO:root:TRAIN measures@1000 for class 0 - precision 1.0000 - recall 0.0067 - f1 0.0133 
INFO:root:TRAIN measures@1000 for class 1 - precision 0.0000 - recall 0.0000 - f1 0.0000 
INFO:root:TRAIN Total epoch time: 3.4041227158159018
INFO:root:################ TRAIN epoch 13 ###################
INFO:root:TRAIN mean losses tensor(0.0495, device='cuda:0')
INFO:root:TRAIN mean errors 0.019607843831181526
INFO:root:TRAIN mean MRR 0.0 - mean MAP 0.02647025207324888
INFO:root:TRAIN tp {0: tensor(2534450, device='cuda:0'), 1: tensor(0, device='cuda:0')},fn {0: tensor(0, device='cuda:0'), 1: tensor(50689, device='cuda:0')},fp {0: tensor(50689, device='cuda:0'), 1: tensor(0, device='cuda:0')}
INFO:root:TRAIN measures microavg - precision 0.9804 - recall 0.9804 - f1 0.9804 
INFO:root:TRAIN measures for class 0 - precision 0.9804 - recall 1.0000 - f1 0.9901 
INFO:root:TRAIN measures for class 1 - precision 0.0000 - recall 0.0000 - f1 0.0000 
INFO:root:TRAIN measures@10 microavg - precision 1.0000 - recall 0.0001 - f1 0.0001 
INFO:root:TRAIN measures@10 for class 0 - precision 1.0000 - recall 0.0001 - f1 0.0001 
INFO:root:TRAIN measures@10 for class 1 - precision 0.0000 - recall 0.0000 - f1 0.0000 
INFO:root:TRAIN measures@100 microavg - precision 1.0000 - recall 0.0007 - f1 0.0013 
INFO:root:TRAIN measures@100 for class 0 - precision 1.0000 - recall 0.0007 - f1 0.0013 
INFO:root:TRAIN measures@100 for class 1 - precision 0.0000 - recall 0.0000 - f1 0.0000 
INFO:root:TRAIN measures@1000 microavg - precision 1.0000 - recall 0.0066 - f1 0.0131 
INFO:root:TRAIN measures@1000 for class 0 - precision 1.0000 - recall 0.0067 - f1 0.0133 
INFO:root:TRAIN measures@1000 for class 1 - precision 0.0000 - recall 0.0000 - f1 0.0000 
INFO:root:TRAIN Total epoch time: 3.529861162416637
INFO:root:################ TRAIN epoch 14 ###################
INFO:root:TRAIN mean losses tensor(0.0495, device='cuda:0')
INFO:root:TRAIN mean errors 0.019607843831181526
INFO:root:TRAIN mean MRR 0.0 - mean MAP 0.02654108283138106
INFO:root:TRAIN tp {0: tensor(2534450, device='cuda:0'), 1: tensor(0, device='cuda:0')},fn {0: tensor(0, device='cuda:0'), 1: tensor(50689, device='cuda:0')},fp {0: tensor(50689, device='cuda:0'), 1: tensor(0, device='cuda:0')}
INFO:root:TRAIN measures microavg - precision 0.9804 - recall 0.9804 - f1 0.9804 
INFO:root:TRAIN measures for class 0 - precision 0.9804 - recall 1.0000 - f1 0.9901 
INFO:root:TRAIN measures for class 1 - precision 0.0000 - recall 0.0000 - f1 0.0000 
INFO:root:TRAIN measures@10 microavg - precision 1.0000 - recall 0.0001 - f1 0.0001 
INFO:root:TRAIN measures@10 for class 0 - precision 1.0000 - recall 0.0001 - f1 0.0001 
INFO:root:TRAIN measures@10 for class 1 - precision 0.0000 - recall 0.0000 - f1 0.0000 
INFO:root:TRAIN measures@100 microavg - precision 1.0000 - recall 0.0007 - f1 0.0013 
INFO:root:TRAIN measures@100 for class 0 - precision 1.0000 - recall 0.0007 - f1 0.0013 
INFO:root:TRAIN measures@100 for class 1 - precision 0.0000 - recall 0.0000 - f1 0.0000 
INFO:root:TRAIN measures@1000 microavg - precision 1.0000 - recall 0.0066 - f1 0.0131 
INFO:root:TRAIN measures@1000 for class 0 - precision 1.0000 - recall 0.0067 - f1 0.0133 
INFO:root:TRAIN measures@1000 for class 1 - precision 0.0000 - recall 0.0000 - f1 0.0000 
INFO:root:TRAIN Total epoch time: 3.502024281769991
INFO:root:################ TRAIN epoch 15 ###################
INFO:root:TRAIN mean losses tensor(0.0495, device='cuda:0')
INFO:root:TRAIN mean errors 0.019607843831181526
INFO:root:TRAIN mean MRR 0.0 - mean MAP 0.02640569576158033
INFO:root:TRAIN tp {0: tensor(2534450, device='cuda:0'), 1: tensor(0, device='cuda:0')},fn {0: tensor(0, device='cuda:0'), 1: tensor(50689, device='cuda:0')},fp {0: tensor(50689, device='cuda:0'), 1: tensor(0, device='cuda:0')}
INFO:root:TRAIN measures microavg - precision 0.9804 - recall 0.9804 - f1 0.9804 
INFO:root:TRAIN measures for class 0 - precision 0.9804 - recall 1.0000 - f1 0.9901 
INFO:root:TRAIN measures for class 1 - precision 0.0000 - recall 0.0000 - f1 0.0000 
INFO:root:TRAIN measures@10 microavg - precision 1.0000 - recall 0.0001 - f1 0.0001 
INFO:root:TRAIN measures@10 for class 0 - precision 1.0000 - recall 0.0001 - f1 0.0001 
INFO:root:TRAIN measures@10 for class 1 - precision 0.0000 - recall 0.0000 - f1 0.0000 
INFO:root:TRAIN measures@100 microavg - precision 1.0000 - recall 0.0007 - f1 0.0013 
INFO:root:TRAIN measures@100 for class 0 - precision 1.0000 - recall 0.0007 - f1 0.0013 
INFO:root:TRAIN measures@100 for class 1 - precision 0.0000 - recall 0.0000 - f1 0.0000 
INFO:root:TRAIN measures@1000 microavg - precision 1.0000 - recall 0.0066 - f1 0.0131 
INFO:root:TRAIN measures@1000 for class 0 - precision 1.0000 - recall 0.0067 - f1 0.0133 
INFO:root:TRAIN measures@1000 for class 1 - precision 0.0000 - recall 0.0000 - f1 0.0000 
INFO:root:TRAIN Total epoch time: 3.3840840123593807
INFO:root:################ TRAIN epoch 16 ###################
INFO:root:TRAIN mean losses tensor(0.0494, device='cuda:0')
INFO:root:TRAIN mean errors 0.019607843831181526
INFO:root:TRAIN mean MRR 0.0 - mean MAP 0.02698137767384991
INFO:root:TRAIN tp {0: tensor(2534450, device='cuda:0'), 1: tensor(0, device='cuda:0')},fn {0: tensor(0, device='cuda:0'), 1: tensor(50689, device='cuda:0')},fp {0: tensor(50689, device='cuda:0'), 1: tensor(0, device='cuda:0')}
INFO:root:TRAIN measures microavg - precision 0.9804 - recall 0.9804 - f1 0.9804 
INFO:root:TRAIN measures for class 0 - precision 0.9804 - recall 1.0000 - f1 0.9901 
INFO:root:TRAIN measures for class 1 - precision 0.0000 - recall 0.0000 - f1 0.0000 
INFO:root:TRAIN measures@10 microavg - precision 1.0000 - recall 0.0001 - f1 0.0001 
INFO:root:TRAIN measures@10 for class 0 - precision 1.0000 - recall 0.0001 - f1 0.0001 
INFO:root:TRAIN measures@10 for class 1 - precision 0.0000 - recall 0.0000 - f1 0.0000 
INFO:root:TRAIN measures@100 microavg - precision 1.0000 - recall 0.0007 - f1 0.0013 
INFO:root:TRAIN measures@100 for class 0 - precision 1.0000 - recall 0.0007 - f1 0.0013 
INFO:root:TRAIN measures@100 for class 1 - precision 0.0000 - recall 0.0000 - f1 0.0000 
INFO:root:TRAIN measures@1000 microavg - precision 1.0000 - recall 0.0066 - f1 0.0131 
INFO:root:TRAIN measures@1000 for class 0 - precision 1.0000 - recall 0.0067 - f1 0.0133 
INFO:root:TRAIN measures@1000 for class 1 - precision 0.0000 - recall 0.0000 - f1 0.0000 
INFO:root:TRAIN Total epoch time: 3.3346208687871695
INFO:root:################ TRAIN epoch 17 ###################
INFO:root:TRAIN mean losses tensor(0.0494, device='cuda:0')
INFO:root:TRAIN mean errors 0.019607843831181526
INFO:root:TRAIN mean MRR 0.0 - mean MAP 0.026586509510233853
INFO:root:TRAIN tp {0: tensor(2534450, device='cuda:0'), 1: tensor(0, device='cuda:0')},fn {0: tensor(0, device='cuda:0'), 1: tensor(50689, device='cuda:0')},fp {0: tensor(50689, device='cuda:0'), 1: tensor(0, device='cuda:0')}
INFO:root:TRAIN measures microavg - precision 0.9804 - recall 0.9804 - f1 0.9804 
INFO:root:TRAIN measures for class 0 - precision 0.9804 - recall 1.0000 - f1 0.9901 
INFO:root:TRAIN measures for class 1 - precision 0.0000 - recall 0.0000 - f1 0.0000 
INFO:root:TRAIN measures@10 microavg - precision 1.0000 - recall 0.0001 - f1 0.0001 
INFO:root:TRAIN measures@10 for class 0 - precision 1.0000 - recall 0.0001 - f1 0.0001 
INFO:root:TRAIN measures@10 for class 1 - precision 0.0000 - recall 0.0000 - f1 0.0000 
INFO:root:TRAIN measures@100 microavg - precision 1.0000 - recall 0.0007 - f1 0.0013 
INFO:root:TRAIN measures@100 for class 0 - precision 1.0000 - recall 0.0007 - f1 0.0013 
INFO:root:TRAIN measures@100 for class 1 - precision 0.0000 - recall 0.0000 - f1 0.0000 
INFO:root:TRAIN measures@1000 microavg - precision 1.0000 - recall 0.0066 - f1 0.0131 
INFO:root:TRAIN measures@1000 for class 0 - precision 1.0000 - recall 0.0067 - f1 0.0133 
INFO:root:TRAIN measures@1000 for class 1 - precision 0.0000 - recall 0.0000 - f1 0.0000 
INFO:root:TRAIN Total epoch time: 3.285119991749525
INFO:root:################ TRAIN epoch 18 ###################
INFO:root:TRAIN mean losses tensor(0.0493, device='cuda:0')
INFO:root:TRAIN mean errors 0.019607843831181526
INFO:root:TRAIN mean MRR 0.0 - mean MAP 0.026880261250698513
INFO:root:TRAIN tp {0: tensor(2534450, device='cuda:0'), 1: tensor(0, device='cuda:0')},fn {0: tensor(0, device='cuda:0'), 1: tensor(50689, device='cuda:0')},fp {0: tensor(50689, device='cuda:0'), 1: tensor(0, device='cuda:0')}
INFO:root:TRAIN measures microavg - precision 0.9804 - recall 0.9804 - f1 0.9804 
INFO:root:TRAIN measures for class 0 - precision 0.9804 - recall 1.0000 - f1 0.9901 
INFO:root:TRAIN measures for class 1 - precision 0.0000 - recall 0.0000 - f1 0.0000 
INFO:root:TRAIN measures@10 microavg - precision 1.0000 - recall 0.0001 - f1 0.0001 
INFO:root:TRAIN measures@10 for class 0 - precision 1.0000 - recall 0.0001 - f1 0.0001 
INFO:root:TRAIN measures@10 for class 1 - precision 0.0000 - recall 0.0000 - f1 0.0000 
INFO:root:TRAIN measures@100 microavg - precision 1.0000 - recall 0.0007 - f1 0.0013 
INFO:root:TRAIN measures@100 for class 0 - precision 1.0000 - recall 0.0007 - f1 0.0013 
INFO:root:TRAIN measures@100 for class 1 - precision 0.0000 - recall 0.0000 - f1 0.0000 
INFO:root:TRAIN measures@1000 microavg - precision 1.0000 - recall 0.0066 - f1 0.0131 
INFO:root:TRAIN measures@1000 for class 0 - precision 1.0000 - recall 0.0067 - f1 0.0133 
INFO:root:TRAIN measures@1000 for class 1 - precision 0.0000 - recall 0.0000 - f1 0.0000 
INFO:root:TRAIN Total epoch time: 3.3141052098944783
INFO:root:################ TRAIN epoch 19 ###################
INFO:root:TRAIN mean losses tensor(0.0494, device='cuda:0')
INFO:root:TRAIN mean errors 0.019607843831181526
INFO:root:TRAIN mean MRR 0.0 - mean MAP 0.026475487708622656
INFO:root:TRAIN tp {0: tensor(2534450, device='cuda:0'), 1: tensor(0, device='cuda:0')},fn {0: tensor(0, device='cuda:0'), 1: tensor(50689, device='cuda:0')},fp {0: tensor(50689, device='cuda:0'), 1: tensor(0, device='cuda:0')}
INFO:root:TRAIN measures microavg - precision 0.9804 - recall 0.9804 - f1 0.9804 
INFO:root:TRAIN measures for class 0 - precision 0.9804 - recall 1.0000 - f1 0.9901 
INFO:root:TRAIN measures for class 1 - precision 0.0000 - recall 0.0000 - f1 0.0000 
INFO:root:TRAIN measures@10 microavg - precision 1.0000 - recall 0.0001 - f1 0.0001 
INFO:root:TRAIN measures@10 for class 0 - precision 1.0000 - recall 0.0001 - f1 0.0001 
INFO:root:TRAIN measures@10 for class 1 - precision 0.0000 - recall 0.0000 - f1 0.0000 
INFO:root:TRAIN measures@100 microavg - precision 1.0000 - recall 0.0007 - f1 0.0013 
INFO:root:TRAIN measures@100 for class 0 - precision 1.0000 - recall 0.0007 - f1 0.0013 
INFO:root:TRAIN measures@100 for class 1 - precision 0.0000 - recall 0.0000 - f1 0.0000 
INFO:root:TRAIN measures@1000 microavg - precision 1.0000 - recall 0.0066 - f1 0.0131 
INFO:root:TRAIN measures@1000 for class 0 - precision 1.0000 - recall 0.0067 - f1 0.0133 
INFO:root:TRAIN measures@1000 for class 1 - precision 0.0000 - recall 0.0000 - f1 0.0000 
INFO:root:TRAIN Total epoch time: 3.311390560120344
INFO:root:################ TRAIN epoch 20 ###################
INFO:root:TRAIN mean losses tensor(0.0494, device='cuda:0')
INFO:root:TRAIN mean errors 0.019607843831181526
INFO:root:TRAIN mean MRR 0.0 - mean MAP 0.026436328940922012
INFO:root:TRAIN tp {0: tensor(2534450, device='cuda:0'), 1: tensor(0, device='cuda:0')},fn {0: tensor(0, device='cuda:0'), 1: tensor(50689, device='cuda:0')},fp {0: tensor(50689, device='cuda:0'), 1: tensor(0, device='cuda:0')}
INFO:root:TRAIN measures microavg - precision 0.9804 - recall 0.9804 - f1 0.9804 
INFO:root:TRAIN measures for class 0 - precision 0.9804 - recall 1.0000 - f1 0.9901 
INFO:root:TRAIN measures for class 1 - precision 0.0000 - recall 0.0000 - f1 0.0000 
INFO:root:TRAIN measures@10 microavg - precision 1.0000 - recall 0.0001 - f1 0.0001 
INFO:root:TRAIN measures@10 for class 0 - precision 1.0000 - recall 0.0001 - f1 0.0001 
INFO:root:TRAIN measures@10 for class 1 - precision 0.0000 - recall 0.0000 - f1 0.0000 
INFO:root:TRAIN measures@100 microavg - precision 1.0000 - recall 0.0007 - f1 0.0013 
INFO:root:TRAIN measures@100 for class 0 - precision 1.0000 - recall 0.0007 - f1 0.0013 
INFO:root:TRAIN measures@100 for class 1 - precision 0.0000 - recall 0.0000 - f1 0.0000 
INFO:root:TRAIN measures@1000 microavg - precision 1.0000 - recall 0.0066 - f1 0.0131 
INFO:root:TRAIN measures@1000 for class 0 - precision 1.0000 - recall 0.0067 - f1 0.0133 
INFO:root:TRAIN measures@1000 for class 1 - precision 0.0000 - recall 0.0000 - f1 0.0000 
INFO:root:TRAIN Total epoch time: 3.3283011447638273
INFO:root:################ TRAIN epoch 21 ###################
INFO:root:TRAIN mean losses tensor(0.0493, device='cuda:0')
INFO:root:TRAIN mean errors 0.019607843831181526
INFO:root:TRAIN mean MRR 0.0 - mean MAP 0.026710475812735543
INFO:root:TRAIN tp {0: tensor(2534450, device='cuda:0'), 1: tensor(0, device='cuda:0')},fn {0: tensor(0, device='cuda:0'), 1: tensor(50689, device='cuda:0')},fp {0: tensor(50689, device='cuda:0'), 1: tensor(0, device='cuda:0')}
INFO:root:TRAIN measures microavg - precision 0.9804 - recall 0.9804 - f1 0.9804 
INFO:root:TRAIN measures for class 0 - precision 0.9804 - recall 1.0000 - f1 0.9901 
INFO:root:TRAIN measures for class 1 - precision 0.0000 - recall 0.0000 - f1 0.0000 
INFO:root:TRAIN measures@10 microavg - precision 1.0000 - recall 0.0001 - f1 0.0001 
INFO:root:TRAIN measures@10 for class 0 - precision 1.0000 - recall 0.0001 - f1 0.0001 
INFO:root:TRAIN measures@10 for class 1 - precision 0.0000 - recall 0.0000 - f1 0.0000 
INFO:root:TRAIN measures@100 microavg - precision 1.0000 - recall 0.0007 - f1 0.0013 
INFO:root:TRAIN measures@100 for class 0 - precision 1.0000 - recall 0.0007 - f1 0.0013 
INFO:root:TRAIN measures@100 for class 1 - precision 0.0000 - recall 0.0000 - f1 0.0000 
INFO:root:TRAIN measures@1000 microavg - precision 1.0000 - recall 0.0066 - f1 0.0131 
INFO:root:TRAIN measures@1000 for class 0 - precision 1.0000 - recall 0.0067 - f1 0.0133 
INFO:root:TRAIN measures@1000 for class 1 - precision 0.0000 - recall 0.0000 - f1 0.0000 
INFO:root:TRAIN Total epoch time: 3.386903661303222
INFO:root:################ TRAIN epoch 22 ###################
INFO:root:TRAIN mean losses tensor(0.0494, device='cuda:0')
INFO:root:TRAIN mean errors 0.019607843831181526
INFO:root:TRAIN mean MRR 0.0 - mean MAP 0.026520839371195492
INFO:root:TRAIN tp {0: tensor(2534450, device='cuda:0'), 1: tensor(0, device='cuda:0')},fn {0: tensor(0, device='cuda:0'), 1: tensor(50689, device='cuda:0')},fp {0: tensor(50689, device='cuda:0'), 1: tensor(0, device='cuda:0')}
INFO:root:TRAIN measures microavg - precision 0.9804 - recall 0.9804 - f1 0.9804 
INFO:root:TRAIN measures for class 0 - precision 0.9804 - recall 1.0000 - f1 0.9901 
INFO:root:TRAIN measures for class 1 - precision 0.0000 - recall 0.0000 - f1 0.0000 
INFO:root:TRAIN measures@10 microavg - precision 1.0000 - recall 0.0001 - f1 0.0001 
INFO:root:TRAIN measures@10 for class 0 - precision 1.0000 - recall 0.0001 - f1 0.0001 
INFO:root:TRAIN measures@10 for class 1 - precision 0.0000 - recall 0.0000 - f1 0.0000 
INFO:root:TRAIN measures@100 microavg - precision 1.0000 - recall 0.0007 - f1 0.0013 
INFO:root:TRAIN measures@100 for class 0 - precision 1.0000 - recall 0.0007 - f1 0.0013 
INFO:root:TRAIN measures@100 for class 1 - precision 0.0000 - recall 0.0000 - f1 0.0000 
INFO:root:TRAIN measures@1000 microavg - precision 1.0000 - recall 0.0066 - f1 0.0131 
INFO:root:TRAIN measures@1000 for class 0 - precision 1.0000 - recall 0.0067 - f1 0.0133 
INFO:root:TRAIN measures@1000 for class 1 - precision 0.0000 - recall 0.0000 - f1 0.0000 
INFO:root:TRAIN Total epoch time: 3.501329278573394
INFO:root:################ TRAIN epoch 23 ###################
INFO:root:TRAIN mean losses tensor(0.0495, device='cuda:0')
INFO:root:TRAIN mean errors 0.019607843831181526
INFO:root:TRAIN mean MRR 0.0 - mean MAP 0.026454758930767996
INFO:root:TRAIN tp {0: tensor(2534450, device='cuda:0'), 1: tensor(0, device='cuda:0')},fn {0: tensor(0, device='cuda:0'), 1: tensor(50689, device='cuda:0')},fp {0: tensor(50689, device='cuda:0'), 1: tensor(0, device='cuda:0')}
INFO:root:TRAIN measures microavg - precision 0.9804 - recall 0.9804 - f1 0.9804 
INFO:root:TRAIN measures for class 0 - precision 0.9804 - recall 1.0000 - f1 0.9901 
INFO:root:TRAIN measures for class 1 - precision 0.0000 - recall 0.0000 - f1 0.0000 
INFO:root:TRAIN measures@10 microavg - precision 1.0000 - recall 0.0001 - f1 0.0001 
INFO:root:TRAIN measures@10 for class 0 - precision 1.0000 - recall 0.0001 - f1 0.0001 
INFO:root:TRAIN measures@10 for class 1 - precision 0.0000 - recall 0.0000 - f1 0.0000 
INFO:root:TRAIN measures@100 microavg - precision 1.0000 - recall 0.0007 - f1 0.0013 
INFO:root:TRAIN measures@100 for class 0 - precision 1.0000 - recall 0.0007 - f1 0.0013 
INFO:root:TRAIN measures@100 for class 1 - precision 0.0000 - recall 0.0000 - f1 0.0000 
INFO:root:TRAIN measures@1000 microavg - precision 1.0000 - recall 0.0066 - f1 0.0131 
INFO:root:TRAIN measures@1000 for class 0 - precision 1.0000 - recall 0.0067 - f1 0.0133 
INFO:root:TRAIN measures@1000 for class 1 - precision 0.0000 - recall 0.0000 - f1 0.0000 
INFO:root:TRAIN Total epoch time: 3.388623969629407
INFO:root:################ TRAIN epoch 24 ###################
INFO:root:TRAIN mean losses tensor(0.0495, device='cuda:0')
INFO:root:TRAIN mean errors 0.019607843831181526
INFO:root:TRAIN mean MRR 0.0 - mean MAP 0.026445639114315342
INFO:root:TRAIN tp {0: tensor(2534450, device='cuda:0'), 1: tensor(0, device='cuda:0')},fn {0: tensor(0, device='cuda:0'), 1: tensor(50689, device='cuda:0')},fp {0: tensor(50689, device='cuda:0'), 1: tensor(0, device='cuda:0')}
INFO:root:TRAIN measures microavg - precision 0.9804 - recall 0.9804 - f1 0.9804 
INFO:root:TRAIN measures for class 0 - precision 0.9804 - recall 1.0000 - f1 0.9901 
INFO:root:TRAIN measures for class 1 - precision 0.0000 - recall 0.0000 - f1 0.0000 
INFO:root:TRAIN measures@10 microavg - precision 1.0000 - recall 0.0001 - f1 0.0001 
INFO:root:TRAIN measures@10 for class 0 - precision 1.0000 - recall 0.0001 - f1 0.0001 
INFO:root:TRAIN measures@10 for class 1 - precision 0.0000 - recall 0.0000 - f1 0.0000 
INFO:root:TRAIN measures@100 microavg - precision 1.0000 - recall 0.0007 - f1 0.0013 
INFO:root:TRAIN measures@100 for class 0 - precision 1.0000 - recall 0.0007 - f1 0.0013 
INFO:root:TRAIN measures@100 for class 1 - precision 0.0000 - recall 0.0000 - f1 0.0000 
INFO:root:TRAIN measures@1000 microavg - precision 1.0000 - recall 0.0066 - f1 0.0131 
INFO:root:TRAIN measures@1000 for class 0 - precision 1.0000 - recall 0.0067 - f1 0.0133 
INFO:root:TRAIN measures@1000 for class 1 - precision 0.0000 - recall 0.0000 - f1 0.0000 
INFO:root:TRAIN Total epoch time: 3.2634717542678118
INFO:root:################ TRAIN epoch 25 ###################
INFO:root:TRAIN mean losses tensor(0.0495, device='cuda:0')
INFO:root:TRAIN mean errors 0.019607843831181526
INFO:root:TRAIN mean MRR 0.0 - mean MAP 0.02662398435877082
INFO:root:TRAIN tp {0: tensor(2534450, device='cuda:0'), 1: tensor(0, device='cuda:0')},fn {0: tensor(0, device='cuda:0'), 1: tensor(50689, device='cuda:0')},fp {0: tensor(50689, device='cuda:0'), 1: tensor(0, device='cuda:0')}
INFO:root:TRAIN measures microavg - precision 0.9804 - recall 0.9804 - f1 0.9804 
INFO:root:TRAIN measures for class 0 - precision 0.9804 - recall 1.0000 - f1 0.9901 
INFO:root:TRAIN measures for class 1 - precision 0.0000 - recall 0.0000 - f1 0.0000 
INFO:root:TRAIN measures@10 microavg - precision 1.0000 - recall 0.0001 - f1 0.0001 
INFO:root:TRAIN measures@10 for class 0 - precision 1.0000 - recall 0.0001 - f1 0.0001 
INFO:root:TRAIN measures@10 for class 1 - precision 0.0000 - recall 0.0000 - f1 0.0000 
INFO:root:TRAIN measures@100 microavg - precision 1.0000 - recall 0.0007 - f1 0.0013 
INFO:root:TRAIN measures@100 for class 0 - precision 1.0000 - recall 0.0007 - f1 0.0013 
INFO:root:TRAIN measures@100 for class 1 - precision 0.0000 - recall 0.0000 - f1 0.0000 
INFO:root:TRAIN measures@1000 microavg - precision 1.0000 - recall 0.0066 - f1 0.0131 
INFO:root:TRAIN measures@1000 for class 0 - precision 1.0000 - recall 0.0067 - f1 0.0133 
INFO:root:TRAIN measures@1000 for class 1 - precision 0.0000 - recall 0.0000 - f1 0.0000 
INFO:root:TRAIN Total epoch time: 3.2414634004235268
INFO:root:################ TRAIN epoch 26 ###################
INFO:root:TRAIN mean losses tensor(0.0495, device='cuda:0')
INFO:root:TRAIN mean errors 0.019607843831181526
INFO:root:TRAIN mean MRR 0.0 - mean MAP 0.02673412910728063
INFO:root:TRAIN tp {0: tensor(2534450, device='cuda:0'), 1: tensor(0, device='cuda:0')},fn {0: tensor(0, device='cuda:0'), 1: tensor(50689, device='cuda:0')},fp {0: tensor(50689, device='cuda:0'), 1: tensor(0, device='cuda:0')}
INFO:root:TRAIN measures microavg - precision 0.9804 - recall 0.9804 - f1 0.9804 
INFO:root:TRAIN measures for class 0 - precision 0.9804 - recall 1.0000 - f1 0.9901 
INFO:root:TRAIN measures for class 1 - precision 0.0000 - recall 0.0000 - f1 0.0000 
INFO:root:TRAIN measures@10 microavg - precision 1.0000 - recall 0.0001 - f1 0.0001 
INFO:root:TRAIN measures@10 for class 0 - precision 1.0000 - recall 0.0001 - f1 0.0001 
INFO:root:TRAIN measures@10 for class 1 - precision 0.0000 - recall 0.0000 - f1 0.0000 
INFO:root:TRAIN measures@100 microavg - precision 1.0000 - recall 0.0007 - f1 0.0013 
INFO:root:TRAIN measures@100 for class 0 - precision 1.0000 - recall 0.0007 - f1 0.0013 
INFO:root:TRAIN measures@100 for class 1 - precision 0.0000 - recall 0.0000 - f1 0.0000 
INFO:root:TRAIN measures@1000 microavg - precision 1.0000 - recall 0.0066 - f1 0.0131 
INFO:root:TRAIN measures@1000 for class 0 - precision 1.0000 - recall 0.0067 - f1 0.0133 
INFO:root:TRAIN measures@1000 for class 1 - precision 0.0000 - recall 0.0000 - f1 0.0000 
INFO:root:TRAIN Total epoch time: 3.315532995387912
INFO:root:################ TRAIN epoch 27 ###################
INFO:root:TRAIN mean losses tensor(0.0494, device='cuda:0')
INFO:root:TRAIN mean errors 0.019607843831181526
INFO:root:TRAIN mean MRR 0.0 - mean MAP 0.026210758346629094
INFO:root:TRAIN tp {0: tensor(2534450, device='cuda:0'), 1: tensor(0, device='cuda:0')},fn {0: tensor(0, device='cuda:0'), 1: tensor(50689, device='cuda:0')},fp {0: tensor(50689, device='cuda:0'), 1: tensor(0, device='cuda:0')}
INFO:root:TRAIN measures microavg - precision 0.9804 - recall 0.9804 - f1 0.9804 
INFO:root:TRAIN measures for class 0 - precision 0.9804 - recall 1.0000 - f1 0.9901 
INFO:root:TRAIN measures for class 1 - precision 0.0000 - recall 0.0000 - f1 0.0000 
INFO:root:TRAIN measures@10 microavg - precision 1.0000 - recall 0.0001 - f1 0.0001 
INFO:root:TRAIN measures@10 for class 0 - precision 1.0000 - recall 0.0001 - f1 0.0001 
INFO:root:TRAIN measures@10 for class 1 - precision 0.0000 - recall 0.0000 - f1 0.0000 
INFO:root:TRAIN measures@100 microavg - precision 1.0000 - recall 0.0007 - f1 0.0013 
INFO:root:TRAIN measures@100 for class 0 - precision 1.0000 - recall 0.0007 - f1 0.0013 
INFO:root:TRAIN measures@100 for class 1 - precision 0.0000 - recall 0.0000 - f1 0.0000 
INFO:root:TRAIN measures@1000 microavg - precision 1.0000 - recall 0.0066 - f1 0.0131 
INFO:root:TRAIN measures@1000 for class 0 - precision 1.0000 - recall 0.0067 - f1 0.0133 
INFO:root:TRAIN measures@1000 for class 1 - precision 0.0000 - recall 0.0000 - f1 0.0000 
INFO:root:TRAIN Total epoch time: 3.3442763686180115
INFO:root:################ TRAIN epoch 28 ###################
INFO:root:TRAIN mean losses tensor(0.0494, device='cuda:0')
INFO:root:TRAIN mean errors 0.019607843831181526
INFO:root:TRAIN mean MRR 0.0 - mean MAP 0.02637572912279428
INFO:root:TRAIN tp {0: tensor(2534450, device='cuda:0'), 1: tensor(0, device='cuda:0')},fn {0: tensor(0, device='cuda:0'), 1: tensor(50689, device='cuda:0')},fp {0: tensor(50689, device='cuda:0'), 1: tensor(0, device='cuda:0')}
INFO:root:TRAIN measures microavg - precision 0.9804 - recall 0.9804 - f1 0.9804 
INFO:root:TRAIN measures for class 0 - precision 0.9804 - recall 1.0000 - f1 0.9901 
INFO:root:TRAIN measures for class 1 - precision 0.0000 - recall 0.0000 - f1 0.0000 
INFO:root:TRAIN measures@10 microavg - precision 1.0000 - recall 0.0001 - f1 0.0001 
INFO:root:TRAIN measures@10 for class 0 - precision 1.0000 - recall 0.0001 - f1 0.0001 
INFO:root:TRAIN measures@10 for class 1 - precision 0.0000 - recall 0.0000 - f1 0.0000 
INFO:root:TRAIN measures@100 microavg - precision 1.0000 - recall 0.0007 - f1 0.0013 
INFO:root:TRAIN measures@100 for class 0 - precision 1.0000 - recall 0.0007 - f1 0.0013 
INFO:root:TRAIN measures@100 for class 1 - precision 0.0000 - recall 0.0000 - f1 0.0000 
INFO:root:TRAIN measures@1000 microavg - precision 1.0000 - recall 0.0066 - f1 0.0131 
INFO:root:TRAIN measures@1000 for class 0 - precision 1.0000 - recall 0.0067 - f1 0.0133 
INFO:root:TRAIN measures@1000 for class 1 - precision 0.0000 - recall 0.0000 - f1 0.0000 
INFO:root:TRAIN Total epoch time: 3.4363072235137224
INFO:root:################ TRAIN epoch 29 ###################
INFO:root:TRAIN mean losses tensor(0.0494, device='cuda:0')
INFO:root:TRAIN mean errors 0.019607843831181526
INFO:root:TRAIN mean MRR 0.0 - mean MAP 0.026504645862880975
INFO:root:TRAIN tp {0: tensor(2534450, device='cuda:0'), 1: tensor(0, device='cuda:0')},fn {0: tensor(0, device='cuda:0'), 1: tensor(50689, device='cuda:0')},fp {0: tensor(50689, device='cuda:0'), 1: tensor(0, device='cuda:0')}
INFO:root:TRAIN measures microavg - precision 0.9804 - recall 0.9804 - f1 0.9804 
INFO:root:TRAIN measures for class 0 - precision 0.9804 - recall 1.0000 - f1 0.9901 
INFO:root:TRAIN measures for class 1 - precision 0.0000 - recall 0.0000 - f1 0.0000 
INFO:root:TRAIN measures@10 microavg - precision 1.0000 - recall 0.0001 - f1 0.0001 
INFO:root:TRAIN measures@10 for class 0 - precision 1.0000 - recall 0.0001 - f1 0.0001 
INFO:root:TRAIN measures@10 for class 1 - precision 0.0000 - recall 0.0000 - f1 0.0000 
INFO:root:TRAIN measures@100 microavg - precision 1.0000 - recall 0.0007 - f1 0.0013 
INFO:root:TRAIN measures@100 for class 0 - precision 1.0000 - recall 0.0007 - f1 0.0013 
INFO:root:TRAIN measures@100 for class 1 - precision 0.0000 - recall 0.0000 - f1 0.0000 
INFO:root:TRAIN measures@1000 microavg - precision 1.0000 - recall 0.0066 - f1 0.0131 
INFO:root:TRAIN measures@1000 for class 0 - precision 1.0000 - recall 0.0067 - f1 0.0133 
INFO:root:TRAIN measures@1000 for class 1 - precision 0.0000 - recall 0.0000 - f1 0.0000 
INFO:root:TRAIN Total epoch time: 3.6611244417726994
INFO:root:################ TRAIN epoch 30 ###################
INFO:root:TRAIN mean losses tensor(0.0494, device='cuda:0')
INFO:root:TRAIN mean errors 0.019607843831181526
INFO:root:TRAIN mean MRR 0.0 - mean MAP 0.026325278291523906
INFO:root:TRAIN tp {0: tensor(2534450, device='cuda:0'), 1: tensor(0, device='cuda:0')},fn {0: tensor(0, device='cuda:0'), 1: tensor(50689, device='cuda:0')},fp {0: tensor(50689, device='cuda:0'), 1: tensor(0, device='cuda:0')}
INFO:root:TRAIN measures microavg - precision 0.9804 - recall 0.9804 - f1 0.9804 
INFO:root:TRAIN measures for class 0 - precision 0.9804 - recall 1.0000 - f1 0.9901 
INFO:root:TRAIN measures for class 1 - precision 0.0000 - recall 0.0000 - f1 0.0000 
INFO:root:TRAIN measures@10 microavg - precision 1.0000 - recall 0.0001 - f1 0.0001 
INFO:root:TRAIN measures@10 for class 0 - precision 1.0000 - recall 0.0001 - f1 0.0001 
INFO:root:TRAIN measures@10 for class 1 - precision 0.0000 - recall 0.0000 - f1 0.0000 
INFO:root:TRAIN measures@100 microavg - precision 1.0000 - recall 0.0007 - f1 0.0013 
INFO:root:TRAIN measures@100 for class 0 - precision 1.0000 - recall 0.0007 - f1 0.0013 
INFO:root:TRAIN measures@100 for class 1 - precision 0.0000 - recall 0.0000 - f1 0.0000 
INFO:root:TRAIN measures@1000 microavg - precision 1.0000 - recall 0.0066 - f1 0.0131 
INFO:root:TRAIN measures@1000 for class 0 - precision 1.0000 - recall 0.0067 - f1 0.0133 
INFO:root:TRAIN measures@1000 for class 1 - precision 0.0000 - recall 0.0000 - f1 0.0000 
INFO:root:TRAIN Total epoch time: 3.4566462635993958
INFO:root:################ TRAIN epoch 31 ###################
INFO:root:TRAIN mean losses tensor(0.0494, device='cuda:0')
INFO:root:TRAIN mean errors 0.019607843831181526
INFO:root:TRAIN mean MRR 0.0 - mean MAP 0.026555302714746064
INFO:root:TRAIN tp {0: tensor(2534450, device='cuda:0'), 1: tensor(0, device='cuda:0')},fn {0: tensor(0, device='cuda:0'), 1: tensor(50689, device='cuda:0')},fp {0: tensor(50689, device='cuda:0'), 1: tensor(0, device='cuda:0')}
INFO:root:TRAIN measures microavg - precision 0.9804 - recall 0.9804 - f1 0.9804 
INFO:root:TRAIN measures for class 0 - precision 0.9804 - recall 1.0000 - f1 0.9901 
INFO:root:TRAIN measures for class 1 - precision 0.0000 - recall 0.0000 - f1 0.0000 
INFO:root:TRAIN measures@10 microavg - precision 1.0000 - recall 0.0001 - f1 0.0001 
INFO:root:TRAIN measures@10 for class 0 - precision 1.0000 - recall 0.0001 - f1 0.0001 
INFO:root:TRAIN measures@10 for class 1 - precision 0.0000 - recall 0.0000 - f1 0.0000 
INFO:root:TRAIN measures@100 microavg - precision 1.0000 - recall 0.0007 - f1 0.0013 
INFO:root:TRAIN measures@100 for class 0 - precision 1.0000 - recall 0.0007 - f1 0.0013 
INFO:root:TRAIN measures@100 for class 1 - precision 0.0000 - recall 0.0000 - f1 0.0000 
INFO:root:TRAIN measures@1000 microavg - precision 1.0000 - recall 0.0066 - f1 0.0131 
INFO:root:TRAIN measures@1000 for class 0 - precision 1.0000 - recall 0.0067 - f1 0.0133 
INFO:root:TRAIN measures@1000 for class 1 - precision 0.0000 - recall 0.0000 - f1 0.0000 
INFO:root:TRAIN Total epoch time: 3.3579387310892344
INFO:root:################ TRAIN epoch 32 ###################
INFO:root:TRAIN mean losses tensor(0.0494, device='cuda:0')
INFO:root:TRAIN mean errors 0.019607843831181526
INFO:root:TRAIN mean MRR 0.0 - mean MAP 0.026419766783777453
INFO:root:TRAIN tp {0: tensor(2534450, device='cuda:0'), 1: tensor(0, device='cuda:0')},fn {0: tensor(0, device='cuda:0'), 1: tensor(50689, device='cuda:0')},fp {0: tensor(50689, device='cuda:0'), 1: tensor(0, device='cuda:0')}
INFO:root:TRAIN measures microavg - precision 0.9804 - recall 0.9804 - f1 0.9804 
INFO:root:TRAIN measures for class 0 - precision 0.9804 - recall 1.0000 - f1 0.9901 
INFO:root:TRAIN measures for class 1 - precision 0.0000 - recall 0.0000 - f1 0.0000 
INFO:root:TRAIN measures@10 microavg - precision 1.0000 - recall 0.0001 - f1 0.0001 
INFO:root:TRAIN measures@10 for class 0 - precision 1.0000 - recall 0.0001 - f1 0.0001 
INFO:root:TRAIN measures@10 for class 1 - precision 0.0000 - recall 0.0000 - f1 0.0000 
INFO:root:TRAIN measures@100 microavg - precision 1.0000 - recall 0.0007 - f1 0.0013 
INFO:root:TRAIN measures@100 for class 0 - precision 1.0000 - recall 0.0007 - f1 0.0013 
INFO:root:TRAIN measures@100 for class 1 - precision 0.0000 - recall 0.0000 - f1 0.0000 
INFO:root:TRAIN measures@1000 microavg - precision 1.0000 - recall 0.0066 - f1 0.0131 
INFO:root:TRAIN measures@1000 for class 0 - precision 1.0000 - recall 0.0067 - f1 0.0133 
INFO:root:TRAIN measures@1000 for class 1 - precision 0.0000 - recall 0.0000 - f1 0.0000 
INFO:root:TRAIN Total epoch time: 3.2821016991510987
INFO:root:################ TRAIN epoch 33 ###################
INFO:root:TRAIN mean losses tensor(0.0494, device='cuda:0')
INFO:root:TRAIN mean errors 0.019607843831181526
INFO:root:TRAIN mean MRR 0.0 - mean MAP 0.026846058303675206
INFO:root:TRAIN tp {0: tensor(2534450, device='cuda:0'), 1: tensor(0, device='cuda:0')},fn {0: tensor(0, device='cuda:0'), 1: tensor(50689, device='cuda:0')},fp {0: tensor(50689, device='cuda:0'), 1: tensor(0, device='cuda:0')}
INFO:root:TRAIN measures microavg - precision 0.9804 - recall 0.9804 - f1 0.9804 
INFO:root:TRAIN measures for class 0 - precision 0.9804 - recall 1.0000 - f1 0.9901 
INFO:root:TRAIN measures for class 1 - precision 0.0000 - recall 0.0000 - f1 0.0000 
INFO:root:TRAIN measures@10 microavg - precision 1.0000 - recall 0.0001 - f1 0.0001 
INFO:root:TRAIN measures@10 for class 0 - precision 1.0000 - recall 0.0001 - f1 0.0001 
INFO:root:TRAIN measures@10 for class 1 - precision 0.0000 - recall 0.0000 - f1 0.0000 
INFO:root:TRAIN measures@100 microavg - precision 1.0000 - recall 0.0007 - f1 0.0013 
INFO:root:TRAIN measures@100 for class 0 - precision 1.0000 - recall 0.0007 - f1 0.0013 
INFO:root:TRAIN measures@100 for class 1 - precision 0.0000 - recall 0.0000 - f1 0.0000 
INFO:root:TRAIN measures@1000 microavg - precision 1.0000 - recall 0.0066 - f1 0.0131 
INFO:root:TRAIN measures@1000 for class 0 - precision 1.0000 - recall 0.0067 - f1 0.0133 
INFO:root:TRAIN measures@1000 for class 1 - precision 0.0000 - recall 0.0000 - f1 0.0000 
INFO:root:TRAIN Total epoch time: 3.3109192568808794
INFO:root:################ TRAIN epoch 34 ###################
INFO:root:TRAIN mean losses tensor(0.0493, device='cuda:0')
INFO:root:TRAIN mean errors 0.019607843831181526
INFO:root:TRAIN mean MRR 0.0 - mean MAP 0.02633068256678352
INFO:root:TRAIN tp {0: tensor(2534450, device='cuda:0'), 1: tensor(0, device='cuda:0')},fn {0: tensor(0, device='cuda:0'), 1: tensor(50689, device='cuda:0')},fp {0: tensor(50689, device='cuda:0'), 1: tensor(0, device='cuda:0')}
INFO:root:TRAIN measures microavg - precision 0.9804 - recall 0.9804 - f1 0.9804 
INFO:root:TRAIN measures for class 0 - precision 0.9804 - recall 1.0000 - f1 0.9901 
INFO:root:TRAIN measures for class 1 - precision 0.0000 - recall 0.0000 - f1 0.0000 
INFO:root:TRAIN measures@10 microavg - precision 1.0000 - recall 0.0001 - f1 0.0001 
INFO:root:TRAIN measures@10 for class 0 - precision 1.0000 - recall 0.0001 - f1 0.0001 
INFO:root:TRAIN measures@10 for class 1 - precision 0.0000 - recall 0.0000 - f1 0.0000 
INFO:root:TRAIN measures@100 microavg - precision 1.0000 - recall 0.0007 - f1 0.0013 
INFO:root:TRAIN measures@100 for class 0 - precision 1.0000 - recall 0.0007 - f1 0.0013 
INFO:root:TRAIN measures@100 for class 1 - precision 0.0000 - recall 0.0000 - f1 0.0000 
INFO:root:TRAIN measures@1000 microavg - precision 1.0000 - recall 0.0066 - f1 0.0131 
INFO:root:TRAIN measures@1000 for class 0 - precision 1.0000 - recall 0.0067 - f1 0.0133 
INFO:root:TRAIN measures@1000 for class 1 - precision 0.0000 - recall 0.0000 - f1 0.0000 
INFO:root:TRAIN Total epoch time: 3.6335431709885597
INFO:root:################ TRAIN epoch 35 ###################
