INFO:root:*** PARAMETERS ***
INFO:root:{'adj_mat_time_window': 1,
 'class_weights': [0.05, 0.95],
 'comments': ['comments'],
 'data': 'seir',
 'data_loading_params': {'batch_size': 1, 'num_workers': 0},
 'dev_proportion': 0.2,
 'device': 'cuda',
 'early_stop_patience': 50,
 'eval_after_epochs': 6,
 'gcn_parameters': {'cls_feats': 1024,
                    'cls_feats_max': 1024,
                    'cls_feats_min': 100,
                    'feats_per_node': 100,
                    'feats_per_node_max': 256,
                    'feats_per_node_min': 50,
                    'k_top_grcu': 200,
                    'layer_1_feats': 51,
                    'layer_1_feats_max': 200,
                    'layer_1_feats_min': 10,
                    'layer_2_feats': 51,
                    'layer_2_feats_same_as_l1': True,
                    'lstm_l1_feats': 157,
                    'lstm_l1_feats_max': 200,
                    'lstm_l1_feats_min': 10,
                    'lstm_l1_layers': 1,
                    'lstm_l2_feats': 157,
                    'lstm_l2_feats_same_as_l1': True,
                    'lstm_l2_layers': 1,
                    'num_layers': 2},
 'learning_rate': 0.005,
 'learning_rate_max': 0.1,
 'learning_rate_min': 0.0001,
 'model': 'egcn_o',
 'negative_mult_test': 20,
 'negative_mult_training': 10,
 'num_epochs': 100,
 'num_hist_steps': 5,
 'num_hist_steps_max': 10,
 'num_hist_steps_min': 2,
 'rank': 0,
 'save_node_embeddings': False,
 'save_state': True,
 'seed': 1234,
 'seir_args': <utils.Namespace object at 0x7f82bf93c790>,
 'smart_neg_sampling': True,
 'steps_accum_gradients': 1,
 'target_class': 1,
 'target_measure': 'MAP',
 'task': 'link_pred',
 'train_proportion': 0.7,
 'use_1_hot_node_feats': True,
 'use_2_hot_node_feats': False,
 'use_cuda': True,
 'use_logfile': True,
 'wsize': 1}
INFO:root:
INFO:root:################ TRAIN epoch 0 ###################
INFO:root:TRAIN mean losses tensor(0.0879, device='cuda:0')
INFO:root:TRAIN mean errors 0.7150160670280457
INFO:root:TRAIN mean MRR 0.0 - mean MAP 0.10338560848984639
INFO:root:TRAIN tp {0: tensor(26320, device='cuda:0'), 1: tensor(8464, device='cuda:0')},fn {0: tensor(84640, device='cuda:0'), 1: tensor(2632, device='cuda:0')},fp {0: tensor(2632, device='cuda:0'), 1: tensor(84640, device='cuda:0')}
INFO:root:TRAIN measures microavg - precision 0.2850 - recall 0.2850 - f1 0.2850 
INFO:root:TRAIN measures for class 0 - precision 0.9091 - recall 0.2372 - f1 0.3762 
INFO:root:TRAIN measures for class 1 - precision 0.0909 - recall 0.7628 - f1 0.1625 
INFO:root:TRAIN measures@10 microavg - precision 0.3200 - recall 0.0001 - f1 0.0003 
INFO:root:TRAIN measures@10 for class 0 - precision 1.0000 - recall 0.0001 - f1 0.0002 
INFO:root:TRAIN measures@10 for class 1 - precision 0.1500 - recall 0.0005 - f1 0.0011 
INFO:root:TRAIN measures@100 microavg - precision 0.2820 - recall 0.0012 - f1 0.0023 
INFO:root:TRAIN measures@100 for class 0 - precision 0.9500 - recall 0.0009 - f1 0.0017 
INFO:root:TRAIN measures@100 for class 1 - precision 0.1150 - recall 0.0041 - f1 0.0080 
INFO:root:TRAIN measures@1000 microavg - precision 0.2784 - recall 0.0114 - f1 0.0219 
INFO:root:TRAIN measures@1000 for class 0 - precision 0.9180 - recall 0.0083 - f1 0.0164 
INFO:root:TRAIN measures@1000 for class 1 - precision 0.1185 - recall 0.0427 - f1 0.0628 
INFO:root:TRAIN Total epoch time: 1.4571349359994201
INFO:root:################ TRAIN epoch 1 ###################
INFO:root:TRAIN mean losses tensor(0.0850, device='cuda:0')
INFO:root:TRAIN mean errors 0.9090909361839294
INFO:root:TRAIN mean MRR 0.0 - mean MAP 0.09840359721586445
INFO:root:TRAIN tp {0: tensor(0, device='cuda:0'), 1: tensor(11096, device='cuda:0')},fn {0: tensor(110960, device='cuda:0'), 1: tensor(0, device='cuda:0')},fp {0: tensor(0, device='cuda:0'), 1: tensor(110960, device='cuda:0')}
INFO:root:TRAIN measures microavg - precision 0.0909 - recall 0.0909 - f1 0.0909 
INFO:root:TRAIN measures for class 0 - precision 0.0000 - recall 0.0000 - f1 0.0000 
INFO:root:TRAIN measures for class 1 - precision 0.0909 - recall 1.0000 - f1 0.1667 
INFO:root:TRAIN measures@10 microavg - precision 0.0600 - recall 0.0000 - f1 0.0000 
INFO:root:TRAIN measures@10 for class 0 - precision 0.0000 - recall 0.0000 - f1 0.0000 
INFO:root:TRAIN measures@10 for class 1 - precision 0.0600 - recall 0.0003 - f1 0.0005 
INFO:root:TRAIN measures@100 microavg - precision 0.0940 - recall 0.0004 - f1 0.0008 
INFO:root:TRAIN measures@100 for class 0 - precision 0.0000 - recall 0.0000 - f1 0.0000 
INFO:root:TRAIN measures@100 for class 1 - precision 0.0940 - recall 0.0042 - f1 0.0081 
INFO:root:TRAIN measures@1000 microavg - precision 0.0966 - recall 0.0040 - f1 0.0076 
INFO:root:TRAIN measures@1000 for class 0 - precision 0.0000 - recall 0.0000 - f1 0.0000 
INFO:root:TRAIN measures@1000 for class 1 - precision 0.0966 - recall 0.0435 - f1 0.0600 
INFO:root:TRAIN Total epoch time: 0.5041746970000531
INFO:root:################ TRAIN epoch 2 ###################
INFO:root:TRAIN mean losses tensor(0.0848, device='cuda:0')
INFO:root:TRAIN mean errors 0.9090909361839294
INFO:root:TRAIN mean MRR 0.0 - mean MAP 0.10549783205492377
INFO:root:TRAIN tp {0: tensor(0, device='cuda:0'), 1: tensor(11096, device='cuda:0')},fn {0: tensor(110960, device='cuda:0'), 1: tensor(0, device='cuda:0')},fp {0: tensor(0, device='cuda:0'), 1: tensor(110960, device='cuda:0')}
INFO:root:TRAIN measures microavg - precision 0.0909 - recall 0.0909 - f1 0.0909 
INFO:root:TRAIN measures for class 0 - precision 0.0000 - recall 0.0000 - f1 0.0000 
INFO:root:TRAIN measures for class 1 - precision 0.0909 - recall 1.0000 - f1 0.1667 
INFO:root:TRAIN measures@10 microavg - precision 0.1000 - recall 0.0000 - f1 0.0001 
INFO:root:TRAIN measures@10 for class 0 - precision 0.0000 - recall 0.0000 - f1 0.0000 
INFO:root:TRAIN measures@10 for class 1 - precision 0.1000 - recall 0.0005 - f1 0.0009 
INFO:root:TRAIN measures@100 microavg - precision 0.1080 - recall 0.0004 - f1 0.0009 
INFO:root:TRAIN measures@100 for class 0 - precision 0.0000 - recall 0.0000 - f1 0.0000 
INFO:root:TRAIN measures@100 for class 1 - precision 0.1080 - recall 0.0049 - f1 0.0093 
INFO:root:TRAIN measures@1000 microavg - precision 0.1006 - recall 0.0041 - f1 0.0079 
INFO:root:TRAIN measures@1000 for class 0 - precision 0.0000 - recall 0.0000 - f1 0.0000 
INFO:root:TRAIN measures@1000 for class 1 - precision 0.1006 - recall 0.0453 - f1 0.0625 
INFO:root:TRAIN Total epoch time: 0.5267116209997766
INFO:root:################ TRAIN epoch 3 ###################
INFO:root:TRAIN mean losses tensor(0.0842, device='cuda:0')
INFO:root:TRAIN mean errors 0.9069525599479675
INFO:root:TRAIN mean MRR 0.0 - mean MAP 0.10744410825757808
INFO:root:TRAIN tp {0: tensor(261, device='cuda:0'), 1: tensor(11096, device='cuda:0')},fn {0: tensor(110699, device='cuda:0'), 1: tensor(0, device='cuda:0')},fp {0: tensor(0, device='cuda:0'), 1: tensor(110699, device='cuda:0')}
INFO:root:TRAIN measures microavg - precision 0.0930 - recall 0.0930 - f1 0.0930 
INFO:root:TRAIN measures for class 0 - precision 1.0000 - recall 0.0024 - f1 0.0047 
INFO:root:TRAIN measures for class 1 - precision 0.0911 - recall 1.0000 - f1 0.1670 
INFO:root:TRAIN measures@10 microavg - precision 0.4375 - recall 0.0003 - f1 0.0006 
INFO:root:TRAIN measures@10 for class 0 - precision 1.0000 - recall 0.0003 - f1 0.0005 
INFO:root:TRAIN measures@10 for class 1 - precision 0.1000 - recall 0.0005 - f1 0.0009 
INFO:root:TRAIN measures@100 microavg - precision 0.3904 - recall 0.0023 - f1 0.0046 
INFO:root:TRAIN measures@100 for class 0 - precision 1.0000 - recall 0.0021 - f1 0.0041 
INFO:root:TRAIN measures@100 for class 1 - precision 0.1100 - recall 0.0050 - f1 0.0095 
INFO:root:TRAIN measures@1000 microavg - precision 0.1500 - recall 0.0065 - f1 0.0124 
INFO:root:TRAIN measures@1000 for class 0 - precision 1.0000 - recall 0.0024 - f1 0.0047 
INFO:root:TRAIN measures@1000 for class 1 - precision 0.1056 - recall 0.0476 - f1 0.0656 
INFO:root:TRAIN Total epoch time: 0.4830633019992092
INFO:root:################ TRAIN epoch 4 ###################
INFO:root:TRAIN mean losses tensor(0.0823, device='cuda:0')
INFO:root:TRAIN mean errors 0.8470619916915894
INFO:root:TRAIN mean MRR 0.0 - mean MAP 0.11103490022617321
INFO:root:TRAIN tp {0: tensor(7571, device='cuda:0'), 1: tensor(11096, device='cuda:0')},fn {0: tensor(103389, device='cuda:0'), 1: tensor(0, device='cuda:0')},fp {0: tensor(0, device='cuda:0'), 1: tensor(103389, device='cuda:0')}
INFO:root:TRAIN measures microavg - precision 0.1529 - recall 0.1529 - f1 0.1529 
INFO:root:TRAIN measures for class 0 - precision 1.0000 - recall 0.0682 - f1 0.1277 
INFO:root:TRAIN measures for class 1 - precision 0.0969 - recall 1.0000 - f1 0.1767 
INFO:root:TRAIN measures@10 microavg - precision 0.5500 - recall 0.0005 - f1 0.0009 
INFO:root:TRAIN measures@10 for class 0 - precision 1.0000 - recall 0.0005 - f1 0.0009 
INFO:root:TRAIN measures@10 for class 1 - precision 0.1000 - recall 0.0005 - f1 0.0009 
INFO:root:TRAIN measures@100 microavg - precision 0.5590 - recall 0.0046 - f1 0.0091 
INFO:root:TRAIN measures@100 for class 0 - precision 1.0000 - recall 0.0045 - f1 0.0090 
INFO:root:TRAIN measures@100 for class 1 - precision 0.1180 - recall 0.0053 - f1 0.0102 
INFO:root:TRAIN measures@1000 microavg - precision 0.5405 - recall 0.0430 - f1 0.0797 
INFO:root:TRAIN measures@1000 for class 0 - precision 1.0000 - recall 0.0425 - f1 0.0815 
INFO:root:TRAIN measures@1000 for class 1 - precision 0.1076 - recall 0.0485 - f1 0.0668 
INFO:root:TRAIN Total epoch time: 0.5097161110006709
INFO:root:################ TRAIN epoch 5 ###################
INFO:root:TRAIN mean losses tensor(0.0889, device='cuda:0')
INFO:root:TRAIN mean errors 0.6005030274391174
INFO:root:TRAIN mean MRR 0.0 - mean MAP 0.11383502570737912
INFO:root:TRAIN tp {0: tensor(40862, device='cuda:0'), 1: tensor(7899, device='cuda:0')},fn {0: tensor(70098, device='cuda:0'), 1: tensor(3197, device='cuda:0')},fp {0: tensor(3197, device='cuda:0'), 1: tensor(70098, device='cuda:0')}
INFO:root:TRAIN measures microavg - precision 0.3995 - recall 0.3995 - f1 0.3995 
INFO:root:TRAIN measures for class 0 - precision 0.9274 - recall 0.3683 - f1 0.5272 
INFO:root:TRAIN measures for class 1 - precision 0.1013 - recall 0.7119 - f1 0.1773 
INFO:root:TRAIN measures@10 microavg - precision 0.6222 - recall 0.0005 - f1 0.0009 
INFO:root:TRAIN measures@10 for class 0 - precision 1.0000 - recall 0.0005 - f1 0.0009 
INFO:root:TRAIN measures@10 for class 1 - precision 0.1500 - recall 0.0005 - f1 0.0011 
INFO:root:TRAIN measures@100 microavg - precision 0.5543 - recall 0.0037 - f1 0.0073 
INFO:root:TRAIN measures@100 for class 0 - precision 1.0000 - recall 0.0037 - f1 0.0074 
INFO:root:TRAIN measures@100 for class 1 - precision 0.0975 - recall 0.0035 - f1 0.0068 
INFO:root:TRAIN measures@1000 microavg - precision 0.5435 - recall 0.0348 - f1 0.0654 
INFO:root:TRAIN measures@1000 for class 0 - precision 1.0000 - recall 0.0343 - f1 0.0664 
INFO:root:TRAIN measures@1000 for class 1 - precision 0.1087 - recall 0.0392 - f1 0.0576 
INFO:root:TRAIN Total epoch time: 0.5174370109998563
INFO:root:################ TRAIN epoch 6 ###################
INFO:root:TRAIN mean losses tensor(0.0900, device='cuda:0')
INFO:root:TRAIN mean errors 0.45583993196487427
INFO:root:TRAIN mean MRR 0.0 - mean MAP 0.10302400138548255
INFO:root:TRAIN tp {0: tensor(61148, device='cuda:0'), 1: tensor(5270, device='cuda:0')},fn {0: tensor(49812, device='cuda:0'), 1: tensor(5826, device='cuda:0')},fp {0: tensor(5826, device='cuda:0'), 1: tensor(49812, device='cuda:0')}
INFO:root:TRAIN measures microavg - precision 0.5442 - recall 0.5442 - f1 0.5442 
INFO:root:TRAIN measures for class 0 - precision 0.9130 - recall 0.5511 - f1 0.6873 
INFO:root:TRAIN measures for class 1 - precision 0.0957 - recall 0.4749 - f1 0.1593 
INFO:root:TRAIN measures@10 microavg - precision 0.5625 - recall 0.0004 - f1 0.0007 
INFO:root:TRAIN measures@10 for class 0 - precision 1.0000 - recall 0.0004 - f1 0.0007 
INFO:root:TRAIN measures@10 for class 1 - precision 0.1250 - recall 0.0005 - f1 0.0009 
INFO:root:TRAIN measures@100 microavg - precision 0.5828 - recall 0.0032 - f1 0.0064 
INFO:root:TRAIN measures@100 for class 0 - precision 1.0000 - recall 0.0033 - f1 0.0065 
INFO:root:TRAIN measures@100 for class 1 - precision 0.0962 - recall 0.0027 - f1 0.0053 
INFO:root:TRAIN measures@1000 microavg - precision 0.5512 - recall 0.0274 - f1 0.0523 
INFO:root:TRAIN measures@1000 for class 0 - precision 1.0000 - recall 0.0276 - f1 0.0537 
INFO:root:TRAIN measures@1000 for class 1 - precision 0.0946 - recall 0.0257 - f1 0.0404 
INFO:root:TRAIN Total epoch time: 0.5083378559993434
INFO:root:################ TRAIN epoch 7 ###################
INFO:root:TRAIN mean losses tensor(0.0847, device='cuda:0')
INFO:root:TRAIN mean errors 0.8787933588027954
INFO:root:TRAIN mean MRR 0.0 - mean MAP 0.09499834346808564
INFO:root:TRAIN tp {0: tensor(3698, device='cuda:0'), 1: tensor(11096, device='cuda:0')},fn {0: tensor(107262, device='cuda:0'), 1: tensor(0, device='cuda:0')},fp {0: tensor(0, device='cuda:0'), 1: tensor(107262, device='cuda:0')}
INFO:root:TRAIN measures microavg - precision 0.1212 - recall 0.1212 - f1 0.1212 
INFO:root:TRAIN measures for class 0 - precision 1.0000 - recall 0.0333 - f1 0.0645 
INFO:root:TRAIN measures for class 1 - precision 0.0937 - recall 1.0000 - f1 0.1714 
INFO:root:TRAIN measures@10 microavg - precision 0.5000 - recall 0.0004 - f1 0.0008 
INFO:root:TRAIN measures@10 for class 0 - precision 1.0000 - recall 0.0005 - f1 0.0009 
INFO:root:TRAIN measures@10 for class 1 - precision 0.0000 - recall 0.0000 - f1 0.0000 
INFO:root:TRAIN measures@100 microavg - precision 0.5430 - recall 0.0044 - f1 0.0088 
INFO:root:TRAIN measures@100 for class 0 - precision 1.0000 - recall 0.0045 - f1 0.0090 
INFO:root:TRAIN measures@100 for class 1 - precision 0.0860 - recall 0.0039 - f1 0.0074 
INFO:root:TRAIN measures@1000 microavg - precision 0.4758 - recall 0.0337 - f1 0.0630 
INFO:root:TRAIN measures@1000 for class 0 - precision 1.0000 - recall 0.0329 - f1 0.0636 
INFO:root:TRAIN measures@1000 for class 1 - precision 0.0934 - recall 0.0421 - f1 0.0580 
INFO:root:TRAIN Total epoch time: 0.5010049049997178
INFO:root:################ VALID epoch 7 ###################
INFO:root:VALID mean losses tensor(0.0686, device='cuda:0')
INFO:root:VALID mean errors 0.9352068901062012
INFO:root:VALID mean MRR 0.16468557118151314 - mean MAP 0.050456714117410095
INFO:root:VALID tp {0: tensor(572, device='cuda:0'), 1: tensor(1586, device='cuda:0')},fn {0: tensor(31148, device='cuda:0'), 1: tensor(0, device='cuda:0')},fp {0: tensor(0, device='cuda:0'), 1: tensor(31148, device='cuda:0')}
INFO:root:VALID measures microavg - precision 0.0648 - recall 0.0648 - f1 0.0648 
INFO:root:VALID measures for class 0 - precision 1.0000 - recall 0.0180 - f1 0.0354 
INFO:root:VALID measures for class 1 - precision 0.0485 - recall 1.0000 - f1 0.0924 
INFO:root:VALID measures@10 microavg - precision 0.5167 - recall 0.0009 - f1 0.0019 
INFO:root:VALID measures@10 for class 0 - precision 1.0000 - recall 0.0009 - f1 0.0019 
INFO:root:VALID measures@10 for class 1 - precision 0.0333 - recall 0.0006 - f1 0.0012 
INFO:root:VALID measures@100 microavg - precision 0.5250 - recall 0.0095 - f1 0.0186 
INFO:root:VALID measures@100 for class 0 - precision 1.0000 - recall 0.0095 - f1 0.0187 
INFO:root:VALID measures@100 for class 1 - precision 0.0500 - recall 0.0095 - f1 0.0159 
INFO:root:VALID measures@1000 microavg - precision 0.2030 - recall 0.0218 - f1 0.0393 
INFO:root:VALID measures@1000 for class 0 - precision 1.0000 - recall 0.0180 - f1 0.0354 
INFO:root:VALID measures@1000 for class 1 - precision 0.0510 - recall 0.0965 - f1 0.0667 
INFO:root:VALID Total epoch time: 31.268962087000546
INFO:root:################ TEST epoch 7 ###################
INFO:root:TEST batch 1 / 2 - partial error 0.9397 - partial loss 0.0687 - partial MRR  0.1613 - partial MAP 0.0509
INFO:root:TEST batch 1 / 2 -  partial tp {0: tensor(135, device='cuda:0'), 1: tensor(506, device='cuda:0')},fn {0: tensor(9985, device='cuda:0'), 1: tensor(0, device='cuda:0')},fp {0: tensor(0, device='cuda:0'), 1: tensor(9985, device='cuda:0')}
INFO:root:TEST batch 1 / 2 - measures partial microavg - precision 0.0603 - recall 0.0603 - f1 0.0603 
INFO:root:TEST batch 1 / 2 - measures partial for class 0 - precision 1.0000 - recall 0.0133 - f1 0.0263 
INFO:root:TEST batch 1 / 2 - measures partial for class 1 - precision 0.0482 - recall 1.0000 - f1 0.0920 
INFO:root:TEST batch 1 / 2 - Batch time 10 
INFO:root:TEST batch 2 / 2 - partial error 0.9375 - partial loss 0.0686 - partial MRR  0.1302 - partial MAP 0.0500
INFO:root:TEST batch 2 / 2 -  partial tp {0: tensor(225, device='cuda:0'), 1: tensor(648, device='cuda:0')},fn {0: tensor(12735, device='cuda:0'), 1: tensor(0, device='cuda:0')},fp {0: tensor(0, device='cuda:0'), 1: tensor(12735, device='cuda:0')}
INFO:root:TEST batch 2 / 2 - measures partial microavg - precision 0.0642 - recall 0.0642 - f1 0.0642 
INFO:root:TEST batch 2 / 2 - measures partial for class 0 - precision 1.0000 - recall 0.0174 - f1 0.0341 
INFO:root:TEST batch 2 / 2 - measures partial for class 1 - precision 0.0484 - recall 1.0000 - f1 0.0924 
INFO:root:TEST batch 2 / 2 - Batch time 10 
INFO:root:TEST mean losses tensor(0.0686, device='cuda:0')
INFO:root:TEST mean errors 0.9375258088111877
INFO:root:TEST mean MRR 0.13016922685479856 - mean MAP 0.050012650018890666
INFO:root:TEST tp {0: tensor(360, device='cuda:0'), 1: tensor(1154, device='cuda:0')},fn {0: tensor(22720, device='cuda:0'), 1: tensor(0, device='cuda:0')},fp {0: tensor(0, device='cuda:0'), 1: tensor(22720, device='cuda:0')}
INFO:root:TEST measures microavg - precision 0.0625 - recall 0.0625 - f1 0.0625 
INFO:root:TEST measures for class 0 - precision 1.0000 - recall 0.0156 - f1 0.0307 
INFO:root:TEST measures for class 1 - precision 0.0483 - recall 1.0000 - f1 0.0922 
INFO:root:TEST measures@10 microavg - precision 0.5250 - recall 0.0009 - f1 0.0017 
INFO:root:TEST measures@10 for class 0 - precision 1.0000 - recall 0.0009 - f1 0.0017 
INFO:root:TEST measures@10 for class 1 - precision 0.0500 - recall 0.0009 - f1 0.0017 
INFO:root:TEST measures@100 microavg - precision 0.5250 - recall 0.0087 - f1 0.0170 
INFO:root:TEST measures@100 for class 0 - precision 1.0000 - recall 0.0087 - f1 0.0172 
INFO:root:TEST measures@100 for class 1 - precision 0.0500 - recall 0.0087 - f1 0.0148 
INFO:root:TEST measures@1000 microavg - precision 0.1949 - recall 0.0190 - f1 0.0346 
INFO:root:TEST measures@1000 for class 0 - precision 1.0000 - recall 0.0156 - f1 0.0307 
INFO:root:TEST measures@1000 for class 1 - precision 0.0500 - recall 0.0867 - f1 0.0634 
INFO:root:TEST Total epoch time: 21.00189145799959
INFO:root:################ TRAIN epoch 8 ###################
INFO:root:TRAIN mean losses tensor(0.0826, device='cuda:0')
INFO:root:TRAIN mean errors 0.8476273417472839
INFO:root:TRAIN mean MRR 0.0 - mean MAP 0.1002889680472844
INFO:root:TRAIN tp {0: tensor(7502, device='cuda:0'), 1: tensor(11096, device='cuda:0')},fn {0: tensor(103458, device='cuda:0'), 1: tensor(0, device='cuda:0')},fp {0: tensor(0, device='cuda:0'), 1: tensor(103458, device='cuda:0')}
INFO:root:TRAIN measures microavg - precision 0.1524 - recall 0.1524 - f1 0.1524 
INFO:root:TRAIN measures for class 0 - precision 1.0000 - recall 0.0676 - f1 0.1267 
INFO:root:TRAIN measures for class 1 - precision 0.0969 - recall 1.0000 - f1 0.1766 
INFO:root:TRAIN measures@10 microavg - precision 0.5200 - recall 0.0004 - f1 0.0009 
INFO:root:TRAIN measures@10 for class 0 - precision 1.0000 - recall 0.0005 - f1 0.0009 
INFO:root:TRAIN measures@10 for class 1 - precision 0.0400 - recall 0.0002 - f1 0.0004 
INFO:root:TRAIN measures@100 microavg - precision 0.5460 - recall 0.0045 - f1 0.0089 
INFO:root:TRAIN measures@100 for class 0 - precision 1.0000 - recall 0.0045 - f1 0.0090 
INFO:root:TRAIN measures@100 for class 1 - precision 0.0920 - recall 0.0041 - f1 0.0079 
INFO:root:TRAIN measures@1000 microavg - precision 0.5199 - recall 0.0399 - f1 0.0742 
INFO:root:TRAIN measures@1000 for class 0 - precision 1.0000 - recall 0.0394 - f1 0.0759 
INFO:root:TRAIN measures@1000 for class 1 - precision 0.0998 - recall 0.0450 - f1 0.0620 
INFO:root:TRAIN Total epoch time: 1.0346209530016495
INFO:root:################ VALID epoch 8 ###################
INFO:root:VALID mean losses tensor(0.0700, device='cuda:0')
INFO:root:VALID mean errors 0.9260493516921997
INFO:root:VALID mean MRR 0.1444906834586458 - mean MAP 0.0514720503766753
INFO:root:VALID tp {0: tensor(877, device='cuda:0'), 1: tensor(1586, device='cuda:0')},fn {0: tensor(30843, device='cuda:0'), 1: tensor(0, device='cuda:0')},fp {0: tensor(0, device='cuda:0'), 1: tensor(30843, device='cuda:0')}
INFO:root:VALID measures microavg - precision 0.0740 - recall 0.0740 - f1 0.0740 
INFO:root:VALID measures for class 0 - precision 1.0000 - recall 0.0276 - f1 0.0538 
INFO:root:VALID measures for class 1 - precision 0.0489 - recall 1.0000 - f1 0.0933 
INFO:root:VALID measures@10 microavg - precision 0.5000 - recall 0.0009 - f1 0.0018 
INFO:root:VALID measures@10 for class 0 - precision 1.0000 - recall 0.0009 - f1 0.0019 
INFO:root:VALID measures@10 for class 1 - precision 0.0000 - recall 0.0000 - f1 0.0000 
INFO:root:VALID measures@100 microavg - precision 0.5133 - recall 0.0092 - f1 0.0182 
INFO:root:VALID measures@100 for class 0 - precision 1.0000 - recall 0.0095 - f1 0.0187 
INFO:root:VALID measures@100 for class 1 - precision 0.0267 - recall 0.0050 - f1 0.0085 
INFO:root:VALID measures@1000 microavg - precision 0.2698 - recall 0.0314 - f1 0.0563 
INFO:root:VALID measures@1000 for class 0 - precision 1.0000 - recall 0.0276 - f1 0.0538 
INFO:root:VALID measures@1000 for class 1 - precision 0.0563 - recall 0.1066 - f1 0.0737 
INFO:root:VALID Total epoch time: 31.810060526999223
INFO:root:################ TEST epoch 8 ###################
INFO:root:TEST batch 1 / 2 - partial error 0.9320 - partial loss 0.0704 - partial MRR  0.1450 - partial MAP 0.0498
INFO:root:TEST batch 1 / 2 -  partial tp {0: tensor(217, device='cuda:0'), 1: tensor(506, device='cuda:0')},fn {0: tensor(9903, device='cuda:0'), 1: tensor(0, device='cuda:0')},fp {0: tensor(0, device='cuda:0'), 1: tensor(9903, device='cuda:0')}
INFO:root:TEST batch 1 / 2 - measures partial microavg - precision 0.0680 - recall 0.0680 - f1 0.0680 
INFO:root:TEST batch 1 / 2 - measures partial for class 0 - precision 1.0000 - recall 0.0214 - f1 0.0420 
INFO:root:TEST batch 1 / 2 - measures partial for class 1 - precision 0.0486 - recall 1.0000 - f1 0.0927 
INFO:root:TEST batch 1 / 2 - Batch time 10 
INFO:root:TEST batch 2 / 2 - partial error 0.9289 - partial loss 0.0701 - partial MRR  0.1551 - partial MAP 0.0538
INFO:root:TEST batch 2 / 2 -  partial tp {0: tensor(353, device='cuda:0'), 1: tensor(648, device='cuda:0')},fn {0: tensor(12607, device='cuda:0'), 1: tensor(0, device='cuda:0')},fp {0: tensor(0, device='cuda:0'), 1: tensor(12607, device='cuda:0')}
INFO:root:TEST batch 2 / 2 - measures partial microavg - precision 0.0736 - recall 0.0736 - f1 0.0736 
INFO:root:TEST batch 2 / 2 - measures partial for class 0 - precision 1.0000 - recall 0.0272 - f1 0.0530 
INFO:root:TEST batch 2 / 2 - measures partial for class 1 - precision 0.0489 - recall 1.0000 - f1 0.0932 
INFO:root:TEST batch 2 / 2 - Batch time 11 
INFO:root:TEST mean losses tensor(0.0701, device='cuda:0')
INFO:root:TEST mean errors 0.9288603067398071
INFO:root:TEST mean MRR 0.15509184109636462 - mean MAP 0.053800940637657585
INFO:root:TEST tp {0: tensor(570, device='cuda:0'), 1: tensor(1154, device='cuda:0')},fn {0: tensor(22510, device='cuda:0'), 1: tensor(0, device='cuda:0')},fp {0: tensor(0, device='cuda:0'), 1: tensor(22510, device='cuda:0')}
INFO:root:TEST measures microavg - precision 0.0711 - recall 0.0711 - f1 0.0711 
INFO:root:TEST measures for class 0 - precision 1.0000 - recall 0.0247 - f1 0.0482 
INFO:root:TEST measures for class 1 - precision 0.0488 - recall 1.0000 - f1 0.0930 
INFO:root:TEST measures@10 microavg - precision 0.5250 - recall 0.0009 - f1 0.0017 
INFO:root:TEST measures@10 for class 0 - precision 1.0000 - recall 0.0009 - f1 0.0017 
INFO:root:TEST measures@10 for class 1 - precision 0.0500 - recall 0.0009 - f1 0.0017 
INFO:root:TEST measures@100 microavg - precision 0.5250 - recall 0.0087 - f1 0.0170 
INFO:root:TEST measures@100 for class 0 - precision 1.0000 - recall 0.0087 - f1 0.0172 
INFO:root:TEST measures@100 for class 1 - precision 0.0500 - recall 0.0087 - f1 0.0148 
INFO:root:TEST measures@1000 microavg - precision 0.2584 - recall 0.0274 - f1 0.0495 
INFO:root:TEST measures@1000 for class 0 - precision 1.0000 - recall 0.0247 - f1 0.0482 
INFO:root:TEST measures@1000 for class 1 - precision 0.0470 - recall 0.0815 - f1 0.0596 
INFO:root:TEST Total epoch time: 21.552028584001164
INFO:root:################ TRAIN epoch 9 ###################
INFO:root:TRAIN mean losses tensor(0.0895, device='cuda:0')
INFO:root:TRAIN mean errors 0.7362357974052429
INFO:root:TRAIN mean MRR 0.0 - mean MAP 0.1000651023540249
INFO:root:TRAIN tp {0: tensor(22738, device='cuda:0'), 1: tensor(9456, device='cuda:0')},fn {0: tensor(88222, device='cuda:0'), 1: tensor(1640, device='cuda:0')},fp {0: tensor(1640, device='cuda:0'), 1: tensor(88222, device='cuda:0')}
INFO:root:TRAIN measures microavg - precision 0.2638 - recall 0.2638 - f1 0.2638 
INFO:root:TRAIN measures for class 0 - precision 0.9327 - recall 0.2049 - f1 0.3360 
INFO:root:TRAIN measures for class 1 - precision 0.0968 - recall 0.8522 - f1 0.1739 
INFO:root:TRAIN measures@10 microavg - precision 0.5400 - recall 0.0004 - f1 0.0009 
INFO:root:TRAIN measures@10 for class 0 - precision 1.0000 - recall 0.0005 - f1 0.0009 
INFO:root:TRAIN measures@10 for class 1 - precision 0.0800 - recall 0.0004 - f1 0.0007 
INFO:root:TRAIN measures@100 microavg - precision 0.5086 - recall 0.0039 - f1 0.0077 
INFO:root:TRAIN measures@100 for class 0 - precision 1.0000 - recall 0.0039 - f1 0.0077 
INFO:root:TRAIN measures@100 for class 1 - precision 0.0880 - recall 0.0040 - f1 0.0076 
INFO:root:TRAIN measures@1000 microavg - precision 0.4931 - recall 0.0365 - f1 0.0679 
INFO:root:TRAIN measures@1000 for class 0 - precision 0.9995 - recall 0.0363 - f1 0.0700 
INFO:root:TRAIN measures@1000 for class 1 - precision 0.0852 - recall 0.0384 - f1 0.0529 
INFO:root:TRAIN Total epoch time: 0.5005412139998953
INFO:root:################ VALID epoch 9 ###################
INFO:root:VALID mean losses tensor(0.0955, device='cuda:0')
INFO:root:VALID mean errors 0.9431633949279785
INFO:root:VALID mean MRR 0.14810715162334387 - mean MAP 0.04929193925976542
INFO:root:VALID tp {0: tensor(307, device='cuda:0'), 1: tensor(1586, device='cuda:0')},fn {0: tensor(31413, device='cuda:0'), 1: tensor(0, device='cuda:0')},fp {0: tensor(0, device='cuda:0'), 1: tensor(31413, device='cuda:0')}
INFO:root:VALID measures microavg - precision 0.0568 - recall 0.0568 - f1 0.0568 
INFO:root:VALID measures for class 0 - precision 1.0000 - recall 0.0097 - f1 0.0192 
INFO:root:VALID measures for class 1 - precision 0.0481 - recall 1.0000 - f1 0.0917 
INFO:root:VALID measures@10 microavg - precision 0.5167 - recall 0.0009 - f1 0.0019 
INFO:root:VALID measures@10 for class 0 - precision 1.0000 - recall 0.0009 - f1 0.0019 
INFO:root:VALID measures@10 for class 1 - precision 0.0333 - recall 0.0006 - f1 0.0012 
INFO:root:VALID measures@100 microavg - precision 0.4930 - recall 0.0084 - f1 0.0165 
INFO:root:VALID measures@100 for class 0 - precision 1.0000 - recall 0.0084 - f1 0.0168 
INFO:root:VALID measures@100 for class 1 - precision 0.0400 - recall 0.0076 - f1 0.0127 
INFO:root:VALID measures@1000 microavg - precision 0.1327 - recall 0.0132 - f1 0.0240 
INFO:root:VALID measures@1000 for class 0 - precision 1.0000 - recall 0.0097 - f1 0.0192 
INFO:root:VALID measures@1000 for class 1 - precision 0.0440 - recall 0.0832 - f1 0.0576 
INFO:root:VALID Total epoch time: 32.0516623780004
INFO:root:################ TRAIN epoch 10 ###################
INFO:root:TRAIN mean losses tensor(0.0913, device='cuda:0')
INFO:root:TRAIN mean errors 0.7485334873199463
INFO:root:TRAIN mean MRR 0.0 - mean MAP 0.09652467030034367
INFO:root:TRAIN tp {0: tensor(21142, device='cuda:0'), 1: tensor(9551, device='cuda:0')},fn {0: tensor(89818, device='cuda:0'), 1: tensor(1545, device='cuda:0')},fp {0: tensor(1545, device='cuda:0'), 1: tensor(89818, device='cuda:0')}
INFO:root:TRAIN measures microavg - precision 0.2515 - recall 0.2515 - f1 0.2515 
INFO:root:TRAIN measures for class 0 - precision 0.9319 - recall 0.1905 - f1 0.3164 
INFO:root:TRAIN measures for class 1 - precision 0.0961 - recall 0.8608 - f1 0.1729 
INFO:root:TRAIN measures@10 microavg - precision 0.5200 - recall 0.0004 - f1 0.0009 
INFO:root:TRAIN measures@10 for class 0 - precision 1.0000 - recall 0.0005 - f1 0.0009 
INFO:root:TRAIN measures@10 for class 1 - precision 0.0400 - recall 0.0002 - f1 0.0004 
INFO:root:TRAIN measures@100 microavg - precision 0.5470 - recall 0.0045 - f1 0.0089 
INFO:root:TRAIN measures@100 for class 0 - precision 1.0000 - recall 0.0045 - f1 0.0090 
INFO:root:TRAIN measures@100 for class 1 - precision 0.0940 - recall 0.0042 - f1 0.0081 
INFO:root:TRAIN measures@1000 microavg - precision 0.5259 - recall 0.0413 - f1 0.0766 
INFO:root:TRAIN measures@1000 for class 0 - precision 0.9950 - recall 0.0412 - f1 0.0791 
INFO:root:TRAIN measures@1000 for class 1 - precision 0.0950 - recall 0.0428 - f1 0.0590 
INFO:root:TRAIN Total epoch time: 0.49268790099995385
INFO:root:################ VALID epoch 10 ###################
INFO:root:VALID mean losses tensor(0.0656, device='cuda:0')
INFO:root:VALID mean errors 0.93841952085495
INFO:root:VALID mean MRR 0.1673246345149232 - mean MAP 0.05125877589965649
INFO:root:VALID tp {0: tensor(465, device='cuda:0'), 1: tensor(1586, device='cuda:0')},fn {0: tensor(31255, device='cuda:0'), 1: tensor(0, device='cuda:0')},fp {0: tensor(0, device='cuda:0'), 1: tensor(31255, device='cuda:0')}
INFO:root:VALID measures microavg - precision 0.0616 - recall 0.0616 - f1 0.0616 
INFO:root:VALID measures for class 0 - precision 1.0000 - recall 0.0147 - f1 0.0289 
INFO:root:VALID measures for class 1 - precision 0.0483 - recall 1.0000 - f1 0.0921 
INFO:root:VALID measures@10 microavg - precision 0.5667 - recall 0.0010 - f1 0.0020 
INFO:root:VALID measures@10 for class 0 - precision 1.0000 - recall 0.0009 - f1 0.0019 
INFO:root:VALID measures@10 for class 1 - precision 0.1333 - recall 0.0025 - f1 0.0050 
INFO:root:VALID measures@100 microavg - precision 0.5267 - recall 0.0095 - f1 0.0186 
INFO:root:VALID measures@100 for class 0 - precision 1.0000 - recall 0.0095 - f1 0.0187 
INFO:root:VALID measures@100 for class 1 - precision 0.0533 - recall 0.0101 - f1 0.0170 
INFO:root:VALID measures@1000 microavg - precision 0.1830 - recall 0.0190 - f1 0.0345 
INFO:root:VALID measures@1000 for class 0 - precision 1.0000 - recall 0.0147 - f1 0.0289 
INFO:root:VALID measures@1000 for class 1 - precision 0.0563 - recall 0.1066 - f1 0.0737 
INFO:root:VALID Total epoch time: 31.281935572000293
INFO:root:################ TRAIN epoch 11 ###################
INFO:root:TRAIN mean losses tensor(0.0849, device='cuda:0')
INFO:root:TRAIN mean errors 0.8810709714889526
INFO:root:TRAIN mean MRR 0.0 - mean MAP 0.09610309740807078
INFO:root:TRAIN tp {0: tensor(3420, device='cuda:0'), 1: tensor(11096, device='cuda:0')},fn {0: tensor(107540, device='cuda:0'), 1: tensor(0, device='cuda:0')},fp {0: tensor(0, device='cuda:0'), 1: tensor(107540, device='cuda:0')}
INFO:root:TRAIN measures microavg - precision 0.1189 - recall 0.1189 - f1 0.1189 
INFO:root:TRAIN measures for class 0 - precision 1.0000 - recall 0.0308 - f1 0.0598 
INFO:root:TRAIN measures for class 1 - precision 0.0935 - recall 1.0000 - f1 0.1711 
INFO:root:TRAIN measures@10 microavg - precision 0.5500 - recall 0.0005 - f1 0.0009 
INFO:root:TRAIN measures@10 for class 0 - precision 1.0000 - recall 0.0005 - f1 0.0009 
INFO:root:TRAIN measures@10 for class 1 - precision 0.1000 - recall 0.0005 - f1 0.0009 
INFO:root:TRAIN measures@100 microavg - precision 0.5530 - recall 0.0045 - f1 0.0090 
INFO:root:TRAIN measures@100 for class 0 - precision 1.0000 - recall 0.0045 - f1 0.0090 
INFO:root:TRAIN measures@100 for class 1 - precision 0.1060 - recall 0.0048 - f1 0.0091 
INFO:root:TRAIN measures@1000 microavg - precision 0.4354 - recall 0.0286 - f1 0.0537 
INFO:root:TRAIN measures@1000 for class 0 - precision 1.0000 - recall 0.0273 - f1 0.0531 
INFO:root:TRAIN measures@1000 for class 1 - precision 0.0934 - recall 0.0421 - f1 0.0580 
INFO:root:TRAIN Total epoch time: 0.5043359480005165
INFO:root:################ VALID epoch 11 ###################
INFO:root:VALID mean losses tensor(0.0676, device='cuda:0')
INFO:root:VALID mean errors 0.9468564391136169
INFO:root:VALID mean MRR 0.14862790609890397 - mean MAP 0.05013498645755711
INFO:root:VALID tp {0: tensor(184, device='cuda:0'), 1: tensor(1586, device='cuda:0')},fn {0: tensor(31536, device='cuda:0'), 1: tensor(0, device='cuda:0')},fp {0: tensor(0, device='cuda:0'), 1: tensor(31536, device='cuda:0')}
INFO:root:VALID measures microavg - precision 0.0531 - recall 0.0531 - f1 0.0531 
INFO:root:VALID measures for class 0 - precision 1.0000 - recall 0.0058 - f1 0.0115 
INFO:root:VALID measures for class 1 - precision 0.0479 - recall 1.0000 - f1 0.0914 
INFO:root:VALID measures@10 microavg - precision 0.5000 - recall 0.0009 - f1 0.0018 
INFO:root:VALID measures@10 for class 0 - precision 1.0000 - recall 0.0009 - f1 0.0019 
INFO:root:VALID measures@10 for class 1 - precision 0.0000 - recall 0.0000 - f1 0.0000 
INFO:root:VALID measures@100 microavg - precision 0.4050 - recall 0.0059 - f1 0.0116 
INFO:root:VALID measures@100 for class 0 - precision 1.0000 - recall 0.0058 - f1 0.0115 
INFO:root:VALID measures@100 for class 1 - precision 0.0400 - recall 0.0076 - f1 0.0127 
INFO:root:VALID measures@1000 microavg - precision 0.1068 - recall 0.0102 - f1 0.0186 
INFO:root:VALID measures@1000 for class 0 - precision 1.0000 - recall 0.0058 - f1 0.0115 
INFO:root:VALID measures@1000 for class 1 - precision 0.0520 - recall 0.0984 - f1 0.0680 
INFO:root:VALID Total epoch time: 31.265011941999546
INFO:root:################ TRAIN epoch 12 ###################
INFO:root:TRAIN mean losses tensor(0.0836, device='cuda:0')
INFO:root:TRAIN mean errors 0.8748525381088257
INFO:root:TRAIN mean MRR 0.0 - mean MAP 0.1007411979277869
INFO:root:TRAIN tp {0: tensor(4181, device='cuda:0'), 1: tensor(11094, device='cuda:0')},fn {0: tensor(106779, device='cuda:0'), 1: tensor(2, device='cuda:0')},fp {0: tensor(2, device='cuda:0'), 1: tensor(106779, device='cuda:0')}
INFO:root:TRAIN measures microavg - precision 0.1251 - recall 0.1251 - f1 0.1251 
INFO:root:TRAIN measures for class 0 - precision 0.9995 - recall 0.0377 - f1 0.0726 
INFO:root:TRAIN measures for class 1 - precision 0.0941 - recall 0.9998 - f1 0.1720 
INFO:root:TRAIN measures@10 microavg - precision 0.5200 - recall 0.0004 - f1 0.0009 
INFO:root:TRAIN measures@10 for class 0 - precision 1.0000 - recall 0.0005 - f1 0.0009 
INFO:root:TRAIN measures@10 for class 1 - precision 0.0400 - recall 0.0002 - f1 0.0004 
INFO:root:TRAIN measures@100 microavg - precision 0.5340 - recall 0.0044 - f1 0.0087 
INFO:root:TRAIN measures@100 for class 0 - precision 1.0000 - recall 0.0045 - f1 0.0090 
INFO:root:TRAIN measures@100 for class 1 - precision 0.0680 - recall 0.0031 - f1 0.0059 
INFO:root:TRAIN measures@1000 microavg - precision 0.4921 - recall 0.0361 - f1 0.0673 
INFO:root:TRAIN measures@1000 for class 0 - precision 0.9995 - recall 0.0356 - f1 0.0688 
INFO:root:TRAIN measures@1000 for class 1 - precision 0.0908 - recall 0.0409 - f1 0.0564 
INFO:root:TRAIN Total epoch time: 0.495663568000964
INFO:root:################ VALID epoch 12 ###################
INFO:root:VALID mean losses tensor(0.0695, device='cuda:0')
INFO:root:VALID mean errors 0.9255689382553101
INFO:root:VALID mean MRR 0.150123134717906 - mean MAP 0.05200260631675948
INFO:root:VALID tp {0: tensor(898, device='cuda:0'), 1: tensor(1581, device='cuda:0')},fn {0: tensor(30822, device='cuda:0'), 1: tensor(5, device='cuda:0')},fp {0: tensor(5, device='cuda:0'), 1: tensor(30822, device='cuda:0')}
INFO:root:VALID measures microavg - precision 0.0744 - recall 0.0744 - f1 0.0744 
INFO:root:VALID measures for class 0 - precision 0.9945 - recall 0.0283 - f1 0.0551 
INFO:root:VALID measures for class 1 - precision 0.0488 - recall 0.9968 - f1 0.0930 
INFO:root:VALID measures@10 microavg - precision 0.5167 - recall 0.0009 - f1 0.0019 
INFO:root:VALID measures@10 for class 0 - precision 1.0000 - recall 0.0009 - f1 0.0019 
INFO:root:VALID measures@10 for class 1 - precision 0.0333 - recall 0.0006 - f1 0.0012 
INFO:root:VALID measures@100 microavg - precision 0.5233 - recall 0.0094 - f1 0.0185 
INFO:root:VALID measures@100 for class 0 - precision 1.0000 - recall 0.0095 - f1 0.0187 
INFO:root:VALID measures@100 for class 1 - precision 0.0467 - recall 0.0088 - f1 0.0148 
INFO:root:VALID measures@1000 microavg - precision 0.2703 - recall 0.0317 - f1 0.0567 
INFO:root:VALID measures@1000 for class 0 - precision 0.9945 - recall 0.0283 - f1 0.0551 
INFO:root:VALID measures@1000 for class 1 - precision 0.0523 - recall 0.0990 - f1 0.0685 
INFO:root:VALID Total epoch time: 31.254861120998612
INFO:root:################ TRAIN epoch 13 ###################
INFO:root:TRAIN mean losses tensor(0.0825, device='cuda:0')
INFO:root:TRAIN mean errors 0.8289228081703186
INFO:root:TRAIN mean MRR 0.0 - mean MAP 0.10733611162483332
INFO:root:TRAIN tp {0: tensor(10031, device='cuda:0'), 1: tensor(10850, device='cuda:0')},fn {0: tensor(100929, device='cuda:0'), 1: tensor(246, device='cuda:0')},fp {0: tensor(246, device='cuda:0'), 1: tensor(100929, device='cuda:0')}
INFO:root:TRAIN measures microavg - precision 0.1711 - recall 0.1711 - f1 0.1711 
INFO:root:TRAIN measures for class 0 - precision 0.9761 - recall 0.0904 - f1 0.1655 
INFO:root:TRAIN measures for class 1 - precision 0.0971 - recall 0.9778 - f1 0.1766 
INFO:root:TRAIN measures@10 microavg - precision 0.5000 - recall 0.0004 - f1 0.0008 
INFO:root:TRAIN measures@10 for class 0 - precision 1.0000 - recall 0.0005 - f1 0.0009 
INFO:root:TRAIN measures@10 for class 1 - precision 0.0000 - recall 0.0000 - f1 0.0000 
INFO:root:TRAIN measures@100 microavg - precision 0.5170 - recall 0.0042 - f1 0.0084 
INFO:root:TRAIN measures@100 for class 0 - precision 1.0000 - recall 0.0045 - f1 0.0090 
INFO:root:TRAIN measures@100 for class 1 - precision 0.0340 - recall 0.0015 - f1 0.0029 
INFO:root:TRAIN measures@1000 microavg - precision 0.5289 - recall 0.0413 - f1 0.0767 
INFO:root:TRAIN measures@1000 for class 0 - precision 0.9969 - recall 0.0408 - f1 0.0784 
INFO:root:TRAIN measures@1000 for class 1 - precision 0.1036 - recall 0.0467 - f1 0.0644 
INFO:root:TRAIN Total epoch time: 0.7905175249998138
INFO:root:################ VALID epoch 13 ###################
INFO:root:VALID mean losses tensor(0.0662, device='cuda:0')
INFO:root:VALID mean errors 0.8800516128540039
INFO:root:VALID mean MRR 0.1419973046330999 - mean MAP 0.050626931735709195
INFO:root:VALID tp {0: tensor(2496, device='cuda:0'), 1: tensor(1499, device='cuda:0')},fn {0: tensor(29224, device='cuda:0'), 1: tensor(87, device='cuda:0')},fp {0: tensor(87, device='cuda:0'), 1: tensor(29224, device='cuda:0')}
INFO:root:VALID measures microavg - precision 0.1199 - recall 0.1199 - f1 0.1199 
INFO:root:VALID measures for class 0 - precision 0.9663 - recall 0.0787 - f1 0.1455 
INFO:root:VALID measures for class 1 - precision 0.0488 - recall 0.9451 - f1 0.0928 
INFO:root:VALID measures@10 microavg - precision 0.5167 - recall 0.0009 - f1 0.0019 
INFO:root:VALID measures@10 for class 0 - precision 1.0000 - recall 0.0009 - f1 0.0019 
INFO:root:VALID measures@10 for class 1 - precision 0.0333 - recall 0.0006 - f1 0.0012 
INFO:root:VALID measures@100 microavg - precision 0.5133 - recall 0.0092 - f1 0.0182 
INFO:root:VALID measures@100 for class 0 - precision 1.0000 - recall 0.0095 - f1 0.0187 
INFO:root:VALID measures@100 for class 1 - precision 0.0267 - recall 0.0050 - f1 0.0085 
INFO:root:VALID measures@1000 microavg - precision 0.4645 - recall 0.0768 - f1 0.1318 
INFO:root:VALID measures@1000 for class 0 - precision 0.9677 - recall 0.0765 - f1 0.1418 
INFO:root:VALID measures@1000 for class 1 - precision 0.0440 - recall 0.0832 - f1 0.0576 
INFO:root:VALID Total epoch time: 31.292681447999712
INFO:root:################ TRAIN epoch 14 ###################
INFO:root:TRAIN mean losses tensor(0.0823, device='cuda:0')
INFO:root:TRAIN mean errors 0.8338959217071533
INFO:root:TRAIN mean MRR 0.0 - mean MAP 0.10493919936622094
INFO:root:TRAIN tp {0: tensor(9395, device='cuda:0'), 1: tensor(10879, device='cuda:0')},fn {0: tensor(101565, device='cuda:0'), 1: tensor(217, device='cuda:0')},fp {0: tensor(217, device='cuda:0'), 1: tensor(101565, device='cuda:0')}
INFO:root:TRAIN measures microavg - precision 0.1661 - recall 0.1661 - f1 0.1661 
INFO:root:TRAIN measures for class 0 - precision 0.9774 - recall 0.0847 - f1 0.1558 
INFO:root:TRAIN measures for class 1 - precision 0.0968 - recall 0.9804 - f1 0.1761 
INFO:root:TRAIN measures@10 microavg - precision 0.5000 - recall 0.0004 - f1 0.0008 
INFO:root:TRAIN measures@10 for class 0 - precision 1.0000 - recall 0.0005 - f1 0.0009 
INFO:root:TRAIN measures@10 for class 1 - precision 0.0000 - recall 0.0000 - f1 0.0000 
INFO:root:TRAIN measures@100 microavg - precision 0.5240 - recall 0.0043 - f1 0.0085 
INFO:root:TRAIN measures@100 for class 0 - precision 1.0000 - recall 0.0045 - f1 0.0090 
INFO:root:TRAIN measures@100 for class 1 - precision 0.0480 - recall 0.0022 - f1 0.0041 
INFO:root:TRAIN measures@1000 microavg - precision 0.5245 - recall 0.0414 - f1 0.0767 
INFO:root:TRAIN measures@1000 for class 0 - precision 0.9955 - recall 0.0415 - f1 0.0797 
INFO:root:TRAIN measures@1000 for class 1 - precision 0.0886 - recall 0.0399 - f1 0.0550 
INFO:root:TRAIN Total epoch time: 0.5670693540014327
INFO:root:################ VALID epoch 14 ###################
INFO:root:VALID mean losses tensor(0.0670, device='cuda:0')
INFO:root:VALID mean errors 0.8779799342155457
INFO:root:VALID mean MRR 0.1413436310187776 - mean MAP 0.053484209885999764
INFO:root:VALID tp {0: tensor(2556, device='cuda:0'), 1: tensor(1508, device='cuda:0')},fn {0: tensor(29164, device='cuda:0'), 1: tensor(78, device='cuda:0')},fp {0: tensor(78, device='cuda:0'), 1: tensor(29164, device='cuda:0')}
INFO:root:VALID measures microavg - precision 0.1220 - recall 0.1220 - f1 0.1220 
INFO:root:VALID measures for class 0 - precision 0.9704 - recall 0.0806 - f1 0.1488 
INFO:root:VALID measures for class 1 - precision 0.0492 - recall 0.9508 - f1 0.0935 
INFO:root:VALID measures@10 microavg - precision 0.5167 - recall 0.0009 - f1 0.0019 
INFO:root:VALID measures@10 for class 0 - precision 1.0000 - recall 0.0009 - f1 0.0019 
INFO:root:VALID measures@10 for class 1 - precision 0.0333 - recall 0.0006 - f1 0.0012 
INFO:root:VALID measures@100 microavg - precision 0.5267 - recall 0.0095 - f1 0.0186 
INFO:root:VALID measures@100 for class 0 - precision 1.0000 - recall 0.0095 - f1 0.0187 
INFO:root:VALID measures@100 for class 1 - precision 0.0533 - recall 0.0101 - f1 0.0170 
INFO:root:VALID measures@1000 microavg - precision 0.4652 - recall 0.0763 - f1 0.1311 
INFO:root:VALID measures@1000 for class 0 - precision 0.9728 - recall 0.0755 - f1 0.1401 
INFO:root:VALID measures@1000 for class 1 - precision 0.0487 - recall 0.0921 - f1 0.0637 
INFO:root:VALID Total epoch time: 31.53700189799929
INFO:root:################ TEST epoch 14 ###################
INFO:root:TEST batch 1 / 2 - partial error 0.9106 - partial loss 0.0675 - partial MRR  0.1411 - partial MAP 0.0521
INFO:root:TEST batch 1 / 2 -  partial tp {0: tensor(457, device='cuda:0'), 1: tensor(493, device='cuda:0')},fn {0: tensor(9663, device='cuda:0'), 1: tensor(13, device='cuda:0')},fp {0: tensor(13, device='cuda:0'), 1: tensor(9663, device='cuda:0')}
INFO:root:TEST batch 1 / 2 - measures partial microavg - precision 0.0894 - recall 0.0894 - f1 0.0894 
INFO:root:TEST batch 1 / 2 - measures partial for class 0 - precision 0.9723 - recall 0.0452 - f1 0.0863 
INFO:root:TEST batch 1 / 2 - measures partial for class 1 - precision 0.0485 - recall 0.9743 - f1 0.0925 
INFO:root:TEST batch 1 / 2 - Batch time 10 
INFO:root:TEST batch 2 / 2 - partial error 0.9007 - partial loss 0.0673 - partial MRR  0.1378 - partial MAP 0.0523
INFO:root:TEST batch 2 / 2 -  partial tp {0: tensor(825, device='cuda:0'), 1: tensor(631, device='cuda:0')},fn {0: tensor(12135, device='cuda:0'), 1: tensor(17, device='cuda:0')},fp {0: tensor(17, device='cuda:0'), 1: tensor(12135, device='cuda:0')}
INFO:root:TEST batch 2 / 2 - measures partial microavg - precision 0.1070 - recall 0.1070 - f1 0.1070 
INFO:root:TEST batch 2 / 2 - measures partial for class 0 - precision 0.9798 - recall 0.0637 - f1 0.1195 
INFO:root:TEST batch 2 / 2 - measures partial for class 1 - precision 0.0494 - recall 0.9738 - f1 0.0941 
INFO:root:TEST batch 2 / 2 - Batch time 10 
INFO:root:TEST mean losses tensor(0.0673, device='cuda:0')
INFO:root:TEST mean errors 0.9007179737091064
INFO:root:TEST mean MRR 0.1378280578409946 - mean MAP 0.05227141192409826
INFO:root:TEST tp {0: tensor(1282, device='cuda:0'), 1: tensor(1124, device='cuda:0')},fn {0: tensor(21798, device='cuda:0'), 1: tensor(30, device='cuda:0')},fp {0: tensor(30, device='cuda:0'), 1: tensor(21798, device='cuda:0')}
INFO:root:TEST measures microavg - precision 0.0993 - recall 0.0993 - f1 0.0993 
INFO:root:TEST measures for class 0 - precision 0.9771 - recall 0.0555 - f1 0.1051 
INFO:root:TEST measures for class 1 - precision 0.0490 - recall 0.9740 - f1 0.0934 
INFO:root:TEST measures@10 microavg - precision 0.5000 - recall 0.0008 - f1 0.0016 
INFO:root:TEST measures@10 for class 0 - precision 1.0000 - recall 0.0009 - f1 0.0017 
INFO:root:TEST measures@10 for class 1 - precision 0.0000 - recall 0.0000 - f1 0.0000 
INFO:root:TEST measures@100 microavg - precision 0.5275 - recall 0.0087 - f1 0.0171 
INFO:root:TEST measures@100 for class 0 - precision 1.0000 - recall 0.0087 - f1 0.0172 
INFO:root:TEST measures@100 for class 1 - precision 0.0550 - recall 0.0095 - f1 0.0162 
INFO:root:TEST measures@1000 microavg - precision 0.4173 - recall 0.0570 - f1 0.1003 
INFO:root:TEST measures@1000 for class 0 - precision 0.9771 - recall 0.0555 - f1 0.1051 
INFO:root:TEST measures@1000 for class 1 - precision 0.0500 - recall 0.0867 - f1 0.0634 
INFO:root:TEST Total epoch time: 20.929414035999798
INFO:root:################ TRAIN epoch 15 ###################
INFO:root:TRAIN mean losses tensor(0.0820, device='cuda:0')
INFO:root:TRAIN mean errors 0.8389673829078674
INFO:root:TRAIN mean MRR 0.0 - mean MAP 0.10038884437142095
INFO:root:TRAIN tp {0: tensor(8701, device='cuda:0'), 1: tensor(10954, device='cuda:0')},fn {0: tensor(102259, device='cuda:0'), 1: tensor(142, device='cuda:0')},fp {0: tensor(142, device='cuda:0'), 1: tensor(102259, device='cuda:0')}
INFO:root:TRAIN measures microavg - precision 0.1610 - recall 0.1610 - f1 0.1610 
INFO:root:TRAIN measures for class 0 - precision 0.9839 - recall 0.0784 - f1 0.1453 
INFO:root:TRAIN measures for class 1 - precision 0.0968 - recall 0.9872 - f1 0.1762 
INFO:root:TRAIN measures@10 microavg - precision 0.5200 - recall 0.0004 - f1 0.0009 
INFO:root:TRAIN measures@10 for class 0 - precision 1.0000 - recall 0.0005 - f1 0.0009 
INFO:root:TRAIN measures@10 for class 1 - precision 0.0400 - recall 0.0002 - f1 0.0004 
INFO:root:TRAIN measures@100 microavg - precision 0.5210 - recall 0.0043 - f1 0.0085 
INFO:root:TRAIN measures@100 for class 0 - precision 1.0000 - recall 0.0045 - f1 0.0090 
INFO:root:TRAIN measures@100 for class 1 - precision 0.0420 - recall 0.0019 - f1 0.0036 
INFO:root:TRAIN measures@1000 microavg - precision 0.5025 - recall 0.0382 - f1 0.0710 
INFO:root:TRAIN measures@1000 for class 0 - precision 1.0000 - recall 0.0386 - f1 0.0743 
INFO:root:TRAIN measures@1000 for class 1 - precision 0.0766 - recall 0.0345 - f1 0.0476 
INFO:root:TRAIN Total epoch time: 0.5502370129997871
INFO:root:################ VALID epoch 15 ###################
INFO:root:VALID mean losses tensor(0.0688, device='cuda:0')
INFO:root:VALID mean errors 0.9282711744308472
INFO:root:VALID mean MRR 0.14566068821193875 - mean MAP 0.05479451684396735
INFO:root:VALID tp {0: tensor(803, device='cuda:0'), 1: tensor(1586, device='cuda:0')},fn {0: tensor(30917, device='cuda:0'), 1: tensor(0, device='cuda:0')},fp {0: tensor(0, device='cuda:0'), 1: tensor(30917, device='cuda:0')}
INFO:root:VALID measures microavg - precision 0.0717 - recall 0.0717 - f1 0.0717 
INFO:root:VALID measures for class 0 - precision 1.0000 - recall 0.0253 - f1 0.0494 
INFO:root:VALID measures for class 1 - precision 0.0488 - recall 1.0000 - f1 0.0931 
INFO:root:VALID measures@10 microavg - precision 0.5167 - recall 0.0009 - f1 0.0019 
INFO:root:VALID measures@10 for class 0 - precision 1.0000 - recall 0.0009 - f1 0.0019 
INFO:root:VALID measures@10 for class 1 - precision 0.0333 - recall 0.0006 - f1 0.0012 
INFO:root:VALID measures@100 microavg - precision 0.5283 - recall 0.0095 - f1 0.0187 
INFO:root:VALID measures@100 for class 0 - precision 1.0000 - recall 0.0095 - f1 0.0187 
INFO:root:VALID measures@100 for class 1 - precision 0.0567 - recall 0.0107 - f1 0.0180 
INFO:root:VALID measures@1000 microavg - precision 0.2569 - recall 0.0293 - f1 0.0527 
INFO:root:VALID measures@1000 for class 0 - precision 1.0000 - recall 0.0253 - f1 0.0494 
INFO:root:VALID measures@1000 for class 1 - precision 0.0580 - recall 0.1097 - f1 0.0759 
INFO:root:VALID Total epoch time: 31.412484631000552
INFO:root:################ TRAIN epoch 16 ###################
INFO:root:TRAIN mean losses tensor(0.0812, device='cuda:0')
INFO:root:TRAIN mean errors 0.8269974589347839
INFO:root:TRAIN mean MRR 0.0 - mean MAP 0.11130667340249986
INFO:root:TRAIN tp {0: tensor(10140, device='cuda:0'), 1: tensor(10976, device='cuda:0')},fn {0: tensor(100820, device='cuda:0'), 1: tensor(120, device='cuda:0')},fp {0: tensor(120, device='cuda:0'), 1: tensor(100820, device='cuda:0')}
INFO:root:TRAIN measures microavg - precision 0.1730 - recall 0.1730 - f1 0.1730 
INFO:root:TRAIN measures for class 0 - precision 0.9883 - recall 0.0914 - f1 0.1673 
INFO:root:TRAIN measures for class 1 - precision 0.0982 - recall 0.9892 - f1 0.1786 
INFO:root:TRAIN measures@10 microavg - precision 0.5400 - recall 0.0004 - f1 0.0009 
INFO:root:TRAIN measures@10 for class 0 - precision 1.0000 - recall 0.0005 - f1 0.0009 
INFO:root:TRAIN measures@10 for class 1 - precision 0.0800 - recall 0.0004 - f1 0.0007 
INFO:root:TRAIN measures@100 microavg - precision 0.5640 - recall 0.0046 - f1 0.0092 
INFO:root:TRAIN measures@100 for class 0 - precision 1.0000 - recall 0.0045 - f1 0.0090 
INFO:root:TRAIN measures@100 for class 1 - precision 0.1280 - recall 0.0058 - f1 0.0110 
INFO:root:TRAIN measures@1000 microavg - precision 0.5302 - recall 0.0409 - f1 0.0760 
INFO:root:TRAIN measures@1000 for class 0 - precision 1.0000 - recall 0.0399 - f1 0.0767 
INFO:root:TRAIN measures@1000 for class 1 - precision 0.1144 - recall 0.0516 - f1 0.0711 
INFO:root:TRAIN Total epoch time: 0.49929561100179853
INFO:root:################ VALID epoch 16 ###################
INFO:root:VALID mean losses tensor(0.0706, device='cuda:0')
INFO:root:VALID mean errors 0.9210652709007263
INFO:root:VALID mean MRR 0.14598221581158924 - mean MAP 0.05539692549261846
INFO:root:VALID tp {0: tensor(1045, device='cuda:0'), 1: tensor(1584, device='cuda:0')},fn {0: tensor(30675, device='cuda:0'), 1: tensor(2, device='cuda:0')},fp {0: tensor(2, device='cuda:0'), 1: tensor(30675, device='cuda:0')}
INFO:root:VALID measures microavg - precision 0.0789 - recall 0.0789 - f1 0.0789 
INFO:root:VALID measures for class 0 - precision 0.9981 - recall 0.0329 - f1 0.0638 
INFO:root:VALID measures for class 1 - precision 0.0491 - recall 0.9987 - f1 0.0936 
INFO:root:VALID measures@10 microavg - precision 0.5167 - recall 0.0009 - f1 0.0019 
INFO:root:VALID measures@10 for class 0 - precision 1.0000 - recall 0.0009 - f1 0.0019 
INFO:root:VALID measures@10 for class 1 - precision 0.0333 - recall 0.0006 - f1 0.0012 
INFO:root:VALID measures@100 microavg - precision 0.5350 - recall 0.0096 - f1 0.0189 
INFO:root:VALID measures@100 for class 0 - precision 1.0000 - recall 0.0095 - f1 0.0187 
INFO:root:VALID measures@100 for class 1 - precision 0.0700 - recall 0.0132 - f1 0.0223 
INFO:root:VALID measures@1000 microavg - precision 0.2968 - recall 0.0361 - f1 0.0643 
INFO:root:VALID measures@1000 for class 0 - precision 0.9981 - recall 0.0329 - f1 0.0638 
INFO:root:VALID measures@1000 for class 1 - precision 0.0520 - recall 0.0984 - f1 0.0680 
INFO:root:VALID Total epoch time: 31.2872252140005
INFO:root:################ TEST epoch 16 ###################
INFO:root:TEST batch 1 / 2 - partial error 0.9283 - partial loss 0.0712 - partial MRR  0.1432 - partial MAP 0.0492
INFO:root:TEST batch 1 / 2 -  partial tp {0: tensor(257, device='cuda:0'), 1: tensor(505, device='cuda:0')},fn {0: tensor(9863, device='cuda:0'), 1: tensor(1, device='cuda:0')},fp {0: tensor(1, device='cuda:0'), 1: tensor(9863, device='cuda:0')}
INFO:root:TEST batch 1 / 2 - measures partial microavg - precision 0.0717 - recall 0.0717 - f1 0.0717 
INFO:root:TEST batch 1 / 2 - measures partial for class 0 - precision 0.9961 - recall 0.0254 - f1 0.0495 
INFO:root:TEST batch 1 / 2 - measures partial for class 1 - precision 0.0487 - recall 0.9980 - f1 0.0929 
INFO:root:TEST batch 1 / 2 - Batch time 10 
INFO:root:TEST batch 2 / 2 - partial error 0.9228 - partial loss 0.0708 - partial MRR  0.1321 - partial MAP 0.0506
INFO:root:TEST batch 2 / 2 -  partial tp {0: tensor(462, device='cuda:0'), 1: tensor(647, device='cuda:0')},fn {0: tensor(12498, device='cuda:0'), 1: tensor(1, device='cuda:0')},fp {0: tensor(1, device='cuda:0'), 1: tensor(12498, device='cuda:0')}
INFO:root:TEST batch 2 / 2 - measures partial microavg - precision 0.0815 - recall 0.0815 - f1 0.0815 
INFO:root:TEST batch 2 / 2 - measures partial for class 0 - precision 0.9978 - recall 0.0356 - f1 0.0688 
INFO:root:TEST batch 2 / 2 - measures partial for class 1 - precision 0.0492 - recall 0.9985 - f1 0.0938 
INFO:root:TEST batch 2 / 2 - Batch time 10 
INFO:root:TEST mean losses tensor(0.0708, device='cuda:0')
INFO:root:TEST mean errors 0.9227944016456604
INFO:root:TEST mean MRR 0.13213782267577104 - mean MAP 0.05061054283891367
INFO:root:TEST tp {0: tensor(719, device='cuda:0'), 1: tensor(1152, device='cuda:0')},fn {0: tensor(22361, device='cuda:0'), 1: tensor(2, device='cuda:0')},fp {0: tensor(2, device='cuda:0'), 1: tensor(22361, device='cuda:0')}
INFO:root:TEST measures microavg - precision 0.0772 - recall 0.0772 - f1 0.0772 
INFO:root:TEST measures for class 0 - precision 0.9972 - recall 0.0312 - f1 0.0604 
INFO:root:TEST measures for class 1 - precision 0.0490 - recall 0.9983 - f1 0.0934 
INFO:root:TEST measures@10 microavg - precision 0.5250 - recall 0.0009 - f1 0.0017 
INFO:root:TEST measures@10 for class 0 - precision 1.0000 - recall 0.0009 - f1 0.0017 
INFO:root:TEST measures@10 for class 1 - precision 0.0500 - recall 0.0009 - f1 0.0017 
INFO:root:TEST measures@100 microavg - precision 0.5175 - recall 0.0085 - f1 0.0168 
INFO:root:TEST measures@100 for class 0 - precision 1.0000 - recall 0.0087 - f1 0.0172 
INFO:root:TEST measures@100 for class 1 - precision 0.0350 - recall 0.0061 - f1 0.0103 
INFO:root:TEST measures@1000 microavg - precision 0.2944 - recall 0.0331 - f1 0.0594 
INFO:root:TEST measures@1000 for class 0 - precision 0.9972 - recall 0.0312 - f1 0.0604 
INFO:root:TEST measures@1000 for class 1 - precision 0.0410 - recall 0.0711 - f1 0.0520 
INFO:root:TEST Total epoch time: 20.905605632000515
INFO:root:################ TRAIN epoch 17 ###################
INFO:root:TRAIN mean losses tensor(0.0807, device='cuda:0')
INFO:root:TRAIN mean errors 0.823236882686615
INFO:root:TRAIN mean MRR 0.0 - mean MAP 0.11055610760724112
INFO:root:TRAIN tp {0: tensor(10578, device='cuda:0'), 1: tensor(10997, device='cuda:0')},fn {0: tensor(100382, device='cuda:0'), 1: tensor(99, device='cuda:0')},fp {0: tensor(99, device='cuda:0'), 1: tensor(100382, device='cuda:0')}
INFO:root:TRAIN measures microavg - precision 0.1768 - recall 0.1768 - f1 0.1768 
INFO:root:TRAIN measures for class 0 - precision 0.9907 - recall 0.0953 - f1 0.1739 
INFO:root:TRAIN measures for class 1 - precision 0.0987 - recall 0.9911 - f1 0.1796 
INFO:root:TRAIN measures@10 microavg - precision 0.5300 - recall 0.0004 - f1 0.0009 
INFO:root:TRAIN measures@10 for class 0 - precision 1.0000 - recall 0.0005 - f1 0.0009 
INFO:root:TRAIN measures@10 for class 1 - precision 0.0600 - recall 0.0003 - f1 0.0005 
INFO:root:TRAIN measures@100 microavg - precision 0.5480 - recall 0.0045 - f1 0.0089 
INFO:root:TRAIN measures@100 for class 0 - precision 1.0000 - recall 0.0045 - f1 0.0090 
INFO:root:TRAIN measures@100 for class 1 - precision 0.0960 - recall 0.0043 - f1 0.0083 
INFO:root:TRAIN measures@1000 microavg - precision 0.5266 - recall 0.0404 - f1 0.0751 
INFO:root:TRAIN measures@1000 for class 0 - precision 1.0000 - recall 0.0393 - f1 0.0757 
INFO:root:TRAIN measures@1000 for class 1 - precision 0.1132 - recall 0.0510 - f1 0.0703 
INFO:root:TRAIN Total epoch time: 0.4934329150000849
INFO:root:################ VALID epoch 17 ###################
INFO:root:VALID mean losses tensor(0.0695, device='cuda:0')
INFO:root:VALID mean errors 0.9292619824409485
INFO:root:VALID mean MRR 0.14621633916461454 - mean MAP 0.052058554934807516
INFO:root:VALID tp {0: tensor(770, device='cuda:0'), 1: tensor(1586, device='cuda:0')},fn {0: tensor(30950, device='cuda:0'), 1: tensor(0, device='cuda:0')},fp {0: tensor(0, device='cuda:0'), 1: tensor(30950, device='cuda:0')}
INFO:root:VALID measures microavg - precision 0.0707 - recall 0.0707 - f1 0.0707 
INFO:root:VALID measures for class 0 - precision 1.0000 - recall 0.0243 - f1 0.0474 
INFO:root:VALID measures for class 1 - precision 0.0487 - recall 1.0000 - f1 0.0930 
INFO:root:VALID measures@10 microavg - precision 0.5333 - recall 0.0010 - f1 0.0019 
INFO:root:VALID measures@10 for class 0 - precision 1.0000 - recall 0.0009 - f1 0.0019 
INFO:root:VALID measures@10 for class 1 - precision 0.0667 - recall 0.0013 - f1 0.0025 
INFO:root:VALID measures@100 microavg - precision 0.5183 - recall 0.0093 - f1 0.0183 
INFO:root:VALID measures@100 for class 0 - precision 1.0000 - recall 0.0095 - f1 0.0187 
INFO:root:VALID measures@100 for class 1 - precision 0.0367 - recall 0.0069 - f1 0.0117 
INFO:root:VALID measures@1000 microavg - precision 0.2446 - recall 0.0277 - f1 0.0497 
INFO:root:VALID measures@1000 for class 0 - precision 1.0000 - recall 0.0243 - f1 0.0474 
INFO:root:VALID measures@1000 for class 1 - precision 0.0507 - recall 0.0958 - f1 0.0663 
INFO:root:VALID Total epoch time: 31.355083820999425
INFO:root:################ TRAIN epoch 18 ###################
INFO:root:TRAIN mean losses tensor(0.0808, device='cuda:0')
INFO:root:TRAIN mean errors 0.8375827670097351
INFO:root:TRAIN mean MRR 0.0 - mean MAP 0.10578333915923133
INFO:root:TRAIN tp {0: tensor(8744, device='cuda:0'), 1: tensor(11080, device='cuda:0')},fn {0: tensor(102216, device='cuda:0'), 1: tensor(16, device='cuda:0')},fp {0: tensor(16, device='cuda:0'), 1: tensor(102216, device='cuda:0')}
INFO:root:TRAIN measures microavg - precision 0.1624 - recall 0.1624 - f1 0.1624 
INFO:root:TRAIN measures for class 0 - precision 0.9982 - recall 0.0788 - f1 0.1461 
INFO:root:TRAIN measures for class 1 - precision 0.0978 - recall 0.9986 - f1 0.1781 
INFO:root:TRAIN measures@10 microavg - precision 0.5100 - recall 0.0004 - f1 0.0008 
INFO:root:TRAIN measures@10 for class 0 - precision 1.0000 - recall 0.0005 - f1 0.0009 
INFO:root:TRAIN measures@10 for class 1 - precision 0.0200 - recall 0.0001 - f1 0.0002 
INFO:root:TRAIN measures@100 microavg - precision 0.5500 - recall 0.0045 - f1 0.0089 
INFO:root:TRAIN measures@100 for class 0 - precision 1.0000 - recall 0.0045 - f1 0.0090 
INFO:root:TRAIN measures@100 for class 1 - precision 0.1000 - recall 0.0045 - f1 0.0086 
INFO:root:TRAIN measures@1000 microavg - precision 0.5295 - recall 0.0413 - f1 0.0767 
INFO:root:TRAIN measures@1000 for class 0 - precision 0.9978 - recall 0.0407 - f1 0.0783 
INFO:root:TRAIN measures@1000 for class 1 - precision 0.1052 - recall 0.0474 - f1 0.0654 
INFO:root:TRAIN Total epoch time: 0.4986788340011117
INFO:root:################ VALID epoch 18 ###################
INFO:root:VALID mean losses tensor(0.0677, device='cuda:0')
INFO:root:VALID mean errors 0.9306731224060059
INFO:root:VALID mean MRR 0.14141294822576572 - mean MAP 0.05036942215333404
INFO:root:VALID tp {0: tensor(723, device='cuda:0'), 1: tensor(1586, device='cuda:0')},fn {0: tensor(30997, device='cuda:0'), 1: tensor(0, device='cuda:0')},fp {0: tensor(0, device='cuda:0'), 1: tensor(30997, device='cuda:0')}
INFO:root:VALID measures microavg - precision 0.0693 - recall 0.0693 - f1 0.0693 
INFO:root:VALID measures for class 0 - precision 1.0000 - recall 0.0228 - f1 0.0446 
INFO:root:VALID measures for class 1 - precision 0.0487 - recall 1.0000 - f1 0.0928 
INFO:root:VALID measures@10 microavg - precision 0.5167 - recall 0.0009 - f1 0.0019 
INFO:root:VALID measures@10 for class 0 - precision 1.0000 - recall 0.0009 - f1 0.0019 
INFO:root:VALID measures@10 for class 1 - precision 0.0333 - recall 0.0006 - f1 0.0012 
INFO:root:VALID measures@100 microavg - precision 0.5200 - recall 0.0094 - f1 0.0184 
INFO:root:VALID measures@100 for class 0 - precision 1.0000 - recall 0.0095 - f1 0.0187 
INFO:root:VALID measures@100 for class 1 - precision 0.0400 - recall 0.0076 - f1 0.0127 
INFO:root:VALID measures@1000 microavg - precision 0.2262 - recall 0.0253 - f1 0.0455 
INFO:root:VALID measures@1000 for class 0 - precision 1.0000 - recall 0.0228 - f1 0.0446 
INFO:root:VALID measures@1000 for class 1 - precision 0.0397 - recall 0.0750 - f1 0.0519 
INFO:root:VALID Total epoch time: 31.42348908799977
INFO:root:################ TRAIN epoch 19 ###################
INFO:root:TRAIN mean losses tensor(0.0818, device='cuda:0')
INFO:root:TRAIN mean errors 0.8574588894844055
INFO:root:TRAIN mean MRR 0.0 - mean MAP 0.10889751412000881
INFO:root:TRAIN tp {0: tensor(6302, device='cuda:0'), 1: tensor(11096, device='cuda:0')},fn {0: tensor(104658, device='cuda:0'), 1: tensor(0, device='cuda:0')},fp {0: tensor(0, device='cuda:0'), 1: tensor(104658, device='cuda:0')}
INFO:root:TRAIN measures microavg - precision 0.1425 - recall 0.1425 - f1 0.1425 
INFO:root:TRAIN measures for class 0 - precision 1.0000 - recall 0.0568 - f1 0.1075 
INFO:root:TRAIN measures for class 1 - precision 0.0959 - recall 1.0000 - f1 0.1749 
INFO:root:TRAIN measures@10 microavg - precision 0.5900 - recall 0.0005 - f1 0.0010 
INFO:root:TRAIN measures@10 for class 0 - precision 1.0000 - recall 0.0005 - f1 0.0009 
INFO:root:TRAIN measures@10 for class 1 - precision 0.1800 - recall 0.0008 - f1 0.0016 
INFO:root:TRAIN measures@100 microavg - precision 0.5540 - recall 0.0045 - f1 0.0090 
INFO:root:TRAIN measures@100 for class 0 - precision 1.0000 - recall 0.0045 - f1 0.0090 
INFO:root:TRAIN measures@100 for class 1 - precision 0.1080 - recall 0.0049 - f1 0.0093 
INFO:root:TRAIN measures@1000 microavg - precision 0.5193 - recall 0.0396 - f1 0.0736 
INFO:root:TRAIN measures@1000 for class 0 - precision 1.0000 - recall 0.0388 - f1 0.0748 
INFO:root:TRAIN measures@1000 for class 1 - precision 0.1050 - recall 0.0473 - f1 0.0652 
INFO:root:TRAIN Total epoch time: 0.49772833899987745
INFO:root:################ VALID epoch 19 ###################
INFO:root:VALID mean losses tensor(0.0652, device='cuda:0')
INFO:root:VALID mean errors 0.8876478672027588
INFO:root:VALID mean MRR 0.154293897049062 - mean MAP 0.05493369526090971
INFO:root:VALID tp {0: tensor(2157, device='cuda:0'), 1: tensor(1585, device='cuda:0')},fn {0: tensor(29563, device='cuda:0'), 1: tensor(1, device='cuda:0')},fp {0: tensor(1, device='cuda:0'), 1: tensor(29563, device='cuda:0')}
INFO:root:VALID measures microavg - precision 0.1124 - recall 0.1124 - f1 0.1124 
INFO:root:VALID measures for class 0 - precision 0.9995 - recall 0.0680 - f1 0.1273 
INFO:root:VALID measures for class 1 - precision 0.0509 - recall 0.9994 - f1 0.0968 
INFO:root:VALID measures@10 microavg - precision 0.5333 - recall 0.0010 - f1 0.0019 
INFO:root:VALID measures@10 for class 0 - precision 1.0000 - recall 0.0009 - f1 0.0019 
INFO:root:VALID measures@10 for class 1 - precision 0.0667 - recall 0.0013 - f1 0.0025 
INFO:root:VALID measures@100 microavg - precision 0.5267 - recall 0.0095 - f1 0.0186 
INFO:root:VALID measures@100 for class 0 - precision 1.0000 - recall 0.0095 - f1 0.0187 
INFO:root:VALID measures@100 for class 1 - precision 0.0533 - recall 0.0101 - f1 0.0170 
INFO:root:VALID measures@1000 microavg - precision 0.4427 - recall 0.0684 - f1 0.1185 
INFO:root:VALID measures@1000 for class 0 - precision 0.9995 - recall 0.0676 - f1 0.1267 
INFO:root:VALID measures@1000 for class 1 - precision 0.0443 - recall 0.0839 - f1 0.0580 
INFO:root:VALID Total epoch time: 31.149734909000472
INFO:root:################ TEST epoch 19 ###################
INFO:root:TEST batch 1 / 2 - partial error 0.8854 - partial loss 0.0655 - partial MRR  0.1727 - partial MAP 0.0598
INFO:root:TEST batch 1 / 2 -  partial tp {0: tensor(712, device='cuda:0'), 1: tensor(506, device='cuda:0')},fn {0: tensor(9408, device='cuda:0'), 1: tensor(0, device='cuda:0')},fp {0: tensor(0, device='cuda:0'), 1: tensor(9408, device='cuda:0')}
INFO:root:TEST batch 1 / 2 - measures partial microavg - precision 0.1146 - recall 0.1146 - f1 0.1146 
INFO:root:TEST batch 1 / 2 - measures partial for class 0 - precision 1.0000 - recall 0.0704 - f1 0.1315 
INFO:root:TEST batch 1 / 2 - measures partial for class 1 - precision 0.0510 - recall 1.0000 - f1 0.0971 
INFO:root:TEST batch 1 / 2 - Batch time 10 
INFO:root:TEST batch 2 / 2 - partial error 0.8751 - partial loss 0.0651 - partial MRR  0.1598 - partial MAP 0.0596
INFO:root:TEST batch 2 / 2 -  partial tp {0: tensor(1160, device='cuda:0'), 1: tensor(648, device='cuda:0')},fn {0: tensor(11800, device='cuda:0'), 1: tensor(0, device='cuda:0')},fp {0: tensor(0, device='cuda:0'), 1: tensor(11800, device='cuda:0')}
INFO:root:TEST batch 2 / 2 - measures partial microavg - precision 0.1329 - recall 0.1329 - f1 0.1329 
INFO:root:TEST batch 2 / 2 - measures partial for class 0 - precision 1.0000 - recall 0.0895 - f1 0.1643 
INFO:root:TEST batch 2 / 2 - measures partial for class 1 - precision 0.0521 - recall 1.0000 - f1 0.0990 
INFO:root:TEST batch 2 / 2 - Batch time 10 
INFO:root:TEST mean losses tensor(0.0651, device='cuda:0')
INFO:root:TEST mean errors 0.8751341104507446
INFO:root:TEST mean MRR 0.15980832420280794 - mean MAP 0.059643375254785254
INFO:root:TEST tp {0: tensor(1872, device='cuda:0'), 1: tensor(1154, device='cuda:0')},fn {0: tensor(21208, device='cuda:0'), 1: tensor(0, device='cuda:0')},fp {0: tensor(0, device='cuda:0'), 1: tensor(21208, device='cuda:0')}
INFO:root:TEST measures microavg - precision 0.1249 - recall 0.1249 - f1 0.1249 
INFO:root:TEST measures for class 0 - precision 1.0000 - recall 0.0811 - f1 0.1500 
INFO:root:TEST measures for class 1 - precision 0.0516 - recall 1.0000 - f1 0.0981 
INFO:root:TEST measures@10 microavg - precision 0.5750 - recall 0.0009 - f1 0.0019 
INFO:root:TEST measures@10 for class 0 - precision 1.0000 - recall 0.0009 - f1 0.0017 
INFO:root:TEST measures@10 for class 1 - precision 0.1500 - recall 0.0026 - f1 0.0051 
INFO:root:TEST measures@100 microavg - precision 0.5400 - recall 0.0089 - f1 0.0175 
INFO:root:TEST measures@100 for class 0 - precision 1.0000 - recall 0.0087 - f1 0.0172 
INFO:root:TEST measures@100 for class 1 - precision 0.0800 - recall 0.0139 - f1 0.0236 
INFO:root:TEST measures@1000 microavg - precision 0.4959 - recall 0.0758 - f1 0.1314 
INFO:root:TEST measures@1000 for class 0 - precision 1.0000 - recall 0.0737 - f1 0.1374 
INFO:root:TEST measures@1000 for class 1 - precision 0.0670 - recall 0.1161 - f1 0.0850 
INFO:root:TEST Total epoch time: 21.077147277999757
INFO:root:################ TRAIN epoch 20 ###################
INFO:root:TRAIN mean losses tensor(0.1689, device='cuda:0')
INFO:root:TRAIN mean errors 0.5757275223731995
INFO:root:TRAIN mean MRR 0.0 - mean MAP 0.09799871295988263
INFO:root:TRAIN tp {0: tensor(44749, device='cuda:0'), 1: tensor(7036, device='cuda:0')},fn {0: tensor(66211, device='cuda:0'), 1: tensor(4060, device='cuda:0')},fp {0: tensor(4060, device='cuda:0'), 1: tensor(66211, device='cuda:0')}
INFO:root:TRAIN measures microavg - precision 0.4243 - recall 0.4243 - f1 0.4243 
INFO:root:TRAIN measures for class 0 - precision 0.9168 - recall 0.4033 - f1 0.5602 
INFO:root:TRAIN measures for class 1 - precision 0.0961 - recall 0.6341 - f1 0.1668 
INFO:root:TRAIN measures@10 microavg - precision 0.5100 - recall 0.0004 - f1 0.0008 
INFO:root:TRAIN measures@10 for class 0 - precision 1.0000 - recall 0.0005 - f1 0.0009 
INFO:root:TRAIN measures@10 for class 1 - precision 0.0200 - recall 0.0001 - f1 0.0002 
INFO:root:TRAIN measures@100 microavg - precision 0.5370 - recall 0.0044 - f1 0.0087 
INFO:root:TRAIN measures@100 for class 0 - precision 1.0000 - recall 0.0045 - f1 0.0090 
INFO:root:TRAIN measures@100 for class 1 - precision 0.0740 - recall 0.0033 - f1 0.0064 
INFO:root:TRAIN measures@1000 microavg - precision 0.5002 - recall 0.0376 - f1 0.0700 
INFO:root:TRAIN measures@1000 for class 0 - precision 1.0000 - recall 0.0377 - f1 0.0726 
INFO:root:TRAIN measures@1000 for class 1 - precision 0.0822 - recall 0.0370 - f1 0.0511 
INFO:root:TRAIN Total epoch time: 0.5038514910011145
INFO:root:################ VALID epoch 20 ###################
INFO:root:VALID mean losses tensor(0.1908, device='cuda:0')
INFO:root:VALID mean errors 0.948747992515564
INFO:root:VALID mean MRR 0.12924190407395164 - mean MAP 0.05055540493208485
INFO:root:VALID tp {0: tensor(121, device='cuda:0'), 1: tensor(1586, device='cuda:0')},fn {0: tensor(31599, device='cuda:0'), 1: tensor(0, device='cuda:0')},fp {0: tensor(0, device='cuda:0'), 1: tensor(31599, device='cuda:0')}
INFO:root:VALID measures microavg - precision 0.0513 - recall 0.0513 - f1 0.0513 
INFO:root:VALID measures for class 0 - precision 1.0000 - recall 0.0038 - f1 0.0076 
INFO:root:VALID measures for class 1 - precision 0.0478 - recall 1.0000 - f1 0.0912 
INFO:root:VALID measures@10 microavg - precision 0.5000 - recall 0.0009 - f1 0.0018 
INFO:root:VALID measures@10 for class 0 - precision 1.0000 - recall 0.0009 - f1 0.0019 
INFO:root:VALID measures@10 for class 1 - precision 0.0000 - recall 0.0000 - f1 0.0000 
INFO:root:VALID measures@100 microavg - precision 0.3254 - recall 0.0041 - f1 0.0081 
INFO:root:VALID measures@100 for class 0 - precision 1.0000 - recall 0.0038 - f1 0.0076 
INFO:root:VALID measures@100 for class 1 - precision 0.0533 - recall 0.0101 - f1 0.0170 
INFO:root:VALID measures@1000 microavg - precision 0.0846 - recall 0.0079 - f1 0.0145 
INFO:root:VALID measures@1000 for class 0 - precision 1.0000 - recall 0.0038 - f1 0.0076 
INFO:root:VALID measures@1000 for class 1 - precision 0.0477 - recall 0.0902 - f1 0.0624 
INFO:root:VALID Total epoch time: 31.07170208900061
INFO:root:################ TRAIN epoch 21 ###################
INFO:root:TRAIN mean losses tensor(0.1213, device='cuda:0')
INFO:root:TRAIN mean errors 0.7204152345657349
INFO:root:TRAIN mean MRR 0.0 - mean MAP 0.10247954384013763
INFO:root:TRAIN tp {0: tensor(25174, device='cuda:0'), 1: tensor(8951, device='cuda:0')},fn {0: tensor(85786, device='cuda:0'), 1: tensor(2145, device='cuda:0')},fp {0: tensor(2145, device='cuda:0'), 1: tensor(85786, device='cuda:0')}
INFO:root:TRAIN measures microavg - precision 0.2796 - recall 0.2796 - f1 0.2796 
INFO:root:TRAIN measures for class 0 - precision 0.9215 - recall 0.2269 - f1 0.3641 
INFO:root:TRAIN measures for class 1 - precision 0.0945 - recall 0.8067 - f1 0.1692 
INFO:root:TRAIN measures@10 microavg - precision 0.5400 - recall 0.0004 - f1 0.0009 
INFO:root:TRAIN measures@10 for class 0 - precision 1.0000 - recall 0.0005 - f1 0.0009 
INFO:root:TRAIN measures@10 for class 1 - precision 0.0800 - recall 0.0004 - f1 0.0007 
INFO:root:TRAIN measures@100 microavg - precision 0.5420 - recall 0.0044 - f1 0.0088 
INFO:root:TRAIN measures@100 for class 0 - precision 1.0000 - recall 0.0045 - f1 0.0090 
INFO:root:TRAIN measures@100 for class 1 - precision 0.0840 - recall 0.0038 - f1 0.0072 
INFO:root:TRAIN measures@1000 microavg - precision 0.4857 - recall 0.0359 - f1 0.0668 
INFO:root:TRAIN measures@1000 for class 0 - precision 0.9739 - recall 0.0353 - f1 0.0681 
INFO:root:TRAIN measures@1000 for class 1 - precision 0.0932 - recall 0.0420 - f1 0.0579 
INFO:root:TRAIN Total epoch time: 0.5438137309993181
INFO:root:################ VALID epoch 21 ###################
INFO:root:VALID mean losses tensor(0.0648, device='cuda:0')
INFO:root:VALID mean errors 0.8547708988189697
INFO:root:VALID mean MRR 0.1602685001903298 - mean MAP 0.05385502748514532
INFO:root:VALID tp {0: tensor(3358, device='cuda:0'), 1: tensor(1479, device='cuda:0')},fn {0: tensor(28362, device='cuda:0'), 1: tensor(107, device='cuda:0')},fp {0: tensor(107, device='cuda:0'), 1: tensor(28362, device='cuda:0')}
INFO:root:VALID measures microavg - precision 0.1452 - recall 0.1452 - f1 0.1452 
INFO:root:VALID measures for class 0 - precision 0.9691 - recall 0.1059 - f1 0.1909 
INFO:root:VALID measures for class 1 - precision 0.0496 - recall 0.9325 - f1 0.0941 
INFO:root:VALID measures@10 microavg - precision 0.5167 - recall 0.0009 - f1 0.0019 
INFO:root:VALID measures@10 for class 0 - precision 1.0000 - recall 0.0009 - f1 0.0019 
INFO:root:VALID measures@10 for class 1 - precision 0.0333 - recall 0.0006 - f1 0.0012 
INFO:root:VALID measures@100 microavg - precision 0.5250 - recall 0.0095 - f1 0.0186 
INFO:root:VALID measures@100 for class 0 - precision 1.0000 - recall 0.0095 - f1 0.0187 
INFO:root:VALID measures@100 for class 1 - precision 0.0500 - recall 0.0095 - f1 0.0159 
INFO:root:VALID measures@1000 microavg - precision 0.5046 - recall 0.0894 - f1 0.1520 
INFO:root:VALID measures@1000 for class 0 - precision 0.9694 - recall 0.0887 - f1 0.1626 
INFO:root:VALID measures@1000 for class 1 - precision 0.0547 - recall 0.1034 - f1 0.0715 
INFO:root:VALID Total epoch time: 31.31639587800055
INFO:root:################ TRAIN epoch 22 ###################
INFO:root:TRAIN mean losses tensor(0.0854, device='cuda:0')
INFO:root:TRAIN mean errors 0.8257766962051392
INFO:root:TRAIN mean MRR 0.0 - mean MAP 0.10389349458917223
INFO:root:TRAIN tp {0: tensor(10477, device='cuda:0'), 1: tensor(10788, device='cuda:0')},fn {0: tensor(100483, device='cuda:0'), 1: tensor(308, device='cuda:0')},fp {0: tensor(308, device='cuda:0'), 1: tensor(100483, device='cuda:0')}
INFO:root:TRAIN measures microavg - precision 0.1742 - recall 0.1742 - f1 0.1742 
INFO:root:TRAIN measures for class 0 - precision 0.9714 - recall 0.0944 - f1 0.1721 
INFO:root:TRAIN measures for class 1 - precision 0.0970 - recall 0.9722 - f1 0.1763 
INFO:root:TRAIN measures@10 microavg - precision 0.5300 - recall 0.0004 - f1 0.0009 
INFO:root:TRAIN measures@10 for class 0 - precision 1.0000 - recall 0.0005 - f1 0.0009 
INFO:root:TRAIN measures@10 for class 1 - precision 0.0600 - recall 0.0003 - f1 0.0005 
INFO:root:TRAIN measures@100 microavg - precision 0.5380 - recall 0.0044 - f1 0.0087 
INFO:root:TRAIN measures@100 for class 0 - precision 1.0000 - recall 0.0045 - f1 0.0090 
INFO:root:TRAIN measures@100 for class 1 - precision 0.0760 - recall 0.0034 - f1 0.0066 
INFO:root:TRAIN measures@1000 microavg - precision 0.5065 - recall 0.0382 - f1 0.0710 
INFO:root:TRAIN measures@1000 for class 0 - precision 1.0000 - recall 0.0379 - f1 0.0729 
INFO:root:TRAIN measures@1000 for class 1 - precision 0.0920 - recall 0.0415 - f1 0.0572 
INFO:root:TRAIN Total epoch time: 0.5133903279984224
INFO:root:################ VALID epoch 22 ###################
INFO:root:VALID mean losses tensor(0.0707, device='cuda:0')
INFO:root:VALID mean errors 0.9395303726196289
INFO:root:VALID mean MRR 0.152937226453186 - mean MAP 0.05105326148851585
INFO:root:VALID tp {0: tensor(428, device='cuda:0'), 1: tensor(1586, device='cuda:0')},fn {0: tensor(31292, device='cuda:0'), 1: tensor(0, device='cuda:0')},fp {0: tensor(0, device='cuda:0'), 1: tensor(31292, device='cuda:0')}
INFO:root:VALID measures microavg - precision 0.0605 - recall 0.0605 - f1 0.0605 
INFO:root:VALID measures for class 0 - precision 1.0000 - recall 0.0135 - f1 0.0266 
INFO:root:VALID measures for class 1 - precision 0.0482 - recall 1.0000 - f1 0.0920 
INFO:root:VALID measures@10 microavg - precision 0.5000 - recall 0.0009 - f1 0.0018 
INFO:root:VALID measures@10 for class 0 - precision 1.0000 - recall 0.0009 - f1 0.0019 
INFO:root:VALID measures@10 for class 1 - precision 0.0000 - recall 0.0000 - f1 0.0000 
INFO:root:VALID measures@100 microavg - precision 0.5283 - recall 0.0095 - f1 0.0187 
INFO:root:VALID measures@100 for class 0 - precision 1.0000 - recall 0.0095 - f1 0.0187 
INFO:root:VALID measures@100 for class 1 - precision 0.0567 - recall 0.0107 - f1 0.0180 
INFO:root:VALID measures@1000 microavg - precision 0.1701 - recall 0.0175 - f1 0.0317 
INFO:root:VALID measures@1000 for class 0 - precision 1.0000 - recall 0.0135 - f1 0.0266 
INFO:root:VALID measures@1000 for class 1 - precision 0.0517 - recall 0.0977 - f1 0.0676 
INFO:root:VALID Total epoch time: 31.100714741000047
INFO:root:################ TRAIN epoch 23 ###################
INFO:root:TRAIN mean losses tensor(0.0838, device='cuda:0')
INFO:root:TRAIN mean errors 0.8419331908226013
INFO:root:TRAIN mean MRR 0.0 - mean MAP 0.09959640738104875
INFO:root:TRAIN tp {0: tensor(8244, device='cuda:0'), 1: tensor(11049, device='cuda:0')},fn {0: tensor(102716, device='cuda:0'), 1: tensor(47, device='cuda:0')},fp {0: tensor(47, device='cuda:0'), 1: tensor(102716, device='cuda:0')}
INFO:root:TRAIN measures microavg - precision 0.1581 - recall 0.1581 - f1 0.1581 
INFO:root:TRAIN measures for class 0 - precision 0.9943 - recall 0.0743 - f1 0.1383 
INFO:root:TRAIN measures for class 1 - precision 0.0971 - recall 0.9958 - f1 0.1770 
INFO:root:TRAIN measures@10 microavg - precision 0.5000 - recall 0.0004 - f1 0.0008 
INFO:root:TRAIN measures@10 for class 0 - precision 1.0000 - recall 0.0005 - f1 0.0009 
INFO:root:TRAIN measures@10 for class 1 - precision 0.0000 - recall 0.0000 - f1 0.0000 
INFO:root:TRAIN measures@100 microavg - precision 0.5150 - recall 0.0042 - f1 0.0084 
INFO:root:TRAIN measures@100 for class 0 - precision 1.0000 - recall 0.0045 - f1 0.0090 
INFO:root:TRAIN measures@100 for class 1 - precision 0.0300 - recall 0.0014 - f1 0.0026 
INFO:root:TRAIN measures@1000 microavg - precision 0.5034 - recall 0.0381 - f1 0.0708 
INFO:root:TRAIN measures@1000 for class 0 - precision 1.0000 - recall 0.0382 - f1 0.0736 
INFO:root:TRAIN measures@1000 for class 1 - precision 0.0822 - recall 0.0370 - f1 0.0511 
INFO:root:TRAIN Total epoch time: 0.496867593999923
INFO:root:################ VALID epoch 23 ###################
INFO:root:VALID mean losses tensor(0.0690, device='cuda:0')
INFO:root:VALID mean errors 0.9416321516036987
INFO:root:VALID mean MRR 0.1316877599737835 - mean MAP 0.049758139588660946
INFO:root:VALID tp {0: tensor(358, device='cuda:0'), 1: tensor(1586, device='cuda:0')},fn {0: tensor(31362, device='cuda:0'), 1: tensor(0, device='cuda:0')},fp {0: tensor(0, device='cuda:0'), 1: tensor(31362, device='cuda:0')}
INFO:root:VALID measures microavg - precision 0.0584 - recall 0.0584 - f1 0.0584 
INFO:root:VALID measures for class 0 - precision 1.0000 - recall 0.0113 - f1 0.0223 
INFO:root:VALID measures for class 1 - precision 0.0481 - recall 1.0000 - f1 0.0919 
INFO:root:VALID measures@10 microavg - precision 0.5000 - recall 0.0009 - f1 0.0018 
INFO:root:VALID measures@10 for class 0 - precision 1.0000 - recall 0.0009 - f1 0.0019 
INFO:root:VALID measures@10 for class 1 - precision 0.0000 - recall 0.0000 - f1 0.0000 
INFO:root:VALID measures@100 microavg - precision 0.5117 - recall 0.0092 - f1 0.0181 
INFO:root:VALID measures@100 for class 0 - precision 1.0000 - recall 0.0094 - f1 0.0186 
INFO:root:VALID measures@100 for class 1 - precision 0.0267 - recall 0.0050 - f1 0.0085 
INFO:root:VALID measures@1000 microavg - precision 0.1504 - recall 0.0152 - f1 0.0275 
INFO:root:VALID measures@1000 for class 0 - precision 1.0000 - recall 0.0113 - f1 0.0223 
INFO:root:VALID measures@1000 for class 1 - precision 0.0490 - recall 0.0927 - f1 0.0641 
INFO:root:VALID Total epoch time: 31.146681346999685
INFO:root:################ TRAIN epoch 24 ###################
INFO:root:TRAIN mean losses tensor(0.0833, device='cuda:0')
INFO:root:TRAIN mean errors 0.8511584997177124
INFO:root:TRAIN mean MRR 0.0 - mean MAP 0.09825024472533139
INFO:root:TRAIN tp {0: tensor(7175, device='cuda:0'), 1: tensor(10992, device='cuda:0')},fn {0: tensor(103785, device='cuda:0'), 1: tensor(104, device='cuda:0')},fp {0: tensor(104, device='cuda:0'), 1: tensor(103785, device='cuda:0')}
INFO:root:TRAIN measures microavg - precision 0.1488 - recall 0.1488 - f1 0.1488 
INFO:root:TRAIN measures for class 0 - precision 0.9857 - recall 0.0647 - f1 0.1214 
INFO:root:TRAIN measures for class 1 - precision 0.0958 - recall 0.9906 - f1 0.1747 
INFO:root:TRAIN measures@10 microavg - precision 0.5000 - recall 0.0004 - f1 0.0008 
INFO:root:TRAIN measures@10 for class 0 - precision 1.0000 - recall 0.0005 - f1 0.0009 
INFO:root:TRAIN measures@10 for class 1 - precision 0.0000 - recall 0.0000 - f1 0.0000 
INFO:root:TRAIN measures@100 microavg - precision 0.5070 - recall 0.0042 - f1 0.0082 
INFO:root:TRAIN measures@100 for class 0 - precision 1.0000 - recall 0.0045 - f1 0.0090 
INFO:root:TRAIN measures@100 for class 1 - precision 0.0140 - recall 0.0006 - f1 0.0012 
INFO:root:TRAIN measures@1000 microavg - precision 0.5389 - recall 0.0442 - f1 0.0816 
INFO:root:TRAIN measures@1000 for class 0 - precision 0.9912 - recall 0.0447 - f1 0.0855 
INFO:root:TRAIN measures@1000 for class 1 - precision 0.0866 - recall 0.0390 - f1 0.0538 
INFO:root:TRAIN Total epoch time: 0.5061232300013216
INFO:root:################ VALID epoch 24 ###################
INFO:root:VALID mean losses tensor(0.0685, device='cuda:0')
INFO:root:VALID mean errors 0.9055425524711609
INFO:root:VALID mean MRR 0.1433675180252406 - mean MAP 0.05069606194904875
INFO:root:VALID tp {0: tensor(1582, device='cuda:0'), 1: tensor(1564, device='cuda:0')},fn {0: tensor(30138, device='cuda:0'), 1: tensor(22, device='cuda:0')},fp {0: tensor(22, device='cuda:0'), 1: tensor(30138, device='cuda:0')}
INFO:root:VALID measures microavg - precision 0.0945 - recall 0.0945 - f1 0.0945 
INFO:root:VALID measures for class 0 - precision 0.9863 - recall 0.0499 - f1 0.0949 
INFO:root:VALID measures for class 1 - precision 0.0493 - recall 0.9861 - f1 0.0940 
INFO:root:VALID measures@10 microavg - precision 0.5000 - recall 0.0009 - f1 0.0018 
INFO:root:VALID measures@10 for class 0 - precision 1.0000 - recall 0.0009 - f1 0.0019 
INFO:root:VALID measures@10 for class 1 - precision 0.0000 - recall 0.0000 - f1 0.0000 
INFO:root:VALID measures@100 microavg - precision 0.5367 - recall 0.0097 - f1 0.0190 
INFO:root:VALID measures@100 for class 0 - precision 1.0000 - recall 0.0095 - f1 0.0187 
INFO:root:VALID measures@100 for class 1 - precision 0.0733 - recall 0.0139 - f1 0.0233 
INFO:root:VALID measures@1000 microavg - precision 0.3753 - recall 0.0519 - f1 0.0912 
INFO:root:VALID measures@1000 for class 0 - precision 0.9863 - recall 0.0499 - f1 0.0949 
INFO:root:VALID measures@1000 for class 1 - precision 0.0487 - recall 0.0921 - f1 0.0637 
INFO:root:VALID Total epoch time: 31.98323553500086
INFO:root:################ TRAIN epoch 25 ###################
INFO:root:TRAIN mean losses tensor(0.0821, device='cuda:0')
INFO:root:TRAIN mean errors 0.8407042622566223
INFO:root:TRAIN mean MRR 0.0 - mean MAP 0.1004109650863356
INFO:root:TRAIN tp {0: tensor(8376, device='cuda:0'), 1: tensor(11067, device='cuda:0')},fn {0: tensor(102584, device='cuda:0'), 1: tensor(29, device='cuda:0')},fp {0: tensor(29, device='cuda:0'), 1: tensor(102584, device='cuda:0')}
INFO:root:TRAIN measures microavg - precision 0.1593 - recall 0.1593 - f1 0.1593 
INFO:root:TRAIN measures for class 0 - precision 0.9965 - recall 0.0755 - f1 0.1403 
INFO:root:TRAIN measures for class 1 - precision 0.0974 - recall 0.9974 - f1 0.1774 
INFO:root:TRAIN measures@10 microavg - precision 0.5000 - recall 0.0004 - f1 0.0008 
INFO:root:TRAIN measures@10 for class 0 - precision 1.0000 - recall 0.0005 - f1 0.0009 
INFO:root:TRAIN measures@10 for class 1 - precision 0.0000 - recall 0.0000 - f1 0.0000 
INFO:root:TRAIN measures@100 microavg - precision 0.5000 - recall 0.0041 - f1 0.0081 
INFO:root:TRAIN measures@100 for class 0 - precision 1.0000 - recall 0.0045 - f1 0.0090 
INFO:root:TRAIN measures@100 for class 1 - precision 0.0000 - recall 0.0000 - f1 0.0000 
INFO:root:TRAIN measures@1000 microavg - precision 0.4983 - recall 0.0382 - f1 0.0710 
INFO:root:TRAIN measures@1000 for class 0 - precision 1.0000 - recall 0.0393 - f1 0.0756 
INFO:root:TRAIN measures@1000 for class 1 - precision 0.0612 - recall 0.0276 - f1 0.0380 
INFO:root:TRAIN Total epoch time: 0.5003552210000635
INFO:root:################ VALID epoch 25 ###################
