INFO:root:*** PARAMETERS ***
INFO:root:{'adj_mat_time_window': 7,
 'class_weights': [0.0015, 0.9985],
 'comments': ['comments'],
 'data': 'seir',
 'data_loading_params': {'batch_size': 1, 'num_workers': 0},
 'dev_proportion': 0.2,
 'device': 'cuda',
 'early_stop_patience': 50,
 'eval_after_epochs': 6,
 'gcn_parameters': {'cls_feats': 1024,
                    'cls_feats_max': '1024s',
                    'cls_feats_min': 100,
                    'feats_per_node': 100,
                    'feats_per_node_max': 256,
                    'feats_per_node_min': 50,
                    'k_top_grcu': 200,
                    'layer_1_feats': 51,
                    'layer_1_feats_max': 200,
                    'layer_1_feats_min': 10,
                    'layer_2_feats': 51,
                    'layer_2_feats_same_as_l1': True,
                    'lstm_l1_feats': 157,
                    'lstm_l1_feats_max': 200,
                    'lstm_l1_feats_min': 10,
                    'lstm_l1_layers': 1,
                    'lstm_l2_feats': 157,
                    'lstm_l2_feats_same_as_l1': True,
                    'lstm_l2_layers': 1,
                    'num_layers': 2},
 'learning_rate': 0.005,
 'learning_rate_max': 0.1,
 'learning_rate_min': 0.0001,
 'model': 'egcn_o',
 'negative_mult_test': 100,
 'negative_mult_training': 50,
 'num_epochs': 100,
 'num_hist_steps': 2,
 'num_hist_steps_max': 10,
 'num_hist_steps_min': 2,
 'rank': 0,
 'save_node_embeddings': False,
 'seed': 1234,
 'seir_args': <utils.Namespace object at 0x7f6d757f5c10>,
 'smart_neg_sampling': True,
 'steps_accum_gradients': 1,
 'target_class': 1,
 'target_measure': 'MAP',
 'task': 'link_pred',
 'train_proportion': 0.7,
 'use_1_hot_node_feats': True,
 'use_2_hot_node_feats': False,
 'use_cuda': True,
 'use_logfile': True,
 'wsize': 1}
INFO:root:
INFO:root:################ TRAIN epoch 0 ###################
INFO:root:TRAIN mean losses tensor(0.0059, device='cuda:0')
INFO:root:TRAIN mean errors 0.9660875797271729
INFO:root:TRAIN mean MRR 0.0 - mean MAP 0.029839720552810197
INFO:root:TRAIN tp {0: tensor(290086, device='cuda:0'), 1: tensor(396720, device='cuda:0')},fn {0: tensor(19565164, device='cuda:0'), 1: tensor(385, device='cuda:0')},fp {0: tensor(385, device='cuda:0'), 1: tensor(19565164, device='cuda:0')}
INFO:root:TRAIN measures microavg - precision 0.0339 - recall 0.0339 - f1 0.0339 
INFO:root:TRAIN measures for class 0 - precision 0.9987 - recall 0.0146 - f1 0.0288 
INFO:root:TRAIN measures for class 1 - precision 0.0199 - recall 0.9990 - f1 0.0390 
INFO:root:TRAIN measures@10 microavg - precision 0.2958 - recall 0.0000 - f1 0.0000 
INFO:root:TRAIN measures@10 for class 0 - precision 1.0000 - recall 0.0000 - f1 0.0000 
INFO:root:TRAIN measures@10 for class 1 - precision 0.0059 - recall 0.0000 - f1 0.0000 
INFO:root:TRAIN measures@100 microavg - precision 0.2954 - recall 0.0000 - f1 0.0001 
INFO:root:TRAIN measures@100 for class 0 - precision 1.0000 - recall 0.0000 - f1 0.0001 
INFO:root:TRAIN measures@100 for class 1 - precision 0.0053 - recall 0.0000 - f1 0.0000 
INFO:root:TRAIN measures@1000 microavg - precision 0.3019 - recall 0.0004 - f1 0.0007 
INFO:root:TRAIN measures@1000 for class 0 - precision 1.0000 - recall 0.0004 - f1 0.0007 
INFO:root:TRAIN measures@1000 for class 1 - precision 0.0155 - recall 0.0007 - f1 0.0013 
INFO:root:TRAIN Total epoch time: 39.91613405942917
INFO:root:################ TRAIN epoch 1 ###################
