INFO:root:*** PARAMETERS ***
INFO:root:{'adj_mat_time_window': 5,
 'class_weights': [0.05, 0.95],
 'comments': ['comments'],
 'data': 'seir',
 'data_loading_params': {'batch_size': 1, 'num_workers': 0},
 'dev_proportion': 0.2,
 'device': 'cuda',
 'early_stop_patience': 50,
 'eval_after_epochs': 6,
 'gcn_parameters': {'cls_feats': 1024,
                    'cls_feats_max': 1024,
                    'cls_feats_min': 100,
                    'feats_per_node': 100,
                    'feats_per_node_max': 256,
                    'feats_per_node_min': 50,
                    'k_top_grcu': 200,
                    'layer_1_feats': 51,
                    'layer_1_feats_max': 200,
                    'layer_1_feats_min': 10,
                    'layer_2_feats': 51,
                    'layer_2_feats_same_as_l1': True,
                    'lstm_l1_feats': 157,
                    'lstm_l1_feats_max': 200,
                    'lstm_l1_feats_min': 10,
                    'lstm_l1_layers': 1,
                    'lstm_l2_feats': 157,
                    'lstm_l2_feats_same_as_l1': True,
                    'lstm_l2_layers': 1,
                    'num_layers': 2},
 'learning_rate': 0.005,
 'learning_rate_max': 0.1,
 'learning_rate_min': 0.0001,
 'model': 'egcn_o',
 'negative_mult_test': 20,
 'negative_mult_training': 10,
 'num_epochs': 100,
 'num_hist_steps': 5,
 'num_hist_steps_max': 10,
 'num_hist_steps_min': 2,
 'rank': 0,
 'save_node_embeddings': False,
 'seed': 1234,
 'seir_args': <utils.Namespace object at 0x7fe24a810700>,
 'smart_neg_sampling': True,
 'steps_accum_gradients': 1,
 'target_class': 1,
 'target_measure': 'MAP',
 'task': 'link_pred',
 'train_proportion': 0.7,
 'use_1_hot_node_feats': True,
 'use_2_hot_node_feats': False,
 'use_cuda': True,
 'use_logfile': True,
 'wsize': 1}
INFO:root:
INFO:root:################ TRAIN epoch 0 ###################
INFO:root:TRAIN mean losses tensor(0.0886, device='cuda:0')
INFO:root:TRAIN mean errors 0.9090696573257446
INFO:root:TRAIN mean MRR 0.0 - mean MAP 0.10457142938356347
INFO:root:TRAIN tp {0: tensor(18, device='cuda:0'), 1: tensor(77053, device='cuda:0')},fn {0: tensor(770512, device='cuda:0'), 1: tensor(0, device='cuda:0')},fp {0: tensor(0, device='cuda:0'), 1: tensor(770512, device='cuda:0')}
INFO:root:TRAIN measures microavg - precision 0.0909 - recall 0.0909 - f1 0.0909 
INFO:root:TRAIN measures for class 0 - precision 1.0000 - recall 0.0000 - f1 0.0000 
INFO:root:TRAIN measures for class 1 - precision 0.0909 - recall 1.0000 - f1 0.1667 
INFO:root:TRAIN measures@10 microavg - precision 0.1833 - recall 0.0000 - f1 0.0000 
INFO:root:TRAIN measures@10 for class 0 - precision 1.0000 - recall 0.0000 - f1 0.0000 
INFO:root:TRAIN measures@10 for class 1 - precision 0.0200 - recall 0.0000 - f1 0.0000 
INFO:root:TRAIN measures@100 microavg - precision 0.0734 - recall 0.0000 - f1 0.0001 
INFO:root:TRAIN measures@100 for class 0 - precision 1.0000 - recall 0.0000 - f1 0.0000 
INFO:root:TRAIN measures@100 for class 1 - precision 0.0400 - recall 0.0003 - f1 0.0005 
INFO:root:TRAIN measures@1000 microavg - precision 0.0622 - recall 0.0004 - f1 0.0007 
INFO:root:TRAIN measures@1000 for class 0 - precision 1.0000 - recall 0.0000 - f1 0.0000 
INFO:root:TRAIN measures@1000 for class 1 - precision 0.0588 - recall 0.0038 - f1 0.0072 
INFO:root:TRAIN Total epoch time: 2.7789237797260284
INFO:root:################ TRAIN epoch 1 ###################
INFO:root:TRAIN mean losses tensor(0.0841, device='cuda:0')
INFO:root:TRAIN mean errors 0.908007800579071
INFO:root:TRAIN mean MRR 0.0 - mean MAP 0.13264505521073677
INFO:root:TRAIN tp {0: tensor(921, device='cuda:0'), 1: tensor(77050, device='cuda:0')},fn {0: tensor(769609, device='cuda:0'), 1: tensor(3, device='cuda:0')},fp {0: tensor(3, device='cuda:0'), 1: tensor(769609, device='cuda:0')}
INFO:root:TRAIN measures microavg - precision 0.0920 - recall 0.0920 - f1 0.0920 
INFO:root:TRAIN measures for class 0 - precision 0.9968 - recall 0.0012 - f1 0.0024 
INFO:root:TRAIN measures for class 1 - precision 0.0910 - recall 1.0000 - f1 0.1668 
INFO:root:TRAIN measures@10 microavg - precision 0.3667 - recall 0.0000 - f1 0.0001 
INFO:root:TRAIN measures@10 for class 0 - precision 1.0000 - recall 0.0000 - f1 0.0000 
INFO:root:TRAIN measures@10 for class 1 - precision 0.2400 - recall 0.0002 - f1 0.0003 
INFO:root:TRAIN measures@100 microavg - precision 0.3250 - recall 0.0002 - f1 0.0005 
INFO:root:TRAIN measures@100 for class 0 - precision 1.0000 - recall 0.0001 - f1 0.0003 
INFO:root:TRAIN measures@100 for class 1 - precision 0.1900 - recall 0.0012 - f1 0.0024 
INFO:root:TRAIN measures@1000 microavg - precision 0.2786 - recall 0.0019 - f1 0.0039 
INFO:root:TRAIN measures@1000 for class 0 - precision 0.9967 - recall 0.0012 - f1 0.0024 
INFO:root:TRAIN measures@1000 for class 1 - precision 0.1462 - recall 0.0095 - f1 0.0178 
INFO:root:TRAIN Total epoch time: 1.961808887310326
INFO:root:################ TRAIN epoch 2 ###################
INFO:root:TRAIN mean losses tensor(0.0803, device='cuda:0')
INFO:root:TRAIN mean errors 0.7671425938606262
INFO:root:TRAIN mean MRR 0.0 - mean MAP 0.13701825934549797
INFO:root:TRAIN tp {0: tensor(121314, device='cuda:0'), 1: tensor(76052, device='cuda:0')},fn {0: tensor(649216, device='cuda:0'), 1: tensor(1001, device='cuda:0')},fp {0: tensor(1001, device='cuda:0'), 1: tensor(649216, device='cuda:0')}
INFO:root:TRAIN measures microavg - precision 0.2329 - recall 0.2329 - f1 0.2329 
INFO:root:TRAIN measures for class 0 - precision 0.9918 - recall 0.1574 - f1 0.2717 
INFO:root:TRAIN measures for class 1 - precision 0.1049 - recall 0.9870 - f1 0.1896 
INFO:root:TRAIN measures@10 microavg - precision 0.5400 - recall 0.0001 - f1 0.0001 
INFO:root:TRAIN measures@10 for class 0 - precision 1.0000 - recall 0.0001 - f1 0.0001 
INFO:root:TRAIN measures@10 for class 1 - precision 0.0800 - recall 0.0001 - f1 0.0001 
INFO:root:TRAIN measures@100 microavg - precision 0.5600 - recall 0.0007 - f1 0.0013 
INFO:root:TRAIN measures@100 for class 0 - precision 0.9980 - recall 0.0006 - f1 0.0013 
INFO:root:TRAIN measures@100 for class 1 - precision 0.1220 - recall 0.0008 - f1 0.0016 
INFO:root:TRAIN measures@1000 microavg - precision 0.5736 - recall 0.0068 - f1 0.0134 
INFO:root:TRAIN measures@1000 for class 0 - precision 0.9978 - recall 0.0065 - f1 0.0129 
INFO:root:TRAIN measures@1000 for class 1 - precision 0.1494 - recall 0.0097 - f1 0.0182 
INFO:root:TRAIN Total epoch time: 1.9115601470693946
INFO:root:################ TRAIN epoch 3 ###################
INFO:root:TRAIN mean losses tensor(0.0746, device='cuda:0')
INFO:root:TRAIN mean errors 0.5922027826309204
INFO:root:TRAIN mean MRR 0.0 - mean MAP 0.14778983161439657
INFO:root:TRAIN tp {0: tensor(272626, device='cuda:0'), 1: tensor(73016, device='cuda:0')},fn {0: tensor(497904, device='cuda:0'), 1: tensor(4037, device='cuda:0')},fp {0: tensor(4037, device='cuda:0'), 1: tensor(497904, device='cuda:0')}
INFO:root:TRAIN measures microavg - precision 0.4078 - recall 0.4078 - f1 0.4078 
INFO:root:TRAIN measures for class 0 - precision 0.9854 - recall 0.3538 - f1 0.5207 
INFO:root:TRAIN measures for class 1 - precision 0.1279 - recall 0.9476 - f1 0.2254 
INFO:root:TRAIN measures@10 microavg - precision 0.6100 - recall 0.0001 - f1 0.0001 
INFO:root:TRAIN measures@10 for class 0 - precision 1.0000 - recall 0.0001 - f1 0.0001 
INFO:root:TRAIN measures@10 for class 1 - precision 0.2200 - recall 0.0001 - f1 0.0003 
INFO:root:TRAIN measures@100 microavg - precision 0.5760 - recall 0.0007 - f1 0.0014 
INFO:root:TRAIN measures@100 for class 0 - precision 1.0000 - recall 0.0006 - f1 0.0013 
INFO:root:TRAIN measures@100 for class 1 - precision 0.1520 - recall 0.0010 - f1 0.0020 
INFO:root:TRAIN measures@1000 microavg - precision 0.5766 - recall 0.0068 - f1 0.0134 
INFO:root:TRAIN measures@1000 for class 0 - precision 0.9984 - recall 0.0065 - f1 0.0129 
INFO:root:TRAIN measures@1000 for class 1 - precision 0.1548 - recall 0.0100 - f1 0.0189 
INFO:root:TRAIN Total epoch time: 2.079128353856504
INFO:root:################ TRAIN epoch 4 ###################
INFO:root:TRAIN mean losses tensor(0.0732, device='cuda:0')
INFO:root:TRAIN mean errors 0.510627269744873
INFO:root:TRAIN mean MRR 0.0 - mean MAP 0.143404705835228
INFO:root:TRAIN tp {0: tensor(342850, device='cuda:0'), 1: tensor(71934, device='cuda:0')},fn {0: tensor(427680, device='cuda:0'), 1: tensor(5119, device='cuda:0')},fp {0: tensor(5119, device='cuda:0'), 1: tensor(427680, device='cuda:0')}
INFO:root:TRAIN measures microavg - precision 0.4894 - recall 0.4894 - f1 0.4894 
INFO:root:TRAIN measures for class 0 - precision 0.9853 - recall 0.4450 - f1 0.6131 
INFO:root:TRAIN measures for class 1 - precision 0.1440 - recall 0.9336 - f1 0.2495 
INFO:root:TRAIN measures@10 microavg - precision 0.5600 - recall 0.0001 - f1 0.0001 
INFO:root:TRAIN measures@10 for class 0 - precision 1.0000 - recall 0.0001 - f1 0.0001 
INFO:root:TRAIN measures@10 for class 1 - precision 0.1200 - recall 0.0001 - f1 0.0002 
INFO:root:TRAIN measures@100 microavg - precision 0.5660 - recall 0.0007 - f1 0.0013 
INFO:root:TRAIN measures@100 for class 0 - precision 1.0000 - recall 0.0006 - f1 0.0013 
INFO:root:TRAIN measures@100 for class 1 - precision 0.1320 - recall 0.0009 - f1 0.0017 
INFO:root:TRAIN measures@1000 microavg - precision 0.5595 - recall 0.0066 - f1 0.0130 
INFO:root:TRAIN measures@1000 for class 0 - precision 0.9988 - recall 0.0065 - f1 0.0129 
INFO:root:TRAIN measures@1000 for class 1 - precision 0.1202 - recall 0.0078 - f1 0.0146 
INFO:root:TRAIN Total epoch time: 2.05822192505002
INFO:root:################ TRAIN epoch 5 ###################
INFO:root:TRAIN mean losses tensor(0.0704, device='cuda:0')
INFO:root:TRAIN mean errors 0.5668070316314697
INFO:root:TRAIN mean MRR 0.0 - mean MAP 0.1439167105229366
INFO:root:TRAIN tp {0: tensor(293804, device='cuda:0'), 1: tensor(73363, device='cuda:0')},fn {0: tensor(476726, device='cuda:0'), 1: tensor(3690, device='cuda:0')},fp {0: tensor(3690, device='cuda:0'), 1: tensor(476726, device='cuda:0')}
INFO:root:TRAIN measures microavg - precision 0.4332 - recall 0.4332 - f1 0.4332 
INFO:root:TRAIN measures for class 0 - precision 0.9876 - recall 0.3813 - f1 0.5502 
INFO:root:TRAIN measures for class 1 - precision 0.1334 - recall 0.9521 - f1 0.2340 
INFO:root:TRAIN measures@10 microavg - precision 0.5500 - recall 0.0001 - f1 0.0001 
INFO:root:TRAIN measures@10 for class 0 - precision 1.0000 - recall 0.0001 - f1 0.0001 
INFO:root:TRAIN measures@10 for class 1 - precision 0.1000 - recall 0.0001 - f1 0.0001 
INFO:root:TRAIN measures@100 microavg - precision 0.5700 - recall 0.0007 - f1 0.0013 
INFO:root:TRAIN measures@100 for class 0 - precision 1.0000 - recall 0.0006 - f1 0.0013 
INFO:root:TRAIN measures@100 for class 1 - precision 0.1400 - recall 0.0009 - f1 0.0018 
INFO:root:TRAIN measures@1000 microavg - precision 0.5653 - recall 0.0067 - f1 0.0132 
INFO:root:TRAIN measures@1000 for class 0 - precision 0.9984 - recall 0.0065 - f1 0.0129 
INFO:root:TRAIN measures@1000 for class 1 - precision 0.1322 - recall 0.0086 - f1 0.0161 
INFO:root:TRAIN Total epoch time: 1.9922815626487136
INFO:root:################ TRAIN epoch 6 ###################
INFO:root:TRAIN mean losses tensor(0.0721, device='cuda:0')
INFO:root:TRAIN mean errors 0.54505455493927
INFO:root:TRAIN mean MRR 0.0 - mean MAP 0.14782030322852321
INFO:root:TRAIN tp {0: tensor(312652, device='cuda:0'), 1: tensor(72952, device='cuda:0')},fn {0: tensor(457878, device='cuda:0'), 1: tensor(4101, device='cuda:0')},fp {0: tensor(4101, device='cuda:0'), 1: tensor(457878, device='cuda:0')}
INFO:root:TRAIN measures microavg - precision 0.4549 - recall 0.4549 - f1 0.4549 
INFO:root:TRAIN measures for class 0 - precision 0.9871 - recall 0.4058 - f1 0.5751 
INFO:root:TRAIN measures for class 1 - precision 0.1374 - recall 0.9468 - f1 0.2400 
INFO:root:TRAIN measures@10 microavg - precision 0.5900 - recall 0.0001 - f1 0.0001 
INFO:root:TRAIN measures@10 for class 0 - precision 1.0000 - recall 0.0001 - f1 0.0001 
INFO:root:TRAIN measures@10 for class 1 - precision 0.1800 - recall 0.0001 - f1 0.0002 
INFO:root:TRAIN measures@100 microavg - precision 0.5720 - recall 0.0007 - f1 0.0013 
INFO:root:TRAIN measures@100 for class 0 - precision 1.0000 - recall 0.0006 - f1 0.0013 
INFO:root:TRAIN measures@100 for class 1 - precision 0.1440 - recall 0.0009 - f1 0.0019 
INFO:root:TRAIN measures@1000 microavg - precision 0.5766 - recall 0.0068 - f1 0.0134 
INFO:root:TRAIN measures@1000 for class 0 - precision 0.9994 - recall 0.0065 - f1 0.0129 
INFO:root:TRAIN measures@1000 for class 1 - precision 0.1538 - recall 0.0100 - f1 0.0187 
INFO:root:TRAIN Total epoch time: 1.9571945490315557
INFO:root:################ TRAIN epoch 7 ###################
INFO:root:TRAIN mean losses tensor(0.0703, device='cuda:0')
INFO:root:TRAIN mean errors 0.4897632300853729
INFO:root:TRAIN mean MRR 0.0 - mean MAP 0.14632611201579906
INFO:root:TRAIN tp {0: tensor(360898, device='cuda:0'), 1: tensor(71570, device='cuda:0')},fn {0: tensor(409632, device='cuda:0'), 1: tensor(5483, device='cuda:0')},fp {0: tensor(5483, device='cuda:0'), 1: tensor(409632, device='cuda:0')}
INFO:root:TRAIN measures microavg - precision 0.5102 - recall 0.5102 - f1 0.5102 
INFO:root:TRAIN measures for class 0 - precision 0.9850 - recall 0.4684 - f1 0.6349 
INFO:root:TRAIN measures for class 1 - precision 0.1487 - recall 0.9288 - f1 0.2564 
INFO:root:TRAIN measures@10 microavg - precision 0.6000 - recall 0.0001 - f1 0.0001 
INFO:root:TRAIN measures@10 for class 0 - precision 1.0000 - recall 0.0001 - f1 0.0001 
INFO:root:TRAIN measures@10 for class 1 - precision 0.2000 - recall 0.0001 - f1 0.0003 
INFO:root:TRAIN measures@100 microavg - precision 0.5640 - recall 0.0007 - f1 0.0013 
INFO:root:TRAIN measures@100 for class 0 - precision 1.0000 - recall 0.0006 - f1 0.0013 
INFO:root:TRAIN measures@100 for class 1 - precision 0.1280 - recall 0.0008 - f1 0.0017 
INFO:root:TRAIN measures@1000 microavg - precision 0.5731 - recall 0.0068 - f1 0.0134 
INFO:root:TRAIN measures@1000 for class 0 - precision 1.0000 - recall 0.0065 - f1 0.0129 
INFO:root:TRAIN measures@1000 for class 1 - precision 0.1462 - recall 0.0095 - f1 0.0178 
INFO:root:TRAIN Total epoch time: 1.8792933952063322
INFO:root:################ VALID epoch 7 ###################
