INFO:root:*** PARAMETERS ***
INFO:root:{'adj_mat_time_window': 1,
 'class_weights': [0.015, 0.985],
 'comments': ['comments'],
 'data': 'seir',
 'data_loading_params': {'batch_size': 1, 'num_workers': 0},
 'dev_proportion': 0.1,
 'device': 'cuda',
 'early_stop_patience': 50,
 'eval_after_epochs': 5,
 'gcn_parameters': {'cls_feats': 565,
                    'cls_feats_max': 812,
                    'cls_feats_min': 100,
                    'feats_per_node': 100,
                    'feats_per_node_max': 256,
                    'feats_per_node_min': 50,
                    'k_top_grcu': 200,
                    'layer_1_feats': 51,
                    'layer_1_feats_max': 200,
                    'layer_1_feats_min': 10,
                    'layer_2_feats': 51,
                    'layer_2_feats_same_as_l1': True,
                    'lstm_l1_feats': 157,
                    'lstm_l1_feats_max': 200,
                    'lstm_l1_feats_min': 10,
                    'lstm_l1_layers': 1,
                    'lstm_l2_feats': 157,
                    'lstm_l2_feats_same_as_l1': True,
                    'lstm_l2_layers': 1,
                    'num_layers': 2},
 'learning_rate': 0.005,
 'learning_rate_max': 0.1,
 'learning_rate_min': 0.0001,
 'model': 'egcn_o',
 'negative_mult_test': 100,
 'negative_mult_training': 50,
 'num_epochs': 100,
 'num_hist_steps': 2,
 'num_hist_steps_max': 10,
 'num_hist_steps_min': 2,
 'rank': 0,
 'save_node_embeddings': False,
 'seed': 1234,
 'seir_args': <utils.Namespace object at 0x7f24cae3c760>,
 'smart_neg_sampling': True,
 'steps_accum_gradients': 1,
 'target_class': 1,
 'target_measure': 'MAP',
 'task': 'link_pred',
 'train_proportion': 0.7,
 'use_1_hot_node_feats': True,
 'use_2_hot_node_feats': False,
 'use_cuda': True,
 'use_logfile': True,
 'wsize': 1}
INFO:root:
INFO:root:################ TRAIN epoch 0 ###################
INFO:root:TRAIN mean losses tensor(0.0226, device='cuda:0')
INFO:root:TRAIN mean errors 0.867235004901886
INFO:root:TRAIN mean MRR 0.0 - mean MAP 0.024078094633068134
INFO:root:TRAIN tp {0: tensor(293367, device='cuda:0'), 1: tensor(49849, device='cuda:0')},fn {0: tensor(2241083, device='cuda:0'), 1: tensor(840, device='cuda:0')},fp {0: tensor(840, device='cuda:0'), 1: tensor(2241083, device='cuda:0')}
INFO:root:TRAIN measures microavg - precision 0.1328 - recall 0.1328 - f1 0.1328 
INFO:root:TRAIN measures for class 0 - precision 0.9971 - recall 0.1158 - f1 0.2074 
INFO:root:TRAIN measures for class 1 - precision 0.0218 - recall 0.9834 - f1 0.0426 
INFO:root:TRAIN measures@10 microavg - precision 0.4724 - recall 0.0001 - f1 0.0001 
INFO:root:TRAIN measures@10 for class 0 - precision 1.0000 - recall 0.0001 - f1 0.0001 
INFO:root:TRAIN measures@10 for class 1 - precision 0.0437 - recall 0.0001 - f1 0.0003 
INFO:root:TRAIN measures@100 microavg - precision 0.4603 - recall 0.0005 - f1 0.0010 
INFO:root:TRAIN measures@100 for class 0 - precision 1.0000 - recall 0.0005 - f1 0.0010 
INFO:root:TRAIN measures@100 for class 1 - precision 0.0219 - recall 0.0007 - f1 0.0013 
INFO:root:TRAIN measures@1000 microavg - precision 0.4616 - recall 0.0052 - f1 0.0102 
INFO:root:TRAIN measures@1000 for class 0 - precision 1.0000 - recall 0.0051 - f1 0.0102 
INFO:root:TRAIN measures@1000 for class 1 - precision 0.0241 - recall 0.0076 - f1 0.0115 
INFO:root:TRAIN Total epoch time: 4.267880431842059
INFO:root:################ TRAIN epoch 1 ###################
INFO:root:TRAIN mean losses tensor(0.0220, device='cuda:0')
INFO:root:TRAIN mean errors 0.6014732718467712
INFO:root:TRAIN mean MRR 0.0 - mean MAP 0.026614625606001995
INFO:root:TRAIN tp {0: tensor(992058, device='cuda:0'), 1: tensor(38189, device='cuda:0')},fn {0: tensor(1542392, device='cuda:0'), 1: tensor(12500, device='cuda:0')},fp {0: tensor(12500, device='cuda:0'), 1: tensor(1542392, device='cuda:0')}
INFO:root:TRAIN measures microavg - precision 0.3985 - recall 0.3985 - f1 0.3985 
INFO:root:TRAIN measures for class 0 - precision 0.9876 - recall 0.3914 - f1 0.5606 
INFO:root:TRAIN measures for class 1 - precision 0.0242 - recall 0.7534 - f1 0.0468 
INFO:root:TRAIN measures@10 microavg - precision 0.5437 - recall 0.0001 - f1 0.0001 
INFO:root:TRAIN measures@10 for class 0 - precision 1.0000 - recall 0.0001 - f1 0.0001 
INFO:root:TRAIN measures@10 for class 1 - precision 0.0267 - recall 0.0001 - f1 0.0002 
INFO:root:TRAIN measures@100 microavg - precision 0.5434 - recall 0.0007 - f1 0.0013 
INFO:root:TRAIN measures@100 for class 0 - precision 1.0000 - recall 0.0007 - f1 0.0013 
INFO:root:TRAIN measures@100 for class 1 - precision 0.0260 - recall 0.0008 - f1 0.0015 
INFO:root:TRAIN measures@1000 microavg - precision 0.5437 - recall 0.0067 - f1 0.0133 
INFO:root:TRAIN measures@1000 for class 0 - precision 1.0000 - recall 0.0067 - f1 0.0133 
INFO:root:TRAIN measures@1000 for class 1 - precision 0.0265 - recall 0.0078 - f1 0.0121 
INFO:root:TRAIN Total epoch time: 3.602924836333841
INFO:root:################ TRAIN epoch 2 ###################
INFO:root:TRAIN mean losses tensor(0.0205, device='cuda:0')
INFO:root:TRAIN mean errors 0.7259752750396729
INFO:root:TRAIN mean MRR 0.0 - mean MAP 0.02673174025436804
INFO:root:TRAIN tp {0: tensor(657703, device='cuda:0'), 1: tensor(50689, device='cuda:0')},fn {0: tensor(1876747, device='cuda:0'), 1: tensor(0, device='cuda:0')},fp {0: tensor(0, device='cuda:0'), 1: tensor(1876747, device='cuda:0')}
INFO:root:TRAIN measures microavg - precision 0.2740 - recall 0.2740 - f1 0.2740 
INFO:root:TRAIN measures for class 0 - precision 1.0000 - recall 0.2595 - f1 0.4121 
INFO:root:TRAIN measures for class 1 - precision 0.0263 - recall 1.0000 - f1 0.0512 
INFO:root:TRAIN measures@10 microavg - precision 0.5294 - recall 0.0001 - f1 0.0001 
INFO:root:TRAIN measures@10 for class 0 - precision 1.0000 - recall 0.0001 - f1 0.0001 
INFO:root:TRAIN measures@10 for class 1 - precision 0.0588 - recall 0.0002 - f1 0.0004 
INFO:root:TRAIN measures@100 microavg - precision 0.5174 - recall 0.0007 - f1 0.0014 
INFO:root:TRAIN measures@100 for class 0 - precision 1.0000 - recall 0.0007 - f1 0.0013 
INFO:root:TRAIN measures@100 for class 1 - precision 0.0347 - recall 0.0012 - f1 0.0023 
INFO:root:TRAIN measures@1000 microavg - precision 0.5141 - recall 0.0068 - f1 0.0133 
INFO:root:TRAIN measures@1000 for class 0 - precision 1.0000 - recall 0.0067 - f1 0.0133 
INFO:root:TRAIN measures@1000 for class 1 - precision 0.0282 - recall 0.0095 - f1 0.0142 
INFO:root:TRAIN Total epoch time: 3.501361172180623
INFO:root:################ TRAIN epoch 3 ###################
INFO:root:TRAIN mean losses tensor(0.0201, device='cuda:0')
INFO:root:TRAIN mean errors 0.7249428629875183
INFO:root:TRAIN mean MRR 0.0 - mean MAP 0.02661681279802836
INFO:root:TRAIN tp {0: tensor(660372, device='cuda:0'), 1: tensor(50689, device='cuda:0')},fn {0: tensor(1874078, device='cuda:0'), 1: tensor(0, device='cuda:0')},fp {0: tensor(0, device='cuda:0'), 1: tensor(1874078, device='cuda:0')}
INFO:root:TRAIN measures microavg - precision 0.2751 - recall 0.2751 - f1 0.2751 
INFO:root:TRAIN measures for class 0 - precision 1.0000 - recall 0.2606 - f1 0.4134 
INFO:root:TRAIN measures for class 1 - precision 0.0263 - recall 1.0000 - f1 0.0513 
INFO:root:TRAIN measures@10 microavg - precision 0.5029 - recall 0.0001 - f1 0.0001 
INFO:root:TRAIN measures@10 for class 0 - precision 1.0000 - recall 0.0001 - f1 0.0001 
INFO:root:TRAIN measures@10 for class 1 - precision 0.0059 - recall 0.0000 - f1 0.0000 
INFO:root:TRAIN measures@100 microavg - precision 0.5156 - recall 0.0007 - f1 0.0014 
INFO:root:TRAIN measures@100 for class 0 - precision 1.0000 - recall 0.0007 - f1 0.0013 
INFO:root:TRAIN measures@100 for class 1 - precision 0.0312 - recall 0.0010 - f1 0.0020 
INFO:root:TRAIN measures@1000 microavg - precision 0.5134 - recall 0.0068 - f1 0.0133 
INFO:root:TRAIN measures@1000 for class 0 - precision 1.0000 - recall 0.0067 - f1 0.0133 
INFO:root:TRAIN measures@1000 for class 1 - precision 0.0268 - recall 0.0090 - f1 0.0135 
INFO:root:TRAIN Total epoch time: 3.7856463491916656
INFO:root:################ TRAIN epoch 4 ###################
INFO:root:TRAIN mean losses tensor(0.0200, device='cuda:0')
INFO:root:TRAIN mean errors 0.7250112891197205
INFO:root:TRAIN mean MRR 0.0 - mean MAP 0.026327243402971958
INFO:root:TRAIN tp {0: tensor(660195, device='cuda:0'), 1: tensor(50689, device='cuda:0')},fn {0: tensor(1874255, device='cuda:0'), 1: tensor(0, device='cuda:0')},fp {0: tensor(0, device='cuda:0'), 1: tensor(1874255, device='cuda:0')}
INFO:root:TRAIN measures microavg - precision 0.2750 - recall 0.2750 - f1 0.2750 
INFO:root:TRAIN measures for class 0 - precision 1.0000 - recall 0.2605 - f1 0.4133 
INFO:root:TRAIN measures for class 1 - precision 0.0263 - recall 1.0000 - f1 0.0513 
INFO:root:TRAIN measures@10 microavg - precision 0.5176 - recall 0.0001 - f1 0.0001 
INFO:root:TRAIN measures@10 for class 0 - precision 1.0000 - recall 0.0001 - f1 0.0001 
INFO:root:TRAIN measures@10 for class 1 - precision 0.0353 - recall 0.0001 - f1 0.0002 
INFO:root:TRAIN measures@100 microavg - precision 0.5171 - recall 0.0007 - f1 0.0014 
INFO:root:TRAIN measures@100 for class 0 - precision 1.0000 - recall 0.0007 - f1 0.0013 
INFO:root:TRAIN measures@100 for class 1 - precision 0.0341 - recall 0.0011 - f1 0.0022 
INFO:root:TRAIN measures@1000 microavg - precision 0.5133 - recall 0.0068 - f1 0.0133 
INFO:root:TRAIN measures@1000 for class 0 - precision 1.0000 - recall 0.0067 - f1 0.0133 
INFO:root:TRAIN measures@1000 for class 1 - precision 0.0266 - recall 0.0089 - f1 0.0134 
INFO:root:TRAIN Total epoch time: 3.571424457244575
INFO:root:################ TRAIN epoch 5 ###################
INFO:root:TRAIN mean losses tensor(0.0200, device='cuda:0')
INFO:root:TRAIN mean errors 0.7248136401176453
INFO:root:TRAIN mean MRR 0.0 - mean MAP 0.02631387286903552
INFO:root:TRAIN tp {0: tensor(660706, device='cuda:0'), 1: tensor(50689, device='cuda:0')},fn {0: tensor(1873744, device='cuda:0'), 1: tensor(0, device='cuda:0')},fp {0: tensor(0, device='cuda:0'), 1: tensor(1873744, device='cuda:0')}
INFO:root:TRAIN measures microavg - precision 0.2752 - recall 0.2752 - f1 0.2752 
INFO:root:TRAIN measures for class 0 - precision 1.0000 - recall 0.2607 - f1 0.4136 
INFO:root:TRAIN measures for class 1 - precision 0.0263 - recall 1.0000 - f1 0.0513 
INFO:root:TRAIN measures@10 microavg - precision 0.5235 - recall 0.0001 - f1 0.0001 
INFO:root:TRAIN measures@10 for class 0 - precision 1.0000 - recall 0.0001 - f1 0.0001 
INFO:root:TRAIN measures@10 for class 1 - precision 0.0471 - recall 0.0002 - f1 0.0003 
INFO:root:TRAIN measures@100 microavg - precision 0.5162 - recall 0.0007 - f1 0.0014 
INFO:root:TRAIN measures@100 for class 0 - precision 1.0000 - recall 0.0007 - f1 0.0013 
INFO:root:TRAIN measures@100 for class 1 - precision 0.0324 - recall 0.0011 - f1 0.0021 
INFO:root:TRAIN measures@1000 microavg - precision 0.5133 - recall 0.0068 - f1 0.0133 
INFO:root:TRAIN measures@1000 for class 0 - precision 1.0000 - recall 0.0067 - f1 0.0133 
INFO:root:TRAIN measures@1000 for class 1 - precision 0.0266 - recall 0.0089 - f1 0.0134 
INFO:root:TRAIN Total epoch time: 3.6494726771488786
INFO:root:################ TRAIN epoch 6 ###################
INFO:root:TRAIN mean losses tensor(0.0200, device='cuda:0')
INFO:root:TRAIN mean errors 0.7238249182701111
INFO:root:TRAIN mean MRR 0.0 - mean MAP 0.02659361717207439
INFO:root:TRAIN tp {0: tensor(663281, device='cuda:0'), 1: tensor(50670, device='cuda:0')},fn {0: tensor(1871169, device='cuda:0'), 1: tensor(19, device='cuda:0')},fp {0: tensor(19, device='cuda:0'), 1: tensor(1871169, device='cuda:0')}
INFO:root:TRAIN measures microavg - precision 0.2762 - recall 0.2762 - f1 0.2762 
INFO:root:TRAIN measures for class 0 - precision 1.0000 - recall 0.2617 - f1 0.4148 
INFO:root:TRAIN measures for class 1 - precision 0.0264 - recall 0.9996 - f1 0.0514 
INFO:root:TRAIN measures@10 microavg - precision 0.5059 - recall 0.0001 - f1 0.0001 
INFO:root:TRAIN measures@10 for class 0 - precision 1.0000 - recall 0.0001 - f1 0.0001 
INFO:root:TRAIN measures@10 for class 1 - precision 0.0118 - recall 0.0000 - f1 0.0001 
INFO:root:TRAIN measures@100 microavg - precision 0.5094 - recall 0.0007 - f1 0.0013 
INFO:root:TRAIN measures@100 for class 0 - precision 1.0000 - recall 0.0007 - f1 0.0013 
INFO:root:TRAIN measures@100 for class 1 - precision 0.0188 - recall 0.0006 - f1 0.0012 
INFO:root:TRAIN measures@1000 microavg - precision 0.5118 - recall 0.0067 - f1 0.0133 
INFO:root:TRAIN measures@1000 for class 0 - precision 1.0000 - recall 0.0067 - f1 0.0133 
INFO:root:TRAIN measures@1000 for class 1 - precision 0.0236 - recall 0.0079 - f1 0.0119 
INFO:root:TRAIN Total epoch time: 3.32883083820343
INFO:root:################ VALID epoch 6 ###################
