INFO:root:*** PARAMETERS ***
INFO:root:{'adj_mat_time_window': 5,
 'class_weights': [0.05, 0.95],
 'comments': ['comments'],
 'data': 'seir',
 'data_loading_params': {'batch_size': 1, 'num_workers': 0},
 'dev_proportion': 0.2,
 'device': 'cuda',
 'early_stop_patience': 50,
 'eval_after_epochs': 6,
 'gcn_parameters': {'cls_feats': 1024,
                    'cls_feats_max': 1024,
                    'cls_feats_min': 100,
                    'feats_per_node': 100,
                    'feats_per_node_max': 256,
                    'feats_per_node_min': 50,
                    'k_top_grcu': 200,
                    'layer_1_feats': 51,
                    'layer_1_feats_max': 200,
                    'layer_1_feats_min': 10,
                    'layer_2_feats': 51,
                    'layer_2_feats_same_as_l1': True,
                    'lstm_l1_feats': 157,
                    'lstm_l1_feats_max': 200,
                    'lstm_l1_feats_min': 10,
                    'lstm_l1_layers': 1,
                    'lstm_l2_feats': 157,
                    'lstm_l2_feats_same_as_l1': True,
                    'lstm_l2_layers': 1,
                    'num_layers': 2},
 'learning_rate': 0.005,
 'learning_rate_max': 0.1,
 'learning_rate_min': 0.0001,
 'model': 'egcn_o',
 'negative_mult_test': 20,
 'negative_mult_training': 10,
 'num_epochs': 100,
 'num_hist_steps': 5,
 'num_hist_steps_max': 10,
 'num_hist_steps_min': 2,
 'rank': 0,
 'save_node_embeddings': False,
 'save_state': True,
 'seed': 1234,
 'seir_args': <utils.Namespace object at 0x7f6eeeba5760>,
 'smart_neg_sampling': True,
 'steps_accum_gradients': 1,
 'target_class': 1,
 'target_measure': 'MAP',
 'task': 'link_pred',
 'train_proportion': 0.7,
 'use_1_hot_node_feats': True,
 'use_2_hot_node_feats': False,
 'use_cuda': True,
 'use_logfile': True,
 'wsize': 1}
INFO:root:
INFO:root:################ TRAIN epoch 0 ###################
INFO:root:TRAIN mean losses tensor(0.0886, device='cuda:0')
INFO:root:TRAIN mean errors 0.9090696573257446
INFO:root:TRAIN mean MRR 0.0 - mean MAP 0.10457149796857497
INFO:root:TRAIN tp {0: tensor(18, device='cuda:0'), 1: tensor(77053, device='cuda:0')},fn {0: tensor(770512, device='cuda:0'), 1: tensor(0, device='cuda:0')},fp {0: tensor(0, device='cuda:0'), 1: tensor(770512, device='cuda:0')}
INFO:root:TRAIN measures microavg - precision 0.0909 - recall 0.0909 - f1 0.0909 
INFO:root:TRAIN measures for class 0 - precision 1.0000 - recall 0.0000 - f1 0.0000 
INFO:root:TRAIN measures for class 1 - precision 0.0909 - recall 1.0000 - f1 0.1667 
INFO:root:TRAIN measures@10 microavg - precision 0.1833 - recall 0.0000 - f1 0.0000 
INFO:root:TRAIN measures@10 for class 0 - precision 1.0000 - recall 0.0000 - f1 0.0000 
INFO:root:TRAIN measures@10 for class 1 - precision 0.0200 - recall 0.0000 - f1 0.0000 
INFO:root:TRAIN measures@100 microavg - precision 0.0734 - recall 0.0000 - f1 0.0001 
INFO:root:TRAIN measures@100 for class 0 - precision 1.0000 - recall 0.0000 - f1 0.0000 
INFO:root:TRAIN measures@100 for class 1 - precision 0.0400 - recall 0.0003 - f1 0.0005 
INFO:root:TRAIN measures@1000 microavg - precision 0.0622 - recall 0.0004 - f1 0.0007 
INFO:root:TRAIN measures@1000 for class 0 - precision 1.0000 - recall 0.0000 - f1 0.0000 
INFO:root:TRAIN measures@1000 for class 1 - precision 0.0588 - recall 0.0038 - f1 0.0072 
INFO:root:TRAIN Total epoch time: 2.885984944179654
INFO:root:################ TRAIN epoch 1 ###################
INFO:root:TRAIN mean losses tensor(0.0841, device='cuda:0')
INFO:root:TRAIN mean errors 0.9080066680908203
INFO:root:TRAIN mean MRR 0.0 - mean MAP 0.1326452650351503
INFO:root:TRAIN tp {0: tensor(922, device='cuda:0'), 1: tensor(77050, device='cuda:0')},fn {0: tensor(769608, device='cuda:0'), 1: tensor(3, device='cuda:0')},fp {0: tensor(3, device='cuda:0'), 1: tensor(769608, device='cuda:0')}
INFO:root:TRAIN measures microavg - precision 0.0920 - recall 0.0920 - f1 0.0920 
INFO:root:TRAIN measures for class 0 - precision 0.9968 - recall 0.0012 - f1 0.0024 
INFO:root:TRAIN measures for class 1 - precision 0.0910 - recall 1.0000 - f1 0.1668 
INFO:root:TRAIN measures@10 microavg - precision 0.3667 - recall 0.0000 - f1 0.0001 
INFO:root:TRAIN measures@10 for class 0 - precision 1.0000 - recall 0.0000 - f1 0.0000 
INFO:root:TRAIN measures@10 for class 1 - precision 0.2400 - recall 0.0002 - f1 0.0003 
INFO:root:TRAIN measures@100 microavg - precision 0.3250 - recall 0.0002 - f1 0.0005 
INFO:root:TRAIN measures@100 for class 0 - precision 1.0000 - recall 0.0001 - f1 0.0003 
INFO:root:TRAIN measures@100 for class 1 - precision 0.1900 - recall 0.0012 - f1 0.0024 
INFO:root:TRAIN measures@1000 microavg - precision 0.2787 - recall 0.0019 - f1 0.0039 
INFO:root:TRAIN measures@1000 for class 0 - precision 0.9967 - recall 0.0012 - f1 0.0024 
INFO:root:TRAIN measures@1000 for class 1 - precision 0.1462 - recall 0.0095 - f1 0.0178 
INFO:root:TRAIN Total epoch time: 2.0963263818994164
INFO:root:################ TRAIN epoch 2 ###################
INFO:root:TRAIN mean losses tensor(0.0803, device='cuda:0')
INFO:root:TRAIN mean errors 0.7671425938606262
INFO:root:TRAIN mean MRR 0.0 - mean MAP 0.13701762060864323
INFO:root:TRAIN tp {0: tensor(121314, device='cuda:0'), 1: tensor(76052, device='cuda:0')},fn {0: tensor(649216, device='cuda:0'), 1: tensor(1001, device='cuda:0')},fp {0: tensor(1001, device='cuda:0'), 1: tensor(649216, device='cuda:0')}
INFO:root:TRAIN measures microavg - precision 0.2329 - recall 0.2329 - f1 0.2329 
INFO:root:TRAIN measures for class 0 - precision 0.9918 - recall 0.1574 - f1 0.2717 
INFO:root:TRAIN measures for class 1 - precision 0.1049 - recall 0.9870 - f1 0.1896 
INFO:root:TRAIN measures@10 microavg - precision 0.5400 - recall 0.0001 - f1 0.0001 
INFO:root:TRAIN measures@10 for class 0 - precision 1.0000 - recall 0.0001 - f1 0.0001 
INFO:root:TRAIN measures@10 for class 1 - precision 0.0800 - recall 0.0001 - f1 0.0001 
INFO:root:TRAIN measures@100 microavg - precision 0.5600 - recall 0.0007 - f1 0.0013 
INFO:root:TRAIN measures@100 for class 0 - precision 0.9980 - recall 0.0006 - f1 0.0013 
INFO:root:TRAIN measures@100 for class 1 - precision 0.1220 - recall 0.0008 - f1 0.0016 
INFO:root:TRAIN measures@1000 microavg - precision 0.5736 - recall 0.0068 - f1 0.0134 
INFO:root:TRAIN measures@1000 for class 0 - precision 0.9978 - recall 0.0065 - f1 0.0129 
INFO:root:TRAIN measures@1000 for class 1 - precision 0.1494 - recall 0.0097 - f1 0.0182 
INFO:root:TRAIN Total epoch time: 2.2063379832543433
INFO:root:################ TRAIN epoch 3 ###################
INFO:root:TRAIN mean losses tensor(0.0746, device='cuda:0')
INFO:root:TRAIN mean errors 0.5922428965568542
INFO:root:TRAIN mean MRR 0.0 - mean MAP 0.1477887661537558
INFO:root:TRAIN tp {0: tensor(272592, device='cuda:0'), 1: tensor(73016, device='cuda:0')},fn {0: tensor(497938, device='cuda:0'), 1: tensor(4037, device='cuda:0')},fp {0: tensor(4037, device='cuda:0'), 1: tensor(497938, device='cuda:0')}
INFO:root:TRAIN measures microavg - precision 0.4078 - recall 0.4078 - f1 0.4078 
INFO:root:TRAIN measures for class 0 - precision 0.9854 - recall 0.3538 - f1 0.5206 
INFO:root:TRAIN measures for class 1 - precision 0.1279 - recall 0.9476 - f1 0.2254 
INFO:root:TRAIN measures@10 microavg - precision 0.6100 - recall 0.0001 - f1 0.0001 
INFO:root:TRAIN measures@10 for class 0 - precision 1.0000 - recall 0.0001 - f1 0.0001 
INFO:root:TRAIN measures@10 for class 1 - precision 0.2200 - recall 0.0001 - f1 0.0003 
INFO:root:TRAIN measures@100 microavg - precision 0.5770 - recall 0.0007 - f1 0.0014 
INFO:root:TRAIN measures@100 for class 0 - precision 1.0000 - recall 0.0006 - f1 0.0013 
INFO:root:TRAIN measures@100 for class 1 - precision 0.1540 - recall 0.0010 - f1 0.0020 
INFO:root:TRAIN measures@1000 microavg - precision 0.5767 - recall 0.0068 - f1 0.0134 
INFO:root:TRAIN measures@1000 for class 0 - precision 0.9984 - recall 0.0065 - f1 0.0129 
INFO:root:TRAIN measures@1000 for class 1 - precision 0.1550 - recall 0.0101 - f1 0.0189 
INFO:root:TRAIN Total epoch time: 1.9561785608530045
INFO:root:################ TRAIN epoch 4 ###################
INFO:root:TRAIN mean losses tensor(0.0732, device='cuda:0')
INFO:root:TRAIN mean errors 0.5113222002983093
INFO:root:TRAIN mean MRR 0.0 - mean MAP 0.14340469885267754
INFO:root:TRAIN tp {0: tensor(342255, device='cuda:0'), 1: tensor(71940, device='cuda:0')},fn {0: tensor(428275, device='cuda:0'), 1: tensor(5113, device='cuda:0')},fp {0: tensor(5113, device='cuda:0'), 1: tensor(428275, device='cuda:0')}
INFO:root:TRAIN measures microavg - precision 0.4887 - recall 0.4887 - f1 0.4887 
INFO:root:TRAIN measures for class 0 - precision 0.9853 - recall 0.4442 - f1 0.6123 
INFO:root:TRAIN measures for class 1 - precision 0.1438 - recall 0.9336 - f1 0.2492 
INFO:root:TRAIN measures@10 microavg - precision 0.5600 - recall 0.0001 - f1 0.0001 
INFO:root:TRAIN measures@10 for class 0 - precision 1.0000 - recall 0.0001 - f1 0.0001 
INFO:root:TRAIN measures@10 for class 1 - precision 0.1200 - recall 0.0001 - f1 0.0002 
INFO:root:TRAIN measures@100 microavg - precision 0.5670 - recall 0.0007 - f1 0.0013 
INFO:root:TRAIN measures@100 for class 0 - precision 1.0000 - recall 0.0006 - f1 0.0013 
INFO:root:TRAIN measures@100 for class 1 - precision 0.1340 - recall 0.0009 - f1 0.0017 
INFO:root:TRAIN measures@1000 microavg - precision 0.5598 - recall 0.0066 - f1 0.0131 
INFO:root:TRAIN measures@1000 for class 0 - precision 0.9988 - recall 0.0065 - f1 0.0129 
INFO:root:TRAIN measures@1000 for class 1 - precision 0.1208 - recall 0.0078 - f1 0.0147 
INFO:root:TRAIN Total epoch time: 1.9838911183178425
INFO:root:################ TRAIN epoch 5 ###################
INFO:root:TRAIN mean losses tensor(0.0704, device='cuda:0')
INFO:root:TRAIN mean errors 0.5699748396873474
INFO:root:TRAIN mean MRR 0.0 - mean MAP 0.14394771012992646
INFO:root:TRAIN tp {0: tensor(291109, device='cuda:0'), 1: tensor(73373, device='cuda:0')},fn {0: tensor(479421, device='cuda:0'), 1: tensor(3680, device='cuda:0')},fp {0: tensor(3680, device='cuda:0'), 1: tensor(479421, device='cuda:0')}
INFO:root:TRAIN measures microavg - precision 0.4300 - recall 0.4300 - f1 0.4300 
INFO:root:TRAIN measures for class 0 - precision 0.9875 - recall 0.3778 - f1 0.5465 
INFO:root:TRAIN measures for class 1 - precision 0.1327 - recall 0.9522 - f1 0.2330 
INFO:root:TRAIN measures@10 microavg - precision 0.5500 - recall 0.0001 - f1 0.0001 
INFO:root:TRAIN measures@10 for class 0 - precision 1.0000 - recall 0.0001 - f1 0.0001 
INFO:root:TRAIN measures@10 for class 1 - precision 0.1000 - recall 0.0001 - f1 0.0001 
INFO:root:TRAIN measures@100 microavg - precision 0.5710 - recall 0.0007 - f1 0.0013 
INFO:root:TRAIN measures@100 for class 0 - precision 1.0000 - recall 0.0006 - f1 0.0013 
INFO:root:TRAIN measures@100 for class 1 - precision 0.1420 - recall 0.0009 - f1 0.0018 
INFO:root:TRAIN measures@1000 microavg - precision 0.5654 - recall 0.0067 - f1 0.0132 
INFO:root:TRAIN measures@1000 for class 0 - precision 0.9984 - recall 0.0065 - f1 0.0129 
INFO:root:TRAIN measures@1000 for class 1 - precision 0.1324 - recall 0.0086 - f1 0.0161 
INFO:root:TRAIN Total epoch time: 2.0092947660014033
INFO:root:################ TRAIN epoch 6 ###################
INFO:root:TRAIN mean losses tensor(0.0722, device='cuda:0')
INFO:root:TRAIN mean errors 0.5453566312789917
INFO:root:TRAIN mean MRR 0.0 - mean MAP 0.14779059124784202
INFO:root:TRAIN tp {0: tensor(312415, device='cuda:0'), 1: tensor(72933, device='cuda:0')},fn {0: tensor(458115, device='cuda:0'), 1: tensor(4120, device='cuda:0')},fp {0: tensor(4120, device='cuda:0'), 1: tensor(458115, device='cuda:0')}
INFO:root:TRAIN measures microavg - precision 0.4546 - recall 0.4546 - f1 0.4546 
INFO:root:TRAIN measures for class 0 - precision 0.9870 - recall 0.4055 - f1 0.5748 
INFO:root:TRAIN measures for class 1 - precision 0.1373 - recall 0.9465 - f1 0.2399 
INFO:root:TRAIN measures@10 microavg - precision 0.5900 - recall 0.0001 - f1 0.0001 
INFO:root:TRAIN measures@10 for class 0 - precision 1.0000 - recall 0.0001 - f1 0.0001 
INFO:root:TRAIN measures@10 for class 1 - precision 0.1800 - recall 0.0001 - f1 0.0002 
INFO:root:TRAIN measures@100 microavg - precision 0.5700 - recall 0.0007 - f1 0.0013 
INFO:root:TRAIN measures@100 for class 0 - precision 1.0000 - recall 0.0006 - f1 0.0013 
INFO:root:TRAIN measures@100 for class 1 - precision 0.1400 - recall 0.0009 - f1 0.0018 
INFO:root:TRAIN measures@1000 microavg - precision 0.5765 - recall 0.0068 - f1 0.0134 
INFO:root:TRAIN measures@1000 for class 0 - precision 0.9994 - recall 0.0065 - f1 0.0129 
INFO:root:TRAIN measures@1000 for class 1 - precision 0.1536 - recall 0.0100 - f1 0.0187 
INFO:root:TRAIN Total epoch time: 1.9177543292753398
INFO:root:################ TRAIN epoch 7 ###################
INFO:root:TRAIN mean losses tensor(0.0705, device='cuda:0')
INFO:root:TRAIN mean errors 0.49702388048171997
INFO:root:TRAIN mean MRR 0.0 - mean MAP 0.14573545346915212
INFO:root:TRAIN tp {0: tensor(354659, device='cuda:0'), 1: tensor(71655, device='cuda:0')},fn {0: tensor(415871, device='cuda:0'), 1: tensor(5398, device='cuda:0')},fp {0: tensor(5398, device='cuda:0'), 1: tensor(415871, device='cuda:0')}
INFO:root:TRAIN measures microavg - precision 0.5030 - recall 0.5030 - f1 0.5030 
INFO:root:TRAIN measures for class 0 - precision 0.9850 - recall 0.4603 - f1 0.6274 
INFO:root:TRAIN measures for class 1 - precision 0.1470 - recall 0.9299 - f1 0.2538 
INFO:root:TRAIN measures@10 microavg - precision 0.5700 - recall 0.0001 - f1 0.0001 
INFO:root:TRAIN measures@10 for class 0 - precision 1.0000 - recall 0.0001 - f1 0.0001 
INFO:root:TRAIN measures@10 for class 1 - precision 0.1400 - recall 0.0001 - f1 0.0002 
INFO:root:TRAIN measures@100 microavg - precision 0.5560 - recall 0.0007 - f1 0.0013 
INFO:root:TRAIN measures@100 for class 0 - precision 1.0000 - recall 0.0006 - f1 0.0013 
INFO:root:TRAIN measures@100 for class 1 - precision 0.1120 - recall 0.0007 - f1 0.0014 
INFO:root:TRAIN measures@1000 microavg - precision 0.5658 - recall 0.0067 - f1 0.0132 
INFO:root:TRAIN measures@1000 for class 0 - precision 1.0000 - recall 0.0065 - f1 0.0129 
INFO:root:TRAIN measures@1000 for class 1 - precision 0.1316 - recall 0.0085 - f1 0.0160 
INFO:root:TRAIN Total epoch time: 1.9305465728975832
INFO:root:################ VALID epoch 7 ###################
INFO:root:VALID mean losses tensor(0.0632, device='cuda:0')
INFO:root:VALID mean errors 0.6450081467628479
INFO:root:VALID mean MRR 0.15205857161758796 - mean MAP 0.0652122548386984
INFO:root:VALID tp {0: tensor(127158, device='cuda:0'), 1: tensor(18815, device='cuda:0')},fn {0: tensor(264462, device='cuda:0'), 1: tensor(766, device='cuda:0')},fp {0: tensor(766, device='cuda:0'), 1: tensor(264462, device='cuda:0')}
INFO:root:VALID measures microavg - precision 0.3550 - recall 0.3550 - f1 0.3550 
INFO:root:VALID measures for class 0 - precision 0.9940 - recall 0.3247 - f1 0.4895 
INFO:root:VALID measures for class 1 - precision 0.0664 - recall 0.9609 - f1 0.1242 
INFO:root:VALID measures@10 microavg - precision 0.5000 - recall 0.0001 - f1 0.0001 
INFO:root:VALID measures@10 for class 0 - precision 1.0000 - recall 0.0001 - f1 0.0002 
INFO:root:VALID measures@10 for class 1 - precision 0.0000 - recall 0.0000 - f1 0.0000 
INFO:root:VALID measures@100 microavg - precision 0.5017 - recall 0.0007 - f1 0.0015 
INFO:root:VALID measures@100 for class 0 - precision 1.0000 - recall 0.0008 - f1 0.0015 
INFO:root:VALID measures@100 for class 1 - precision 0.0033 - recall 0.0001 - f1 0.0001 
INFO:root:VALID measures@1000 microavg - precision 0.5173 - recall 0.0075 - f1 0.0149 
INFO:root:VALID measures@1000 for class 0 - precision 1.0000 - recall 0.0077 - f1 0.0152 
INFO:root:VALID measures@1000 for class 1 - precision 0.0347 - recall 0.0053 - f1 0.0092 
INFO:root:VALID Total epoch time: 36.56373453093693
INFO:root:################ TEST epoch 7 ###################
INFO:root:TEST batch 1 / 2 - partial error 0.7013 - partial loss 0.0662 - partial MRR  0.1407 - partial MAP 0.0585
INFO:root:TEST batch 1 / 2 -  partial tp {0: tensor(16100, device='cuda:0'), 1: tensor(2965, device='cuda:0')},fn {0: tensor(44680, device='cuda:0'), 1: tensor(74, device='cuda:0')},fp {0: tensor(74, device='cuda:0'), 1: tensor(44680, device='cuda:0')}
INFO:root:TEST batch 1 / 2 - measures partial microavg - precision 0.2987 - recall 0.2987 - f1 0.2987 
INFO:root:TEST batch 1 / 2 - measures partial for class 0 - precision 0.9954 - recall 0.2649 - f1 0.4184 
INFO:root:TEST batch 1 / 2 - measures partial for class 1 - precision 0.0622 - recall 0.9756 - f1 0.1170 
INFO:root:TEST batch 1 / 2 - Batch time 11 
INFO:root:TEST batch 2 / 2 - partial error 0.7159 - partial loss 0.0673 - partial MRR  0.1391 - partial MAP 0.0565
INFO:root:TEST batch 2 / 2 -  partial tp {0: tensor(12763, device='cuda:0'), 1: tensor(2649, device='cuda:0')},fn {0: tensor(42037, device='cuda:0'), 1: tensor(91, device='cuda:0')},fp {0: tensor(91, device='cuda:0'), 1: tensor(42037, device='cuda:0')}
INFO:root:TEST batch 2 / 2 - measures partial microavg - precision 0.2678 - recall 0.2678 - f1 0.2678 
INFO:root:TEST batch 2 / 2 - measures partial for class 0 - precision 0.9929 - recall 0.2329 - f1 0.3773 
INFO:root:TEST batch 2 / 2 - measures partial for class 1 - precision 0.0593 - recall 0.9668 - f1 0.1117 
INFO:root:TEST batch 2 / 2 - Batch time 11 
INFO:root:TEST mean losses tensor(0.0673, device='cuda:0')
INFO:root:TEST mean errors 0.7159090042114258
INFO:root:TEST mean MRR 0.13911443537410725 - mean MAP 0.056473056785910795
INFO:root:TEST tp {0: tensor(28863, device='cuda:0'), 1: tensor(5614, device='cuda:0')},fn {0: tensor(86717, device='cuda:0'), 1: tensor(165, device='cuda:0')},fp {0: tensor(165, device='cuda:0'), 1: tensor(86717, device='cuda:0')}
INFO:root:TEST measures microavg - precision 0.2841 - recall 0.2841 - f1 0.2841 
INFO:root:TEST measures for class 0 - precision 0.9943 - recall 0.2497 - f1 0.3992 
INFO:root:TEST measures for class 1 - precision 0.0608 - recall 0.9714 - f1 0.1144 
INFO:root:TEST measures@10 microavg - precision 0.5000 - recall 0.0002 - f1 0.0003 
INFO:root:TEST measures@10 for class 0 - precision 1.0000 - recall 0.0002 - f1 0.0003 
INFO:root:TEST measures@10 for class 1 - precision 0.0000 - recall 0.0000 - f1 0.0000 
INFO:root:TEST measures@100 microavg - precision 0.5000 - recall 0.0016 - f1 0.0033 
INFO:root:TEST measures@100 for class 0 - precision 1.0000 - recall 0.0017 - f1 0.0035 
INFO:root:TEST measures@100 for class 1 - precision 0.0000 - recall 0.0000 - f1 0.0000 
INFO:root:TEST measures@1000 microavg - precision 0.5095 - recall 0.0168 - f1 0.0325 
INFO:root:TEST measures@1000 for class 0 - precision 1.0000 - recall 0.0173 - f1 0.0340 
INFO:root:TEST measures@1000 for class 1 - precision 0.0190 - recall 0.0066 - f1 0.0098 
INFO:root:TEST Total epoch time: 22.601627347059548
INFO:root:################ TRAIN epoch 8 ###################
INFO:root:TRAIN mean losses tensor(0.0681, device='cuda:0')
INFO:root:TRAIN mean errors 0.5144168734550476
INFO:root:TRAIN mean MRR 0.0 - mean MAP 0.14456894046512253
INFO:root:TRAIN tp {0: tensor(338384, device='cuda:0'), 1: tensor(73188, device='cuda:0')},fn {0: tensor(432146, device='cuda:0'), 1: tensor(3865, device='cuda:0')},fp {0: tensor(3865, device='cuda:0'), 1: tensor(432146, device='cuda:0')}
INFO:root:TRAIN measures microavg - precision 0.4856 - recall 0.4856 - f1 0.4856 
INFO:root:TRAIN measures for class 0 - precision 0.9887 - recall 0.4392 - f1 0.6082 
INFO:root:TRAIN measures for class 1 - precision 0.1448 - recall 0.9498 - f1 0.2513 
INFO:root:TRAIN measures@10 microavg - precision 0.5600 - recall 0.0001 - f1 0.0001 
INFO:root:TRAIN measures@10 for class 0 - precision 1.0000 - recall 0.0001 - f1 0.0001 
INFO:root:TRAIN measures@10 for class 1 - precision 0.1200 - recall 0.0001 - f1 0.0002 
INFO:root:TRAIN measures@100 microavg - precision 0.5600 - recall 0.0007 - f1 0.0013 
INFO:root:TRAIN measures@100 for class 0 - precision 1.0000 - recall 0.0006 - f1 0.0013 
INFO:root:TRAIN measures@100 for class 1 - precision 0.1200 - recall 0.0008 - f1 0.0015 
INFO:root:TRAIN measures@1000 microavg - precision 0.5721 - recall 0.0067 - f1 0.0133 
INFO:root:TRAIN measures@1000 for class 0 - precision 0.9994 - recall 0.0065 - f1 0.0129 
INFO:root:TRAIN measures@1000 for class 1 - precision 0.1448 - recall 0.0094 - f1 0.0176 
INFO:root:TRAIN Total epoch time: 1.9285229463130236
INFO:root:################ VALID epoch 8 ###################
INFO:root:VALID mean losses tensor(0.0643, device='cuda:0')
INFO:root:VALID mean errors 0.6308107376098633
INFO:root:VALID mean MRR 0.1497273417950291 - mean MAP 0.06675169042977575
INFO:root:VALID tp {0: tensor(132928, device='cuda:0'), 1: tensor(18883, device='cuda:0')},fn {0: tensor(258692, device='cuda:0'), 1: tensor(698, device='cuda:0')},fp {0: tensor(698, device='cuda:0'), 1: tensor(258692, device='cuda:0')}
INFO:root:VALID measures microavg - precision 0.3692 - recall 0.3692 - f1 0.3692 
INFO:root:VALID measures for class 0 - precision 0.9948 - recall 0.3394 - f1 0.5062 
INFO:root:VALID measures for class 1 - precision 0.0680 - recall 0.9644 - f1 0.1271 
INFO:root:VALID measures@10 microavg - precision 0.5167 - recall 0.0001 - f1 0.0002 
INFO:root:VALID measures@10 for class 0 - precision 1.0000 - recall 0.0001 - f1 0.0002 
INFO:root:VALID measures@10 for class 1 - precision 0.0333 - recall 0.0001 - f1 0.0001 
INFO:root:VALID measures@100 microavg - precision 0.5300 - recall 0.0008 - f1 0.0015 
INFO:root:VALID measures@100 for class 0 - precision 1.0000 - recall 0.0008 - f1 0.0015 
INFO:root:VALID measures@100 for class 1 - precision 0.0600 - recall 0.0009 - f1 0.0018 
INFO:root:VALID measures@1000 microavg - precision 0.5323 - recall 0.0078 - f1 0.0153 
INFO:root:VALID measures@1000 for class 0 - precision 1.0000 - recall 0.0077 - f1 0.0152 
INFO:root:VALID measures@1000 for class 1 - precision 0.0647 - recall 0.0099 - f1 0.0172 
INFO:root:VALID Total epoch time: 36.16015467932448
INFO:root:################ TEST epoch 8 ###################
INFO:root:TEST batch 1 / 2 - partial error 0.6922 - partial loss 0.0672 - partial MRR  0.1554 - partial MAP 0.0593
INFO:root:TEST batch 1 / 2 -  partial tp {0: tensor(16695, device='cuda:0'), 1: tensor(2949, device='cuda:0')},fn {0: tensor(44085, device='cuda:0'), 1: tensor(90, device='cuda:0')},fp {0: tensor(90, device='cuda:0'), 1: tensor(44085, device='cuda:0')}
INFO:root:TEST batch 1 / 2 - measures partial microavg - precision 0.3078 - recall 0.3078 - f1 0.3078 
INFO:root:TEST batch 1 / 2 - measures partial for class 0 - precision 0.9946 - recall 0.2747 - f1 0.4305 
INFO:root:TEST batch 1 / 2 - measures partial for class 1 - precision 0.0627 - recall 0.9704 - f1 0.1178 
INFO:root:TEST batch 1 / 2 - Batch time 11 
INFO:root:TEST batch 2 / 2 - partial error 0.7088 - partial loss 0.0684 - partial MRR  0.1516 - partial MAP 0.0574
INFO:root:TEST batch 2 / 2 -  partial tp {0: tensor(13047, device='cuda:0'), 1: tensor(2650, device='cuda:0')},fn {0: tensor(41753, device='cuda:0'), 1: tensor(90, device='cuda:0')},fp {0: tensor(90, device='cuda:0'), 1: tensor(41753, device='cuda:0')}
INFO:root:TEST batch 2 / 2 - measures partial microavg - precision 0.2728 - recall 0.2728 - f1 0.2728 
INFO:root:TEST batch 2 / 2 - measures partial for class 0 - precision 0.9931 - recall 0.2381 - f1 0.3841 
INFO:root:TEST batch 2 / 2 - measures partial for class 1 - precision 0.0597 - recall 0.9672 - f1 0.1124 
INFO:root:TEST batch 2 / 2 - Batch time 11 
INFO:root:TEST mean losses tensor(0.0684, device='cuda:0')
INFO:root:TEST mean errors 0.7087896466255188
INFO:root:TEST mean MRR 0.15163488687854207 - mean MAP 0.057418427070902195
INFO:root:TEST tp {0: tensor(29742, device='cuda:0'), 1: tensor(5599, device='cuda:0')},fn {0: tensor(85838, device='cuda:0'), 1: tensor(180, device='cuda:0')},fp {0: tensor(180, device='cuda:0'), 1: tensor(85838, device='cuda:0')}
INFO:root:TEST measures microavg - precision 0.2912 - recall 0.2912 - f1 0.2912 
INFO:root:TEST measures for class 0 - precision 0.9940 - recall 0.2573 - f1 0.4088 
INFO:root:TEST measures for class 1 - precision 0.0612 - recall 0.9689 - f1 0.1152 
INFO:root:TEST measures@10 microavg - precision 0.5000 - recall 0.0002 - f1 0.0003 
INFO:root:TEST measures@10 for class 0 - precision 1.0000 - recall 0.0002 - f1 0.0003 
INFO:root:TEST measures@10 for class 1 - precision 0.0000 - recall 0.0000 - f1 0.0000 
INFO:root:TEST measures@100 microavg - precision 0.5050 - recall 0.0017 - f1 0.0033 
INFO:root:TEST measures@100 for class 0 - precision 1.0000 - recall 0.0017 - f1 0.0035 
INFO:root:TEST measures@100 for class 1 - precision 0.0100 - recall 0.0003 - f1 0.0007 
INFO:root:TEST measures@1000 microavg - precision 0.5212 - recall 0.0172 - f1 0.0333 
INFO:root:TEST measures@1000 for class 0 - precision 1.0000 - recall 0.0173 - f1 0.0340 
INFO:root:TEST measures@1000 for class 1 - precision 0.0425 - recall 0.0147 - f1 0.0219 
INFO:root:TEST Total epoch time: 22.720802986063063
INFO:root:################ TRAIN epoch 9 ###################
INFO:root:TRAIN mean losses tensor(0.0674, device='cuda:0')
INFO:root:TRAIN mean errors 0.5144357681274414
INFO:root:TRAIN mean MRR 0.0 - mean MAP 0.14297947770194105
INFO:root:TRAIN tp {0: tensor(337889, device='cuda:0'), 1: tensor(73667, device='cuda:0')},fn {0: tensor(432641, device='cuda:0'), 1: tensor(3386, device='cuda:0')},fp {0: tensor(3386, device='cuda:0'), 1: tensor(432641, device='cuda:0')}
INFO:root:TRAIN measures microavg - precision 0.4856 - recall 0.4856 - f1 0.4856 
INFO:root:TRAIN measures for class 0 - precision 0.9901 - recall 0.4385 - f1 0.6078 
INFO:root:TRAIN measures for class 1 - precision 0.1455 - recall 0.9561 - f1 0.2526 
INFO:root:TRAIN measures@10 microavg - precision 0.5300 - recall 0.0001 - f1 0.0001 
INFO:root:TRAIN measures@10 for class 0 - precision 1.0000 - recall 0.0001 - f1 0.0001 
INFO:root:TRAIN measures@10 for class 1 - precision 0.0600 - recall 0.0000 - f1 0.0001 
INFO:root:TRAIN measures@100 microavg - precision 0.5440 - recall 0.0006 - f1 0.0013 
INFO:root:TRAIN measures@100 for class 0 - precision 1.0000 - recall 0.0006 - f1 0.0013 
INFO:root:TRAIN measures@100 for class 1 - precision 0.0880 - recall 0.0006 - f1 0.0011 
INFO:root:TRAIN measures@1000 microavg - precision 0.5467 - recall 0.0065 - f1 0.0127 
INFO:root:TRAIN measures@1000 for class 0 - precision 1.0000 - recall 0.0065 - f1 0.0129 
INFO:root:TRAIN measures@1000 for class 1 - precision 0.0934 - recall 0.0061 - f1 0.0114 
INFO:root:TRAIN Total epoch time: 2.089005039073527
INFO:root:################ VALID epoch 9 ###################
