INFO:root:*** PARAMETERS ***
INFO:root:{'adj_mat_time_window': 5,
 'class_weights': [0.05, 0.95],
 'comments': ['comments'],
 'data': 'seir',
 'data_loading_params': {'batch_size': 1, 'num_workers': 0},
 'dev_proportion': 0.2,
 'device': 'cuda',
 'early_stop_patience': 50,
 'eval_after_epochs': 6,
 'gcn_parameters': {'cls_feats': 1024,
                    'cls_feats_max': 1024,
                    'cls_feats_min': 100,
                    'feats_per_node': 100,
                    'feats_per_node_max': 256,
                    'feats_per_node_min': 50,
                    'k_top_grcu': 200,
                    'layer_1_feats': 51,
                    'layer_1_feats_max': 200,
                    'layer_1_feats_min': 10,
                    'layer_2_feats': 51,
                    'layer_2_feats_same_as_l1': True,
                    'lstm_l1_feats': 157,
                    'lstm_l1_feats_max': 200,
                    'lstm_l1_feats_min': 10,
                    'lstm_l1_layers': 1,
                    'lstm_l2_feats': 157,
                    'lstm_l2_feats_same_as_l1': True,
                    'lstm_l2_layers': 1,
                    'num_layers': 2},
 'learning_rate': 0.005,
 'learning_rate_max': 0.1,
 'learning_rate_min': 0.0001,
 'model': 'egcn_o',
 'negative_mult_test': 20,
 'negative_mult_training': 10,
 'num_epochs': 100,
 'num_hist_steps': 5,
 'num_hist_steps_max': 10,
 'num_hist_steps_min': 2,
 'rank': 0,
 'save_node_embeddings': False,
 'save_state': True,
 'seed': 1234,
 'seir_args': <utils.Namespace object at 0x7f4418998790>,
 'smart_neg_sampling': True,
 'steps_accum_gradients': 1,
 'target_class': 1,
 'target_measure': 'MAP',
 'task': 'link_pred',
 'train_proportion': 0.7,
 'use_1_hot_node_feats': True,
 'use_2_hot_node_feats': False,
 'use_cuda': True,
 'use_logfile': True,
 'wsize': 1}
INFO:root:
INFO:root:################ TRAIN epoch 0 ###################
INFO:root:TRAIN mean losses tensor(0.0886, device='cuda:0')
INFO:root:TRAIN mean errors 0.9090696573257446
INFO:root:TRAIN mean MRR 0.0 - mean MAP 0.10457142757863024
INFO:root:TRAIN tp {0: tensor(18, device='cuda:0'), 1: tensor(77053, device='cuda:0')},fn {0: tensor(770512, device='cuda:0'), 1: tensor(0, device='cuda:0')},fp {0: tensor(0, device='cuda:0'), 1: tensor(770512, device='cuda:0')}
INFO:root:TRAIN measures microavg - precision 0.0909 - recall 0.0909 - f1 0.0909 
INFO:root:TRAIN measures for class 0 - precision 1.0000 - recall 0.0000 - f1 0.0000 
INFO:root:TRAIN measures for class 1 - precision 0.0909 - recall 1.0000 - f1 0.1667 
INFO:root:TRAIN measures@10 microavg - precision 0.1833 - recall 0.0000 - f1 0.0000 
INFO:root:TRAIN measures@10 for class 0 - precision 1.0000 - recall 0.0000 - f1 0.0000 
INFO:root:TRAIN measures@10 for class 1 - precision 0.0200 - recall 0.0000 - f1 0.0000 
INFO:root:TRAIN measures@100 microavg - precision 0.0734 - recall 0.0000 - f1 0.0001 
INFO:root:TRAIN measures@100 for class 0 - precision 1.0000 - recall 0.0000 - f1 0.0000 
INFO:root:TRAIN measures@100 for class 1 - precision 0.0400 - recall 0.0003 - f1 0.0005 
INFO:root:TRAIN measures@1000 microavg - precision 0.0622 - recall 0.0004 - f1 0.0007 
INFO:root:TRAIN measures@1000 for class 0 - precision 1.0000 - recall 0.0000 - f1 0.0000 
INFO:root:TRAIN measures@1000 for class 1 - precision 0.0588 - recall 0.0038 - f1 0.0072 
INFO:root:TRAIN Total epoch time: 2.850185514000259
INFO:root:################ TRAIN epoch 1 ###################
INFO:root:TRAIN mean losses tensor(0.0841, device='cuda:0')
INFO:root:TRAIN mean errors 0.9080066680908203
INFO:root:TRAIN mean MRR 0.0 - mean MAP 0.13264497127779068
INFO:root:TRAIN tp {0: tensor(922, device='cuda:0'), 1: tensor(77050, device='cuda:0')},fn {0: tensor(769608, device='cuda:0'), 1: tensor(3, device='cuda:0')},fp {0: tensor(3, device='cuda:0'), 1: tensor(769608, device='cuda:0')}
INFO:root:TRAIN measures microavg - precision 0.0920 - recall 0.0920 - f1 0.0920 
INFO:root:TRAIN measures for class 0 - precision 0.9968 - recall 0.0012 - f1 0.0024 
INFO:root:TRAIN measures for class 1 - precision 0.0910 - recall 1.0000 - f1 0.1668 
INFO:root:TRAIN measures@10 microavg - precision 0.3667 - recall 0.0000 - f1 0.0001 
INFO:root:TRAIN measures@10 for class 0 - precision 1.0000 - recall 0.0000 - f1 0.0000 
INFO:root:TRAIN measures@10 for class 1 - precision 0.2400 - recall 0.0002 - f1 0.0003 
INFO:root:TRAIN measures@100 microavg - precision 0.3250 - recall 0.0002 - f1 0.0005 
INFO:root:TRAIN measures@100 for class 0 - precision 1.0000 - recall 0.0001 - f1 0.0003 
INFO:root:TRAIN measures@100 for class 1 - precision 0.1900 - recall 0.0012 - f1 0.0024 
INFO:root:TRAIN measures@1000 microavg - precision 0.2787 - recall 0.0019 - f1 0.0039 
INFO:root:TRAIN measures@1000 for class 0 - precision 0.9967 - recall 0.0012 - f1 0.0024 
INFO:root:TRAIN measures@1000 for class 1 - precision 0.1462 - recall 0.0095 - f1 0.0178 
INFO:root:TRAIN Total epoch time: 1.8456728820001445
INFO:root:################ TRAIN epoch 2 ###################
INFO:root:TRAIN mean losses tensor(0.0803, device='cuda:0')
INFO:root:TRAIN mean errors 0.7671402096748352
INFO:root:TRAIN mean MRR 0.0 - mean MAP 0.13701808044764172
INFO:root:TRAIN tp {0: tensor(121316, device='cuda:0'), 1: tensor(76052, device='cuda:0')},fn {0: tensor(649214, device='cuda:0'), 1: tensor(1001, device='cuda:0')},fp {0: tensor(1001, device='cuda:0'), 1: tensor(649214, device='cuda:0')}
INFO:root:TRAIN measures microavg - precision 0.2329 - recall 0.2329 - f1 0.2329 
INFO:root:TRAIN measures for class 0 - precision 0.9918 - recall 0.1574 - f1 0.2718 
INFO:root:TRAIN measures for class 1 - precision 0.1049 - recall 0.9870 - f1 0.1896 
INFO:root:TRAIN measures@10 microavg - precision 0.5400 - recall 0.0001 - f1 0.0001 
INFO:root:TRAIN measures@10 for class 0 - precision 1.0000 - recall 0.0001 - f1 0.0001 
INFO:root:TRAIN measures@10 for class 1 - precision 0.0800 - recall 0.0001 - f1 0.0001 
INFO:root:TRAIN measures@100 microavg - precision 0.5600 - recall 0.0007 - f1 0.0013 
INFO:root:TRAIN measures@100 for class 0 - precision 0.9980 - recall 0.0006 - f1 0.0013 
INFO:root:TRAIN measures@100 for class 1 - precision 0.1220 - recall 0.0008 - f1 0.0016 
INFO:root:TRAIN measures@1000 microavg - precision 0.5736 - recall 0.0068 - f1 0.0134 
INFO:root:TRAIN measures@1000 for class 0 - precision 0.9978 - recall 0.0065 - f1 0.0129 
INFO:root:TRAIN measures@1000 for class 1 - precision 0.1494 - recall 0.0097 - f1 0.0182 
INFO:root:TRAIN Total epoch time: 1.8986675729993294
INFO:root:################ TRAIN epoch 3 ###################
INFO:root:TRAIN mean losses tensor(0.0746, device='cuda:0')
INFO:root:TRAIN mean errors 0.5922204852104187
INFO:root:TRAIN mean MRR 0.0 - mean MAP 0.1477893549595952
INFO:root:TRAIN tp {0: tensor(272611, device='cuda:0'), 1: tensor(73016, device='cuda:0')},fn {0: tensor(497919, device='cuda:0'), 1: tensor(4037, device='cuda:0')},fp {0: tensor(4037, device='cuda:0'), 1: tensor(497919, device='cuda:0')}
INFO:root:TRAIN measures microavg - precision 0.4078 - recall 0.4078 - f1 0.4078 
INFO:root:TRAIN measures for class 0 - precision 0.9854 - recall 0.3538 - f1 0.5207 
INFO:root:TRAIN measures for class 1 - precision 0.1279 - recall 0.9476 - f1 0.2254 
INFO:root:TRAIN measures@10 microavg - precision 0.6100 - recall 0.0001 - f1 0.0001 
INFO:root:TRAIN measures@10 for class 0 - precision 1.0000 - recall 0.0001 - f1 0.0001 
INFO:root:TRAIN measures@10 for class 1 - precision 0.2200 - recall 0.0001 - f1 0.0003 
INFO:root:TRAIN measures@100 microavg - precision 0.5770 - recall 0.0007 - f1 0.0014 
INFO:root:TRAIN measures@100 for class 0 - precision 1.0000 - recall 0.0006 - f1 0.0013 
INFO:root:TRAIN measures@100 for class 1 - precision 0.1540 - recall 0.0010 - f1 0.0020 
INFO:root:TRAIN measures@1000 microavg - precision 0.5767 - recall 0.0068 - f1 0.0134 
INFO:root:TRAIN measures@1000 for class 0 - precision 0.9984 - recall 0.0065 - f1 0.0129 
INFO:root:TRAIN measures@1000 for class 1 - precision 0.1550 - recall 0.0101 - f1 0.0189 
INFO:root:TRAIN Total epoch time: 1.8740162139984022
INFO:root:################ TRAIN epoch 4 ###################
INFO:root:TRAIN mean losses tensor(0.0732, device='cuda:0')
INFO:root:TRAIN mean errors 0.511169970035553
INFO:root:TRAIN mean MRR 0.0 - mean MAP 0.1434018564199999
INFO:root:TRAIN tp {0: tensor(342385, device='cuda:0'), 1: tensor(71939, device='cuda:0')},fn {0: tensor(428145, device='cuda:0'), 1: tensor(5114, device='cuda:0')},fp {0: tensor(5114, device='cuda:0'), 1: tensor(428145, device='cuda:0')}
INFO:root:TRAIN measures microavg - precision 0.4888 - recall 0.4888 - f1 0.4888 
INFO:root:TRAIN measures for class 0 - precision 0.9853 - recall 0.4443 - f1 0.6125 
INFO:root:TRAIN measures for class 1 - precision 0.1439 - recall 0.9336 - f1 0.2493 
INFO:root:TRAIN measures@10 microavg - precision 0.5600 - recall 0.0001 - f1 0.0001 
INFO:root:TRAIN measures@10 for class 0 - precision 1.0000 - recall 0.0001 - f1 0.0001 
INFO:root:TRAIN measures@10 for class 1 - precision 0.1200 - recall 0.0001 - f1 0.0002 
INFO:root:TRAIN measures@100 microavg - precision 0.5660 - recall 0.0007 - f1 0.0013 
INFO:root:TRAIN measures@100 for class 0 - precision 1.0000 - recall 0.0006 - f1 0.0013 
INFO:root:TRAIN measures@100 for class 1 - precision 0.1320 - recall 0.0009 - f1 0.0017 
INFO:root:TRAIN measures@1000 microavg - precision 0.5595 - recall 0.0066 - f1 0.0130 
INFO:root:TRAIN measures@1000 for class 0 - precision 0.9988 - recall 0.0065 - f1 0.0129 
INFO:root:TRAIN measures@1000 for class 1 - precision 0.1202 - recall 0.0078 - f1 0.0146 
INFO:root:TRAIN Total epoch time: 1.967743507000705
INFO:root:################ TRAIN epoch 5 ###################
INFO:root:TRAIN mean losses tensor(0.0704, device='cuda:0')
INFO:root:TRAIN mean errors 0.5695052742958069
INFO:root:TRAIN mean MRR 0.0 - mean MAP 0.14393120699964385
INFO:root:TRAIN tp {0: tensor(291507, device='cuda:0'), 1: tensor(73373, device='cuda:0')},fn {0: tensor(479023, device='cuda:0'), 1: tensor(3680, device='cuda:0')},fp {0: tensor(3680, device='cuda:0'), 1: tensor(479023, device='cuda:0')}
INFO:root:TRAIN measures microavg - precision 0.4305 - recall 0.4305 - f1 0.4305 
INFO:root:TRAIN measures for class 0 - precision 0.9875 - recall 0.3783 - f1 0.5471 
INFO:root:TRAIN measures for class 1 - precision 0.1328 - recall 0.9522 - f1 0.2331 
INFO:root:TRAIN measures@10 microavg - precision 0.5500 - recall 0.0001 - f1 0.0001 
INFO:root:TRAIN measures@10 for class 0 - precision 1.0000 - recall 0.0001 - f1 0.0001 
INFO:root:TRAIN measures@10 for class 1 - precision 0.1000 - recall 0.0001 - f1 0.0001 
INFO:root:TRAIN measures@100 microavg - precision 0.5700 - recall 0.0007 - f1 0.0013 
INFO:root:TRAIN measures@100 for class 0 - precision 1.0000 - recall 0.0006 - f1 0.0013 
INFO:root:TRAIN measures@100 for class 1 - precision 0.1400 - recall 0.0009 - f1 0.0018 
INFO:root:TRAIN measures@1000 microavg - precision 0.5653 - recall 0.0067 - f1 0.0132 
INFO:root:TRAIN measures@1000 for class 0 - precision 0.9984 - recall 0.0065 - f1 0.0129 
INFO:root:TRAIN measures@1000 for class 1 - precision 0.1322 - recall 0.0086 - f1 0.0161 
INFO:root:TRAIN Total epoch time: 1.9307059460006712
INFO:root:################ TRAIN epoch 6 ###################
INFO:root:TRAIN mean losses tensor(0.0722, device='cuda:0')
INFO:root:TRAIN mean errors 0.545514702796936
INFO:root:TRAIN mean MRR 0.0 - mean MAP 0.14779840175498274
INFO:root:TRAIN tp {0: tensor(312269, device='cuda:0'), 1: tensor(72945, device='cuda:0')},fn {0: tensor(458261, device='cuda:0'), 1: tensor(4108, device='cuda:0')},fp {0: tensor(4108, device='cuda:0'), 1: tensor(458261, device='cuda:0')}
INFO:root:TRAIN measures microavg - precision 0.4545 - recall 0.4545 - f1 0.4545 
INFO:root:TRAIN measures for class 0 - precision 0.9870 - recall 0.4053 - f1 0.5746 
INFO:root:TRAIN measures for class 1 - precision 0.1373 - recall 0.9467 - f1 0.2398 
INFO:root:TRAIN measures@10 microavg - precision 0.5900 - recall 0.0001 - f1 0.0001 
INFO:root:TRAIN measures@10 for class 0 - precision 1.0000 - recall 0.0001 - f1 0.0001 
INFO:root:TRAIN measures@10 for class 1 - precision 0.1800 - recall 0.0001 - f1 0.0002 
INFO:root:TRAIN measures@100 microavg - precision 0.5720 - recall 0.0007 - f1 0.0013 
INFO:root:TRAIN measures@100 for class 0 - precision 1.0000 - recall 0.0006 - f1 0.0013 
INFO:root:TRAIN measures@100 for class 1 - precision 0.1440 - recall 0.0009 - f1 0.0019 
INFO:root:TRAIN measures@1000 microavg - precision 0.5766 - recall 0.0068 - f1 0.0134 
INFO:root:TRAIN measures@1000 for class 0 - precision 0.9994 - recall 0.0065 - f1 0.0129 
INFO:root:TRAIN measures@1000 for class 1 - precision 0.1538 - recall 0.0100 - f1 0.0187 
INFO:root:TRAIN Total epoch time: 1.891562734001127
INFO:root:################ TRAIN epoch 7 ###################
INFO:root:TRAIN mean losses tensor(0.0705, device='cuda:0')
INFO:root:TRAIN mean errors 0.49712416529655457
INFO:root:TRAIN mean MRR 0.0 - mean MAP 0.14573426649730653
INFO:root:TRAIN tp {0: tensor(354566, device='cuda:0'), 1: tensor(71663, device='cuda:0')},fn {0: tensor(415964, device='cuda:0'), 1: tensor(5390, device='cuda:0')},fp {0: tensor(5390, device='cuda:0'), 1: tensor(415964, device='cuda:0')}
INFO:root:TRAIN measures microavg - precision 0.5029 - recall 0.5029 - f1 0.5029 
INFO:root:TRAIN measures for class 0 - precision 0.9850 - recall 0.4602 - f1 0.6273 
INFO:root:TRAIN measures for class 1 - precision 0.1470 - recall 0.9300 - f1 0.2538 
INFO:root:TRAIN measures@10 microavg - precision 0.5700 - recall 0.0001 - f1 0.0001 
INFO:root:TRAIN measures@10 for class 0 - precision 1.0000 - recall 0.0001 - f1 0.0001 
INFO:root:TRAIN measures@10 for class 1 - precision 0.1400 - recall 0.0001 - f1 0.0002 
INFO:root:TRAIN measures@100 microavg - precision 0.5570 - recall 0.0007 - f1 0.0013 
INFO:root:TRAIN measures@100 for class 0 - precision 1.0000 - recall 0.0006 - f1 0.0013 
INFO:root:TRAIN measures@100 for class 1 - precision 0.1140 - recall 0.0007 - f1 0.0015 
INFO:root:TRAIN measures@1000 microavg - precision 0.5660 - recall 0.0067 - f1 0.0132 
INFO:root:TRAIN measures@1000 for class 0 - precision 1.0000 - recall 0.0065 - f1 0.0129 
INFO:root:TRAIN measures@1000 for class 1 - precision 0.1320 - recall 0.0086 - f1 0.0161 
INFO:root:TRAIN Total epoch time: 1.8821777310004109
INFO:root:################ VALID epoch 7 ###################
INFO:root:VALID mean losses tensor(0.0632, device='cuda:0')
INFO:root:VALID mean errors 0.6456039547920227
INFO:root:VALID mean MRR 0.15172496968207938 - mean MAP 0.06521216215590911
INFO:root:VALID tp {0: tensor(126910, device='cuda:0'), 1: tensor(18818, device='cuda:0')},fn {0: tensor(264710, device='cuda:0'), 1: tensor(763, device='cuda:0')},fp {0: tensor(763, device='cuda:0'), 1: tensor(264710, device='cuda:0')}
INFO:root:VALID measures microavg - precision 0.3544 - recall 0.3544 - f1 0.3544 
INFO:root:VALID measures for class 0 - precision 0.9940 - recall 0.3241 - f1 0.4888 
INFO:root:VALID measures for class 1 - precision 0.0664 - recall 0.9610 - f1 0.1242 
INFO:root:VALID measures@10 microavg - precision 0.5000 - recall 0.0001 - f1 0.0001 
INFO:root:VALID measures@10 for class 0 - precision 1.0000 - recall 0.0001 - f1 0.0002 
INFO:root:VALID measures@10 for class 1 - precision 0.0000 - recall 0.0000 - f1 0.0000 
INFO:root:VALID measures@100 microavg - precision 0.5017 - recall 0.0007 - f1 0.0015 
INFO:root:VALID measures@100 for class 0 - precision 1.0000 - recall 0.0008 - f1 0.0015 
INFO:root:VALID measures@100 for class 1 - precision 0.0033 - recall 0.0001 - f1 0.0001 
INFO:root:VALID measures@1000 microavg - precision 0.5173 - recall 0.0075 - f1 0.0149 
INFO:root:VALID measures@1000 for class 0 - precision 1.0000 - recall 0.0077 - f1 0.0152 
INFO:root:VALID measures@1000 for class 1 - precision 0.0347 - recall 0.0053 - f1 0.0092 
INFO:root:VALID Total epoch time: 35.610525629999756
INFO:root:################ TEST epoch 7 ###################
INFO:root:TEST batch 1 / 2 - partial error 0.7019 - partial loss 0.0662 - partial MRR  0.1417 - partial MAP 0.0585
INFO:root:TEST batch 1 / 2 -  partial tp {0: tensor(16060, device='cuda:0'), 1: tensor(2967, device='cuda:0')},fn {0: tensor(44720, device='cuda:0'), 1: tensor(72, device='cuda:0')},fp {0: tensor(72, device='cuda:0'), 1: tensor(44720, device='cuda:0')}
INFO:root:TEST batch 1 / 2 - measures partial microavg - precision 0.2981 - recall 0.2981 - f1 0.2981 
INFO:root:TEST batch 1 / 2 - measures partial for class 0 - precision 0.9955 - recall 0.2642 - f1 0.4176 
INFO:root:TEST batch 1 / 2 - measures partial for class 1 - precision 0.0622 - recall 0.9763 - f1 0.1170 
INFO:root:TEST batch 1 / 2 - Batch time 11 
INFO:root:TEST batch 2 / 2 - partial error 0.7165 - partial loss 0.0673 - partial MRR  0.1398 - partial MAP 0.0565
INFO:root:TEST batch 2 / 2 -  partial tp {0: tensor(12730, device='cuda:0'), 1: tensor(2652, device='cuda:0')},fn {0: tensor(42070, device='cuda:0'), 1: tensor(88, device='cuda:0')},fp {0: tensor(88, device='cuda:0'), 1: tensor(42070, device='cuda:0')}
INFO:root:TEST batch 2 / 2 - measures partial microavg - precision 0.2673 - recall 0.2673 - f1 0.2673 
INFO:root:TEST batch 2 / 2 - measures partial for class 0 - precision 0.9931 - recall 0.2323 - f1 0.3765 
INFO:root:TEST batch 2 / 2 - measures partial for class 1 - precision 0.0593 - recall 0.9679 - f1 0.1118 
INFO:root:TEST batch 2 / 2 - Batch time 10 
INFO:root:TEST mean losses tensor(0.0673, device='cuda:0')
INFO:root:TEST mean errors 0.7164693474769592
INFO:root:TEST mean MRR 0.13976397040973507 - mean MAP 0.0564734143120173
INFO:root:TEST tp {0: tensor(28790, device='cuda:0'), 1: tensor(5619, device='cuda:0')},fn {0: tensor(86790, device='cuda:0'), 1: tensor(160, device='cuda:0')},fp {0: tensor(160, device='cuda:0'), 1: tensor(86790, device='cuda:0')}
INFO:root:TEST measures microavg - precision 0.2835 - recall 0.2835 - f1 0.2835 
INFO:root:TEST measures for class 0 - precision 0.9945 - recall 0.2491 - f1 0.3984 
INFO:root:TEST measures for class 1 - precision 0.0608 - recall 0.9723 - f1 0.1145 
INFO:root:TEST measures@10 microavg - precision 0.5000 - recall 0.0002 - f1 0.0003 
INFO:root:TEST measures@10 for class 0 - precision 1.0000 - recall 0.0002 - f1 0.0003 
INFO:root:TEST measures@10 for class 1 - precision 0.0000 - recall 0.0000 - f1 0.0000 
INFO:root:TEST measures@100 microavg - precision 0.5000 - recall 0.0016 - f1 0.0033 
INFO:root:TEST measures@100 for class 0 - precision 1.0000 - recall 0.0017 - f1 0.0035 
INFO:root:TEST measures@100 for class 1 - precision 0.0000 - recall 0.0000 - f1 0.0000 
INFO:root:TEST measures@1000 microavg - precision 0.5095 - recall 0.0168 - f1 0.0325 
INFO:root:TEST measures@1000 for class 0 - precision 1.0000 - recall 0.0173 - f1 0.0340 
INFO:root:TEST measures@1000 for class 1 - precision 0.0190 - recall 0.0066 - f1 0.0098 
INFO:root:TEST Total epoch time: 22.0988173500009
INFO:root:################ TRAIN epoch 8 ###################
INFO:root:TRAIN mean losses tensor(0.0680, device='cuda:0')
INFO:root:TRAIN mean errors 0.5144121646881104
INFO:root:TRAIN mean MRR 0.0 - mean MAP 0.14454187638191754
INFO:root:TRAIN tp {0: tensor(338374, device='cuda:0'), 1: tensor(73202, device='cuda:0')},fn {0: tensor(432156, device='cuda:0'), 1: tensor(3851, device='cuda:0')},fp {0: tensor(3851, device='cuda:0'), 1: tensor(432156, device='cuda:0')}
INFO:root:TRAIN measures microavg - precision 0.4856 - recall 0.4856 - f1 0.4856 
INFO:root:TRAIN measures for class 0 - precision 0.9887 - recall 0.4391 - f1 0.6082 
INFO:root:TRAIN measures for class 1 - precision 0.1449 - recall 0.9500 - f1 0.2514 
INFO:root:TRAIN measures@10 microavg - precision 0.5600 - recall 0.0001 - f1 0.0001 
INFO:root:TRAIN measures@10 for class 0 - precision 1.0000 - recall 0.0001 - f1 0.0001 
INFO:root:TRAIN measures@10 for class 1 - precision 0.1200 - recall 0.0001 - f1 0.0002 
INFO:root:TRAIN measures@100 microavg - precision 0.5600 - recall 0.0007 - f1 0.0013 
INFO:root:TRAIN measures@100 for class 0 - precision 1.0000 - recall 0.0006 - f1 0.0013 
INFO:root:TRAIN measures@100 for class 1 - precision 0.1200 - recall 0.0008 - f1 0.0015 
INFO:root:TRAIN measures@1000 microavg - precision 0.5722 - recall 0.0068 - f1 0.0133 
INFO:root:TRAIN measures@1000 for class 0 - precision 0.9994 - recall 0.0065 - f1 0.0129 
INFO:root:TRAIN measures@1000 for class 1 - precision 0.1450 - recall 0.0094 - f1 0.0177 
INFO:root:TRAIN Total epoch time: 1.9277571969996643
INFO:root:################ VALID epoch 8 ###################
INFO:root:VALID mean losses tensor(0.0643, device='cuda:0')
INFO:root:VALID mean errors 0.6304483413696289
INFO:root:VALID mean MRR 0.1498773232102767 - mean MAP 0.0667354464020458
INFO:root:VALID tp {0: tensor(133079, device='cuda:0'), 1: tensor(18881, device='cuda:0')},fn {0: tensor(258541, device='cuda:0'), 1: tensor(700, device='cuda:0')},fp {0: tensor(700, device='cuda:0'), 1: tensor(258541, device='cuda:0')}
INFO:root:VALID measures microavg - precision 0.3696 - recall 0.3696 - f1 0.3696 
INFO:root:VALID measures for class 0 - precision 0.9948 - recall 0.3398 - f1 0.5066 
INFO:root:VALID measures for class 1 - precision 0.0681 - recall 0.9643 - f1 0.1271 
INFO:root:VALID measures@10 microavg - precision 0.5167 - recall 0.0001 - f1 0.0002 
INFO:root:VALID measures@10 for class 0 - precision 1.0000 - recall 0.0001 - f1 0.0002 
INFO:root:VALID measures@10 for class 1 - precision 0.0333 - recall 0.0001 - f1 0.0001 
INFO:root:VALID measures@100 microavg - precision 0.5300 - recall 0.0008 - f1 0.0015 
INFO:root:VALID measures@100 for class 0 - precision 1.0000 - recall 0.0008 - f1 0.0015 
INFO:root:VALID measures@100 for class 1 - precision 0.0600 - recall 0.0009 - f1 0.0018 
INFO:root:VALID measures@1000 microavg - precision 0.5322 - recall 0.0078 - f1 0.0153 
INFO:root:VALID measures@1000 for class 0 - precision 1.0000 - recall 0.0077 - f1 0.0152 
INFO:root:VALID measures@1000 for class 1 - precision 0.0643 - recall 0.0099 - f1 0.0171 
INFO:root:VALID Total epoch time: 35.251756128000125
INFO:root:################ TEST epoch 8 ###################
INFO:root:TEST batch 1 / 2 - partial error 0.6921 - partial loss 0.0671 - partial MRR  0.1550 - partial MAP 0.0592
INFO:root:TEST batch 1 / 2 -  partial tp {0: tensor(16701, device='cuda:0'), 1: tensor(2949, device='cuda:0')},fn {0: tensor(44079, device='cuda:0'), 1: tensor(90, device='cuda:0')},fp {0: tensor(90, device='cuda:0'), 1: tensor(44079, device='cuda:0')}
INFO:root:TEST batch 1 / 2 - measures partial microavg - precision 0.3079 - recall 0.3079 - f1 0.3079 
INFO:root:TEST batch 1 / 2 - measures partial for class 0 - precision 0.9946 - recall 0.2748 - f1 0.4306 
INFO:root:TEST batch 1 / 2 - measures partial for class 1 - precision 0.0627 - recall 0.9704 - f1 0.1178 
INFO:root:TEST batch 1 / 2 - Batch time 11 
INFO:root:TEST batch 2 / 2 - partial error 0.7087 - partial loss 0.0684 - partial MRR  0.1522 - partial MAP 0.0574
INFO:root:TEST batch 2 / 2 -  partial tp {0: tensor(13053, device='cuda:0'), 1: tensor(2649, device='cuda:0')},fn {0: tensor(41747, device='cuda:0'), 1: tensor(91, device='cuda:0')},fp {0: tensor(91, device='cuda:0'), 1: tensor(41747, device='cuda:0')}
INFO:root:TEST batch 2 / 2 - measures partial microavg - precision 0.2729 - recall 0.2729 - f1 0.2729 
INFO:root:TEST batch 2 / 2 - measures partial for class 0 - precision 0.9931 - recall 0.2382 - f1 0.3842 
INFO:root:TEST batch 2 / 2 - measures partial for class 1 - precision 0.0597 - recall 0.9668 - f1 0.1124 
INFO:root:TEST batch 2 / 2 - Batch time 11 
INFO:root:TEST mean losses tensor(0.0684, device='cuda:0')
INFO:root:TEST mean errors 0.7086989879608154
INFO:root:TEST mean MRR 0.15219259139984176 - mean MAP 0.05739644330016869
INFO:root:TEST tp {0: tensor(29754, device='cuda:0'), 1: tensor(5598, device='cuda:0')},fn {0: tensor(85826, device='cuda:0'), 1: tensor(181, device='cuda:0')},fp {0: tensor(181, device='cuda:0'), 1: tensor(85826, device='cuda:0')}
INFO:root:TEST measures microavg - precision 0.2913 - recall 0.2913 - f1 0.2913 
INFO:root:TEST measures for class 0 - precision 0.9940 - recall 0.2574 - f1 0.4089 
INFO:root:TEST measures for class 1 - precision 0.0612 - recall 0.9687 - f1 0.1152 
INFO:root:TEST measures@10 microavg - precision 0.5000 - recall 0.0002 - f1 0.0003 
INFO:root:TEST measures@10 for class 0 - precision 1.0000 - recall 0.0002 - f1 0.0003 
INFO:root:TEST measures@10 for class 1 - precision 0.0000 - recall 0.0000 - f1 0.0000 
INFO:root:TEST measures@100 microavg - precision 0.5050 - recall 0.0017 - f1 0.0033 
INFO:root:TEST measures@100 for class 0 - precision 1.0000 - recall 0.0017 - f1 0.0035 
INFO:root:TEST measures@100 for class 1 - precision 0.0100 - recall 0.0003 - f1 0.0007 
INFO:root:TEST measures@1000 microavg - precision 0.5212 - recall 0.0172 - f1 0.0333 
INFO:root:TEST measures@1000 for class 0 - precision 1.0000 - recall 0.0173 - f1 0.0340 
INFO:root:TEST measures@1000 for class 1 - precision 0.0425 - recall 0.0147 - f1 0.0219 
INFO:root:TEST Total epoch time: 22.1439252199998
INFO:root:################ TRAIN epoch 9 ###################
INFO:root:TRAIN mean losses tensor(0.0674, device='cuda:0')
INFO:root:TRAIN mean errors 0.5138281583786011
INFO:root:TRAIN mean MRR 0.0 - mean MAP 0.1429723557389532
INFO:root:TRAIN tp {0: tensor(338407, device='cuda:0'), 1: tensor(73664, device='cuda:0')},fn {0: tensor(432123, device='cuda:0'), 1: tensor(3389, device='cuda:0')},fp {0: tensor(3389, device='cuda:0'), 1: tensor(432123, device='cuda:0')}
INFO:root:TRAIN measures microavg - precision 0.4862 - recall 0.4862 - f1 0.4862 
INFO:root:TRAIN measures for class 0 - precision 0.9901 - recall 0.4392 - f1 0.6085 
INFO:root:TRAIN measures for class 1 - precision 0.1456 - recall 0.9560 - f1 0.2528 
INFO:root:TRAIN measures@10 microavg - precision 0.5300 - recall 0.0001 - f1 0.0001 
INFO:root:TRAIN measures@10 for class 0 - precision 1.0000 - recall 0.0001 - f1 0.0001 
INFO:root:TRAIN measures@10 for class 1 - precision 0.0600 - recall 0.0000 - f1 0.0001 
INFO:root:TRAIN measures@100 microavg - precision 0.5440 - recall 0.0006 - f1 0.0013 
INFO:root:TRAIN measures@100 for class 0 - precision 1.0000 - recall 0.0006 - f1 0.0013 
INFO:root:TRAIN measures@100 for class 1 - precision 0.0880 - recall 0.0006 - f1 0.0011 
INFO:root:TRAIN measures@1000 microavg - precision 0.5465 - recall 0.0064 - f1 0.0127 
INFO:root:TRAIN measures@1000 for class 0 - precision 1.0000 - recall 0.0065 - f1 0.0129 
INFO:root:TRAIN measures@1000 for class 1 - precision 0.0930 - recall 0.0060 - f1 0.0113 
INFO:root:TRAIN Total epoch time: 1.9110968229997525
INFO:root:################ VALID epoch 9 ###################
INFO:root:VALID mean losses tensor(0.0597, device='cuda:0')
INFO:root:VALID mean errors 0.6121240258216858
INFO:root:VALID mean MRR 0.1428738313579839 - mean MAP 0.06786539498499174
INFO:root:VALID tp {0: tensor(140802, device='cuda:0'), 1: tensor(18693, device='cuda:0')},fn {0: tensor(250818, device='cuda:0'), 1: tensor(888, device='cuda:0')},fp {0: tensor(888, device='cuda:0'), 1: tensor(250818, device='cuda:0')}
INFO:root:VALID measures microavg - precision 0.3879 - recall 0.3879 - f1 0.3879 
INFO:root:VALID measures for class 0 - precision 0.9937 - recall 0.3595 - f1 0.5280 
INFO:root:VALID measures for class 1 - precision 0.0694 - recall 0.9546 - f1 0.1293 
INFO:root:VALID measures@10 microavg - precision 0.5000 - recall 0.0001 - f1 0.0001 
INFO:root:VALID measures@10 for class 0 - precision 1.0000 - recall 0.0001 - f1 0.0002 
INFO:root:VALID measures@10 for class 1 - precision 0.0000 - recall 0.0000 - f1 0.0000 
INFO:root:VALID measures@100 microavg - precision 0.5000 - recall 0.0007 - f1 0.0015 
INFO:root:VALID measures@100 for class 0 - precision 1.0000 - recall 0.0008 - f1 0.0015 
INFO:root:VALID measures@100 for class 1 - precision 0.0000 - recall 0.0000 - f1 0.0000 
INFO:root:VALID measures@1000 microavg - precision 0.5142 - recall 0.0075 - f1 0.0148 
INFO:root:VALID measures@1000 for class 0 - precision 1.0000 - recall 0.0077 - f1 0.0152 
INFO:root:VALID measures@1000 for class 1 - precision 0.0283 - recall 0.0043 - f1 0.0075 
INFO:root:VALID Total epoch time: 35.52300718799961
INFO:root:################ TEST epoch 9 ###################
INFO:root:TEST batch 1 / 2 - partial error 0.6840 - partial loss 0.0633 - partial MRR  0.1518 - partial MAP 0.0596
INFO:root:TEST batch 1 / 2 -  partial tp {0: tensor(17205, device='cuda:0'), 1: tensor(2963, device='cuda:0')},fn {0: tensor(43575, device='cuda:0'), 1: tensor(76, device='cuda:0')},fp {0: tensor(76, device='cuda:0'), 1: tensor(43575, device='cuda:0')}
INFO:root:TEST batch 1 / 2 - measures partial microavg - precision 0.3160 - recall 0.3160 - f1 0.3160 
INFO:root:TEST batch 1 / 2 - measures partial for class 0 - precision 0.9956 - recall 0.2831 - f1 0.4408 
INFO:root:TEST batch 1 / 2 - measures partial for class 1 - precision 0.0637 - recall 0.9750 - f1 0.1195 
INFO:root:TEST batch 1 / 2 - Batch time 11 
INFO:root:TEST batch 2 / 2 - partial error 0.7004 - partial loss 0.0646 - partial MRR  0.1507 - partial MAP 0.0585
INFO:root:TEST batch 2 / 2 -  partial tp {0: tensor(13545, device='cuda:0'), 1: tensor(2643, device='cuda:0')},fn {0: tensor(41255, device='cuda:0'), 1: tensor(97, device='cuda:0')},fp {0: tensor(97, device='cuda:0'), 1: tensor(41255, device='cuda:0')}
INFO:root:TEST batch 2 / 2 - measures partial microavg - precision 0.2813 - recall 0.2813 - f1 0.2813 
INFO:root:TEST batch 2 / 2 - measures partial for class 0 - precision 0.9929 - recall 0.2472 - f1 0.3958 
INFO:root:TEST batch 2 / 2 - measures partial for class 1 - precision 0.0602 - recall 0.9646 - f1 0.1133 
INFO:root:TEST batch 2 / 2 - Batch time 11 
INFO:root:TEST mean losses tensor(0.0646, device='cuda:0')
INFO:root:TEST mean errors 0.7004259824752808
INFO:root:TEST mean MRR 0.15073448971381545 - mean MAP 0.05845556889519503
INFO:root:TEST tp {0: tensor(30750, device='cuda:0'), 1: tensor(5606, device='cuda:0')},fn {0: tensor(84830, device='cuda:0'), 1: tensor(173, device='cuda:0')},fp {0: tensor(173, device='cuda:0'), 1: tensor(84830, device='cuda:0')}
INFO:root:TEST measures microavg - precision 0.2996 - recall 0.2996 - f1 0.2996 
INFO:root:TEST measures for class 0 - precision 0.9944 - recall 0.2660 - f1 0.4198 
INFO:root:TEST measures for class 1 - precision 0.0620 - recall 0.9701 - f1 0.1165 
INFO:root:TEST measures@10 microavg - precision 0.5000 - recall 0.0002 - f1 0.0003 
INFO:root:TEST measures@10 for class 0 - precision 1.0000 - recall 0.0002 - f1 0.0003 
INFO:root:TEST measures@10 for class 1 - precision 0.0000 - recall 0.0000 - f1 0.0000 
INFO:root:TEST measures@100 microavg - precision 0.5000 - recall 0.0016 - f1 0.0033 
INFO:root:TEST measures@100 for class 0 - precision 1.0000 - recall 0.0017 - f1 0.0035 
INFO:root:TEST measures@100 for class 1 - precision 0.0000 - recall 0.0000 - f1 0.0000 
INFO:root:TEST measures@1000 microavg - precision 0.5088 - recall 0.0168 - f1 0.0325 
INFO:root:TEST measures@1000 for class 0 - precision 1.0000 - recall 0.0173 - f1 0.0340 
INFO:root:TEST measures@1000 for class 1 - precision 0.0175 - recall 0.0061 - f1 0.0090 
INFO:root:TEST Total epoch time: 22.38724222000019
INFO:root:################ TRAIN epoch 10 ###################
INFO:root:TRAIN mean losses tensor(0.0664, device='cuda:0')
INFO:root:TRAIN mean errors 0.5007073283195496
INFO:root:TRAIN mean MRR 0.0 - mean MAP 0.1537201191940161
INFO:root:TRAIN tp {0: tensor(349897, device='cuda:0'), 1: tensor(73295, device='cuda:0')},fn {0: tensor(420633, device='cuda:0'), 1: tensor(3758, device='cuda:0')},fp {0: tensor(3758, device='cuda:0'), 1: tensor(420633, device='cuda:0')}
INFO:root:TRAIN measures microavg - precision 0.4993 - recall 0.4993 - f1 0.4993 
INFO:root:TRAIN measures for class 0 - precision 0.9894 - recall 0.4541 - f1 0.6225 
INFO:root:TRAIN measures for class 1 - precision 0.1484 - recall 0.9512 - f1 0.2567 
INFO:root:TRAIN measures@10 microavg - precision 0.5000 - recall 0.0001 - f1 0.0001 
INFO:root:TRAIN measures@10 for class 0 - precision 1.0000 - recall 0.0001 - f1 0.0001 
INFO:root:TRAIN measures@10 for class 1 - precision 0.0000 - recall 0.0000 - f1 0.0000 
INFO:root:TRAIN measures@100 microavg - precision 0.5130 - recall 0.0006 - f1 0.0012 
INFO:root:TRAIN measures@100 for class 0 - precision 1.0000 - recall 0.0006 - f1 0.0013 
INFO:root:TRAIN measures@100 for class 1 - precision 0.0260 - recall 0.0002 - f1 0.0003 
INFO:root:TRAIN measures@1000 microavg - precision 0.5603 - recall 0.0066 - f1 0.0131 
INFO:root:TRAIN measures@1000 for class 0 - precision 1.0000 - recall 0.0065 - f1 0.0129 
INFO:root:TRAIN measures@1000 for class 1 - precision 0.1206 - recall 0.0078 - f1 0.0147 
INFO:root:TRAIN Total epoch time: 1.853130057999806
INFO:root:################ VALID epoch 10 ###################
INFO:root:VALID mean losses tensor(0.0607, device='cuda:0')
INFO:root:VALID mean errors 0.6328778266906738
INFO:root:VALID mean MRR 0.15280958352395124 - mean MAP 0.06888772437165859
INFO:root:VALID tp {0: tensor(132068, device='cuda:0'), 1: tensor(18893, device='cuda:0')},fn {0: tensor(259552, device='cuda:0'), 1: tensor(688, device='cuda:0')},fp {0: tensor(688, device='cuda:0'), 1: tensor(259552, device='cuda:0')}
INFO:root:VALID measures microavg - precision 0.3671 - recall 0.3671 - f1 0.3671 
INFO:root:VALID measures for class 0 - precision 0.9948 - recall 0.3372 - f1 0.5037 
INFO:root:VALID measures for class 1 - precision 0.0679 - recall 0.9649 - f1 0.1268 
INFO:root:VALID measures@10 microavg - precision 0.5000 - recall 0.0001 - f1 0.0001 
INFO:root:VALID measures@10 for class 0 - precision 1.0000 - recall 0.0001 - f1 0.0002 
INFO:root:VALID measures@10 for class 1 - precision 0.0000 - recall 0.0000 - f1 0.0000 
INFO:root:VALID measures@100 microavg - precision 0.5167 - recall 0.0008 - f1 0.0015 
INFO:root:VALID measures@100 for class 0 - precision 1.0000 - recall 0.0008 - f1 0.0015 
INFO:root:VALID measures@100 for class 1 - precision 0.0333 - recall 0.0005 - f1 0.0010 
INFO:root:VALID measures@1000 microavg - precision 0.5253 - recall 0.0077 - f1 0.0151 
INFO:root:VALID measures@1000 for class 0 - precision 0.9997 - recall 0.0077 - f1 0.0152 
INFO:root:VALID measures@1000 for class 1 - precision 0.0510 - recall 0.0078 - f1 0.0136 
INFO:root:VALID Total epoch time: 35.161274670999774
INFO:root:################ TRAIN epoch 11 ###################
INFO:root:TRAIN mean losses tensor(0.0667, device='cuda:0')
INFO:root:TRAIN mean errors 0.5158067345619202
INFO:root:TRAIN mean MRR 0.0 - mean MAP 0.1489966534881728
INFO:root:TRAIN tp {0: tensor(336329, device='cuda:0'), 1: tensor(74065, device='cuda:0')},fn {0: tensor(434201, device='cuda:0'), 1: tensor(2988, device='cuda:0')},fp {0: tensor(2988, device='cuda:0'), 1: tensor(434201, device='cuda:0')}
INFO:root:TRAIN measures microavg - precision 0.4842 - recall 0.4842 - f1 0.4842 
INFO:root:TRAIN measures for class 0 - precision 0.9912 - recall 0.4365 - f1 0.6061 
INFO:root:TRAIN measures for class 1 - precision 0.1457 - recall 0.9612 - f1 0.2531 
INFO:root:TRAIN measures@10 microavg - precision 0.5300 - recall 0.0001 - f1 0.0001 
INFO:root:TRAIN measures@10 for class 0 - precision 1.0000 - recall 0.0001 - f1 0.0001 
INFO:root:TRAIN measures@10 for class 1 - precision 0.0600 - recall 0.0000 - f1 0.0001 
INFO:root:TRAIN measures@100 microavg - precision 0.5550 - recall 0.0007 - f1 0.0013 
INFO:root:TRAIN measures@100 for class 0 - precision 1.0000 - recall 0.0006 - f1 0.0013 
INFO:root:TRAIN measures@100 for class 1 - precision 0.1100 - recall 0.0007 - f1 0.0014 
INFO:root:TRAIN measures@1000 microavg - precision 0.5609 - recall 0.0066 - f1 0.0131 
INFO:root:TRAIN measures@1000 for class 0 - precision 1.0000 - recall 0.0065 - f1 0.0129 
INFO:root:TRAIN measures@1000 for class 1 - precision 0.1218 - recall 0.0079 - f1 0.0148 
INFO:root:TRAIN Total epoch time: 1.9054449489995022
INFO:root:################ VALID epoch 11 ###################
INFO:root:VALID mean losses tensor(0.0566, device='cuda:0')
INFO:root:VALID mean errors 0.6257475018501282
INFO:root:VALID mean MRR 0.1460045148001033 - mean MAP 0.07176766501376868
INFO:root:VALID tp {0: tensor(134896, device='cuda:0'), 1: tensor(18997, device='cuda:0')},fn {0: tensor(256724, device='cuda:0'), 1: tensor(584, device='cuda:0')},fp {0: tensor(584, device='cuda:0'), 1: tensor(256724, device='cuda:0')}
INFO:root:VALID measures microavg - precision 0.3743 - recall 0.3743 - f1 0.3743 
INFO:root:VALID measures for class 0 - precision 0.9957 - recall 0.3445 - f1 0.5118 
INFO:root:VALID measures for class 1 - precision 0.0689 - recall 0.9702 - f1 0.1287 
INFO:root:VALID measures@10 microavg - precision 0.5333 - recall 0.0001 - f1 0.0002 
INFO:root:VALID measures@10 for class 0 - precision 1.0000 - recall 0.0001 - f1 0.0002 
INFO:root:VALID measures@10 for class 1 - precision 0.0667 - recall 0.0001 - f1 0.0002 
INFO:root:VALID measures@100 microavg - precision 0.5267 - recall 0.0008 - f1 0.0015 
INFO:root:VALID measures@100 for class 0 - precision 1.0000 - recall 0.0008 - f1 0.0015 
INFO:root:VALID measures@100 for class 1 - precision 0.0533 - recall 0.0008 - f1 0.0016 
INFO:root:VALID measures@1000 microavg - precision 0.5360 - recall 0.0078 - f1 0.0154 
INFO:root:VALID measures@1000 for class 0 - precision 1.0000 - recall 0.0077 - f1 0.0152 
INFO:root:VALID measures@1000 for class 1 - precision 0.0720 - recall 0.0110 - f1 0.0191 
INFO:root:VALID Total epoch time: 35.38836523699865
INFO:root:################ TRAIN epoch 12 ###################
INFO:root:TRAIN mean losses tensor(0.0675, device='cuda:0')
INFO:root:TRAIN mean errors 0.5292059779167175
INFO:root:TRAIN mean MRR 0.0 - mean MAP 0.14929089327373365
INFO:root:TRAIN tp {0: tensor(324310, device='cuda:0'), 1: tensor(74727, device='cuda:0')},fn {0: tensor(446220, device='cuda:0'), 1: tensor(2326, device='cuda:0')},fp {0: tensor(2326, device='cuda:0'), 1: tensor(446220, device='cuda:0')}
INFO:root:TRAIN measures microavg - precision 0.4708 - recall 0.4708 - f1 0.4708 
INFO:root:TRAIN measures for class 0 - precision 0.9929 - recall 0.4209 - f1 0.5912 
INFO:root:TRAIN measures for class 1 - precision 0.1434 - recall 0.9698 - f1 0.2499 
INFO:root:TRAIN measures@10 microavg - precision 0.5500 - recall 0.0001 - f1 0.0001 
INFO:root:TRAIN measures@10 for class 0 - precision 1.0000 - recall 0.0001 - f1 0.0001 
INFO:root:TRAIN measures@10 for class 1 - precision 0.1000 - recall 0.0001 - f1 0.0001 
INFO:root:TRAIN measures@100 microavg - precision 0.5420 - recall 0.0006 - f1 0.0013 
INFO:root:TRAIN measures@100 for class 0 - precision 1.0000 - recall 0.0006 - f1 0.0013 
INFO:root:TRAIN measures@100 for class 1 - precision 0.0840 - recall 0.0005 - f1 0.0011 
INFO:root:TRAIN measures@1000 microavg - precision 0.5540 - recall 0.0065 - f1 0.0129 
INFO:root:TRAIN measures@1000 for class 0 - precision 1.0000 - recall 0.0065 - f1 0.0129 
INFO:root:TRAIN measures@1000 for class 1 - precision 0.1080 - recall 0.0070 - f1 0.0132 
INFO:root:TRAIN Total epoch time: 1.8523459450007067
INFO:root:################ VALID epoch 12 ###################
INFO:root:VALID mean losses tensor(0.0676, device='cuda:0')
INFO:root:VALID mean errors 0.6470776796340942
INFO:root:VALID mean MRR 0.14340827187155136 - mean MAP 0.06560097486675508
INFO:root:VALID tp {0: tensor(126113, device='cuda:0'), 1: tensor(19009, device='cuda:0')},fn {0: tensor(265507, device='cuda:0'), 1: tensor(572, device='cuda:0')},fp {0: tensor(572, device='cuda:0'), 1: tensor(265507, device='cuda:0')}
INFO:root:VALID measures microavg - precision 0.3529 - recall 0.3529 - f1 0.3529 
INFO:root:VALID measures for class 0 - precision 0.9955 - recall 0.3220 - f1 0.4866 
INFO:root:VALID measures for class 1 - precision 0.0668 - recall 0.9708 - f1 0.1250 
INFO:root:VALID measures@10 microavg - precision 0.5000 - recall 0.0001 - f1 0.0001 
INFO:root:VALID measures@10 for class 0 - precision 1.0000 - recall 0.0001 - f1 0.0002 
INFO:root:VALID measures@10 for class 1 - precision 0.0000 - recall 0.0000 - f1 0.0000 
INFO:root:VALID measures@100 microavg - precision 0.5017 - recall 0.0007 - f1 0.0015 
INFO:root:VALID measures@100 for class 0 - precision 1.0000 - recall 0.0008 - f1 0.0015 
INFO:root:VALID measures@100 for class 1 - precision 0.0033 - recall 0.0001 - f1 0.0001 
INFO:root:VALID measures@1000 microavg - precision 0.5145 - recall 0.0075 - f1 0.0148 
INFO:root:VALID measures@1000 for class 0 - precision 1.0000 - recall 0.0077 - f1 0.0152 
INFO:root:VALID measures@1000 for class 1 - precision 0.0290 - recall 0.0044 - f1 0.0077 
INFO:root:VALID Total epoch time: 35.38819872500062
INFO:root:################ TRAIN epoch 13 ###################
INFO:root:TRAIN mean losses tensor(0.0669, device='cuda:0')
INFO:root:TRAIN mean errors 0.5284119844436646
INFO:root:TRAIN mean MRR 0.0 - mean MAP 0.1432125152662933
INFO:root:TRAIN tp {0: tensor(325259, device='cuda:0'), 1: tensor(74451, device='cuda:0')},fn {0: tensor(445271, device='cuda:0'), 1: tensor(2602, device='cuda:0')},fp {0: tensor(2602, device='cuda:0'), 1: tensor(445271, device='cuda:0')}
INFO:root:TRAIN measures microavg - precision 0.4716 - recall 0.4716 - f1 0.4716 
INFO:root:TRAIN measures for class 0 - precision 0.9921 - recall 0.4221 - f1 0.5922 
INFO:root:TRAIN measures for class 1 - precision 0.1433 - recall 0.9662 - f1 0.2495 
INFO:root:TRAIN measures@10 microavg - precision 0.5500 - recall 0.0001 - f1 0.0001 
INFO:root:TRAIN measures@10 for class 0 - precision 1.0000 - recall 0.0001 - f1 0.0001 
INFO:root:TRAIN measures@10 for class 1 - precision 0.1000 - recall 0.0001 - f1 0.0001 
INFO:root:TRAIN measures@100 microavg - precision 0.5610 - recall 0.0007 - f1 0.0013 
INFO:root:TRAIN measures@100 for class 0 - precision 1.0000 - recall 0.0006 - f1 0.0013 
INFO:root:TRAIN measures@100 for class 1 - precision 0.1220 - recall 0.0008 - f1 0.0016 
INFO:root:TRAIN measures@1000 microavg - precision 0.5579 - recall 0.0066 - f1 0.0130 
INFO:root:TRAIN measures@1000 for class 0 - precision 1.0000 - recall 0.0065 - f1 0.0129 
INFO:root:TRAIN measures@1000 for class 1 - precision 0.1158 - recall 0.0075 - f1 0.0141 
INFO:root:TRAIN Total epoch time: 2.041901295000571
INFO:root:################ VALID epoch 13 ###################
INFO:root:VALID mean losses tensor(0.0642, device='cuda:0')
INFO:root:VALID mean errors 0.6918538808822632
INFO:root:VALID mean MRR 0.14560525642298036 - mean MAP 0.07005753546582223
INFO:root:VALID tp {0: tensor(107675, device='cuda:0'), 1: tensor(19035, device='cuda:0')},fn {0: tensor(283945, device='cuda:0'), 1: tensor(546, device='cuda:0')},fp {0: tensor(546, device='cuda:0'), 1: tensor(283945, device='cuda:0')}
INFO:root:VALID measures microavg - precision 0.3081 - recall 0.3081 - f1 0.3081 
INFO:root:VALID measures for class 0 - precision 0.9950 - recall 0.2749 - f1 0.4308 
INFO:root:VALID measures for class 1 - precision 0.0628 - recall 0.9721 - f1 0.1180 
INFO:root:VALID measures@10 microavg - precision 0.5000 - recall 0.0001 - f1 0.0001 
INFO:root:VALID measures@10 for class 0 - precision 1.0000 - recall 0.0001 - f1 0.0002 
INFO:root:VALID measures@10 for class 1 - precision 0.0000 - recall 0.0000 - f1 0.0000 
INFO:root:VALID measures@100 microavg - precision 0.5017 - recall 0.0007 - f1 0.0015 
INFO:root:VALID measures@100 for class 0 - precision 1.0000 - recall 0.0008 - f1 0.0015 
INFO:root:VALID measures@100 for class 1 - precision 0.0033 - recall 0.0001 - f1 0.0001 
INFO:root:VALID measures@1000 microavg - precision 0.5363 - recall 0.0078 - f1 0.0154 
INFO:root:VALID measures@1000 for class 0 - precision 1.0000 - recall 0.0077 - f1 0.0152 
INFO:root:VALID measures@1000 for class 1 - precision 0.0727 - recall 0.0111 - f1 0.0193 
INFO:root:VALID Total epoch time: 35.26735283999915
INFO:root:################ TRAIN epoch 14 ###################
INFO:root:TRAIN mean losses tensor(0.0676, device='cuda:0')
INFO:root:TRAIN mean errors 0.5379472970962524
INFO:root:TRAIN mean MRR 0.0 - mean MAP 0.1471279015071337
INFO:root:TRAIN tp {0: tensor(317357, device='cuda:0'), 1: tensor(74271, device='cuda:0')},fn {0: tensor(453173, device='cuda:0'), 1: tensor(2782, device='cuda:0')},fp {0: tensor(2782, device='cuda:0'), 1: tensor(453173, device='cuda:0')}
INFO:root:TRAIN measures microavg - precision 0.4621 - recall 0.4621 - f1 0.4621 
INFO:root:TRAIN measures for class 0 - precision 0.9913 - recall 0.4119 - f1 0.5819 
INFO:root:TRAIN measures for class 1 - precision 0.1408 - recall 0.9639 - f1 0.2457 
INFO:root:TRAIN measures@10 microavg - precision 0.5300 - recall 0.0001 - f1 0.0001 
INFO:root:TRAIN measures@10 for class 0 - precision 1.0000 - recall 0.0001 - f1 0.0001 
INFO:root:TRAIN measures@10 for class 1 - precision 0.0600 - recall 0.0000 - f1 0.0001 
INFO:root:TRAIN measures@100 microavg - precision 0.5550 - recall 0.0007 - f1 0.0013 
INFO:root:TRAIN measures@100 for class 0 - precision 1.0000 - recall 0.0006 - f1 0.0013 
INFO:root:TRAIN measures@100 for class 1 - precision 0.1100 - recall 0.0007 - f1 0.0014 
INFO:root:TRAIN measures@1000 microavg - precision 0.5711 - recall 0.0067 - f1 0.0133 
INFO:root:TRAIN measures@1000 for class 0 - precision 1.0000 - recall 0.0065 - f1 0.0129 
INFO:root:TRAIN measures@1000 for class 1 - precision 0.1422 - recall 0.0092 - f1 0.0173 
INFO:root:TRAIN Total epoch time: 1.8297761659996468
INFO:root:################ VALID epoch 14 ###################
