INFO:root:*** PARAMETERS ***
INFO:root:{'adj_mat_time_window': 1,
 'class_weights': [0.015, 0.985],
 'comments': ['comments'],
 'data': 'seir',
 'data_loading_params': {'batch_size': 1, 'num_workers': 1},
 'dev_proportion': 0.1,
 'device': 'cpu',
 'early_stop_patience': 50,
 'eval_after_epochs': 5,
 'gcn_parameters': {'cls_feats': 565,
                    'cls_feats_max': 812,
                    'cls_feats_min': 100,
                    'feats_per_node': 100,
                    'feats_per_node_max': 256,
                    'feats_per_node_min': 50,
                    'k_top_grcu': 200,
                    'layer_1_feats': 51,
                    'layer_1_feats_max': 200,
                    'layer_1_feats_min': 10,
                    'layer_2_feats': 51,
                    'layer_2_feats_same_as_l1': True,
                    'lstm_l1_feats': 157,
                    'lstm_l1_feats_max': 200,
                    'lstm_l1_feats_min': 10,
                    'lstm_l1_layers': 1,
                    'lstm_l2_feats': 157,
                    'lstm_l2_feats_same_as_l1': True,
                    'lstm_l2_layers': 1,
                    'num_layers': 2},
 'learning_rate': 0.005,
 'learning_rate_max': 0.1,
 'learning_rate_min': 0.0001,
 'model': 'egcn_o',
 'negative_mult_test': 100,
 'negative_mult_training': 50,
 'num_epochs': 100,
 'num_hist_steps': 2,
 'num_hist_steps_max': 10,
 'num_hist_steps_min': 2,
 'rank': 0,
 'save_node_embeddings': False,
 'seed': 1234,
 'seir_args': <utils.Namespace object at 0x7fd17d7177c0>,
 'smart_neg_sampling': True,
 'steps_accum_gradients': 1,
 'target_class': 1,
 'target_measure': 'MAP',
 'task': 'link_pred',
 'train_proportion': 0.7,
 'use_1_hot_node_feats': True,
 'use_2_hot_node_feats': False,
 'use_cuda': False,
 'use_logfile': True,
 'wsize': 1}
INFO:root:
INFO:root:################ TRAIN epoch 0 ###################
INFO:root:TRAIN mean losses tensor(0.0227)
INFO:root:TRAIN mean errors 0.7801650166511536
INFO:root:TRAIN mean MRR 0.0 - mean MAP 0.023695805822823664
INFO:root:TRAIN tp {0: tensor(524099), 1: tensor(44205)},fn {0: tensor(2010351), 1: tensor(6484)},fp {0: tensor(6484), 1: tensor(2010351)}
INFO:root:TRAIN measures microavg - precision 0.2198 - recall 0.2198 - f1 0.2198 
INFO:root:TRAIN measures for class 0 - precision 0.9878 - recall 0.2068 - f1 0.3420 
INFO:root:TRAIN measures for class 1 - precision 0.0215 - recall 0.8721 - f1 0.0420 
INFO:root:TRAIN measures@10 microavg - precision 0.4645 - recall 0.0001 - f1 0.0001 
INFO:root:TRAIN measures@10 for class 0 - precision 1.0000 - recall 0.0001 - f1 0.0001 
INFO:root:TRAIN measures@10 for class 1 - precision 0.0235 - recall 0.0001 - f1 0.0002 
INFO:root:TRAIN measures@100 microavg - precision 0.4645 - recall 0.0006 - f1 0.0011 
INFO:root:TRAIN measures@100 for class 0 - precision 1.0000 - recall 0.0006 - f1 0.0011 
INFO:root:TRAIN measures@100 for class 1 - precision 0.0235 - recall 0.0008 - f1 0.0015 
INFO:root:TRAIN measures@1000 microavg - precision 0.4652 - recall 0.0056 - f1 0.0110 
INFO:root:TRAIN measures@1000 for class 0 - precision 1.0000 - recall 0.0055 - f1 0.0110 
INFO:root:TRAIN measures@1000 for class 1 - precision 0.0248 - recall 0.0083 - f1 0.0125 
INFO:root:TRAIN Total epoch time: 14.740255689248443
INFO:root:################ TRAIN epoch 1 ###################
