INFO:root:*** PARAMETERS ***
INFO:root:{'adj_mat_time_window': 5,
 'class_weights': [0.05, 0.95],
 'comments': ['comments'],
 'data': 'seir',
 'data_loading_params': {'batch_size': 1, 'num_workers': 0},
 'dev_proportion': 0.2,
 'device': 'cuda',
 'early_stop_patience': 50,
 'eval_after_epochs': 6,
 'gcn_parameters': {'cls_feats': 1024,
                    'cls_feats_max': 1024,
                    'cls_feats_min': 100,
                    'feats_per_node': 100,
                    'feats_per_node_max': 256,
                    'feats_per_node_min': 50,
                    'k_top_grcu': 200,
                    'layer_1_feats': 51,
                    'layer_1_feats_max': 200,
                    'layer_1_feats_min': 10,
                    'layer_2_feats': 51,
                    'layer_2_feats_same_as_l1': True,
                    'lstm_l1_feats': 157,
                    'lstm_l1_feats_max': 200,
                    'lstm_l1_feats_min': 10,
                    'lstm_l1_layers': 1,
                    'lstm_l2_feats': 157,
                    'lstm_l2_feats_same_as_l1': True,
                    'lstm_l2_layers': 1,
                    'num_layers': 2},
 'learning_rate': 0.005,
 'learning_rate_max': 0.1,
 'learning_rate_min': 0.0001,
 'model': 'egcn_o',
 'negative_mult_test': 20,
 'negative_mult_training': 10,
 'num_epochs': 100,
 'num_hist_steps': 5,
 'num_hist_steps_max': 10,
 'num_hist_steps_min': 2,
 'rank': 0,
 'save_node_embeddings': False,
 'save_state': True,
 'seed': 1234,
 'seir_args': <utils.Namespace object at 0x7f0dd0261790>,
 'smart_neg_sampling': True,
 'steps_accum_gradients': 1,
 'target_class': 1,
 'target_measure': 'MAP',
 'task': 'link_pred',
 'train_proportion': 0.7,
 'use_1_hot_node_feats': True,
 'use_2_hot_node_feats': False,
 'use_cuda': True,
 'use_logfile': True,
 'wsize': 1}
INFO:root:
INFO:root:################ TRAIN epoch 0 ###################
INFO:root:TRAIN mean losses tensor(0.0886, device='cuda:0')
INFO:root:TRAIN mean errors 0.9090696573257446
INFO:root:TRAIN mean MRR 0.0 - mean MAP 0.10457145079482008
INFO:root:TRAIN tp {0: tensor(18, device='cuda:0'), 1: tensor(77053, device='cuda:0')},fn {0: tensor(770512, device='cuda:0'), 1: tensor(0, device='cuda:0')},fp {0: tensor(0, device='cuda:0'), 1: tensor(770512, device='cuda:0')}
INFO:root:TRAIN measures microavg - precision 0.0909 - recall 0.0909 - f1 0.0909 
INFO:root:TRAIN measures for class 0 - precision 1.0000 - recall 0.0000 - f1 0.0000 
INFO:root:TRAIN measures for class 1 - precision 0.0909 - recall 1.0000 - f1 0.1667 
INFO:root:TRAIN measures@10 microavg - precision 0.1833 - recall 0.0000 - f1 0.0000 
INFO:root:TRAIN measures@10 for class 0 - precision 1.0000 - recall 0.0000 - f1 0.0000 
INFO:root:TRAIN measures@10 for class 1 - precision 0.0200 - recall 0.0000 - f1 0.0000 
INFO:root:TRAIN measures@100 microavg - precision 0.0734 - recall 0.0000 - f1 0.0001 
INFO:root:TRAIN measures@100 for class 0 - precision 1.0000 - recall 0.0000 - f1 0.0000 
INFO:root:TRAIN measures@100 for class 1 - precision 0.0400 - recall 0.0003 - f1 0.0005 
INFO:root:TRAIN measures@1000 microavg - precision 0.0622 - recall 0.0004 - f1 0.0007 
INFO:root:TRAIN measures@1000 for class 0 - precision 1.0000 - recall 0.0000 - f1 0.0000 
INFO:root:TRAIN measures@1000 for class 1 - precision 0.0588 - recall 0.0038 - f1 0.0072 
INFO:root:TRAIN Total epoch time: 3.3876375388354063
INFO:root:################ TRAIN epoch 1 ###################
INFO:root:TRAIN mean losses tensor(0.0841, device='cuda:0')
INFO:root:TRAIN mean errors 0.9080054759979248
INFO:root:TRAIN mean MRR 0.0 - mean MAP 0.13265058873482904
INFO:root:TRAIN tp {0: tensor(923, device='cuda:0'), 1: tensor(77050, device='cuda:0')},fn {0: tensor(769607, device='cuda:0'), 1: tensor(3, device='cuda:0')},fp {0: tensor(3, device='cuda:0'), 1: tensor(769607, device='cuda:0')}
INFO:root:TRAIN measures microavg - precision 0.0920 - recall 0.0920 - f1 0.0920 
INFO:root:TRAIN measures for class 0 - precision 0.9968 - recall 0.0012 - f1 0.0024 
INFO:root:TRAIN measures for class 1 - precision 0.0910 - recall 1.0000 - f1 0.1668 
INFO:root:TRAIN measures@10 microavg - precision 0.3667 - recall 0.0000 - f1 0.0001 
INFO:root:TRAIN measures@10 for class 0 - precision 1.0000 - recall 0.0000 - f1 0.0000 
INFO:root:TRAIN measures@10 for class 1 - precision 0.2400 - recall 0.0002 - f1 0.0003 
INFO:root:TRAIN measures@100 microavg - precision 0.3250 - recall 0.0002 - f1 0.0005 
INFO:root:TRAIN measures@100 for class 0 - precision 1.0000 - recall 0.0001 - f1 0.0003 
INFO:root:TRAIN measures@100 for class 1 - precision 0.1900 - recall 0.0012 - f1 0.0024 
INFO:root:TRAIN measures@1000 microavg - precision 0.2789 - recall 0.0019 - f1 0.0039 
INFO:root:TRAIN measures@1000 for class 0 - precision 0.9968 - recall 0.0012 - f1 0.0024 
INFO:root:TRAIN measures@1000 for class 1 - precision 0.1462 - recall 0.0095 - f1 0.0178 
INFO:root:TRAIN Total epoch time: 2.0288938507437706
INFO:root:################ TRAIN epoch 2 ###################
INFO:root:TRAIN mean losses tensor(0.0804, device='cuda:0')
INFO:root:TRAIN mean errors 0.7671968340873718
INFO:root:TRAIN mean MRR 0.0 - mean MAP 0.1370142539386462
INFO:root:TRAIN tp {0: tensor(121269, device='cuda:0'), 1: tensor(76051, device='cuda:0')},fn {0: tensor(649261, device='cuda:0'), 1: tensor(1002, device='cuda:0')},fp {0: tensor(1002, device='cuda:0'), 1: tensor(649261, device='cuda:0')}
INFO:root:TRAIN measures microavg - precision 0.2328 - recall 0.2328 - f1 0.2328 
INFO:root:TRAIN measures for class 0 - precision 0.9918 - recall 0.1574 - f1 0.2717 
INFO:root:TRAIN measures for class 1 - precision 0.1049 - recall 0.9870 - f1 0.1896 
INFO:root:TRAIN measures@10 microavg - precision 0.5400 - recall 0.0001 - f1 0.0001 
INFO:root:TRAIN measures@10 for class 0 - precision 1.0000 - recall 0.0001 - f1 0.0001 
INFO:root:TRAIN measures@10 for class 1 - precision 0.0800 - recall 0.0001 - f1 0.0001 
INFO:root:TRAIN measures@100 microavg - precision 0.5600 - recall 0.0007 - f1 0.0013 
INFO:root:TRAIN measures@100 for class 0 - precision 0.9980 - recall 0.0006 - f1 0.0013 
INFO:root:TRAIN measures@100 for class 1 - precision 0.1220 - recall 0.0008 - f1 0.0016 
INFO:root:TRAIN measures@1000 microavg - precision 0.5736 - recall 0.0068 - f1 0.0134 
INFO:root:TRAIN measures@1000 for class 0 - precision 0.9978 - recall 0.0065 - f1 0.0129 
INFO:root:TRAIN measures@1000 for class 1 - precision 0.1494 - recall 0.0097 - f1 0.0182 
INFO:root:TRAIN Total epoch time: 1.887712492607534
INFO:root:################ TRAIN epoch 3 ###################
INFO:root:TRAIN mean losses tensor(0.0746, device='cuda:0')
INFO:root:TRAIN mean errors 0.5923502445220947
INFO:root:TRAIN mean MRR 0.0 - mean MAP 0.147782990123047
INFO:root:TRAIN tp {0: tensor(272500, device='cuda:0'), 1: tensor(73017, device='cuda:0')},fn {0: tensor(498030, device='cuda:0'), 1: tensor(4036, device='cuda:0')},fp {0: tensor(4036, device='cuda:0'), 1: tensor(498030, device='cuda:0')}
INFO:root:TRAIN measures microavg - precision 0.4076 - recall 0.4076 - f1 0.4076 
INFO:root:TRAIN measures for class 0 - precision 0.9854 - recall 0.3537 - f1 0.5205 
INFO:root:TRAIN measures for class 1 - precision 0.1279 - recall 0.9476 - f1 0.2253 
INFO:root:TRAIN measures@10 microavg - precision 0.6100 - recall 0.0001 - f1 0.0001 
INFO:root:TRAIN measures@10 for class 0 - precision 1.0000 - recall 0.0001 - f1 0.0001 
INFO:root:TRAIN measures@10 for class 1 - precision 0.2200 - recall 0.0001 - f1 0.0003 
INFO:root:TRAIN measures@100 microavg - precision 0.5770 - recall 0.0007 - f1 0.0014 
INFO:root:TRAIN measures@100 for class 0 - precision 1.0000 - recall 0.0006 - f1 0.0013 
INFO:root:TRAIN measures@100 for class 1 - precision 0.1540 - recall 0.0010 - f1 0.0020 
INFO:root:TRAIN measures@1000 microavg - precision 0.5765 - recall 0.0068 - f1 0.0134 
INFO:root:TRAIN measures@1000 for class 0 - precision 0.9984 - recall 0.0065 - f1 0.0129 
INFO:root:TRAIN measures@1000 for class 1 - precision 0.1546 - recall 0.0100 - f1 0.0188 
INFO:root:TRAIN Total epoch time: 1.9740233207121491
INFO:root:################ TRAIN epoch 4 ###################
INFO:root:TRAIN mean losses tensor(0.0734, device='cuda:0')
INFO:root:TRAIN mean errors 0.5135992765426636
INFO:root:TRAIN mean MRR 0.0 - mean MAP 0.14340675662393515
INFO:root:TRAIN tp {0: tensor(340286, device='cuda:0'), 1: tensor(71979, device='cuda:0')},fn {0: tensor(430244, device='cuda:0'), 1: tensor(5074, device='cuda:0')},fp {0: tensor(5074, device='cuda:0'), 1: tensor(430244, device='cuda:0')}
INFO:root:TRAIN measures microavg - precision 0.4864 - recall 0.4864 - f1 0.4864 
INFO:root:TRAIN measures for class 0 - precision 0.9853 - recall 0.4416 - f1 0.6099 
INFO:root:TRAIN measures for class 1 - precision 0.1433 - recall 0.9341 - f1 0.2485 
INFO:root:TRAIN measures@10 microavg - precision 0.5600 - recall 0.0001 - f1 0.0001 
INFO:root:TRAIN measures@10 for class 0 - precision 1.0000 - recall 0.0001 - f1 0.0001 
INFO:root:TRAIN measures@10 for class 1 - precision 0.1200 - recall 0.0001 - f1 0.0002 
INFO:root:TRAIN measures@100 microavg - precision 0.5660 - recall 0.0007 - f1 0.0013 
INFO:root:TRAIN measures@100 for class 0 - precision 1.0000 - recall 0.0006 - f1 0.0013 
INFO:root:TRAIN measures@100 for class 1 - precision 0.1320 - recall 0.0009 - f1 0.0017 
INFO:root:TRAIN measures@1000 microavg - precision 0.5607 - recall 0.0066 - f1 0.0131 
INFO:root:TRAIN measures@1000 for class 0 - precision 0.9988 - recall 0.0065 - f1 0.0129 
INFO:root:TRAIN measures@1000 for class 1 - precision 0.1226 - recall 0.0080 - f1 0.0149 
INFO:root:TRAIN Total epoch time: 2.003934391774237
INFO:root:################ TRAIN epoch 5 ###################
INFO:root:TRAIN mean losses tensor(0.0706, device='cuda:0')
INFO:root:TRAIN mean errors 0.5812138915061951
INFO:root:TRAIN mean MRR 0.0 - mean MAP 0.1441810364447103
INFO:root:TRAIN tp {0: tensor(281541, device='cuda:0'), 1: tensor(73415, device='cuda:0')},fn {0: tensor(488989, device='cuda:0'), 1: tensor(3638, device='cuda:0')},fp {0: tensor(3638, device='cuda:0'), 1: tensor(488989, device='cuda:0')}
INFO:root:TRAIN measures microavg - precision 0.4188 - recall 0.4188 - f1 0.4188 
INFO:root:TRAIN measures for class 0 - precision 0.9872 - recall 0.3654 - f1 0.5334 
INFO:root:TRAIN measures for class 1 - precision 0.1305 - recall 0.9528 - f1 0.2296 
INFO:root:TRAIN measures@10 microavg - precision 0.5400 - recall 0.0001 - f1 0.0001 
INFO:root:TRAIN measures@10 for class 0 - precision 1.0000 - recall 0.0001 - f1 0.0001 
INFO:root:TRAIN measures@10 for class 1 - precision 0.0800 - recall 0.0001 - f1 0.0001 
INFO:root:TRAIN measures@100 microavg - precision 0.5730 - recall 0.0007 - f1 0.0014 
INFO:root:TRAIN measures@100 for class 0 - precision 1.0000 - recall 0.0006 - f1 0.0013 
INFO:root:TRAIN measures@100 for class 1 - precision 0.1460 - recall 0.0009 - f1 0.0019 
INFO:root:TRAIN measures@1000 microavg - precision 0.5657 - recall 0.0067 - f1 0.0132 
INFO:root:TRAIN measures@1000 for class 0 - precision 0.9984 - recall 0.0065 - f1 0.0129 
INFO:root:TRAIN measures@1000 for class 1 - precision 0.1330 - recall 0.0086 - f1 0.0162 
INFO:root:TRAIN Total epoch time: 2.0171124190092087
INFO:root:################ TRAIN epoch 6 ###################
INFO:root:TRAIN mean losses tensor(0.0726, device='cuda:0')
INFO:root:TRAIN mean errors 0.5457813739776611
INFO:root:TRAIN mean MRR 0.0 - mean MAP 0.14768545805653904
INFO:root:TRAIN tp {0: tensor(312076, device='cuda:0'), 1: tensor(72912, device='cuda:0')},fn {0: tensor(458454, device='cuda:0'), 1: tensor(4141, device='cuda:0')},fp {0: tensor(4141, device='cuda:0'), 1: tensor(458454, device='cuda:0')}
INFO:root:TRAIN measures microavg - precision 0.4542 - recall 0.4542 - f1 0.4542 
INFO:root:TRAIN measures for class 0 - precision 0.9869 - recall 0.4050 - f1 0.5743 
INFO:root:TRAIN measures for class 1 - precision 0.1372 - recall 0.9463 - f1 0.2397 
INFO:root:TRAIN measures@10 microavg - precision 0.5700 - recall 0.0001 - f1 0.0001 
INFO:root:TRAIN measures@10 for class 0 - precision 1.0000 - recall 0.0001 - f1 0.0001 
INFO:root:TRAIN measures@10 for class 1 - precision 0.1400 - recall 0.0001 - f1 0.0002 
INFO:root:TRAIN measures@100 microavg - precision 0.5710 - recall 0.0007 - f1 0.0013 
INFO:root:TRAIN measures@100 for class 0 - precision 1.0000 - recall 0.0006 - f1 0.0013 
INFO:root:TRAIN measures@100 for class 1 - precision 0.1420 - recall 0.0009 - f1 0.0018 
INFO:root:TRAIN measures@1000 microavg - precision 0.5764 - recall 0.0068 - f1 0.0134 
INFO:root:TRAIN measures@1000 for class 0 - precision 0.9994 - recall 0.0065 - f1 0.0129 
INFO:root:TRAIN measures@1000 for class 1 - precision 0.1534 - recall 0.0100 - f1 0.0187 
INFO:root:TRAIN Total epoch time: 2.2127831848338246
INFO:root:################ TRAIN epoch 7 ###################
INFO:root:TRAIN mean losses tensor(0.0703, device='cuda:0')
INFO:root:TRAIN mean errors 0.50046306848526
INFO:root:TRAIN mean MRR 0.0 - mean MAP 0.14578071219637131
INFO:root:TRAIN tp {0: tensor(351537, device='cuda:0'), 1: tensor(71862, device='cuda:0')},fn {0: tensor(418993, device='cuda:0'), 1: tensor(5191, device='cuda:0')},fp {0: tensor(5191, device='cuda:0'), 1: tensor(418993, device='cuda:0')}
INFO:root:TRAIN measures microavg - precision 0.4995 - recall 0.4995 - f1 0.4995 
INFO:root:TRAIN measures for class 0 - precision 0.9854 - recall 0.4562 - f1 0.6237 
INFO:root:TRAIN measures for class 1 - precision 0.1464 - recall 0.9326 - f1 0.2531 
INFO:root:TRAIN measures@10 microavg - precision 0.5600 - recall 0.0001 - f1 0.0001 
INFO:root:TRAIN measures@10 for class 0 - precision 1.0000 - recall 0.0001 - f1 0.0001 
INFO:root:TRAIN measures@10 for class 1 - precision 0.1200 - recall 0.0001 - f1 0.0002 
INFO:root:TRAIN measures@100 microavg - precision 0.5570 - recall 0.0007 - f1 0.0013 
INFO:root:TRAIN measures@100 for class 0 - precision 1.0000 - recall 0.0006 - f1 0.0013 
INFO:root:TRAIN measures@100 for class 1 - precision 0.1140 - recall 0.0007 - f1 0.0015 
INFO:root:TRAIN measures@1000 microavg - precision 0.5660 - recall 0.0067 - f1 0.0132 
INFO:root:TRAIN measures@1000 for class 0 - precision 1.0000 - recall 0.0065 - f1 0.0129 
INFO:root:TRAIN measures@1000 for class 1 - precision 0.1320 - recall 0.0086 - f1 0.0161 
INFO:root:TRAIN Total epoch time: 1.9481068374589086
INFO:root:################ VALID epoch 7 ###################
