INFO:root:*** PARAMETERS ***
INFO:root:{'adj_mat_time_window': 1,
 'class_weights': [0.05, 0.95],
 'comments': ['comments'],
 'data': 'seir',
 'data_loading_params': {'batch_size': 1, 'num_workers': 0},
 'dev_proportion': 0.2,
 'device': 'cuda',
 'early_stop_patience': 50,
 'eval_after_epochs': 6,
 'gcn_parameters': {'cls_feats': 1024,
                    'cls_feats_max': 1024,
                    'cls_feats_min': 100,
                    'feats_per_node': 100,
                    'feats_per_node_max': 256,
                    'feats_per_node_min': 50,
                    'k_top_grcu': 200,
                    'layer_1_feats': 51,
                    'layer_1_feats_max': 200,
                    'layer_1_feats_min': 10,
                    'layer_2_feats': 51,
                    'layer_2_feats_same_as_l1': True,
                    'lstm_l1_feats': 157,
                    'lstm_l1_feats_max': 200,
                    'lstm_l1_feats_min': 10,
                    'lstm_l1_layers': 1,
                    'lstm_l2_feats': 157,
                    'lstm_l2_feats_same_as_l1': True,
                    'lstm_l2_layers': 1,
                    'num_layers': 2},
 'learning_rate': 0.005,
 'learning_rate_max': 0.1,
 'learning_rate_min': 0.0001,
 'model': 'egcn_o',
 'negative_mult_test': 40,
 'negative_mult_training': 20,
 'num_epochs': 100,
 'num_hist_steps': 5,
 'num_hist_steps_max': 10,
 'num_hist_steps_min': 2,
 'rank': 0,
 'save_node_embeddings': False,
 'save_state': True,
 'seed': 1234,
 'seir_args': <utils.Namespace object at 0x7ff48407c730>,
 'smart_neg_sampling': True,
 'steps_accum_gradients': 1,
 'target_class': 'all',
 'target_measure': 'MAP',
 'task': 'link_pred',
 'train_proportion': 0.7,
 'use_1_hot_node_feats': True,
 'use_2_hot_node_feats': False,
 'use_cuda': True,
 'use_logfile': True,
 'wsize': 1}
INFO:root:
INFO:root:################ TRAIN epoch 0 ###################
INFO:root:TRAIN mean losses tensor(0.0679, device='cuda:0')
INFO:root:TRAIN mean errors 0.25464776158332825
INFO:root:TRAIN mean MRR 0.0 - mean MAP 0.050880850106095256
INFO:root:TRAIN tp {0: tensor(171140, device='cuda:0'), 1: tensor(2539, device='cuda:0')},fn {0: tensor(50780, device='cuda:0'), 1: tensor(8557, device='cuda:0')},fp {0: tensor(8557, device='cuda:0'), 1: tensor(50780, device='cuda:0')}
INFO:root:TRAIN measures microavg - precision 0.7454 - recall 0.7454 - f1 0.7454 
INFO:root:TRAIN measures for class 0 - precision 0.9524 - recall 0.7712 - f1 0.8523 
INFO:root:TRAIN measures for class 1 - precision 0.0476 - recall 0.2288 - f1 0.0788 
INFO:root:TRAIN measures@10 microavg - precision 0.6400 - recall 0.0001 - f1 0.0003 
INFO:root:TRAIN measures@10 for class 0 - precision 0.9667 - recall 0.0001 - f1 0.0003 
INFO:root:TRAIN measures@10 for class 1 - precision 0.1500 - recall 0.0003 - f1 0.0005 
INFO:root:TRAIN measures@100 microavg - precision 0.6020 - recall 0.0013 - f1 0.0026 
INFO:root:TRAIN measures@100 for class 0 - precision 0.9533 - recall 0.0013 - f1 0.0026 
INFO:root:TRAIN measures@100 for class 1 - precision 0.0750 - recall 0.0014 - f1 0.0027 
INFO:root:TRAIN measures@1000 microavg - precision 0.5914 - recall 0.0127 - f1 0.0248 
INFO:root:TRAIN measures@1000 for class 0 - precision 0.9517 - recall 0.0129 - f1 0.0254 
INFO:root:TRAIN measures@1000 for class 1 - precision 0.0510 - recall 0.0092 - f1 0.0156 
INFO:root:TRAIN Total epoch time: 1.8234685901552439
INFO:root:################ TRAIN epoch 1 ###################
INFO:root:TRAIN mean losses tensor(0.0641, device='cuda:0')
INFO:root:TRAIN mean errors 0.22062861919403076
INFO:root:TRAIN mean MRR 0.0 - mean MAP 0.05823733113504566
INFO:root:TRAIN tp {0: tensor(179142, device='cuda:0'), 1: tensor(2464, device='cuda:0')},fn {0: tensor(42778, device='cuda:0'), 1: tensor(8632, device='cuda:0')},fp {0: tensor(8632, device='cuda:0'), 1: tensor(42778, device='cuda:0')}
INFO:root:TRAIN measures microavg - precision 0.7794 - recall 0.7794 - f1 0.7794 
INFO:root:TRAIN measures for class 0 - precision 0.9540 - recall 0.8072 - f1 0.8745 
INFO:root:TRAIN measures for class 1 - precision 0.0545 - recall 0.2221 - f1 0.0875 
INFO:root:TRAIN measures@10 microavg - precision 0.7429 - recall 0.0002 - f1 0.0004 
INFO:root:TRAIN measures@10 for class 0 - precision 1.0000 - recall 0.0002 - f1 0.0005 
INFO:root:TRAIN measures@10 for class 1 - precision 0.1000 - recall 0.0002 - f1 0.0004 
INFO:root:TRAIN measures@100 microavg - precision 0.7286 - recall 0.0022 - f1 0.0044 
INFO:root:TRAIN measures@100 for class 0 - precision 1.0000 - recall 0.0023 - f1 0.0045 
INFO:root:TRAIN measures@100 for class 1 - precision 0.0500 - recall 0.0009 - f1 0.0018 
INFO:root:TRAIN measures@1000 microavg - precision 0.7284 - recall 0.0219 - f1 0.0425 
INFO:root:TRAIN measures@1000 for class 0 - precision 0.9988 - recall 0.0225 - f1 0.0440 
INFO:root:TRAIN measures@1000 for class 1 - precision 0.0525 - recall 0.0095 - f1 0.0160 
INFO:root:TRAIN Total epoch time: 0.9060028092935681
INFO:root:################ TRAIN epoch 2 ###################
INFO:root:TRAIN mean losses tensor(0.0633, device='cuda:0')
INFO:root:TRAIN mean errors 0.44758298993110657
INFO:root:TRAIN mean MRR 0.0 - mean MAP 0.05638315609688302
INFO:root:TRAIN tp {0: tensor(123035, device='cuda:0'), 1: tensor(5687, device='cuda:0')},fn {0: tensor(98885, device='cuda:0'), 1: tensor(5409, device='cuda:0')},fp {0: tensor(5409, device='cuda:0'), 1: tensor(98885, device='cuda:0')}
INFO:root:TRAIN measures microavg - precision 0.5524 - recall 0.5524 - f1 0.5524 
INFO:root:TRAIN measures for class 0 - precision 0.9579 - recall 0.5544 - f1 0.7023 
INFO:root:TRAIN measures for class 1 - precision 0.0544 - recall 0.5125 - f1 0.0983 
INFO:root:TRAIN measures@10 microavg - precision 0.5800 - recall 0.0002 - f1 0.0005 
INFO:root:TRAIN measures@10 for class 0 - precision 1.0000 - recall 0.0002 - f1 0.0005 
INFO:root:TRAIN measures@10 for class 1 - precision 0.1600 - recall 0.0007 - f1 0.0014 
INFO:root:TRAIN measures@100 microavg - precision 0.5320 - recall 0.0023 - f1 0.0045 
INFO:root:TRAIN measures@100 for class 0 - precision 1.0000 - recall 0.0023 - f1 0.0045 
INFO:root:TRAIN measures@100 for class 1 - precision 0.0640 - recall 0.0029 - f1 0.0055 
INFO:root:TRAIN measures@1000 microavg - precision 0.5018 - recall 0.0204 - f1 0.0393 
INFO:root:TRAIN measures@1000 for class 0 - precision 1.0000 - recall 0.0202 - f1 0.0397 
INFO:root:TRAIN measures@1000 for class 1 - precision 0.0546 - recall 0.0246 - f1 0.0339 
INFO:root:TRAIN Total epoch time: 0.9693003902211785
INFO:root:################ TRAIN epoch 3 ###################
INFO:root:TRAIN mean losses tensor(0.0637, device='cuda:0')
INFO:root:TRAIN mean errors 0.4747871458530426
INFO:root:TRAIN mean MRR 0.0 - mean MAP 0.05813192311910255
INFO:root:TRAIN tp {0: tensor(116554, device='cuda:0'), 1: tensor(5829, device='cuda:0')},fn {0: tensor(105366, device='cuda:0'), 1: tensor(5267, device='cuda:0')},fp {0: tensor(5267, device='cuda:0'), 1: tensor(105366, device='cuda:0')}
INFO:root:TRAIN measures microavg - precision 0.5252 - recall 0.5252 - f1 0.5252 
INFO:root:TRAIN measures for class 0 - precision 0.9568 - recall 0.5252 - f1 0.6782 
INFO:root:TRAIN measures for class 1 - precision 0.0524 - recall 0.5253 - f1 0.0953 
INFO:root:TRAIN measures@10 microavg - precision 0.7571 - recall 0.0002 - f1 0.0005 
INFO:root:TRAIN measures@10 for class 0 - precision 1.0000 - recall 0.0002 - f1 0.0005 
INFO:root:TRAIN measures@10 for class 1 - precision 0.1500 - recall 0.0003 - f1 0.0005 
INFO:root:TRAIN measures@100 microavg - precision 0.7314 - recall 0.0022 - f1 0.0044 
INFO:root:TRAIN measures@100 for class 0 - precision 1.0000 - recall 0.0023 - f1 0.0045 
INFO:root:TRAIN measures@100 for class 1 - precision 0.0600 - recall 0.0011 - f1 0.0021 
INFO:root:TRAIN measures@1000 microavg - precision 0.7311 - recall 0.0220 - f1 0.0426 
INFO:root:TRAIN measures@1000 for class 0 - precision 1.0000 - recall 0.0225 - f1 0.0441 
INFO:root:TRAIN measures@1000 for class 1 - precision 0.0590 - recall 0.0106 - f1 0.0180 
INFO:root:TRAIN Total epoch time: 1.6684107296168804
INFO:root:################ TRAIN epoch 4 ###################
INFO:root:TRAIN mean losses tensor(0.0614, device='cuda:0')
INFO:root:TRAIN mean errors 0.3111460208892822
INFO:root:TRAIN mean MRR 0.0 - mean MAP 0.05912939278016405
INFO:root:TRAIN tp {0: tensor(156738, device='cuda:0'), 1: tensor(3776, device='cuda:0')},fn {0: tensor(65182, device='cuda:0'), 1: tensor(7320, device='cuda:0')},fp {0: tensor(7320, device='cuda:0'), 1: tensor(65182, device='cuda:0')}
INFO:root:TRAIN measures microavg - precision 0.6889 - recall 0.6889 - f1 0.6889 
INFO:root:TRAIN measures for class 0 - precision 0.9554 - recall 0.7063 - f1 0.8122 
INFO:root:TRAIN measures for class 1 - precision 0.0548 - recall 0.3403 - f1 0.0943 
INFO:root:TRAIN measures@10 microavg - precision 0.6111 - recall 0.0002 - f1 0.0005 
INFO:root:TRAIN measures@10 for class 0 - precision 1.0000 - recall 0.0002 - f1 0.0005 
INFO:root:TRAIN measures@10 for class 1 - precision 0.1250 - recall 0.0005 - f1 0.0009 
INFO:root:TRAIN measures@100 microavg - precision 0.5800 - recall 0.0022 - f1 0.0045 
INFO:root:TRAIN measures@100 for class 0 - precision 1.0000 - recall 0.0023 - f1 0.0045 
INFO:root:TRAIN measures@100 for class 1 - precision 0.0550 - recall 0.0020 - f1 0.0038 
INFO:root:TRAIN measures@1000 microavg - precision 0.5802 - recall 0.0224 - f1 0.0432 
INFO:root:TRAIN measures@1000 for class 0 - precision 1.0000 - recall 0.0225 - f1 0.0441 
INFO:root:TRAIN measures@1000 for class 1 - precision 0.0555 - recall 0.0200 - f1 0.0294 
INFO:root:TRAIN Total epoch time: 1.016254055313766
INFO:root:################ TRAIN epoch 5 ###################
INFO:root:TRAIN mean losses tensor(0.0621, device='cuda:0')
INFO:root:TRAIN mean errors 0.5621888637542725
INFO:root:TRAIN mean MRR 0.0 - mean MAP 0.05596593891752001
INFO:root:TRAIN tp {0: tensor(94609, device='cuda:0'), 1: tensor(7408, device='cuda:0')},fn {0: tensor(127311, device='cuda:0'), 1: tensor(3688, device='cuda:0')},fp {0: tensor(3688, device='cuda:0'), 1: tensor(127311, device='cuda:0')}
INFO:root:TRAIN measures microavg - precision 0.4378 - recall 0.4378 - f1 0.4378 
INFO:root:TRAIN measures for class 0 - precision 0.9625 - recall 0.4263 - f1 0.5909 
INFO:root:TRAIN measures for class 1 - precision 0.0550 - recall 0.6676 - f1 0.1016 
INFO:root:TRAIN measures@10 microavg - precision 0.5100 - recall 0.0002 - f1 0.0004 
INFO:root:TRAIN measures@10 for class 0 - precision 1.0000 - recall 0.0002 - f1 0.0005 
INFO:root:TRAIN measures@10 for class 1 - precision 0.0200 - recall 0.0001 - f1 0.0002 
INFO:root:TRAIN measures@100 microavg - precision 0.5260 - recall 0.0023 - f1 0.0045 
INFO:root:TRAIN measures@100 for class 0 - precision 1.0000 - recall 0.0023 - f1 0.0045 
INFO:root:TRAIN measures@100 for class 1 - precision 0.0520 - recall 0.0023 - f1 0.0045 
INFO:root:TRAIN measures@1000 microavg - precision 0.5268 - recall 0.0226 - f1 0.0434 
INFO:root:TRAIN measures@1000 for class 0 - precision 1.0000 - recall 0.0225 - f1 0.0441 
INFO:root:TRAIN measures@1000 for class 1 - precision 0.0536 - recall 0.0242 - f1 0.0333 
INFO:root:TRAIN Total epoch time: 0.9635880878195167
INFO:root:################ TRAIN epoch 6 ###################
INFO:root:TRAIN mean losses tensor(0.0622, device='cuda:0')
INFO:root:TRAIN mean errors 0.744880199432373
INFO:root:TRAIN mean MRR 0.0 - mean MAP 0.056678669274960555
INFO:root:TRAIN tp {0: tensor(49453, device='cuda:0'), 1: tensor(9994, device='cuda:0')},fn {0: tensor(172467, device='cuda:0'), 1: tensor(1102, device='cuda:0')},fp {0: tensor(1102, device='cuda:0'), 1: tensor(172467, device='cuda:0')}
INFO:root:TRAIN measures microavg - precision 0.2551 - recall 0.2551 - f1 0.2551 
INFO:root:TRAIN measures for class 0 - precision 0.9782 - recall 0.2228 - f1 0.3630 
INFO:root:TRAIN measures for class 1 - precision 0.0548 - recall 0.9007 - f1 0.1033 
INFO:root:TRAIN measures@10 microavg - precision 0.5400 - recall 0.0002 - f1 0.0005 
INFO:root:TRAIN measures@10 for class 0 - precision 1.0000 - recall 0.0002 - f1 0.0005 
INFO:root:TRAIN measures@10 for class 1 - precision 0.0800 - recall 0.0004 - f1 0.0007 
INFO:root:TRAIN measures@100 microavg - precision 0.5260 - recall 0.0023 - f1 0.0045 
INFO:root:TRAIN measures@100 for class 0 - precision 1.0000 - recall 0.0023 - f1 0.0045 
INFO:root:TRAIN measures@100 for class 1 - precision 0.0520 - recall 0.0023 - f1 0.0045 
INFO:root:TRAIN measures@1000 microavg - precision 0.5272 - recall 0.0226 - f1 0.0434 
INFO:root:TRAIN measures@1000 for class 0 - precision 1.0000 - recall 0.0225 - f1 0.0441 
INFO:root:TRAIN measures@1000 for class 1 - precision 0.0544 - recall 0.0245 - f1 0.0338 
INFO:root:TRAIN Total epoch time: 1.0232002353295684
INFO:root:################ TRAIN epoch 7 ###################
INFO:root:TRAIN mean losses tensor(0.0635, device='cuda:0')
INFO:root:TRAIN mean errors 0.6702072024345398
INFO:root:TRAIN mean MRR 0.0 - mean MAP 0.0567619643758263
INFO:root:TRAIN tp {0: tensor(68454, device='cuda:0'), 1: tensor(8393, device='cuda:0')},fn {0: tensor(153466, device='cuda:0'), 1: tensor(2703, device='cuda:0')},fp {0: tensor(2703, device='cuda:0'), 1: tensor(153466, device='cuda:0')}
INFO:root:TRAIN measures microavg - precision 0.3298 - recall 0.3298 - f1 0.3298 
INFO:root:TRAIN measures for class 0 - precision 0.9620 - recall 0.3085 - f1 0.4671 
INFO:root:TRAIN measures for class 1 - precision 0.0519 - recall 0.7564 - f1 0.0971 
INFO:root:TRAIN measures@10 microavg - precision 0.6250 - recall 0.0002 - f1 0.0004 
INFO:root:TRAIN measures@10 for class 0 - precision 1.0000 - recall 0.0002 - f1 0.0005 
INFO:root:TRAIN measures@10 for class 1 - precision 0.0000 - recall 0.0000 - f1 0.0000 
INFO:root:TRAIN measures@100 microavg - precision 0.6450 - recall 0.0022 - f1 0.0044 
INFO:root:TRAIN measures@100 for class 0 - precision 1.0000 - recall 0.0023 - f1 0.0045 
INFO:root:TRAIN measures@100 for class 1 - precision 0.0533 - recall 0.0014 - f1 0.0028 
INFO:root:TRAIN measures@1000 microavg - precision 0.6406 - recall 0.0220 - f1 0.0425 
INFO:root:TRAIN measures@1000 for class 0 - precision 0.9902 - recall 0.0223 - f1 0.0436 
INFO:root:TRAIN measures@1000 for class 1 - precision 0.0580 - recall 0.0157 - f1 0.0247 
INFO:root:TRAIN Total epoch time: 0.9302607979625463
INFO:root:################ VALID epoch 7 ###################
