INFO:root:*** PARAMETERS ***
INFO:root:{'adj_mat_time_window': 1,
 'class_weights': [0.05, 0.95],
 'comments': ['comments'],
 'data': 'seir',
 'data_loading_params': {'batch_size': 1, 'num_workers': 0},
 'dev_proportion': 0.2,
 'device': 'cuda',
 'early_stop_patience': 50,
 'eval_after_epochs': 6,
 'gcn_parameters': {'cls_feats': 1024,
                    'cls_feats_max': 1024,
                    'cls_feats_min': 100,
                    'feats_per_node': 100,
                    'feats_per_node_max': 256,
                    'feats_per_node_min': 50,
                    'k_top_grcu': 200,
                    'layer_1_feats': 51,
                    'layer_1_feats_max': 200,
                    'layer_1_feats_min': 10,
                    'layer_2_feats': 51,
                    'layer_2_feats_same_as_l1': True,
                    'lstm_l1_feats': 157,
                    'lstm_l1_feats_max': 200,
                    'lstm_l1_feats_min': 10,
                    'lstm_l1_layers': 1,
                    'lstm_l2_feats': 157,
                    'lstm_l2_feats_same_as_l1': True,
                    'lstm_l2_layers': 1,
                    'num_layers': 2},
 'learning_rate': 0.005,
 'learning_rate_max': 0.1,
 'learning_rate_min': 0.0001,
 'model': 'egcn_o',
 'negative_mult_test': 20,
 'negative_mult_training': 10,
 'num_epochs': 100,
 'num_hist_steps': 5,
 'num_hist_steps_max': 10,
 'num_hist_steps_min': 2,
 'rank': 0,
 'save_node_embeddings': False,
 'save_state': True,
 'seed': 1234,
 'seir_args': <utils.Namespace object at 0x7fc2b46ce730>,
 'smart_neg_sampling': True,
 'steps_accum_gradients': 1,
 'target_class': 1,
 'target_measure': 'MAP',
 'task': 'link_pred',
 'train_proportion': 0.7,
 'use_1_hot_node_feats': True,
 'use_2_hot_node_feats': False,
 'use_cuda': True,
 'use_logfile': True,
 'wsize': 1}
INFO:root:
INFO:root:################ TRAIN epoch 0 ###################
INFO:root:TRAIN mean losses tensor(0.0878, device='cuda:0')
INFO:root:TRAIN mean errors 0.7150160670280457
INFO:root:TRAIN mean MRR 0.0 - mean MAP 0.10042565832432564
INFO:root:TRAIN tp {0: tensor(26320, device='cuda:0'), 1: tensor(8464, device='cuda:0')},fn {0: tensor(84640, device='cuda:0'), 1: tensor(2632, device='cuda:0')},fp {0: tensor(2632, device='cuda:0'), 1: tensor(84640, device='cuda:0')}
INFO:root:TRAIN measures microavg - precision 0.2850 - recall 0.2850 - f1 0.2850 
INFO:root:TRAIN measures for class 0 - precision 0.9091 - recall 0.2372 - f1 0.3762 
INFO:root:TRAIN measures for class 1 - precision 0.0909 - recall 0.7628 - f1 0.1625 
INFO:root:TRAIN measures@10 microavg - precision 0.3000 - recall 0.0001 - f1 0.0002 
INFO:root:TRAIN measures@10 for class 0 - precision 1.0000 - recall 0.0001 - f1 0.0002 
INFO:root:TRAIN measures@10 for class 1 - precision 0.1250 - recall 0.0005 - f1 0.0009 
INFO:root:TRAIN measures@100 microavg - precision 0.2660 - recall 0.0011 - f1 0.0022 
INFO:root:TRAIN measures@100 for class 0 - precision 0.9900 - recall 0.0009 - f1 0.0018 
INFO:root:TRAIN measures@100 for class 1 - precision 0.0850 - recall 0.0031 - f1 0.0059 
INFO:root:TRAIN measures@1000 microavg - precision 0.2568 - recall 0.0105 - f1 0.0202 
INFO:root:TRAIN measures@1000 for class 0 - precision 0.9330 - recall 0.0084 - f1 0.0167 
INFO:root:TRAIN measures@1000 for class 1 - precision 0.0877 - recall 0.0316 - f1 0.0465 
INFO:root:TRAIN Total epoch time: 1.5616419725120068
INFO:root:################ TRAIN epoch 1 ###################
INFO:root:TRAIN mean losses tensor(0.0850, device='cuda:0')
INFO:root:TRAIN mean errors 0.9090909361839294
INFO:root:TRAIN mean MRR 0.0 - mean MAP 0.10361049467684133
INFO:root:TRAIN tp {0: tensor(0, device='cuda:0'), 1: tensor(11096, device='cuda:0')},fn {0: tensor(110960, device='cuda:0'), 1: tensor(0, device='cuda:0')},fp {0: tensor(0, device='cuda:0'), 1: tensor(110960, device='cuda:0')}
INFO:root:TRAIN measures microavg - precision 0.0909 - recall 0.0909 - f1 0.0909 
INFO:root:TRAIN measures for class 0 - precision 0.0000 - recall 0.0000 - f1 0.0000 
INFO:root:TRAIN measures for class 1 - precision 0.0909 - recall 1.0000 - f1 0.1667 
INFO:root:TRAIN measures@10 microavg - precision 0.1600 - recall 0.0001 - f1 0.0001 
INFO:root:TRAIN measures@10 for class 0 - precision 0.0000 - recall 0.0000 - f1 0.0000 
INFO:root:TRAIN measures@10 for class 1 - precision 0.1600 - recall 0.0007 - f1 0.0014 
INFO:root:TRAIN measures@100 microavg - precision 0.1300 - recall 0.0005 - f1 0.0011 
INFO:root:TRAIN measures@100 for class 0 - precision 0.0000 - recall 0.0000 - f1 0.0000 
INFO:root:TRAIN measures@100 for class 1 - precision 0.1300 - recall 0.0059 - f1 0.0112 
INFO:root:TRAIN measures@1000 microavg - precision 0.1004 - recall 0.0041 - f1 0.0079 
INFO:root:TRAIN measures@1000 for class 0 - precision 0.0000 - recall 0.0000 - f1 0.0000 
INFO:root:TRAIN measures@1000 for class 1 - precision 0.1004 - recall 0.0452 - f1 0.0624 
INFO:root:TRAIN Total epoch time: 0.620130910538137
INFO:root:################ TRAIN epoch 2 ###################
INFO:root:TRAIN mean losses tensor(0.0844, device='cuda:0')
INFO:root:TRAIN mean errors 0.9088779091835022
INFO:root:TRAIN mean MRR 0.0 - mean MAP 0.11729731796100822
INFO:root:TRAIN tp {0: tensor(26, device='cuda:0'), 1: tensor(11096, device='cuda:0')},fn {0: tensor(110934, device='cuda:0'), 1: tensor(0, device='cuda:0')},fp {0: tensor(0, device='cuda:0'), 1: tensor(110934, device='cuda:0')}
INFO:root:TRAIN measures microavg - precision 0.0911 - recall 0.0911 - f1 0.0911 
INFO:root:TRAIN measures for class 0 - precision 1.0000 - recall 0.0002 - f1 0.0005 
INFO:root:TRAIN measures for class 1 - precision 0.0909 - recall 1.0000 - f1 0.1667 
INFO:root:TRAIN measures@10 microavg - precision 0.3167 - recall 0.0002 - f1 0.0003 
INFO:root:TRAIN measures@10 for class 0 - precision 1.0000 - recall 0.0001 - f1 0.0002 
INFO:root:TRAIN measures@10 for class 1 - precision 0.1800 - recall 0.0008 - f1 0.0016 
INFO:root:TRAIN measures@100 microavg - precision 0.1730 - recall 0.0007 - f1 0.0015 
INFO:root:TRAIN measures@100 for class 0 - precision 1.0000 - recall 0.0002 - f1 0.0005 
INFO:root:TRAIN measures@100 for class 1 - precision 0.1300 - recall 0.0059 - f1 0.0112 
INFO:root:TRAIN measures@1000 microavg - precision 0.1174 - recall 0.0048 - f1 0.0093 
INFO:root:TRAIN measures@1000 for class 0 - precision 1.0000 - recall 0.0002 - f1 0.0005 
INFO:root:TRAIN measures@1000 for class 1 - precision 0.1128 - recall 0.0508 - f1 0.0701 
INFO:root:TRAIN Total epoch time: 0.6454662596806884
INFO:root:################ TRAIN epoch 3 ###################
INFO:root:TRAIN mean losses tensor(0.0823, device='cuda:0')
INFO:root:TRAIN mean errors 0.8553122878074646
INFO:root:TRAIN mean MRR 0.0 - mean MAP 0.11484463572754443
INFO:root:TRAIN tp {0: tensor(6564, device='cuda:0'), 1: tensor(11096, device='cuda:0')},fn {0: tensor(104396, device='cuda:0'), 1: tensor(0, device='cuda:0')},fp {0: tensor(0, device='cuda:0'), 1: tensor(104396, device='cuda:0')}
INFO:root:TRAIN measures microavg - precision 0.1447 - recall 0.1447 - f1 0.1447 
INFO:root:TRAIN measures for class 0 - precision 1.0000 - recall 0.0592 - f1 0.1117 
INFO:root:TRAIN measures for class 1 - precision 0.0961 - recall 1.0000 - f1 0.1753 
INFO:root:TRAIN measures@10 microavg - precision 0.5800 - recall 0.0005 - f1 0.0009 
INFO:root:TRAIN measures@10 for class 0 - precision 1.0000 - recall 0.0005 - f1 0.0009 
INFO:root:TRAIN measures@10 for class 1 - precision 0.1600 - recall 0.0007 - f1 0.0014 
INFO:root:TRAIN measures@100 microavg - precision 0.5640 - recall 0.0046 - f1 0.0092 
INFO:root:TRAIN measures@100 for class 0 - precision 1.0000 - recall 0.0045 - f1 0.0090 
INFO:root:TRAIN measures@100 for class 1 - precision 0.1280 - recall 0.0058 - f1 0.0110 
INFO:root:TRAIN measures@1000 microavg - precision 0.5514 - recall 0.0445 - f1 0.0823 
INFO:root:TRAIN measures@1000 for class 0 - precision 1.0000 - recall 0.0437 - f1 0.0837 
INFO:root:TRAIN measures@1000 for class 1 - precision 0.1164 - recall 0.0525 - f1 0.0723 
INFO:root:TRAIN Total epoch time: 0.6121978498995304
INFO:root:################ TRAIN epoch 4 ###################
INFO:root:TRAIN mean losses tensor(0.0827, device='cuda:0')
INFO:root:TRAIN mean errors 0.7464606165885925
INFO:root:TRAIN mean MRR 0.0 - mean MAP 0.11906170338788874
INFO:root:TRAIN tp {0: tensor(19852, device='cuda:0'), 1: tensor(11094, device='cuda:0')},fn {0: tensor(91108, device='cuda:0'), 1: tensor(2, device='cuda:0')},fp {0: tensor(2, device='cuda:0'), 1: tensor(91108, device='cuda:0')}
INFO:root:TRAIN measures microavg - precision 0.2535 - recall 0.2535 - f1 0.2535 
INFO:root:TRAIN measures for class 0 - precision 0.9999 - recall 0.1789 - f1 0.3035 
INFO:root:TRAIN measures for class 1 - precision 0.1085 - recall 0.9998 - f1 0.1958 
INFO:root:TRAIN measures@10 microavg - precision 0.5700 - recall 0.0005 - f1 0.0009 
INFO:root:TRAIN measures@10 for class 0 - precision 1.0000 - recall 0.0005 - f1 0.0009 
INFO:root:TRAIN measures@10 for class 1 - precision 0.1400 - recall 0.0006 - f1 0.0013 
INFO:root:TRAIN measures@100 microavg - precision 0.5570 - recall 0.0046 - f1 0.0091 
INFO:root:TRAIN measures@100 for class 0 - precision 1.0000 - recall 0.0045 - f1 0.0090 
INFO:root:TRAIN measures@100 for class 1 - precision 0.1140 - recall 0.0051 - f1 0.0098 
INFO:root:TRAIN measures@1000 microavg - precision 0.5589 - recall 0.0458 - f1 0.0846 
INFO:root:TRAIN measures@1000 for class 0 - precision 1.0000 - recall 0.0451 - f1 0.0862 
INFO:root:TRAIN measures@1000 for class 1 - precision 0.1178 - recall 0.0531 - f1 0.0732 
INFO:root:TRAIN Total epoch time: 0.6179773882031441
INFO:root:################ TRAIN epoch 5 ###################
INFO:root:TRAIN mean losses tensor(0.0798, device='cuda:0')
INFO:root:TRAIN mean errors 0.6977043151855469
INFO:root:TRAIN mean MRR 0.0 - mean MAP 0.11562812024556939
INFO:root:TRAIN tp {0: tensor(25801, device='cuda:0'), 1: tensor(11096, device='cuda:0')},fn {0: tensor(85159, device='cuda:0'), 1: tensor(0, device='cuda:0')},fp {0: tensor(0, device='cuda:0'), 1: tensor(85159, device='cuda:0')}
INFO:root:TRAIN measures microavg - precision 0.3023 - recall 0.3023 - f1 0.3023 
INFO:root:TRAIN measures for class 0 - precision 1.0000 - recall 0.2325 - f1 0.3773 
INFO:root:TRAIN measures for class 1 - precision 0.1153 - recall 1.0000 - f1 0.2067 
INFO:root:TRAIN measures@10 microavg - precision 0.5300 - recall 0.0004 - f1 0.0009 
INFO:root:TRAIN measures@10 for class 0 - precision 1.0000 - recall 0.0005 - f1 0.0009 
INFO:root:TRAIN measures@10 for class 1 - precision 0.0600 - recall 0.0003 - f1 0.0005 
INFO:root:TRAIN measures@100 microavg - precision 0.5560 - recall 0.0046 - f1 0.0090 
INFO:root:TRAIN measures@100 for class 0 - precision 1.0000 - recall 0.0045 - f1 0.0090 
INFO:root:TRAIN measures@100 for class 1 - precision 0.1120 - recall 0.0050 - f1 0.0097 
INFO:root:TRAIN measures@1000 microavg - precision 0.5578 - recall 0.0457 - f1 0.0845 
INFO:root:TRAIN measures@1000 for class 0 - precision 1.0000 - recall 0.0451 - f1 0.0862 
INFO:root:TRAIN measures@1000 for class 1 - precision 0.1156 - recall 0.0521 - f1 0.0718 
INFO:root:TRAIN Total epoch time: 0.8826849851757288
INFO:root:################ TRAIN epoch 6 ###################
INFO:root:TRAIN mean losses tensor(0.0829, device='cuda:0')
INFO:root:TRAIN mean errors 0.6993429064750671
INFO:root:TRAIN mean MRR 0.0 - mean MAP 0.11602859091496545
INFO:root:TRAIN tp {0: tensor(25601, device='cuda:0'), 1: tensor(11096, device='cuda:0')},fn {0: tensor(85359, device='cuda:0'), 1: tensor(0, device='cuda:0')},fp {0: tensor(0, device='cuda:0'), 1: tensor(85359, device='cuda:0')}
INFO:root:TRAIN measures microavg - precision 0.3007 - recall 0.3007 - f1 0.3007 
INFO:root:TRAIN measures for class 0 - precision 1.0000 - recall 0.2307 - f1 0.3749 
INFO:root:TRAIN measures for class 1 - precision 0.1150 - recall 1.0000 - f1 0.2063 
INFO:root:TRAIN measures@10 microavg - precision 0.5800 - recall 0.0005 - f1 0.0009 
INFO:root:TRAIN measures@10 for class 0 - precision 1.0000 - recall 0.0005 - f1 0.0009 
INFO:root:TRAIN measures@10 for class 1 - precision 0.1600 - recall 0.0007 - f1 0.0014 
INFO:root:TRAIN measures@100 microavg - precision 0.5550 - recall 0.0045 - f1 0.0090 
INFO:root:TRAIN measures@100 for class 0 - precision 1.0000 - recall 0.0045 - f1 0.0090 
INFO:root:TRAIN measures@100 for class 1 - precision 0.1100 - recall 0.0050 - f1 0.0095 
INFO:root:TRAIN measures@1000 microavg - precision 0.5417 - recall 0.0429 - f1 0.0795 
INFO:root:TRAIN measures@1000 for class 0 - precision 1.0000 - recall 0.0421 - f1 0.0808 
INFO:root:TRAIN measures@1000 for class 1 - precision 0.1138 - recall 0.0513 - f1 0.0707 
INFO:root:TRAIN Total epoch time: 1.2675483142957091
INFO:root:################ TRAIN epoch 7 ###################
